[SystemTime=1741132467.002] [Machine=1] [LogicalClock=0] [Event=INIT] Clock rate initialized as 5
[SystemTime=1741132467.209] [Machine=1] [LogicalClock=1] [Event=INTERNAL] Doing internal work.
[SystemTime=1741132467.410] [Machine=1] [LogicalClock=2] [Event=INTERNAL] Doing internal work.
[SystemTime=1741132467.615] [Machine=1] [LogicalClock=3] [Event=INTERNAL] Doing internal work.
[SystemTime=1741132467.820] [Machine=1] [LogicalClock=4] [Event=INTERNAL] Doing internal work.
[SystemTime=1741132468.025] [Machine=1] [LogicalClock=5] [Event=INTERNAL] Doing internal work.
[SystemTime=1741132468.248] [Machine=1] [LogicalClock=5] [Event=SEND] Sending message to [('localhost', 8001), ('localhost', 8002)]: 1|5|Hello from M1.
[SystemTime=1741132468.456] [Machine=1] [LogicalClock=7] [Event=INTERNAL] Doing internal work.
[SystemTime=1741132468.658] [Machine=1] [LogicalClock=8] [Event=INTERNAL] Doing internal work.
[SystemTime=1741132468.861] [Machine=1] [LogicalClock=9] [Event=RECEIVE] Received from M2: Hello from M2, Queue length now: 0
[SystemTime=1741132469.062] [Machine=1] [LogicalClock=10] [Event=RECEIVE] Received from M2: Hello from M2, Queue length now: 0
[SystemTime=1741132469.271] [Machine=1] [LogicalClock=10] [Event=SEND] Sending message to [('localhost', 8002)]: 1|10|Hello from M1.
[SystemTime=1741132469.473] [Machine=1] [LogicalClock=12] [Event=RECEIVE] Received from M2: Hello from M2, Queue length now: 0
[SystemTime=1741132469.674] [Machine=1] [LogicalClock=13] [Event=RECEIVE] Received from M2: Hello from M2, Queue length now: 0
[SystemTime=1741132469.877] [Machine=1] [LogicalClock=14] [Event=RECEIVE] Received from M2: Hello from M2, Queue length now: 0
[SystemTime=1741132470.081] [Machine=1] [LogicalClock=14] [Event=SEND] Sending message to [('localhost', 8001), ('localhost', 8002)]: 1|14|Hello from M1.
[SystemTime=1741132470.285] [Machine=1] [LogicalClock=15] [Event=SEND] Sending message to [('localhost', 8001), ('localhost', 8002)]: 1|15|Hello from M1.
[SystemTime=1741132470.491] [Machine=1] [LogicalClock=17] [Event=INTERNAL] Doing internal work.
[SystemTime=1741132470.692] [Machine=1] [LogicalClock=18] [Event=INTERNAL] Doing internal work.
[SystemTime=1741132470.909] [Machine=1] [LogicalClock=18] [Event=SEND] Sending message to [('localhost', 8001), ('localhost', 8002)]: 1|18|Hello from M1.
[SystemTime=1741132471.115] [Machine=1] [LogicalClock=19] [Event=SEND] Sending message to [('localhost', 8001), ('localhost', 8002)]: 1|19|Hello from M1.
[SystemTime=1741132471.337] [Machine=1] [LogicalClock=20] [Event=SEND] Sending message to [('localhost', 8001), ('localhost', 8002)]: 1|20|Hello from M1.
[SystemTime=1741132471.542] [Machine=1] [LogicalClock=22] [Event=INTERNAL] Doing internal work.
[SystemTime=1741132471.744] [Machine=1] [LogicalClock=23] [Event=INTERNAL] Doing internal work.
[SystemTime=1741132471.968] [Machine=1] [LogicalClock=23] [Event=SEND] Sending message to [('localhost', 8001), ('localhost', 8002)]: 1|23|Hello from M1.
[SystemTime=1741132472.173] [Machine=1] [LogicalClock=25] [Event=INTERNAL] Doing internal work.
[SystemTime=1741132472.379] [Machine=1] [LogicalClock=25] [Event=SEND] Sending message to [('localhost', 8002)]: 1|25|Hello from M1.
[SystemTime=1741132472.581] [Machine=1] [LogicalClock=27] [Event=INTERNAL] Doing internal work.
[SystemTime=1741132472.786] [Machine=1] [LogicalClock=28] [Event=INTERNAL] Doing internal work.
[SystemTime=1741132472.989] [Machine=1] [LogicalClock=29] [Event=INTERNAL] Doing internal work.
[SystemTime=1741132473.194] [Machine=1] [LogicalClock=30] [Event=INTERNAL] Doing internal work.
[SystemTime=1741132473.397] [Machine=1] [LogicalClock=31] [Event=INTERNAL] Doing internal work.
[SystemTime=1741132473.599] [Machine=1] [LogicalClock=32] [Event=INTERNAL] Doing internal work.
[SystemTime=1741132473.803] [Machine=1] [LogicalClock=33] [Event=INTERNAL] Doing internal work.
[SystemTime=1741132474.006] [Machine=1] [LogicalClock=34] [Event=RECEIVE] Received from M2: Hello from M2, Queue length now: 0
[SystemTime=1741132474.211] [Machine=1] [LogicalClock=35] [Event=INTERNAL] Doing internal work.
[SystemTime=1741132474.416] [Machine=1] [LogicalClock=36] [Event=INTERNAL] Doing internal work.
[SystemTime=1741132474.621] [Machine=1] [LogicalClock=36] [Event=SEND] Sending message to [('localhost', 8001)]: 1|36|Hello from M1.
[SystemTime=1741132474.825] [Machine=1] [LogicalClock=38] [Event=INTERNAL] Doing internal work.
[SystemTime=1741132475.026] [Machine=1] [LogicalClock=39] [Event=INTERNAL] Doing internal work.
[SystemTime=1741132475.226] [Machine=1] [LogicalClock=40] [Event=INTERNAL] Doing internal work.
[SystemTime=1741132475.433] [Machine=1] [LogicalClock=40] [Event=SEND] Sending message to [('localhost', 8001), ('localhost', 8002)]: 1|40|Hello from M1.
[SystemTime=1741132475.638] [Machine=1] [LogicalClock=42] [Event=INTERNAL] Doing internal work.
[SystemTime=1741132475.840] [Machine=1] [LogicalClock=43] [Event=INTERNAL] Doing internal work.
[SystemTime=1741132476.046] [Machine=1] [LogicalClock=44] [Event=INTERNAL] Doing internal work.
[SystemTime=1741132476.247] [Machine=1] [LogicalClock=45] [Event=RECEIVE] Received from M2: Hello from M2, Queue length now: 0
[SystemTime=1741132476.452] [Machine=1] [LogicalClock=46] [Event=INTERNAL] Doing internal work.
[SystemTime=1741132476.653] [Machine=1] [LogicalClock=47] [Event=INTERNAL] Doing internal work.
[SystemTime=1741132476.858] [Machine=1] [LogicalClock=48] [Event=INTERNAL] Doing internal work.
[SystemTime=1741132477.063] [Machine=1] [LogicalClock=49] [Event=INTERNAL] Doing internal work.
[SystemTime=1741132477.272] [Machine=1] [LogicalClock=50] [Event=INTERNAL] Doing internal work.
[SystemTime=1741132477.477] [Machine=1] [LogicalClock=50] [Event=SEND] Sending message to [('localhost', 8002)]: 1|50|Hello from M1.
[SystemTime=1741132477.684] [Machine=1] [LogicalClock=51] [Event=SEND] Sending message to [('localhost', 8001)]: 1|51|Hello from M1.
[SystemTime=1741132477.889] [Machine=1] [LogicalClock=53] [Event=INTERNAL] Doing internal work.
[SystemTime=1741132478.095] [Machine=1] [LogicalClock=53] [Event=SEND] Sending message to [('localhost', 8001), ('localhost', 8002)]: 1|53|Hello from M1.
[SystemTime=1741132478.300] [Machine=1] [LogicalClock=55] [Event=INTERNAL] Doing internal work.
[SystemTime=1741132478.502] [Machine=1] [LogicalClock=56] [Event=INTERNAL] Doing internal work.
[SystemTime=1741132478.704] [Machine=1] [LogicalClock=56] [Event=SEND] Sending message to [('localhost', 8001), ('localhost', 8002)]: 1|56|Hello from M1.
[SystemTime=1741132478.906] [Machine=1] [LogicalClock=58] [Event=INTERNAL] Doing internal work.
[SystemTime=1741132479.111] [Machine=1] [LogicalClock=59] [Event=INTERNAL] Doing internal work.
[SystemTime=1741132479.315] [Machine=1] [LogicalClock=59] [Event=SEND] Sending message to [('localhost', 8002)]: 1|59|Hello from M1.
[SystemTime=1741132479.520] [Machine=1] [LogicalClock=61] [Event=INTERNAL] Doing internal work.
[SystemTime=1741132479.723] [Machine=1] [LogicalClock=61] [Event=SEND] Sending message to [('localhost', 8001), ('localhost', 8002)]: 1|61|Hello from M1.
[SystemTime=1741132479.925] [Machine=1] [LogicalClock=63] [Event=INTERNAL] Doing internal work.
[SystemTime=1741132480.131] [Machine=1] [LogicalClock=64] [Event=RECEIVE] Received from M2: Hello from M2, Queue length now: 0
[SystemTime=1741132480.333] [Machine=1] [LogicalClock=65] [Event=INTERNAL] Doing internal work.
[SystemTime=1741132480.538] [Machine=1] [LogicalClock=66] [Event=INTERNAL] Doing internal work.
[SystemTime=1741132480.740] [Machine=1] [LogicalClock=67] [Event=INTERNAL] Doing internal work.
[SystemTime=1741132480.942] [Machine=1] [LogicalClock=67] [Event=SEND] Sending message to [('localhost', 8002)]: 1|67|Hello from M1.
[SystemTime=1741132481.145] [Machine=1] [LogicalClock=69] [Event=RECEIVE] Received from M2: Hello from M2, Queue length now: 0
[SystemTime=1741132481.350] [Machine=1] [LogicalClock=69] [Event=SEND] Sending message to [('localhost', 8001)]: 1|69|Hello from M1.
[SystemTime=1741132481.557] [Machine=1] [LogicalClock=70] [Event=SEND] Sending message to [('localhost', 8001)]: 1|70|Hello from M1.
[SystemTime=1741132481.763] [Machine=1] [LogicalClock=71] [Event=SEND] Sending message to [('localhost', 8001)]: 1|71|Hello from M1.
[SystemTime=1741132481.968] [Machine=1] [LogicalClock=73] [Event=INTERNAL] Doing internal work.
[SystemTime=1741132482.173] [Machine=1] [LogicalClock=74] [Event=INTERNAL] Doing internal work.
[SystemTime=1741132482.379] [Machine=1] [LogicalClock=75] [Event=INTERNAL] Doing internal work.
[SystemTime=1741132482.581] [Machine=1] [LogicalClock=76] [Event=INTERNAL] Doing internal work.
[SystemTime=1741132482.786] [Machine=1] [LogicalClock=77] [Event=INTERNAL] Doing internal work.
[SystemTime=1741132482.991] [Machine=1] [LogicalClock=77] [Event=SEND] Sending message to [('localhost', 8002)]: 1|77|Hello from M1.
[SystemTime=1741132483.196] [Machine=1] [LogicalClock=79] [Event=INTERNAL] Doing internal work.
[SystemTime=1741132483.399] [Machine=1] [LogicalClock=79] [Event=SEND] Sending message to [('localhost', 8001), ('localhost', 8002)]: 1|79|Hello from M1.
[SystemTime=1741132483.604] [Machine=1] [LogicalClock=81] [Event=INTERNAL] Doing internal work.
[SystemTime=1741132483.806] [Machine=1] [LogicalClock=82] [Event=INTERNAL] Doing internal work.
[SystemTime=1741132484.009] [Machine=1] [LogicalClock=82] [Event=SEND] Sending message to [('localhost', 8001)]: 1|82|Hello from M1.
[SystemTime=1741132484.214] [Machine=1] [LogicalClock=84] [Event=INTERNAL] Doing internal work.
[SystemTime=1741132484.419] [Machine=1] [LogicalClock=85] [Event=INTERNAL] Doing internal work.
[SystemTime=1741132484.621] [Machine=1] [LogicalClock=86] [Event=INTERNAL] Doing internal work.
[SystemTime=1741132484.823] [Machine=1] [LogicalClock=86] [Event=SEND] Sending message to [('localhost', 8002)]: 1|86|Hello from M1.
[SystemTime=1741132485.029] [Machine=1] [LogicalClock=87] [Event=SEND] Sending message to [('localhost', 8002)]: 1|87|Hello from M1.
[SystemTime=1741132485.242] [Machine=1] [LogicalClock=88] [Event=SEND] Sending message to [('localhost', 8001), ('localhost', 8002)]: 1|88|Hello from M1.
[SystemTime=1741132485.446] [Machine=1] [LogicalClock=89] [Event=SEND] Sending message to [('localhost', 8001), ('localhost', 8002)]: 1|89|Hello from M1.
[SystemTime=1741132485.651] [Machine=1] [LogicalClock=91] [Event=INTERNAL] Doing internal work.
[SystemTime=1741132485.856] [Machine=1] [LogicalClock=92] [Event=INTERNAL] Doing internal work.
[SystemTime=1741132486.059] [Machine=1] [LogicalClock=93] [Event=RECEIVE] Received from M2: Hello from M2, Queue length now: 0
[SystemTime=1741132486.264] [Machine=1] [LogicalClock=94] [Event=INTERNAL] Doing internal work.
[SystemTime=1741132486.471] [Machine=1] [LogicalClock=95] [Event=INTERNAL] Doing internal work.
[SystemTime=1741132486.676] [Machine=1] [LogicalClock=96] [Event=RECEIVE] Received from M2: Hello from M2, Queue length now: 0
[SystemTime=1741132486.881] [Machine=1] [LogicalClock=97] [Event=INTERNAL] Doing internal work.
[SystemTime=1741132487.087] [Machine=1] [LogicalClock=98] [Event=INTERNAL] Doing internal work.
[SystemTime=1741132487.293] [Machine=1] [LogicalClock=98] [Event=SEND] Sending message to [('localhost', 8001)]: 1|98|Hello from M1.
[SystemTime=1741132487.498] [Machine=1] [LogicalClock=99] [Event=SEND] Sending message to [('localhost', 8001)]: 1|99|Hello from M1.
[SystemTime=1741132487.704] [Machine=1] [LogicalClock=101] [Event=INTERNAL] Doing internal work.
[SystemTime=1741132487.908] [Machine=1] [LogicalClock=102] [Event=INTERNAL] Doing internal work.
[SystemTime=1741132488.115] [Machine=1] [LogicalClock=102] [Event=SEND] Sending message to [('localhost', 8001)]: 1|102|Hello from M1.
[SystemTime=1741132488.321] [Machine=1] [LogicalClock=103] [Event=SEND] Sending message to [('localhost', 8001), ('localhost', 8002)]: 1|103|Hello from M1.
[SystemTime=1741132488.523] [Machine=1] [LogicalClock=105] [Event=INTERNAL] Doing internal work.
[SystemTime=1741132488.725] [Machine=1] [LogicalClock=106] [Event=INTERNAL] Doing internal work.
[SystemTime=1741132488.930] [Machine=1] [LogicalClock=107] [Event=INTERNAL] Doing internal work.
[SystemTime=1741132489.135] [Machine=1] [LogicalClock=108] [Event=INTERNAL] Doing internal work.
[SystemTime=1741132489.336] [Machine=1] [LogicalClock=109] [Event=INTERNAL] Doing internal work.
[SystemTime=1741132489.541] [Machine=1] [LogicalClock=110] [Event=INTERNAL] Doing internal work.
[SystemTime=1741132489.742] [Machine=1] [LogicalClock=111] [Event=INTERNAL] Doing internal work.
[SystemTime=1741132489.945] [Machine=1] [LogicalClock=112] [Event=INTERNAL] Doing internal work.
[SystemTime=1741132490.151] [Machine=1] [LogicalClock=112] [Event=SEND] Sending message to [('localhost', 8001), ('localhost', 8002)]: 1|112|Hello from M1.
[SystemTime=1741132490.356] [Machine=1] [LogicalClock=114] [Event=INTERNAL] Doing internal work.
[SystemTime=1741132490.561] [Machine=1] [LogicalClock=115] [Event=INTERNAL] Doing internal work.
[SystemTime=1741132490.767] [Machine=1] [LogicalClock=116] [Event=RECEIVE] Received from M2: Hello from M2, Queue length now: 0
[SystemTime=1741132490.972] [Machine=1] [LogicalClock=117] [Event=INTERNAL] Doing internal work.
[SystemTime=1741132491.178] [Machine=1] [LogicalClock=117] [Event=SEND] Sending message to [('localhost', 8001)]: 1|117|Hello from M1.
[SystemTime=1741132491.379] [Machine=1] [LogicalClock=119] [Event=INTERNAL] Doing internal work.
[SystemTime=1741132491.580] [Machine=1] [LogicalClock=120] [Event=INTERNAL] Doing internal work.
[SystemTime=1741132491.784] [Machine=1] [LogicalClock=121] [Event=INTERNAL] Doing internal work.
[SystemTime=1741132491.990] [Machine=1] [LogicalClock=122] [Event=INTERNAL] Doing internal work.
[SystemTime=1741132492.194] [Machine=1] [LogicalClock=123] [Event=INTERNAL] Doing internal work.
[SystemTime=1741132492.400] [Machine=1] [LogicalClock=123] [Event=SEND] Sending message to [('localhost', 8001), ('localhost', 8002)]: 1|123|Hello from M1.
[SystemTime=1741132492.605] [Machine=1] [LogicalClock=125] [Event=INTERNAL] Doing internal work.
[SystemTime=1741132492.806] [Machine=1] [LogicalClock=126] [Event=RECEIVE] Received from M2: Hello from M2, Queue length now: 0
[SystemTime=1741132493.011] [Machine=1] [LogicalClock=127] [Event=INTERNAL] Doing internal work.
[SystemTime=1741132493.218] [Machine=1] [LogicalClock=127] [Event=SEND] Sending message to [('localhost', 8002)]: 1|127|Hello from M1.
[SystemTime=1741132493.425] [Machine=1] [LogicalClock=128] [Event=SEND] Sending message to [('localhost', 8001), ('localhost', 8002)]: 1|128|Hello from M1.
[SystemTime=1741132493.631] [Machine=1] [LogicalClock=129] [Event=SEND] Sending message to [('localhost', 8001)]: 1|129|Hello from M1.
[SystemTime=1741132493.837] [Machine=1] [LogicalClock=130] [Event=SEND] Sending message to [('localhost', 8001)]: 1|130|Hello from M1.
[SystemTime=1741132494.040] [Machine=1] [LogicalClock=131] [Event=SEND] Sending message to [('localhost', 8002)]: 1|131|Hello from M1.
[SystemTime=1741132494.246] [Machine=1] [LogicalClock=133] [Event=INTERNAL] Doing internal work.
[SystemTime=1741132494.449] [Machine=1] [LogicalClock=133] [Event=SEND] Sending message to [('localhost', 8001)]: 1|133|Hello from M1.
[SystemTime=1741132494.655] [Machine=1] [LogicalClock=135] [Event=INTERNAL] Doing internal work.
[SystemTime=1741132494.859] [Machine=1] [LogicalClock=136] [Event=INTERNAL] Doing internal work.
[SystemTime=1741132495.062] [Machine=1] [LogicalClock=137] [Event=INTERNAL] Doing internal work.
[SystemTime=1741132495.266] [Machine=1] [LogicalClock=138] [Event=INTERNAL] Doing internal work.
[SystemTime=1741132495.471] [Machine=1] [LogicalClock=139] [Event=INTERNAL] Doing internal work.
[SystemTime=1741132495.673] [Machine=1] [LogicalClock=140] [Event=INTERNAL] Doing internal work.
[SystemTime=1741132495.878] [Machine=1] [LogicalClock=141] [Event=RECEIVE] Received from M2: Hello from M2, Queue length now: 0
[SystemTime=1741132496.085] [Machine=1] [LogicalClock=141] [Event=SEND] Sending message to [('localhost', 8001), ('localhost', 8002)]: 1|141|Hello from M1.
[SystemTime=1741132496.288] [Machine=1] [LogicalClock=143] [Event=INTERNAL] Doing internal work.
[SystemTime=1741132496.493] [Machine=1] [LogicalClock=144] [Event=INTERNAL] Doing internal work.
[SystemTime=1741132496.699] [Machine=1] [LogicalClock=145] [Event=INTERNAL] Doing internal work.
[SystemTime=1741132496.906] [Machine=1] [LogicalClock=145] [Event=SEND] Sending message to [('localhost', 8001), ('localhost', 8002)]: 1|145|Hello from M1.
[SystemTime=1741132497.112] [Machine=1] [LogicalClock=147] [Event=INTERNAL] Doing internal work.
[SystemTime=1741132497.318] [Machine=1] [LogicalClock=147] [Event=SEND] Sending message to [('localhost', 8001), ('localhost', 8002)]: 1|147|Hello from M1.
[SystemTime=1741132497.519] [Machine=1] [LogicalClock=149] [Event=INTERNAL] Doing internal work.
[SystemTime=1741132497.724] [Machine=1] [LogicalClock=150] [Event=INTERNAL] Doing internal work.
[SystemTime=1741132497.926] [Machine=1] [LogicalClock=150] [Event=SEND] Sending message to [('localhost', 8001)]: 1|150|Hello from M1.
[SystemTime=1741132498.132] [Machine=1] [LogicalClock=152] [Event=INTERNAL] Doing internal work.
[SystemTime=1741132498.337] [Machine=1] [LogicalClock=153] [Event=INTERNAL] Doing internal work.
[SystemTime=1741132498.543] [Machine=1] [LogicalClock=153] [Event=SEND] Sending message to [('localhost', 8001)]: 1|153|Hello from M1.
[SystemTime=1741132498.750] [Machine=1] [LogicalClock=154] [Event=SEND] Sending message to [('localhost', 8001)]: 1|154|Hello from M1.
[SystemTime=1741132498.953] [Machine=1] [LogicalClock=156] [Event=INTERNAL] Doing internal work.
[SystemTime=1741132499.157] [Machine=1] [LogicalClock=157] [Event=RECEIVE] Received from M2: Hello from M2, Queue length now: 0
[SystemTime=1741132499.358] [Machine=1] [LogicalClock=158] [Event=RECEIVE] Received from M2: Hello from M2, Queue length now: 0
[SystemTime=1741132499.566] [Machine=1] [LogicalClock=159] [Event=INTERNAL] Doing internal work.
[SystemTime=1741132499.770] [Machine=1] [LogicalClock=159] [Event=SEND] Sending message to [('localhost', 8001), ('localhost', 8002)]: 1|159|Hello from M1.
[SystemTime=1741132499.974] [Machine=1] [LogicalClock=160] [Event=SEND] Sending message to [('localhost', 8002)]: 1|160|Hello from M1.
[SystemTime=1741132500.175] [Machine=1] [LogicalClock=162] [Event=INTERNAL] Doing internal work.
[SystemTime=1741132500.378] [Machine=1] [LogicalClock=163] [Event=RECEIVE] Received from M2: Hello from M2, Queue length now: 0
[SystemTime=1741132500.597] [Machine=1] [LogicalClock=164] [Event=INTERNAL] Doing internal work.
[SystemTime=1741132500.802] [Machine=1] [LogicalClock=165] [Event=INTERNAL] Doing internal work.
[SystemTime=1741132501.003] [Machine=1] [LogicalClock=166] [Event=INTERNAL] Doing internal work.
[SystemTime=1741132501.207] [Machine=1] [LogicalClock=167] [Event=INTERNAL] Doing internal work.
[SystemTime=1741132501.411] [Machine=1] [LogicalClock=168] [Event=INTERNAL] Doing internal work.
[SystemTime=1741132501.615] [Machine=1] [LogicalClock=169] [Event=INTERNAL] Doing internal work.
[SystemTime=1741132501.817] [Machine=1] [LogicalClock=170] [Event=RECEIVE] Received from M2: Hello from M2, Queue length now: 0
[SystemTime=1741132502.020] [Machine=1] [LogicalClock=171] [Event=INTERNAL] Doing internal work.
[SystemTime=1741132502.228] [Machine=1] [LogicalClock=171] [Event=SEND] Sending message to [('localhost', 8001), ('localhost', 8002)]: 1|171|Hello from M1.
[SystemTime=1741132502.429] [Machine=1] [LogicalClock=173] [Event=INTERNAL] Doing internal work.
[SystemTime=1741132502.634] [Machine=1] [LogicalClock=174] [Event=INTERNAL] Doing internal work.
[SystemTime=1741132502.839] [Machine=1] [LogicalClock=175] [Event=INTERNAL] Doing internal work.
[SystemTime=1741132503.039] [Machine=1] [LogicalClock=176] [Event=INTERNAL] Doing internal work.
[SystemTime=1741132503.244] [Machine=1] [LogicalClock=177] [Event=INTERNAL] Doing internal work.
[SystemTime=1741132503.451] [Machine=1] [LogicalClock=177] [Event=SEND] Sending message to [('localhost', 8001)]: 1|177|Hello from M1.
[SystemTime=1741132503.656] [Machine=1] [LogicalClock=179] [Event=INTERNAL] Doing internal work.
[SystemTime=1741132503.859] [Machine=1] [LogicalClock=179] [Event=SEND] Sending message to [('localhost', 8001)]: 1|179|Hello from M1.
[SystemTime=1741132504.063] [Machine=1] [LogicalClock=181] [Event=INTERNAL] Doing internal work.
[SystemTime=1741132504.266] [Machine=1] [LogicalClock=182] [Event=RECEIVE] Received from M2: Hello from M2, Queue length now: 0
[SystemTime=1741132504.469] [Machine=1] [LogicalClock=183] [Event=INTERNAL] Doing internal work.
[SystemTime=1741132504.673] [Machine=1] [LogicalClock=184] [Event=INTERNAL] Doing internal work.
[SystemTime=1741132504.880] [Machine=1] [LogicalClock=184] [Event=SEND] Sending message to [('localhost', 8001)]: 1|184|Hello from M1.
[SystemTime=1741132505.081] [Machine=1] [LogicalClock=185] [Event=SEND] Sending message to [('localhost', 8001)]: 1|185|Hello from M1.
[SystemTime=1741132505.287] [Machine=1] [LogicalClock=187] [Event=INTERNAL] Doing internal work.
[SystemTime=1741132505.495] [Machine=1] [LogicalClock=187] [Event=SEND] Sending message to [('localhost', 8001), ('localhost', 8002)]: 1|187|Hello from M1.
[SystemTime=1741132505.701] [Machine=1] [LogicalClock=188] [Event=SEND] Sending message to [('localhost', 8001), ('localhost', 8002)]: 1|188|Hello from M1.
[SystemTime=1741132505.909] [Machine=1] [LogicalClock=189] [Event=SEND] Sending message to [('localhost', 8001), ('localhost', 8002)]: 1|189|Hello from M1.
[SystemTime=1741132506.115] [Machine=1] [LogicalClock=190] [Event=SEND] Sending message to [('localhost', 8001)]: 1|190|Hello from M1.
[SystemTime=1741132506.318] [Machine=1] [LogicalClock=191] [Event=SEND] Sending message to [('localhost', 8002)]: 1|191|Hello from M1.
[SystemTime=1741132506.525] [Machine=1] [LogicalClock=192] [Event=SEND] Sending message to [('localhost', 8001), ('localhost', 8002)]: 1|192|Hello from M1.
[SystemTime=1741132506.730] [Machine=1] [LogicalClock=194] [Event=INTERNAL] Doing internal work.
[SystemTime=1741132506.935] [Machine=1] [LogicalClock=195] [Event=INTERNAL] Doing internal work.
[SystemTime=1741132507.140] [Machine=1] [LogicalClock=196] [Event=RECEIVE] Received from M2: Hello from M2, Queue length now: 0
[SystemTime=1741132507.345] [Machine=1] [LogicalClock=197] [Event=INTERNAL] Doing internal work.
[SystemTime=1741132507.550] [Machine=1] [LogicalClock=198] [Event=INTERNAL] Doing internal work.
[SystemTime=1741132507.752] [Machine=1] [LogicalClock=199] [Event=INTERNAL] Doing internal work.
[SystemTime=1741132507.959] [Machine=1] [LogicalClock=199] [Event=SEND] Sending message to [('localhost', 8001)]: 1|199|Hello from M1.
[SystemTime=1741132508.161] [Machine=1] [LogicalClock=200] [Event=SEND] Sending message to [('localhost', 8001)]: 1|200|Hello from M1.
[SystemTime=1741132508.365] [Machine=1] [LogicalClock=202] [Event=INTERNAL] Doing internal work.
[SystemTime=1741132508.571] [Machine=1] [LogicalClock=202] [Event=SEND] Sending message to [('localhost', 8001)]: 1|202|Hello from M1.
[SystemTime=1741132508.775] [Machine=1] [LogicalClock=204] [Event=INTERNAL] Doing internal work.
[SystemTime=1741132508.982] [Machine=1] [LogicalClock=204] [Event=SEND] Sending message to [('localhost', 8001), ('localhost', 8002)]: 1|204|Hello from M1.
[SystemTime=1741132509.186] [Machine=1] [LogicalClock=205] [Event=SEND] Sending message to [('localhost', 8001)]: 1|205|Hello from M1.
[SystemTime=1741132509.392] [Machine=1] [LogicalClock=207] [Event=INTERNAL] Doing internal work.
[SystemTime=1741132509.599] [Machine=1] [LogicalClock=207] [Event=SEND] Sending message to [('localhost', 8002)]: 1|207|Hello from M1.
[SystemTime=1741132509.805] [Machine=1] [LogicalClock=208] [Event=SEND] Sending message to [('localhost', 8001)]: 1|208|Hello from M1.
[SystemTime=1741132510.011] [Machine=1] [LogicalClock=210] [Event=INTERNAL] Doing internal work.
[SystemTime=1741132510.216] [Machine=1] [LogicalClock=211] [Event=INTERNAL] Doing internal work.
[SystemTime=1741132510.421] [Machine=1] [LogicalClock=212] [Event=INTERNAL] Doing internal work.
[SystemTime=1741132510.623] [Machine=1] [LogicalClock=212] [Event=SEND] Sending message to [('localhost', 8002)]: 1|212|Hello from M1.
[SystemTime=1741132510.828] [Machine=1] [LogicalClock=214] [Event=INTERNAL] Doing internal work.
[SystemTime=1741132511.034] [Machine=1] [LogicalClock=215] [Event=INTERNAL] Doing internal work.
[SystemTime=1741132511.237] [Machine=1] [LogicalClock=216] [Event=INTERNAL] Doing internal work.
[SystemTime=1741132511.440] [Machine=1] [LogicalClock=217] [Event=RECEIVE] Received from M2: Hello from M2, Queue length now: 0
[SystemTime=1741132511.645] [Machine=1] [LogicalClock=218] [Event=INTERNAL] Doing internal work.
[SystemTime=1741132511.850] [Machine=1] [LogicalClock=219] [Event=INTERNAL] Doing internal work.
[SystemTime=1741132512.057] [Machine=1] [LogicalClock=219] [Event=SEND] Sending message to [('localhost', 8001)]: 1|219|Hello from M1.
[SystemTime=1741132512.261] [Machine=1] [LogicalClock=221] [Event=INTERNAL] Doing internal work.
[SystemTime=1741132512.463] [Machine=1] [LogicalClock=222] [Event=INTERNAL] Doing internal work.
[SystemTime=1741132512.667] [Machine=1] [LogicalClock=223] [Event=INTERNAL] Doing internal work.
[SystemTime=1741132512.874] [Machine=1] [LogicalClock=223] [Event=SEND] Sending message to [('localhost', 8002)]: 1|223|Hello from M1.
[SystemTime=1741132513.077] [Machine=1] [LogicalClock=224] [Event=SEND] Sending message to [('localhost', 8001)]: 1|224|Hello from M1.
[SystemTime=1741132513.282] [Machine=1] [LogicalClock=226] [Event=INTERNAL] Doing internal work.
[SystemTime=1741132513.485] [Machine=1] [LogicalClock=227] [Event=RECEIVE] Received from M2: Hello from M2, Queue length now: 0
[SystemTime=1741132513.688] [Machine=1] [LogicalClock=228] [Event=INTERNAL] Doing internal work.
[SystemTime=1741132513.893] [Machine=1] [LogicalClock=229] [Event=INTERNAL] Doing internal work.
[SystemTime=1741132514.098] [Machine=1] [LogicalClock=230] [Event=INTERNAL] Doing internal work.
[SystemTime=1741132514.303] [Machine=1] [LogicalClock=231] [Event=RECEIVE] Received from M2: Hello from M2, Queue length now: 0
[SystemTime=1741132514.510] [Machine=1] [LogicalClock=232] [Event=RECEIVE] Received from M2: Hello from M2, Queue length now: 0
[SystemTime=1741132514.715] [Machine=1] [LogicalClock=233] [Event=RECEIVE] Received from M2: Hello from M2, Queue length now: 0
[SystemTime=1741132514.920] [Machine=1] [LogicalClock=234] [Event=RECEIVE] Received from M2: Hello from M2, Queue length now: 0
[SystemTime=1741132515.125] [Machine=1] [LogicalClock=234] [Event=SEND] Sending message to [('localhost', 8001)]: 1|234|Hello from M1.
[SystemTime=1741132515.328] [Machine=1] [LogicalClock=236] [Event=INTERNAL] Doing internal work.
[SystemTime=1741132515.530] [Machine=1] [LogicalClock=237] [Event=INTERNAL] Doing internal work.
[SystemTime=1741132515.735] [Machine=1] [LogicalClock=238] [Event=INTERNAL] Doing internal work.
[SystemTime=1741132515.940] [Machine=1] [LogicalClock=239] [Event=INTERNAL] Doing internal work.
[SystemTime=1741132516.143] [Machine=1] [LogicalClock=240] [Event=INTERNAL] Doing internal work.
[SystemTime=1741132516.349] [Machine=1] [LogicalClock=240] [Event=SEND] Sending message to [('localhost', 8001), ('localhost', 8002)]: 1|240|Hello from M1.
[SystemTime=1741132516.552] [Machine=1] [LogicalClock=242] [Event=INTERNAL] Doing internal work.
[SystemTime=1741132516.758] [Machine=1] [LogicalClock=243] [Event=INTERNAL] Doing internal work.
[SystemTime=1741132516.961] [Machine=1] [LogicalClock=244] [Event=INTERNAL] Doing internal work.
[SystemTime=1741132517.166] [Machine=1] [LogicalClock=245] [Event=INTERNAL] Doing internal work.
[SystemTime=1741132517.369] [Machine=1] [LogicalClock=246] [Event=INTERNAL] Doing internal work.
[SystemTime=1741132517.573] [Machine=1] [LogicalClock=247] [Event=INTERNAL] Doing internal work.
[SystemTime=1741132517.774] [Machine=1] [LogicalClock=248] [Event=RECEIVE] Received from M2: Hello from M2, Queue length now: 0
[SystemTime=1741132517.978] [Machine=1] [LogicalClock=249] [Event=RECEIVE] Received from M2: Hello from M2, Queue length now: 0
[SystemTime=1741132518.183] [Machine=1] [LogicalClock=249] [Event=SEND] Sending message to [('localhost', 8001)]: 1|249|Hello from M1.
[SystemTime=1741132518.388] [Machine=1] [LogicalClock=251] [Event=INTERNAL] Doing internal work.
[SystemTime=1741132518.592] [Machine=1] [LogicalClock=252] [Event=INTERNAL] Doing internal work.
[SystemTime=1741132518.798] [Machine=1] [LogicalClock=253] [Event=INTERNAL] Doing internal work.
[SystemTime=1741132519.003] [Machine=1] [LogicalClock=254] [Event=INTERNAL] Doing internal work.
[SystemTime=1741132519.205] [Machine=1] [LogicalClock=255] [Event=INTERNAL] Doing internal work.
[SystemTime=1741132519.406] [Machine=1] [LogicalClock=256] [Event=INTERNAL] Doing internal work.
[SystemTime=1741132519.608] [Machine=1] [LogicalClock=257] [Event=INTERNAL] Doing internal work.
[SystemTime=1741132519.813] [Machine=1] [LogicalClock=257] [Event=SEND] Sending message to [('localhost', 8001), ('localhost', 8002)]: 1|257|Hello from M1.
[SystemTime=1741132520.014] [Machine=1] [LogicalClock=259] [Event=INTERNAL] Doing internal work.
[SystemTime=1741132520.217] [Machine=1] [LogicalClock=259] [Event=SEND] Sending message to [('localhost', 8001)]: 1|259|Hello from M1.
[SystemTime=1741132520.423] [Machine=1] [LogicalClock=261] [Event=INTERNAL] Doing internal work.
[SystemTime=1741132520.629] [Machine=1] [LogicalClock=261] [Event=SEND] Sending message to [('localhost', 8001), ('localhost', 8002)]: 1|261|Hello from M1.
[SystemTime=1741132520.834] [Machine=1] [LogicalClock=263] [Event=INTERNAL] Doing internal work.
[SystemTime=1741132521.041] [Machine=1] [LogicalClock=263] [Event=SEND] Sending message to [('localhost', 8001), ('localhost', 8002)]: 1|263|Hello from M1.
[SystemTime=1741132521.245] [Machine=1] [LogicalClock=264] [Event=SEND] Sending message to [('localhost', 8002)]: 1|264|Hello from M1.
[SystemTime=1741132521.451] [Machine=1] [LogicalClock=266] [Event=INTERNAL] Doing internal work.
[SystemTime=1741132521.656] [Machine=1] [LogicalClock=267] [Event=INTERNAL] Doing internal work.
[SystemTime=1741132521.856] [Machine=1] [LogicalClock=268] [Event=INTERNAL] Doing internal work.
[SystemTime=1741132522.062] [Machine=1] [LogicalClock=269] [Event=INTERNAL] Doing internal work.
[SystemTime=1741132522.269] [Machine=1] [LogicalClock=270] [Event=INTERNAL] Doing internal work.
[SystemTime=1741132522.475] [Machine=1] [LogicalClock=271] [Event=INTERNAL] Doing internal work.
[SystemTime=1741132522.680] [Machine=1] [LogicalClock=272] [Event=INTERNAL] Doing internal work.
[SystemTime=1741132522.885] [Machine=1] [LogicalClock=273] [Event=RECEIVE] Received from M2: Hello from M2, Queue length now: 0
[SystemTime=1741132523.089] [Machine=1] [LogicalClock=273] [Event=SEND] Sending message to [('localhost', 8001)]: 1|273|Hello from M1.
[SystemTime=1741132523.293] [Machine=1] [LogicalClock=275] [Event=INTERNAL] Doing internal work.
[SystemTime=1741132523.495] [Machine=1] [LogicalClock=276] [Event=INTERNAL] Doing internal work.
[SystemTime=1741132523.698] [Machine=1] [LogicalClock=276] [Event=SEND] Sending message to [('localhost', 8002)]: 1|276|Hello from M1.
[SystemTime=1741132523.903] [Machine=1] [LogicalClock=278] [Event=RECEIVE] Received from M2: Hello from M2, Queue length now: 0
[SystemTime=1741132524.105] [Machine=1] [LogicalClock=279] [Event=INTERNAL] Doing internal work.
[SystemTime=1741132524.306] [Machine=1] [LogicalClock=280] [Event=INTERNAL] Doing internal work.
[SystemTime=1741132524.511] [Machine=1] [LogicalClock=281] [Event=INTERNAL] Doing internal work.
[SystemTime=1741132524.716] [Machine=1] [LogicalClock=282] [Event=INTERNAL] Doing internal work.
[SystemTime=1741132524.918] [Machine=1] [LogicalClock=283] [Event=INTERNAL] Doing internal work.
[SystemTime=1741132525.124] [Machine=1] [LogicalClock=284] [Event=RECEIVE] Received from M2: Hello from M2, Queue length now: 0
[SystemTime=1741132525.324] [Machine=1] [LogicalClock=285] [Event=INTERNAL] Doing internal work.
[SystemTime=1741132525.530] [Machine=1] [LogicalClock=286] [Event=INTERNAL] Doing internal work.
[SystemTime=1741132525.730] [Machine=1] [LogicalClock=287] [Event=INTERNAL] Doing internal work.
[SystemTime=1741132525.936] [Machine=1] [LogicalClock=288] [Event=INTERNAL] Doing internal work.
[SystemTime=1741132526.141] [Machine=1] [LogicalClock=289] [Event=RECEIVE] Received from M2: Hello from M2, Queue length now: 0
[SystemTime=1741132526.345] [Machine=1] [LogicalClock=290] [Event=INTERNAL] Doing internal work.
[SystemTime=1741132526.550] [Machine=1] [LogicalClock=291] [Event=INTERNAL] Doing internal work.
[SystemTime=1741132526.753] [Machine=1] [LogicalClock=291] [Event=SEND] Sending message to [('localhost', 8001), ('localhost', 8002)]: 1|291|Hello from M1.
[SystemTime=1741132526.959] [Machine=1] [LogicalClock=293] [Event=INTERNAL] Doing internal work.
[SystemTime=1741132527.164] [Machine=1] [LogicalClock=294] [Event=INTERNAL] Doing internal work.
