[SystemTime=1741132538.566] [Machine=3] [LogicalClock=0] [Event=INIT] Clock rate initialized as 5
[SystemTime=1741132538.773] [Machine=3] [LogicalClock=1] [Event=INTERNAL] Doing internal work.
[SystemTime=1741132538.978] [Machine=3] [LogicalClock=2] [Event=INTERNAL] Doing internal work.
[SystemTime=1741132539.183] [Machine=3] [LogicalClock=3] [Event=INTERNAL] Doing internal work.
[SystemTime=1741132539.390] [Machine=3] [LogicalClock=3] [Event=SEND] Sending message to [('localhost', 8000)]: 3|3|Hello from M3.
[SystemTime=1741132539.591] [Machine=3] [LogicalClock=5] [Event=INTERNAL] Doing internal work.
[SystemTime=1741132539.797] [Machine=3] [LogicalClock=8] [Event=RECEIVE] Received from M2: Hello from M2, Queue length now: 0
[SystemTime=1741132540.001] [Machine=3] [LogicalClock=9] [Event=INTERNAL] Doing internal work.
[SystemTime=1741132540.205] [Machine=3] [LogicalClock=10] [Event=INTERNAL] Doing internal work.
[SystemTime=1741132540.406] [Machine=3] [LogicalClock=11] [Event=INTERNAL] Doing internal work.
[SystemTime=1741132540.609] [Machine=3] [LogicalClock=12] [Event=RECEIVE] Received from M2: Hello from M2, Queue length now: 0
[SystemTime=1741132540.814] [Machine=3] [LogicalClock=13] [Event=RECEIVE] Received from M2: Hello from M2, Queue length now: 0
[SystemTime=1741132541.016] [Machine=3] [LogicalClock=13] [Event=SEND] Sending message to [('localhost', 8000)]: 3|13|Hello from M3.
[SystemTime=1741132541.222] [Machine=3] [LogicalClock=15] [Event=INTERNAL] Doing internal work.
[SystemTime=1741132541.426] [Machine=3] [LogicalClock=16] [Event=INTERNAL] Doing internal work.
[SystemTime=1741132541.632] [Machine=3] [LogicalClock=17] [Event=RECEIVE] Received from M2: Hello from M2, Queue length now: 0
[SystemTime=1741132541.837] [Machine=3] [LogicalClock=18] [Event=INTERNAL] Doing internal work.
[SystemTime=1741132542.042] [Machine=3] [LogicalClock=19] [Event=INTERNAL] Doing internal work.
[SystemTime=1741132542.244] [Machine=3] [LogicalClock=19] [Event=SEND] Sending message to [('localhost', 8001)]: 3|19|Hello from M3.
[SystemTime=1741132542.448] [Machine=3] [LogicalClock=21] [Event=INTERNAL] Doing internal work.
[SystemTime=1741132542.654] [Machine=3] [LogicalClock=21] [Event=SEND] Sending message to [('localhost', 8001)]: 3|21|Hello from M3.
[SystemTime=1741132542.856] [Machine=3] [LogicalClock=23] [Event=INTERNAL] Doing internal work.
[SystemTime=1741132543.062] [Machine=3] [LogicalClock=24] [Event=RECEIVE] Received from M2: Hello from M2, Queue length now: 0
[SystemTime=1741132543.272] [Machine=3] [LogicalClock=24] [Event=SEND] Sending message to [('localhost', 8001)]: 3|24|Hello from M3.
[SystemTime=1741132543.477] [Machine=3] [LogicalClock=26] [Event=INTERNAL] Doing internal work.
[SystemTime=1741132543.684] [Machine=3] [LogicalClock=26] [Event=SEND] Sending message to [('localhost', 8000), ('localhost', 8001)]: 3|26|Hello from M3.
[SystemTime=1741132543.889] [Machine=3] [LogicalClock=28] [Event=INTERNAL] Doing internal work.
[SystemTime=1741132544.094] [Machine=3] [LogicalClock=28] [Event=SEND] Sending message to [('localhost', 8001)]: 3|28|Hello from M3.
[SystemTime=1741132544.301] [Machine=3] [LogicalClock=29] [Event=SEND] Sending message to [('localhost', 8000)]: 3|29|Hello from M3.
[SystemTime=1741132544.505] [Machine=3] [LogicalClock=31] [Event=INTERNAL] Doing internal work.
[SystemTime=1741132544.710] [Machine=3] [LogicalClock=32] [Event=INTERNAL] Doing internal work.
[SystemTime=1741132544.915] [Machine=3] [LogicalClock=32] [Event=SEND] Sending message to [('localhost', 8000), ('localhost', 8001)]: 3|32|Hello from M3.
[SystemTime=1741132545.122] [Machine=3] [LogicalClock=33] [Event=SEND] Sending message to [('localhost', 8000), ('localhost', 8001)]: 3|33|Hello from M3.
[SystemTime=1741132545.327] [Machine=3] [LogicalClock=35] [Event=INTERNAL] Doing internal work.
[SystemTime=1741132545.531] [Machine=3] [LogicalClock=36] [Event=RECEIVE] Received from M2: Hello from M2, Queue length now: 0
[SystemTime=1741132545.737] [Machine=3] [LogicalClock=37] [Event=INTERNAL] Doing internal work.
[SystemTime=1741132545.942] [Machine=3] [LogicalClock=38] [Event=INTERNAL] Doing internal work.
[SystemTime=1741132546.147] [Machine=3] [LogicalClock=39] [Event=RECEIVE] Received from M2: Hello from M2, Queue length now: 0
[SystemTime=1741132546.354] [Machine=3] [LogicalClock=39] [Event=SEND] Sending message to [('localhost', 8000), ('localhost', 8001)]: 3|39|Hello from M3.
[SystemTime=1741132546.558] [Machine=3] [LogicalClock=41] [Event=INTERNAL] Doing internal work.
[SystemTime=1741132546.760] [Machine=3] [LogicalClock=42] [Event=INTERNAL] Doing internal work.
[SystemTime=1741132546.961] [Machine=3] [LogicalClock=43] [Event=INTERNAL] Doing internal work.
[SystemTime=1741132547.168] [Machine=3] [LogicalClock=43] [Event=SEND] Sending message to [('localhost', 8001)]: 3|43|Hello from M3.
[SystemTime=1741132547.373] [Machine=3] [LogicalClock=45] [Event=INTERNAL] Doing internal work.
[SystemTime=1741132547.579] [Machine=3] [LogicalClock=46] [Event=INTERNAL] Doing internal work.
[SystemTime=1741132547.784] [Machine=3] [LogicalClock=47] [Event=RECEIVE] Received from M1: Hello from M1, Queue length now: 0
[SystemTime=1741132547.989] [Machine=3] [LogicalClock=48] [Event=RECEIVE] Received from M2: Hello from M2, Queue length now: 0
[SystemTime=1741132548.194] [Machine=3] [LogicalClock=49] [Event=RECEIVE] Received from M1: Hello from M1, Queue length now: 0
[SystemTime=1741132548.400] [Machine=3] [LogicalClock=49] [Event=SEND] Sending message to [('localhost', 8000)]: 3|49|Hello from M3.
[SystemTime=1741132548.605] [Machine=3] [LogicalClock=51] [Event=INTERNAL] Doing internal work.
[SystemTime=1741132548.811] [Machine=3] [LogicalClock=52] [Event=RECEIVE] Received from M2: Hello from M2, Queue length now: 0
[SystemTime=1741132549.015] [Machine=3] [LogicalClock=53] [Event=RECEIVE] Received from M2: Hello from M2, Queue length now: 0
[SystemTime=1741132549.222] [Machine=3] [LogicalClock=53] [Event=SEND] Sending message to [('localhost', 8000), ('localhost', 8001)]: 3|53|Hello from M3.
[SystemTime=1741132549.427] [Machine=3] [LogicalClock=55] [Event=INTERNAL] Doing internal work.
[SystemTime=1741132549.631] [Machine=3] [LogicalClock=56] [Event=INTERNAL] Doing internal work.
[SystemTime=1741132549.836] [Machine=3] [LogicalClock=57] [Event=INTERNAL] Doing internal work.
[SystemTime=1741132550.042] [Machine=3] [LogicalClock=58] [Event=RECEIVE] Received from M2: Hello from M2, Queue length now: 0
[SystemTime=1741132550.247] [Machine=3] [LogicalClock=59] [Event=INTERNAL] Doing internal work.
[SystemTime=1741132550.452] [Machine=3] [LogicalClock=60] [Event=INTERNAL] Doing internal work.
[SystemTime=1741132550.656] [Machine=3] [LogicalClock=61] [Event=INTERNAL] Doing internal work.
[SystemTime=1741132550.861] [Machine=3] [LogicalClock=62] [Event=INTERNAL] Doing internal work.
[SystemTime=1741132551.067] [Machine=3] [LogicalClock=63] [Event=INTERNAL] Doing internal work.
[SystemTime=1741132551.270] [Machine=3] [LogicalClock=63] [Event=SEND] Sending message to [('localhost', 8000), ('localhost', 8001)]: 3|63|Hello from M3.
[SystemTime=1741132551.476] [Machine=3] [LogicalClock=64] [Event=SEND] Sending message to [('localhost', 8000)]: 3|64|Hello from M3.
[SystemTime=1741132551.679] [Machine=3] [LogicalClock=65] [Event=SEND] Sending message to [('localhost', 8000)]: 3|65|Hello from M3.
[SystemTime=1741132551.881] [Machine=3] [LogicalClock=67] [Event=INTERNAL] Doing internal work.
[SystemTime=1741132552.086] [Machine=3] [LogicalClock=67] [Event=SEND] Sending message to [('localhost', 8000), ('localhost', 8001)]: 3|67|Hello from M3.
[SystemTime=1741132552.289] [Machine=3] [LogicalClock=68] [Event=SEND] Sending message to [('localhost', 8000)]: 3|68|Hello from M3.
[SystemTime=1741132552.494] [Machine=3] [LogicalClock=70] [Event=INTERNAL] Doing internal work.
[SystemTime=1741132552.696] [Machine=3] [LogicalClock=70] [Event=SEND] Sending message to [('localhost', 8000)]: 3|70|Hello from M3.
[SystemTime=1741132552.899] [Machine=3] [LogicalClock=72] [Event=INTERNAL] Doing internal work.
[SystemTime=1741132553.105] [Machine=3] [LogicalClock=73] [Event=INTERNAL] Doing internal work.
[SystemTime=1741132553.311] [Machine=3] [LogicalClock=74] [Event=INTERNAL] Doing internal work.
[SystemTime=1741132553.522] [Machine=3] [LogicalClock=75] [Event=INTERNAL] Doing internal work.
[SystemTime=1741132553.723] [Machine=3] [LogicalClock=76] [Event=INTERNAL] Doing internal work.
[SystemTime=1741132553.928] [Machine=3] [LogicalClock=77] [Event=INTERNAL] Doing internal work.
[SystemTime=1741132554.133] [Machine=3] [LogicalClock=78] [Event=RECEIVE] Received from M2: Hello from M2, Queue length now: 0
[SystemTime=1741132554.338] [Machine=3] [LogicalClock=79] [Event=INTERNAL] Doing internal work.
[SystemTime=1741132554.545] [Machine=3] [LogicalClock=79] [Event=SEND] Sending message to [('localhost', 8000), ('localhost', 8001)]: 3|79|Hello from M3.
[SystemTime=1741132554.749] [Machine=3] [LogicalClock=81] [Event=INTERNAL] Doing internal work.
[SystemTime=1741132554.952] [Machine=3] [LogicalClock=81] [Event=SEND] Sending message to [('localhost', 8000)]: 3|81|Hello from M3.
[SystemTime=1741132555.156] [Machine=3] [LogicalClock=83] [Event=INTERNAL] Doing internal work.
[SystemTime=1741132555.364] [Machine=3] [LogicalClock=83] [Event=SEND] Sending message to [('localhost', 8000), ('localhost', 8001)]: 3|83|Hello from M3.
[SystemTime=1741132555.567] [Machine=3] [LogicalClock=85] [Event=INTERNAL] Doing internal work.
[SystemTime=1741132555.773] [Machine=3] [LogicalClock=86] [Event=RECEIVE] Received from M2: Hello from M2, Queue length now: 0
[SystemTime=1741132555.978] [Machine=3] [LogicalClock=87] [Event=INTERNAL] Doing internal work.
[SystemTime=1741132556.181] [Machine=3] [LogicalClock=88] [Event=INTERNAL] Doing internal work.
[SystemTime=1741132556.385] [Machine=3] [LogicalClock=89] [Event=INTERNAL] Doing internal work.
[SystemTime=1741132556.589] [Machine=3] [LogicalClock=90] [Event=INTERNAL] Doing internal work.
[SystemTime=1741132556.791] [Machine=3] [LogicalClock=90] [Event=SEND] Sending message to [('localhost', 8001)]: 3|90|Hello from M3.
[SystemTime=1741132556.996] [Machine=3] [LogicalClock=92] [Event=INTERNAL] Doing internal work.
[SystemTime=1741132557.201] [Machine=3] [LogicalClock=93] [Event=RECEIVE] Received from M2: Hello from M2, Queue length now: 0
[SystemTime=1741132557.407] [Machine=3] [LogicalClock=94] [Event=INTERNAL] Doing internal work.
[SystemTime=1741132557.612] [Machine=3] [LogicalClock=95] [Event=INTERNAL] Doing internal work.
[SystemTime=1741132557.817] [Machine=3] [LogicalClock=96] [Event=INTERNAL] Doing internal work.
[SystemTime=1741132558.021] [Machine=3] [LogicalClock=96] [Event=SEND] Sending message to [('localhost', 8001)]: 3|96|Hello from M3.
[SystemTime=1741132558.224] [Machine=3] [LogicalClock=97] [Event=SEND] Sending message to [('localhost', 8000), ('localhost', 8001)]: 3|97|Hello from M3.
[SystemTime=1741132558.428] [Machine=3] [LogicalClock=99] [Event=INTERNAL] Doing internal work.
[SystemTime=1741132558.634] [Machine=3] [LogicalClock=100] [Event=RECEIVE] Received from M2: Hello from M2, Queue length now: 0
[SystemTime=1741132558.839] [Machine=3] [LogicalClock=101] [Event=INTERNAL] Doing internal work.
[SystemTime=1741132559.046] [Machine=3] [LogicalClock=101] [Event=SEND] Sending message to [('localhost', 8000)]: 3|101|Hello from M3.
[SystemTime=1741132559.251] [Machine=3] [LogicalClock=103] [Event=INTERNAL] Doing internal work.
[SystemTime=1741132559.457] [Machine=3] [LogicalClock=104] [Event=INTERNAL] Doing internal work.
[SystemTime=1741132559.658] [Machine=3] [LogicalClock=105] [Event=RECEIVE] Received from M2: Hello from M2, Queue length now: 0
[SystemTime=1741132559.859] [Machine=3] [LogicalClock=106] [Event=INTERNAL] Doing internal work.
[SystemTime=1741132560.064] [Machine=3] [LogicalClock=107] [Event=INTERNAL] Doing internal work.
[SystemTime=1741132560.265] [Machine=3] [LogicalClock=108] [Event=RECEIVE] Received from M2: Hello from M2, Queue length now: 0
[SystemTime=1741132560.470] [Machine=3] [LogicalClock=109] [Event=INTERNAL] Doing internal work.
[SystemTime=1741132560.676] [Machine=3] [LogicalClock=109] [Event=SEND] Sending message to [('localhost', 8001)]: 3|109|Hello from M3.
[SystemTime=1741132560.876] [Machine=3] [LogicalClock=111] [Event=INTERNAL] Doing internal work.
[SystemTime=1741132561.078] [Machine=3] [LogicalClock=112] [Event=INTERNAL] Doing internal work.
[SystemTime=1741132561.284] [Machine=3] [LogicalClock=113] [Event=RECEIVE] Received from M1: Hello from M1, Queue length now: 0
[SystemTime=1741132561.486] [Machine=3] [LogicalClock=113] [Event=SEND] Sending message to [('localhost', 8001)]: 3|113|Hello from M3.
[SystemTime=1741132561.689] [Machine=3] [LogicalClock=115] [Event=INTERNAL] Doing internal work.
[SystemTime=1741132561.895] [Machine=3] [LogicalClock=116] [Event=RECEIVE] Received from M2: Hello from M2, Queue length now: 0
[SystemTime=1741132562.100] [Machine=3] [LogicalClock=117] [Event=INTERNAL] Doing internal work.
[SystemTime=1741132562.306] [Machine=3] [LogicalClock=117] [Event=SEND] Sending message to [('localhost', 8000)]: 3|117|Hello from M3.
[SystemTime=1741132562.511] [Machine=3] [LogicalClock=119] [Event=INTERNAL] Doing internal work.
[SystemTime=1741132562.716] [Machine=3] [LogicalClock=120] [Event=RECEIVE] Received from M2: Hello from M2, Queue length now: 0
[SystemTime=1741132562.919] [Machine=3] [LogicalClock=121] [Event=INTERNAL] Doing internal work.
[SystemTime=1741132563.123] [Machine=3] [LogicalClock=121] [Event=SEND] Sending message to [('localhost', 8001)]: 3|121|Hello from M3.
[SystemTime=1741132563.329] [Machine=3] [LogicalClock=123] [Event=INTERNAL] Doing internal work.
[SystemTime=1741132563.544] [Machine=3] [LogicalClock=123] [Event=SEND] Sending message to [('localhost', 8000)]: 3|123|Hello from M3.
[SystemTime=1741132563.746] [Machine=3] [LogicalClock=125] [Event=INTERNAL] Doing internal work.
[SystemTime=1741132563.952] [Machine=3] [LogicalClock=126] [Event=INTERNAL] Doing internal work.
[SystemTime=1741132564.157] [Machine=3] [LogicalClock=126] [Event=SEND] Sending message to [('localhost', 8000)]: 3|126|Hello from M3.
[SystemTime=1741132564.363] [Machine=3] [LogicalClock=128] [Event=INTERNAL] Doing internal work.
[SystemTime=1741132564.568] [Machine=3] [LogicalClock=129] [Event=RECEIVE] Received from M2: Hello from M2, Queue length now: 0
[SystemTime=1741132564.773] [Machine=3] [LogicalClock=130] [Event=INTERNAL] Doing internal work.
[SystemTime=1741132564.977] [Machine=3] [LogicalClock=131] [Event=RECEIVE] Received from M2: Hello from M2, Queue length now: 0
[SystemTime=1741132565.184] [Machine=3] [LogicalClock=131] [Event=SEND] Sending message to [('localhost', 8001)]: 3|131|Hello from M3.
[SystemTime=1741132565.390] [Machine=3] [LogicalClock=132] [Event=SEND] Sending message to [('localhost', 8000), ('localhost', 8001)]: 3|132|Hello from M3.
[SystemTime=1741132565.595] [Machine=3] [LogicalClock=134] [Event=INTERNAL] Doing internal work.
[SystemTime=1741132565.799] [Machine=3] [LogicalClock=135] [Event=INTERNAL] Doing internal work.
[SystemTime=1741132566.002] [Machine=3] [LogicalClock=136] [Event=RECEIVE] Received from M2: Hello from M2, Queue length now: 0
[SystemTime=1741132566.207] [Machine=3] [LogicalClock=137] [Event=INTERNAL] Doing internal work.
[SystemTime=1741132566.412] [Machine=3] [LogicalClock=138] [Event=RECEIVE] Received from M2: Hello from M2, Queue length now: 0
[SystemTime=1741132566.618] [Machine=3] [LogicalClock=138] [Event=SEND] Sending message to [('localhost', 8000)]: 3|138|Hello from M3.
[SystemTime=1741132566.823] [Machine=3] [LogicalClock=140] [Event=INTERNAL] Doing internal work.
[SystemTime=1741132567.028] [Machine=3] [LogicalClock=141] [Event=INTERNAL] Doing internal work.
[SystemTime=1741132567.234] [Machine=3] [LogicalClock=142] [Event=INTERNAL] Doing internal work.
[SystemTime=1741132567.437] [Machine=3] [LogicalClock=142] [Event=SEND] Sending message to [('localhost', 8001)]: 3|142|Hello from M3.
[SystemTime=1741132567.642] [Machine=3] [LogicalClock=143] [Event=SEND] Sending message to [('localhost', 8001)]: 3|143|Hello from M3.
[SystemTime=1741132567.847] [Machine=3] [LogicalClock=145] [Event=INTERNAL] Doing internal work.
[SystemTime=1741132568.054] [Machine=3] [LogicalClock=145] [Event=SEND] Sending message to [('localhost', 8000), ('localhost', 8001)]: 3|145|Hello from M3.
[SystemTime=1741132568.261] [Machine=3] [LogicalClock=146] [Event=SEND] Sending message to [('localhost', 8001)]: 3|146|Hello from M3.
[SystemTime=1741132568.464] [Machine=3] [LogicalClock=147] [Event=SEND] Sending message to [('localhost', 8001)]: 3|147|Hello from M3.
[SystemTime=1741132568.668] [Machine=3] [LogicalClock=149] [Event=INTERNAL] Doing internal work.
[SystemTime=1741132568.874] [Machine=3] [LogicalClock=149] [Event=SEND] Sending message to [('localhost', 8001)]: 3|149|Hello from M3.
[SystemTime=1741132569.079] [Machine=3] [LogicalClock=150] [Event=SEND] Sending message to [('localhost', 8000)]: 3|150|Hello from M3.
[SystemTime=1741132569.283] [Machine=3] [LogicalClock=152] [Event=INTERNAL] Doing internal work.
[SystemTime=1741132569.488] [Machine=3] [LogicalClock=153] [Event=INTERNAL] Doing internal work.
[SystemTime=1741132569.692] [Machine=3] [LogicalClock=154] [Event=INTERNAL] Doing internal work.
[SystemTime=1741132569.897] [Machine=3] [LogicalClock=155] [Event=INTERNAL] Doing internal work.
[SystemTime=1741132570.103] [Machine=3] [LogicalClock=156] [Event=INTERNAL] Doing internal work.
[SystemTime=1741132570.308] [Machine=3] [LogicalClock=157] [Event=INTERNAL] Doing internal work.
[SystemTime=1741132570.513] [Machine=3] [LogicalClock=158] [Event=INTERNAL] Doing internal work.
[SystemTime=1741132570.720] [Machine=3] [LogicalClock=158] [Event=SEND] Sending message to [('localhost', 8000), ('localhost', 8001)]: 3|158|Hello from M3.
[SystemTime=1741132570.921] [Machine=3] [LogicalClock=160] [Event=INTERNAL] Doing internal work.
[SystemTime=1741132571.126] [Machine=3] [LogicalClock=161] [Event=INTERNAL] Doing internal work.
[SystemTime=1741132571.332] [Machine=3] [LogicalClock=162] [Event=INTERNAL] Doing internal work.
[SystemTime=1741132571.537] [Machine=3] [LogicalClock=163] [Event=INTERNAL] Doing internal work.
[SystemTime=1741132571.743] [Machine=3] [LogicalClock=164] [Event=RECEIVE] Received from M2: Hello from M2, Queue length now: 0
[SystemTime=1741132571.948] [Machine=3] [LogicalClock=164] [Event=SEND] Sending message to [('localhost', 8000)]: 3|164|Hello from M3.
[SystemTime=1741132572.154] [Machine=3] [LogicalClock=166] [Event=RECEIVE] Received from M2: Hello from M2, Queue length now: 0
[SystemTime=1741132572.358] [Machine=3] [LogicalClock=167] [Event=INTERNAL] Doing internal work.
[SystemTime=1741132572.560] [Machine=3] [LogicalClock=168] [Event=INTERNAL] Doing internal work.
[SystemTime=1741132572.765] [Machine=3] [LogicalClock=169] [Event=INTERNAL] Doing internal work.
[SystemTime=1741132572.966] [Machine=3] [LogicalClock=170] [Event=RECEIVE] Received from M2: Hello from M2, Queue length now: 0
[SystemTime=1741132573.170] [Machine=3] [LogicalClock=171] [Event=INTERNAL] Doing internal work.
[SystemTime=1741132573.375] [Machine=3] [LogicalClock=172] [Event=INTERNAL] Doing internal work.
[SystemTime=1741132573.577] [Machine=3] [LogicalClock=173] [Event=INTERNAL] Doing internal work.
[SystemTime=1741132573.783] [Machine=3] [LogicalClock=174] [Event=INTERNAL] Doing internal work.
[SystemTime=1741132573.988] [Machine=3] [LogicalClock=175] [Event=INTERNAL] Doing internal work.
[SystemTime=1741132574.195] [Machine=3] [LogicalClock=175] [Event=SEND] Sending message to [('localhost', 8000), ('localhost', 8001)]: 3|175|Hello from M3.
[SystemTime=1741132574.396] [Machine=3] [LogicalClock=176] [Event=SEND] Sending message to [('localhost', 8001)]: 3|176|Hello from M3.
[SystemTime=1741132574.602] [Machine=3] [LogicalClock=177] [Event=SEND] Sending message to [('localhost', 8000), ('localhost', 8001)]: 3|177|Hello from M3.
[SystemTime=1741132574.805] [Machine=3] [LogicalClock=179] [Event=INTERNAL] Doing internal work.
[SystemTime=1741132575.008] [Machine=3] [LogicalClock=179] [Event=SEND] Sending message to [('localhost', 8000)]: 3|179|Hello from M3.
[SystemTime=1741132575.211] [Machine=3] [LogicalClock=181] [Event=INTERNAL] Doing internal work.
[SystemTime=1741132575.412] [Machine=3] [LogicalClock=182] [Event=INTERNAL] Doing internal work.
[SystemTime=1741132575.617] [Machine=3] [LogicalClock=183] [Event=RECEIVE] Received from M2: Hello from M2, Queue length now: 0
[SystemTime=1741132575.820] [Machine=3] [LogicalClock=184] [Event=INTERNAL] Doing internal work.
[SystemTime=1741132576.025] [Machine=3] [LogicalClock=185] [Event=INTERNAL] Doing internal work.
[SystemTime=1741132576.227] [Machine=3] [LogicalClock=186] [Event=INTERNAL] Doing internal work.
[SystemTime=1741132576.430] [Machine=3] [LogicalClock=187] [Event=INTERNAL] Doing internal work.
[SystemTime=1741132576.631] [Machine=3] [LogicalClock=188] [Event=RECEIVE] Received from M2: Hello from M2, Queue length now: 0
[SystemTime=1741132576.836] [Machine=3] [LogicalClock=189] [Event=INTERNAL] Doing internal work.
[SystemTime=1741132577.041] [Machine=3] [LogicalClock=189] [Event=SEND] Sending message to [('localhost', 8001)]: 3|189|Hello from M3.
[SystemTime=1741132577.245] [Machine=3] [LogicalClock=190] [Event=SEND] Sending message to [('localhost', 8000), ('localhost', 8001)]: 3|190|Hello from M3.
[SystemTime=1741132577.447] [Machine=3] [LogicalClock=191] [Event=SEND] Sending message to [('localhost', 8000)]: 3|191|Hello from M3.
[SystemTime=1741132577.652] [Machine=3] [LogicalClock=193] [Event=INTERNAL] Doing internal work.
[SystemTime=1741132577.856] [Machine=3] [LogicalClock=194] [Event=RECEIVE] Received from M2: Hello from M2, Queue length now: 0
[SystemTime=1741132578.062] [Machine=3] [LogicalClock=194] [Event=SEND] Sending message to [('localhost', 8000), ('localhost', 8001)]: 3|194|Hello from M3.
[SystemTime=1741132578.276] [Machine=3] [LogicalClock=195] [Event=SEND] Sending message to [('localhost', 8000), ('localhost', 8001)]: 3|195|Hello from M3.
[SystemTime=1741132578.483] [Machine=3] [LogicalClock=196] [Event=SEND] Sending message to [('localhost', 8001)]: 3|196|Hello from M3.
[SystemTime=1741132578.690] [Machine=3] [LogicalClock=197] [Event=SEND] Sending message to [('localhost', 8001)]: 3|197|Hello from M3.
[SystemTime=1741132578.893] [Machine=3] [LogicalClock=198] [Event=SEND] Sending message to [('localhost', 8000), ('localhost', 8001)]: 3|198|Hello from M3.
[SystemTime=1741132579.097] [Machine=3] [LogicalClock=200] [Event=INTERNAL] Doing internal work.
[SystemTime=1741132579.303] [Machine=3] [LogicalClock=201] [Event=INTERNAL] Doing internal work.
[SystemTime=1741132579.507] [Machine=3] [LogicalClock=201] [Event=SEND] Sending message to [('localhost', 8000), ('localhost', 8001)]: 3|201|Hello from M3.
[SystemTime=1741132579.709] [Machine=3] [LogicalClock=203] [Event=INTERNAL] Doing internal work.
[SystemTime=1741132579.912] [Machine=3] [LogicalClock=203] [Event=SEND] Sending message to [('localhost', 8000), ('localhost', 8001)]: 3|203|Hello from M3.
[SystemTime=1741132580.117] [Machine=3] [LogicalClock=205] [Event=INTERNAL] Doing internal work.
[SystemTime=1741132580.319] [Machine=3] [LogicalClock=206] [Event=INTERNAL] Doing internal work.
[SystemTime=1741132580.524] [Machine=3] [LogicalClock=207] [Event=INTERNAL] Doing internal work.
[SystemTime=1741132580.732] [Machine=3] [LogicalClock=207] [Event=SEND] Sending message to [('localhost', 8000), ('localhost', 8001)]: 3|207|Hello from M3.
[SystemTime=1741132580.937] [Machine=3] [LogicalClock=209] [Event=INTERNAL] Doing internal work.
[SystemTime=1741132581.142] [Machine=3] [LogicalClock=210] [Event=INTERNAL] Doing internal work.
[SystemTime=1741132581.346] [Machine=3] [LogicalClock=210] [Event=SEND] Sending message to [('localhost', 8001)]: 3|210|Hello from M3.
[SystemTime=1741132581.557] [Machine=3] [LogicalClock=212] [Event=INTERNAL] Doing internal work.
[SystemTime=1741132581.763] [Machine=3] [LogicalClock=213] [Event=INTERNAL] Doing internal work.
[SystemTime=1741132581.968] [Machine=3] [LogicalClock=214] [Event=RECEIVE] Received from M1: Hello from M1, Queue length now: 0
[SystemTime=1741132582.174] [Machine=3] [LogicalClock=214] [Event=SEND] Sending message to [('localhost', 8000)]: 3|214|Hello from M3.
[SystemTime=1741132582.377] [Machine=3] [LogicalClock=216] [Event=INTERNAL] Doing internal work.
[SystemTime=1741132582.584] [Machine=3] [LogicalClock=216] [Event=SEND] Sending message to [('localhost', 8000), ('localhost', 8001)]: 3|216|Hello from M3.
[SystemTime=1741132582.785] [Machine=3] [LogicalClock=218] [Event=INTERNAL] Doing internal work.
[SystemTime=1741132582.986] [Machine=3] [LogicalClock=219] [Event=RECEIVE] Received from M2: Hello from M2, Queue length now: 0
[SystemTime=1741132583.190] [Machine=3] [LogicalClock=220] [Event=INTERNAL] Doing internal work.
[SystemTime=1741132583.395] [Machine=3] [LogicalClock=221] [Event=INTERNAL] Doing internal work.
[SystemTime=1741132583.601] [Machine=3] [LogicalClock=222] [Event=INTERNAL] Doing internal work.
[SystemTime=1741132583.802] [Machine=3] [LogicalClock=223] [Event=RECEIVE] Received from M2: Hello from M2, Queue length now: 0
[SystemTime=1741132584.009] [Machine=3] [LogicalClock=223] [Event=SEND] Sending message to [('localhost', 8000)]: 3|223|Hello from M3.
[SystemTime=1741132584.215] [Machine=3] [LogicalClock=224] [Event=SEND] Sending message to [('localhost', 8000), ('localhost', 8001)]: 3|224|Hello from M3.
[SystemTime=1741132584.418] [Machine=3] [LogicalClock=226] [Event=INTERNAL] Doing internal work.
[SystemTime=1741132584.620] [Machine=3] [LogicalClock=227] [Event=INTERNAL] Doing internal work.
[SystemTime=1741132584.825] [Machine=3] [LogicalClock=228] [Event=INTERNAL] Doing internal work.
[SystemTime=1741132585.029] [Machine=3] [LogicalClock=229] [Event=RECEIVE] Received from M2: Hello from M2, Queue length now: 0
[SystemTime=1741132585.233] [Machine=3] [LogicalClock=230] [Event=INTERNAL] Doing internal work.
[SystemTime=1741132585.435] [Machine=3] [LogicalClock=231] [Event=INTERNAL] Doing internal work.
[SystemTime=1741132585.640] [Machine=3] [LogicalClock=232] [Event=RECEIVE] Received from M1: Hello from M1, Queue length now: 1
[SystemTime=1741132585.845] [Machine=3] [LogicalClock=233] [Event=RECEIVE] Received from M2: Hello from M2, Queue length now: 1
[SystemTime=1741132586.050] [Machine=3] [LogicalClock=234] [Event=RECEIVE] Received from M2: Hello from M2, Queue length now: 1
[SystemTime=1741132586.253] [Machine=3] [LogicalClock=235] [Event=RECEIVE] Received from M2: Hello from M2, Queue length now: 0
[SystemTime=1741132586.454] [Machine=3] [LogicalClock=236] [Event=INTERNAL] Doing internal work.
[SystemTime=1741132586.659] [Machine=3] [LogicalClock=237] [Event=INTERNAL] Doing internal work.
[SystemTime=1741132586.862] [Machine=3] [LogicalClock=237] [Event=SEND] Sending message to [('localhost', 8001)]: 3|237|Hello from M3.
[SystemTime=1741132587.068] [Machine=3] [LogicalClock=239] [Event=INTERNAL] Doing internal work.
[SystemTime=1741132587.273] [Machine=3] [LogicalClock=239] [Event=SEND] Sending message to [('localhost', 8000)]: 3|239|Hello from M3.
[SystemTime=1741132587.475] [Machine=3] [LogicalClock=241] [Event=RECEIVE] Received from M2: Hello from M2, Queue length now: 0
[SystemTime=1741132587.679] [Machine=3] [LogicalClock=241] [Event=SEND] Sending message to [('localhost', 8000), ('localhost', 8001)]: 3|241|Hello from M3.
[SystemTime=1741132587.886] [Machine=3] [LogicalClock=242] [Event=SEND] Sending message to [('localhost', 8000)]: 3|242|Hello from M3.
[SystemTime=1741132588.090] [Machine=3] [LogicalClock=244] [Event=RECEIVE] Received from M2: Hello from M2, Queue length now: 0
[SystemTime=1741132588.292] [Machine=3] [LogicalClock=245] [Event=RECEIVE] Received from M2: Hello from M2, Queue length now: 0
[SystemTime=1741132588.494] [Machine=3] [LogicalClock=245] [Event=SEND] Sending message to [('localhost', 8001)]: 3|245|Hello from M3.
[SystemTime=1741132588.700] [Machine=3] [LogicalClock=247] [Event=INTERNAL] Doing internal work.
[SystemTime=1741132588.905] [Machine=3] [LogicalClock=247] [Event=SEND] Sending message to [('localhost', 8001)]: 3|247|Hello from M3.
[SystemTime=1741132589.111] [Machine=3] [LogicalClock=249] [Event=INTERNAL] Doing internal work.
[SystemTime=1741132589.314] [Machine=3] [LogicalClock=250] [Event=RECEIVE] Received from M2: Hello from M2, Queue length now: 0
[SystemTime=1741132589.519] [Machine=3] [LogicalClock=251] [Event=INTERNAL] Doing internal work.
[SystemTime=1741132589.724] [Machine=3] [LogicalClock=252] [Event=INTERNAL] Doing internal work.
[SystemTime=1741132589.929] [Machine=3] [LogicalClock=253] [Event=INTERNAL] Doing internal work.
[SystemTime=1741132590.130] [Machine=3] [LogicalClock=253] [Event=SEND] Sending message to [('localhost', 8000), ('localhost', 8001)]: 3|253|Hello from M3.
[SystemTime=1741132590.337] [Machine=3] [LogicalClock=254] [Event=SEND] Sending message to [('localhost', 8000), ('localhost', 8001)]: 3|254|Hello from M3.
[SystemTime=1741132590.541] [Machine=3] [LogicalClock=256] [Event=INTERNAL] Doing internal work.
[SystemTime=1741132590.746] [Machine=3] [LogicalClock=257] [Event=RECEIVE] Received from M2: Hello from M2, Queue length now: 0
[SystemTime=1741132590.949] [Machine=3] [LogicalClock=258] [Event=INTERNAL] Doing internal work.
[SystemTime=1741132591.153] [Machine=3] [LogicalClock=259] [Event=INTERNAL] Doing internal work.
[SystemTime=1741132591.358] [Machine=3] [LogicalClock=260] [Event=INTERNAL] Doing internal work.
[SystemTime=1741132591.564] [Machine=3] [LogicalClock=261] [Event=INTERNAL] Doing internal work.
[SystemTime=1741132591.769] [Machine=3] [LogicalClock=262] [Event=RECEIVE] Received from M2: Hello from M2, Queue length now: 0
[SystemTime=1741132591.974] [Machine=3] [LogicalClock=263] [Event=RECEIVE] Received from M2: Hello from M2, Queue length now: 0
[SystemTime=1741132592.180] [Machine=3] [LogicalClock=264] [Event=RECEIVE] Received from M2: Hello from M2, Queue length now: 0
[SystemTime=1741132592.383] [Machine=3] [LogicalClock=265] [Event=INTERNAL] Doing internal work.
[SystemTime=1741132592.589] [Machine=3] [LogicalClock=266] [Event=RECEIVE] Received from M2: Hello from M2, Queue length now: 0
[SystemTime=1741132592.796] [Machine=3] [LogicalClock=266] [Event=SEND] Sending message to [('localhost', 8000)]: 3|266|Hello from M3.
[SystemTime=1741132592.999] [Machine=3] [LogicalClock=268] [Event=INTERNAL] Doing internal work.
[SystemTime=1741132593.205] [Machine=3] [LogicalClock=269] [Event=INTERNAL] Doing internal work.
[SystemTime=1741132593.411] [Machine=3] [LogicalClock=270] [Event=RECEIVE] Received from M2: Hello from M2, Queue length now: 0
[SystemTime=1741132593.617] [Machine=3] [LogicalClock=271] [Event=INTERNAL] Doing internal work.
[SystemTime=1741132593.823] [Machine=3] [LogicalClock=272] [Event=RECEIVE] Received from M2: Hello from M2, Queue length now: 0
[SystemTime=1741132594.026] [Machine=3] [LogicalClock=273] [Event=INTERNAL] Doing internal work.
[SystemTime=1741132594.230] [Machine=3] [LogicalClock=274] [Event=INTERNAL] Doing internal work.
[SystemTime=1741132594.435] [Machine=3] [LogicalClock=275] [Event=INTERNAL] Doing internal work.
[SystemTime=1741132594.639] [Machine=3] [LogicalClock=276] [Event=RECEIVE] Received from M2: Hello from M2, Queue length now: 0
[SystemTime=1741132594.845] [Machine=3] [LogicalClock=277] [Event=INTERNAL] Doing internal work.
[SystemTime=1741132595.046] [Machine=3] [LogicalClock=278] [Event=RECEIVE] Received from M1: Hello from M1, Queue length now: 0
[SystemTime=1741132595.249] [Machine=3] [LogicalClock=278] [Event=SEND] Sending message to [('localhost', 8000), ('localhost', 8001)]: 3|278|Hello from M3.
[SystemTime=1741132595.454] [Machine=3] [LogicalClock=280] [Event=INTERNAL] Doing internal work.
[SystemTime=1741132595.659] [Machine=3] [LogicalClock=280] [Event=SEND] Sending message to [('localhost', 8001)]: 3|280|Hello from M3.
[SystemTime=1741132595.865] [Machine=3] [LogicalClock=281] [Event=SEND] Sending message to [('localhost', 8000), ('localhost', 8001)]: 3|281|Hello from M3.
[SystemTime=1741132596.069] [Machine=3] [LogicalClock=283] [Event=INTERNAL] Doing internal work.
[SystemTime=1741132596.274] [Machine=3] [LogicalClock=284] [Event=INTERNAL] Doing internal work.
[SystemTime=1741132596.475] [Machine=3] [LogicalClock=285] [Event=RECEIVE] Received from M2: Hello from M2, Queue length now: 0
[SystemTime=1741132596.678] [Machine=3] [LogicalClock=286] [Event=INTERNAL] Doing internal work.
[SystemTime=1741132596.884] [Machine=3] [LogicalClock=286] [Event=SEND] Sending message to [('localhost', 8001)]: 3|286|Hello from M3.
[SystemTime=1741132597.091] [Machine=3] [LogicalClock=287] [Event=SEND] Sending message to [('localhost', 8000), ('localhost', 8001)]: 3|287|Hello from M3.
[SystemTime=1741132597.294] [Machine=3] [LogicalClock=289] [Event=INTERNAL] Doing internal work.
[SystemTime=1741132597.495] [Machine=3] [LogicalClock=290] [Event=INTERNAL] Doing internal work.
[SystemTime=1741132597.697] [Machine=3] [LogicalClock=291] [Event=RECEIVE] Received from M2: Hello from M2, Queue length now: 0
[SystemTime=1741132597.898] [Machine=3] [LogicalClock=292] [Event=INTERNAL] Doing internal work.
[SystemTime=1741132598.104] [Machine=3] [LogicalClock=293] [Event=INTERNAL] Doing internal work.
[SystemTime=1741132598.308] [Machine=3] [LogicalClock=294] [Event=INTERNAL] Doing internal work.
[SystemTime=1741132598.511] [Machine=3] [LogicalClock=295] [Event=INTERNAL] Doing internal work.
[SystemTime=1741132598.713] [Machine=3] [LogicalClock=296] [Event=INTERNAL] Doing internal work.
