[SystemTime=1741132537.535] [Machine=1] [LogicalClock=0] [Event=INIT] Clock rate initialized as 2
[SystemTime=1741132538.041] [Machine=1] [LogicalClock=1] [Event=INTERNAL] Doing internal work.
[SystemTime=1741132538.543] [Machine=1] [LogicalClock=2] [Event=RECEIVE] Received from M2: Hello from M2, Queue length now: 0
[SystemTime=1741132539.048] [Machine=1] [LogicalClock=4] [Event=RECEIVE] Received from M2: Hello from M2, Queue length now: 0
[SystemTime=1741132539.551] [Machine=1] [LogicalClock=6] [Event=RECEIVE] Received from M2: Hello from M2, Queue length now: 1
[SystemTime=1741132540.055] [Machine=1] [LogicalClock=7] [Event=RECEIVE] Received from M3: Hello from M3, Queue length now: 0
[SystemTime=1741132540.558] [Machine=1] [LogicalClock=12] [Event=RECEIVE] Received from M2: Hello from M2, Queue length now: 0
[SystemTime=1741132541.058] [Machine=1] [LogicalClock=13] [Event=RECEIVE] Received from M2: Hello from M2, Queue length now: 1
[SystemTime=1741132541.559] [Machine=1] [LogicalClock=14] [Event=RECEIVE] Received from M3: Hello from M3, Queue length now: 0
[SystemTime=1741132542.066] [Machine=1] [LogicalClock=14] [Event=SEND] Sending message to [('localhost', 8001)]: 1|14|Hello from M1.
[SystemTime=1741132542.575] [Machine=1] [LogicalClock=16] [Event=INTERNAL] Doing internal work.
[SystemTime=1741132543.080] [Machine=1] [LogicalClock=17] [Event=INTERNAL] Doing internal work.
[SystemTime=1741132543.584] [Machine=1] [LogicalClock=18] [Event=INTERNAL] Doing internal work.
[SystemTime=1741132544.095] [Machine=1] [LogicalClock=27] [Event=RECEIVE] Received from M3: Hello from M3, Queue length now: 0
[SystemTime=1741132544.603] [Machine=1] [LogicalClock=30] [Event=RECEIVE] Received from M3: Hello from M3, Queue length now: 0
[SystemTime=1741132545.108] [Machine=1] [LogicalClock=33] [Event=RECEIVE] Received from M3: Hello from M3, Queue length now: 0
[SystemTime=1741132545.610] [Machine=1] [LogicalClock=34] [Event=RECEIVE] Received from M3: Hello from M3, Queue length now: 0
[SystemTime=1741132546.116] [Machine=1] [LogicalClock=39] [Event=RECEIVE] Received from M2: Hello from M2, Queue length now: 0
[SystemTime=1741132546.620] [Machine=1] [LogicalClock=40] [Event=RECEIVE] Received from M3: Hello from M3, Queue length now: 0
[SystemTime=1741132547.125] [Machine=1] [LogicalClock=41] [Event=INTERNAL] Doing internal work.
[SystemTime=1741132547.631] [Machine=1] [LogicalClock=41] [Event=SEND] Sending message to [('localhost', 8001), ('localhost', 8002)]: 1|41|Hello from M1.
[SystemTime=1741132548.136] [Machine=1] [LogicalClock=42] [Event=SEND] Sending message to [('localhost', 8002)]: 1|42|Hello from M1.
[SystemTime=1741132548.640] [Machine=1] [LogicalClock=50] [Event=RECEIVE] Received from M2: Hello from M2, Queue length now: 1
[SystemTime=1741132549.145] [Machine=1] [LogicalClock=51] [Event=RECEIVE] Received from M3: Hello from M3, Queue length now: 0
[SystemTime=1741132549.650] [Machine=1] [LogicalClock=54] [Event=RECEIVE] Received from M3: Hello from M3, Queue length now: 0
[SystemTime=1741132550.153] [Machine=1] [LogicalClock=55] [Event=INTERNAL] Doing internal work.
[SystemTime=1741132550.658] [Machine=1] [LogicalClock=56] [Event=INTERNAL] Doing internal work.
[SystemTime=1741132551.159] [Machine=1] [LogicalClock=57] [Event=INTERNAL] Doing internal work.
[SystemTime=1741132551.665] [Machine=1] [LogicalClock=64] [Event=RECEIVE] Received from M3: Hello from M3, Queue length now: 1
[SystemTime=1741132552.171] [Machine=1] [LogicalClock=65] [Event=RECEIVE] Received from M3: Hello from M3, Queue length now: 2
[SystemTime=1741132552.672] [Machine=1] [LogicalClock=66] [Event=RECEIVE] Received from M3: Hello from M3, Queue length now: 2
[SystemTime=1741132553.172] [Machine=1] [LogicalClock=68] [Event=RECEIVE] Received from M3: Hello from M3, Queue length now: 2
[SystemTime=1741132553.675] [Machine=1] [LogicalClock=69] [Event=RECEIVE] Received from M3: Hello from M3, Queue length now: 1
[SystemTime=1741132554.180] [Machine=1] [LogicalClock=71] [Event=RECEIVE] Received from M3: Hello from M3, Queue length now: 1
[SystemTime=1741132554.686] [Machine=1] [LogicalClock=77] [Event=RECEIVE] Received from M2: Hello from M2, Queue length now: 1
[SystemTime=1741132555.190] [Machine=1] [LogicalClock=80] [Event=RECEIVE] Received from M3: Hello from M3, Queue length now: 1
[SystemTime=1741132555.695] [Machine=1] [LogicalClock=82] [Event=RECEIVE] Received from M3: Hello from M3, Queue length now: 1
[SystemTime=1741132556.200] [Machine=1] [LogicalClock=84] [Event=RECEIVE] Received from M3: Hello from M3, Queue length now: 0
[SystemTime=1741132556.703] [Machine=1] [LogicalClock=85] [Event=INTERNAL] Doing internal work.
[SystemTime=1741132557.208] [Machine=1] [LogicalClock=93] [Event=RECEIVE] Received from M2: Hello from M2, Queue length now: 0
[SystemTime=1741132557.713] [Machine=1] [LogicalClock=94] [Event=RECEIVE] Received from M2: Hello from M2, Queue length now: 0
[SystemTime=1741132558.215] [Machine=1] [LogicalClock=95] [Event=INTERNAL] Doing internal work.
[SystemTime=1741132558.719] [Machine=1] [LogicalClock=98] [Event=RECEIVE] Received from M3: Hello from M3, Queue length now: 1
[SystemTime=1741132559.225] [Machine=1] [LogicalClock=100] [Event=RECEIVE] Received from M2: Hello from M2, Queue length now: 1
[SystemTime=1741132559.729] [Machine=1] [LogicalClock=102] [Event=RECEIVE] Received from M3: Hello from M3, Queue length now: 1
[SystemTime=1741132560.235] [Machine=1] [LogicalClock=105] [Event=RECEIVE] Received from M2: Hello from M2, Queue length now: 1
[SystemTime=1741132560.739] [Machine=1] [LogicalClock=108] [Event=RECEIVE] Received from M2: Hello from M2, Queue length now: 0
[SystemTime=1741132561.242] [Machine=1] [LogicalClock=108] [Event=SEND] Sending message to [('localhost', 8002)]: 1|108|Hello from M1.
[SystemTime=1741132561.748] [Machine=1] [LogicalClock=110] [Event=INTERNAL] Doing internal work.
[SystemTime=1741132562.253] [Machine=1] [LogicalClock=116] [Event=RECEIVE] Received from M2: Hello from M2, Queue length now: 1
[SystemTime=1741132562.754] [Machine=1] [LogicalClock=117] [Event=RECEIVE] Received from M2: Hello from M2, Queue length now: 2
[SystemTime=1741132563.258] [Machine=1] [LogicalClock=118] [Event=RECEIVE] Received from M3: Hello from M3, Queue length now: 1
[SystemTime=1741132563.762] [Machine=1] [LogicalClock=120] [Event=RECEIVE] Received from M2: Hello from M2, Queue length now: 2
[SystemTime=1741132564.265] [Machine=1] [LogicalClock=124] [Event=RECEIVE] Received from M3: Hello from M3, Queue length now: 3
[SystemTime=1741132564.770] [Machine=1] [LogicalClock=125] [Event=RECEIVE] Received from M2: Hello from M2, Queue length now: 3
[SystemTime=1741132565.275] [Machine=1] [LogicalClock=127] [Event=RECEIVE] Received from M2: Hello from M2, Queue length now: 3
[SystemTime=1741132565.780] [Machine=1] [LogicalClock=128] [Event=RECEIVE] Received from M3: Hello from M3, Queue length now: 4
[SystemTime=1741132566.286] [Machine=1] [LogicalClock=129] [Event=RECEIVE] Received from M2: Hello from M2, Queue length now: 4
[SystemTime=1741132566.791] [Machine=1] [LogicalClock=131] [Event=RECEIVE] Received from M2: Hello from M2, Queue length now: 4
[SystemTime=1741132567.297] [Machine=1] [LogicalClock=133] [Event=RECEIVE] Received from M3: Hello from M3, Queue length now: 3
[SystemTime=1741132567.799] [Machine=1] [LogicalClock=135] [Event=RECEIVE] Received from M2: Hello from M2, Queue length now: 2
[SystemTime=1741132568.305] [Machine=1] [LogicalClock=136] [Event=RECEIVE] Received from M2: Hello from M2, Queue length now: 2
[SystemTime=1741132568.806] [Machine=1] [LogicalClock=139] [Event=RECEIVE] Received from M3: Hello from M3, Queue length now: 1
[SystemTime=1741132569.312] [Machine=1] [LogicalClock=146] [Event=RECEIVE] Received from M3: Hello from M3, Queue length now: 1
[SystemTime=1741132569.817] [Machine=1] [LogicalClock=151] [Event=RECEIVE] Received from M3: Hello from M3, Queue length now: 0
[SystemTime=1741132570.322] [Machine=1] [LogicalClock=156] [Event=RECEIVE] Received from M2: Hello from M2, Queue length now: 1
[SystemTime=1741132570.823] [Machine=1] [LogicalClock=157] [Event=RECEIVE] Received from M2: Hello from M2, Queue length now: 1
[SystemTime=1741132571.329] [Machine=1] [LogicalClock=159] [Event=RECEIVE] Received from M3: Hello from M3, Queue length now: 0
[SystemTime=1741132571.833] [Machine=1] [LogicalClock=160] [Event=INTERNAL] Doing internal work.
[SystemTime=1741132572.335] [Machine=1] [LogicalClock=165] [Event=RECEIVE] Received from M3: Hello from M3, Queue length now: 1
[SystemTime=1741132572.841] [Machine=1] [LogicalClock=166] [Event=RECEIVE] Received from M2: Hello from M2, Queue length now: 0
[SystemTime=1741132573.346] [Machine=1] [LogicalClock=170] [Event=RECEIVE] Received from M2: Hello from M2, Queue length now: 0
[SystemTime=1741132573.851] [Machine=1] [LogicalClock=171] [Event=INTERNAL] Doing internal work.
[SystemTime=1741132574.356] [Machine=1] [LogicalClock=176] [Event=RECEIVE] Received from M3: Hello from M3, Queue length now: 0
[SystemTime=1741132574.861] [Machine=1] [LogicalClock=178] [Event=RECEIVE] Received from M3: Hello from M3, Queue length now: 0
[SystemTime=1741132575.367] [Machine=1] [LogicalClock=180] [Event=RECEIVE] Received from M3: Hello from M3, Queue length now: 0
[SystemTime=1741132575.868] [Machine=1] [LogicalClock=183] [Event=RECEIVE] Received from M2: Hello from M2, Queue length now: 0
[SystemTime=1741132576.373] [Machine=1] [LogicalClock=185] [Event=RECEIVE] Received from M2: Hello from M2, Queue length now: 0
[SystemTime=1741132576.879] [Machine=1] [LogicalClock=188] [Event=RECEIVE] Received from M2: Hello from M2, Queue length now: 0
[SystemTime=1741132577.382] [Machine=1] [LogicalClock=191] [Event=RECEIVE] Received from M3: Hello from M3, Queue length now: 0
[SystemTime=1741132577.887] [Machine=1] [LogicalClock=192] [Event=RECEIVE] Received from M3: Hello from M3, Queue length now: 0
[SystemTime=1741132578.391] [Machine=1] [LogicalClock=195] [Event=RECEIVE] Received from M3: Hello from M3, Queue length now: 1
[SystemTime=1741132578.896] [Machine=1] [LogicalClock=196] [Event=RECEIVE] Received from M3: Hello from M3, Queue length now: 1
[SystemTime=1741132579.401] [Machine=1] [LogicalClock=199] [Event=RECEIVE] Received from M3: Hello from M3, Queue length now: 0
[SystemTime=1741132579.906] [Machine=1] [LogicalClock=202] [Event=RECEIVE] Received from M3: Hello from M3, Queue length now: 0
[SystemTime=1741132580.410] [Machine=1] [LogicalClock=204] [Event=RECEIVE] Received from M3: Hello from M3, Queue length now: 0
[SystemTime=1741132580.914] [Machine=1] [LogicalClock=208] [Event=RECEIVE] Received from M3: Hello from M3, Queue length now: 0
[SystemTime=1741132581.415] [Machine=1] [LogicalClock=209] [Event=INTERNAL] Doing internal work.
[SystemTime=1741132581.923] [Machine=1] [LogicalClock=209] [Event=SEND] Sending message to [('localhost', 8001), ('localhost', 8002)]: 1|209|Hello from M1.
[SystemTime=1741132582.427] [Machine=1] [LogicalClock=215] [Event=RECEIVE] Received from M3: Hello from M3, Queue length now: 0
[SystemTime=1741132582.932] [Machine=1] [LogicalClock=217] [Event=RECEIVE] Received from M3: Hello from M3, Queue length now: 1
[SystemTime=1741132583.437] [Machine=1] [LogicalClock=219] [Event=RECEIVE] Received from M2: Hello from M2, Queue length now: 0
[SystemTime=1741132583.940] [Machine=1] [LogicalClock=222] [Event=RECEIVE] Received from M2: Hello from M2, Queue length now: 0
[SystemTime=1741132584.445] [Machine=1] [LogicalClock=224] [Event=RECEIVE] Received from M3: Hello from M3, Queue length now: 1
[SystemTime=1741132584.947] [Machine=1] [LogicalClock=225] [Event=RECEIVE] Received from M3: Hello from M3, Queue length now: 0
[SystemTime=1741132585.451] [Machine=1] [LogicalClock=225] [Event=SEND] Sending message to [('localhost', 8002)]: 1|225|Hello from M1.
[SystemTime=1741132585.956] [Machine=1] [LogicalClock=233] [Event=RECEIVE] Received from M2: Hello from M2, Queue length now: 0
[SystemTime=1741132586.460] [Machine=1] [LogicalClock=234] [Event=INTERNAL] Doing internal work.
[SystemTime=1741132586.961] [Machine=1] [LogicalClock=238] [Event=RECEIVE] Received from M2: Hello from M2, Queue length now: 0
[SystemTime=1741132587.466] [Machine=1] [LogicalClock=240] [Event=RECEIVE] Received from M3: Hello from M3, Queue length now: 1
[SystemTime=1741132587.972] [Machine=1] [LogicalClock=241] [Event=RECEIVE] Received from M2: Hello from M2, Queue length now: 2
[SystemTime=1741132588.476] [Machine=1] [LogicalClock=242] [Event=RECEIVE] Received from M3: Hello from M3, Queue length now: 1
[SystemTime=1741132588.983] [Machine=1] [LogicalClock=243] [Event=RECEIVE] Received from M3: Hello from M3, Queue length now: 0
[SystemTime=1741132589.487] [Machine=1] [LogicalClock=244] [Event=INTERNAL] Doing internal work.
[SystemTime=1741132589.991] [Machine=1] [LogicalClock=245] [Event=INTERNAL] Doing internal work.
[SystemTime=1741132590.497] [Machine=1] [LogicalClock=254] [Event=RECEIVE] Received from M3: Hello from M3, Queue length now: 1
[SystemTime=1741132591.001] [Machine=1] [LogicalClock=255] [Event=RECEIVE] Received from M3: Hello from M3, Queue length now: 2
[SystemTime=1741132591.506] [Machine=1] [LogicalClock=257] [Event=RECEIVE] Received from M2: Hello from M2, Queue length now: 1
[SystemTime=1741132592.012] [Machine=1] [LogicalClock=258] [Event=RECEIVE] Received from M2: Hello from M2, Queue length now: 1
[SystemTime=1741132592.514] [Machine=1] [LogicalClock=262] [Event=RECEIVE] Received from M2: Hello from M2, Queue length now: 2
[SystemTime=1741132593.018] [Machine=1] [LogicalClock=264] [Event=RECEIVE] Received from M2: Hello from M2, Queue length now: 2
[SystemTime=1741132593.520] [Machine=1] [LogicalClock=266] [Event=RECEIVE] Received from M2: Hello from M2, Queue length now: 1
[SystemTime=1741132594.026] [Machine=1] [LogicalClock=267] [Event=RECEIVE] Received from M3: Hello from M3, Queue length now: 1
[SystemTime=1741132594.531] [Machine=1] [LogicalClock=272] [Event=RECEIVE] Received from M2: Hello from M2, Queue length now: 0
[SystemTime=1741132595.038] [Machine=1] [LogicalClock=272] [Event=SEND] Sending message to [('localhost', 8001), ('localhost', 8002)]: 1|272|Hello from M1.
[SystemTime=1741132595.544] [Machine=1] [LogicalClock=279] [Event=RECEIVE] Received from M3: Hello from M3, Queue length now: 0
[SystemTime=1741132596.049] [Machine=1] [LogicalClock=282] [Event=RECEIVE] Received from M3: Hello from M3, Queue length now: 0
[SystemTime=1741132596.549] [Machine=1] [LogicalClock=285] [Event=RECEIVE] Received from M2: Hello from M2, Queue length now: 0
[SystemTime=1741132597.054] [Machine=1] [LogicalClock=286] [Event=INTERNAL] Doing internal work.
[SystemTime=1741132597.559] [Machine=1] [LogicalClock=288] [Event=RECEIVE] Received from M3: Hello from M3, Queue length now: 0
