[SystemTime=1741133478.360] [Machine=3] [LogicalClock=0] [Event=INIT] Clock rate initialized as 5
[SystemTime=1741133478.567] [Machine=3] [LogicalClock=3] [Event=RECEIVE] Received from M2: Hello from M2, Queue length now: 0
[SystemTime=1741133478.771] [Machine=3] [LogicalClock=4] [Event=RECEIVE] Received from M1: Hello from M1, Queue length now: 0
[SystemTime=1741133478.977] [Machine=3] [LogicalClock=5] [Event=INTERNAL] Doing internal work.
[SystemTime=1741133479.177] [Machine=3] [LogicalClock=6] [Event=RECEIVE] Received from M2: Hello from M2, Queue length now: 0
[SystemTime=1741133479.377] [Machine=3] [LogicalClock=7] [Event=INTERNAL] Doing internal work.
[SystemTime=1741133479.582] [Machine=3] [LogicalClock=8] [Event=INTERNAL] Doing internal work.
[SystemTime=1741133479.788] [Machine=3] [LogicalClock=9] [Event=INTERNAL] Doing internal work.
[SystemTime=1741133479.990] [Machine=3] [LogicalClock=10] [Event=INTERNAL] Doing internal work.
[SystemTime=1741133480.194] [Machine=3] [LogicalClock=11] [Event=INTERNAL] Doing internal work.
[SystemTime=1741133480.395] [Machine=3] [LogicalClock=12] [Event=INTERNAL] Doing internal work.
[SystemTime=1741133480.597] [Machine=3] [LogicalClock=13] [Event=INTERNAL] Doing internal work.
[SystemTime=1741133480.802] [Machine=3] [LogicalClock=14] [Event=INTERNAL] Doing internal work.
[SystemTime=1741133481.007] [Machine=3] [LogicalClock=15] [Event=RECEIVE] Received from M2: Hello from M2, Queue length now: 0
[SystemTime=1741133481.211] [Machine=3] [LogicalClock=16] [Event=INTERNAL] Doing internal work.
[SystemTime=1741133481.418] [Machine=3] [LogicalClock=16] [Event=SEND] Sending message to [('localhost', 8000), ('localhost', 8001)]: 3|16|Hello from M3.
[SystemTime=1741133481.624] [Machine=3] [LogicalClock=18] [Event=INTERNAL] Doing internal work.
[SystemTime=1741133481.825] [Machine=3] [LogicalClock=19] [Event=INTERNAL] Doing internal work.
[SystemTime=1741133482.032] [Machine=3] [LogicalClock=19] [Event=SEND] Sending message to [('localhost', 8000)]: 3|19|Hello from M3.
[SystemTime=1741133482.237] [Machine=3] [LogicalClock=21] [Event=INTERNAL] Doing internal work.
[SystemTime=1741133482.442] [Machine=3] [LogicalClock=22] [Event=INTERNAL] Doing internal work.
[SystemTime=1741133482.648] [Machine=3] [LogicalClock=23] [Event=RECEIVE] Received from M2: Hello from M2, Queue length now: 0
[SystemTime=1741133482.853] [Machine=3] [LogicalClock=24] [Event=RECEIVE] Received from M2: Hello from M2, Queue length now: 0
[SystemTime=1741133483.058] [Machine=3] [LogicalClock=24] [Event=SEND] Sending message to [('localhost', 8001)]: 3|24|Hello from M3.
[SystemTime=1741133483.261] [Machine=3] [LogicalClock=25] [Event=SEND] Sending message to [('localhost', 8000)]: 3|25|Hello from M3.
[SystemTime=1741133483.467] [Machine=3] [LogicalClock=26] [Event=SEND] Sending message to [('localhost', 8001)]: 3|26|Hello from M3.
[SystemTime=1741133483.674] [Machine=3] [LogicalClock=28] [Event=INTERNAL] Doing internal work.
[SystemTime=1741133483.880] [Machine=3] [LogicalClock=29] [Event=INTERNAL] Doing internal work.
[SystemTime=1741133484.089] [Machine=3] [LogicalClock=29] [Event=SEND] Sending message to [('localhost', 8000), ('localhost', 8001)]: 3|29|Hello from M3.
[SystemTime=1741133484.294] [Machine=3] [LogicalClock=31] [Event=INTERNAL] Doing internal work.
[SystemTime=1741133484.495] [Machine=3] [LogicalClock=32] [Event=INTERNAL] Doing internal work.
[SystemTime=1741133484.702] [Machine=3] [LogicalClock=32] [Event=SEND] Sending message to [('localhost', 8000)]: 3|32|Hello from M3.
[SystemTime=1741133484.903] [Machine=3] [LogicalClock=34] [Event=INTERNAL] Doing internal work.
[SystemTime=1741133485.109] [Machine=3] [LogicalClock=35] [Event=INTERNAL] Doing internal work.
[SystemTime=1741133485.310] [Machine=3] [LogicalClock=36] [Event=INTERNAL] Doing internal work.
[SystemTime=1741133485.514] [Machine=3] [LogicalClock=37] [Event=INTERNAL] Doing internal work.
[SystemTime=1741133485.720] [Machine=3] [LogicalClock=38] [Event=INTERNAL] Doing internal work.
[SystemTime=1741133485.923] [Machine=3] [LogicalClock=39] [Event=INTERNAL] Doing internal work.
[SystemTime=1741133486.129] [Machine=3] [LogicalClock=40] [Event=INTERNAL] Doing internal work.
[SystemTime=1741133486.336] [Machine=3] [LogicalClock=40] [Event=SEND] Sending message to [('localhost', 8000)]: 3|40|Hello from M3.
[SystemTime=1741133486.541] [Machine=3] [LogicalClock=42] [Event=INTERNAL] Doing internal work.
[SystemTime=1741133486.746] [Machine=3] [LogicalClock=42] [Event=SEND] Sending message to [('localhost', 8000)]: 3|42|Hello from M3.
[SystemTime=1741133486.951] [Machine=3] [LogicalClock=44] [Event=INTERNAL] Doing internal work.
[SystemTime=1741133487.152] [Machine=3] [LogicalClock=44] [Event=SEND] Sending message to [('localhost', 8000)]: 3|44|Hello from M3.
[SystemTime=1741133487.357] [Machine=3] [LogicalClock=46] [Event=INTERNAL] Doing internal work.
[SystemTime=1741133487.563] [Machine=3] [LogicalClock=47] [Event=INTERNAL] Doing internal work.
[SystemTime=1741133487.768] [Machine=3] [LogicalClock=48] [Event=INTERNAL] Doing internal work.
[SystemTime=1741133487.973] [Machine=3] [LogicalClock=49] [Event=INTERNAL] Doing internal work.
[SystemTime=1741133488.179] [Machine=3] [LogicalClock=49] [Event=SEND] Sending message to [('localhost', 8001)]: 3|49|Hello from M3.
[SystemTime=1741133488.386] [Machine=3] [LogicalClock=50] [Event=SEND] Sending message to [('localhost', 8001)]: 3|50|Hello from M3.
[SystemTime=1741133488.590] [Machine=3] [LogicalClock=52] [Event=INTERNAL] Doing internal work.
[SystemTime=1741133488.793] [Machine=3] [LogicalClock=53] [Event=INTERNAL] Doing internal work.
[SystemTime=1741133488.998] [Machine=3] [LogicalClock=54] [Event=INTERNAL] Doing internal work.
[SystemTime=1741133489.204] [Machine=3] [LogicalClock=55] [Event=RECEIVE] Received from M1: Hello from M1, Queue length now: 0
[SystemTime=1741133489.409] [Machine=3] [LogicalClock=56] [Event=INTERNAL] Doing internal work.
[SystemTime=1741133489.613] [Machine=3] [LogicalClock=56] [Event=SEND] Sending message to [('localhost', 8000), ('localhost', 8001)]: 3|56|Hello from M3.
[SystemTime=1741133489.817] [Machine=3] [LogicalClock=57] [Event=SEND] Sending message to [('localhost', 8001)]: 3|57|Hello from M3.
[SystemTime=1741133490.022] [Machine=3] [LogicalClock=59] [Event=INTERNAL] Doing internal work.
[SystemTime=1741133490.225] [Machine=3] [LogicalClock=60] [Event=RECEIVE] Received from M1: Hello from M1, Queue length now: 0
[SystemTime=1741133490.425] [Machine=3] [LogicalClock=61] [Event=INTERNAL] Doing internal work.
[SystemTime=1741133490.627] [Machine=3] [LogicalClock=62] [Event=RECEIVE] Received from M1: Hello from M1, Queue length now: 0
[SystemTime=1741133490.830] [Machine=3] [LogicalClock=62] [Event=SEND] Sending message to [('localhost', 8000), ('localhost', 8001)]: 3|62|Hello from M3.
[SystemTime=1741133491.037] [Machine=3] [LogicalClock=63] [Event=SEND] Sending message to [('localhost', 8000), ('localhost', 8001)]: 3|63|Hello from M3.
[SystemTime=1741133491.243] [Machine=3] [LogicalClock=64] [Event=SEND] Sending message to [('localhost', 8000), ('localhost', 8001)]: 3|64|Hello from M3.
[SystemTime=1741133491.448] [Machine=3] [LogicalClock=65] [Event=SEND] Sending message to [('localhost', 8000)]: 3|65|Hello from M3.
[SystemTime=1741133491.655] [Machine=3] [LogicalClock=66] [Event=SEND] Sending message to [('localhost', 8000)]: 3|66|Hello from M3.
[SystemTime=1741133491.860] [Machine=3] [LogicalClock=68] [Event=INTERNAL] Doing internal work.
[SystemTime=1741133492.065] [Machine=3] [LogicalClock=69] [Event=INTERNAL] Doing internal work.
[SystemTime=1741133492.268] [Machine=3] [LogicalClock=70] [Event=RECEIVE] Received from M2: Hello from M2, Queue length now: 0
[SystemTime=1741133492.472] [Machine=3] [LogicalClock=71] [Event=INTERNAL] Doing internal work.
[SystemTime=1741133492.676] [Machine=3] [LogicalClock=72] [Event=INTERNAL] Doing internal work.
[SystemTime=1741133492.878] [Machine=3] [LogicalClock=73] [Event=INTERNAL] Doing internal work.
[SystemTime=1741133493.083] [Machine=3] [LogicalClock=74] [Event=INTERNAL] Doing internal work.
[SystemTime=1741133493.287] [Machine=3] [LogicalClock=75] [Event=INTERNAL] Doing internal work.
[SystemTime=1741133493.490] [Machine=3] [LogicalClock=76] [Event=INTERNAL] Doing internal work.
[SystemTime=1741133493.696] [Machine=3] [LogicalClock=77] [Event=RECEIVE] Received from M1: Hello from M1, Queue length now: 0
[SystemTime=1741133493.901] [Machine=3] [LogicalClock=78] [Event=RECEIVE] Received from M2: Hello from M2, Queue length now: 1
[SystemTime=1741133494.106] [Machine=3] [LogicalClock=79] [Event=RECEIVE] Received from M1: Hello from M1, Queue length now: 0
[SystemTime=1741133494.310] [Machine=3] [LogicalClock=80] [Event=INTERNAL] Doing internal work.
[SystemTime=1741133494.512] [Machine=3] [LogicalClock=80] [Event=SEND] Sending message to [('localhost', 8000)]: 3|80|Hello from M3.
[SystemTime=1741133494.714] [Machine=3] [LogicalClock=82] [Event=INTERNAL] Doing internal work.
[SystemTime=1741133494.919] [Machine=3] [LogicalClock=83] [Event=INTERNAL] Doing internal work.
[SystemTime=1741133495.124] [Machine=3] [LogicalClock=83] [Event=SEND] Sending message to [('localhost', 8000), ('localhost', 8001)]: 3|83|Hello from M3.
[SystemTime=1741133495.326] [Machine=3] [LogicalClock=85] [Event=INTERNAL] Doing internal work.
[SystemTime=1741133495.532] [Machine=3] [LogicalClock=86] [Event=RECEIVE] Received from M2: Hello from M2, Queue length now: 0
[SystemTime=1741133495.736] [Machine=3] [LogicalClock=87] [Event=INTERNAL] Doing internal work.
[SystemTime=1741133495.941] [Machine=3] [LogicalClock=88] [Event=INTERNAL] Doing internal work.
[SystemTime=1741133496.146] [Machine=3] [LogicalClock=89] [Event=INTERNAL] Doing internal work.
[SystemTime=1741133496.353] [Machine=3] [LogicalClock=89] [Event=SEND] Sending message to [('localhost', 8000), ('localhost', 8001)]: 3|89|Hello from M3.
[SystemTime=1741133496.558] [Machine=3] [LogicalClock=91] [Event=INTERNAL] Doing internal work.
[SystemTime=1741133496.764] [Machine=3] [LogicalClock=92] [Event=RECEIVE] Received from M2: Hello from M2, Queue length now: 0
[SystemTime=1741133496.968] [Machine=3] [LogicalClock=93] [Event=RECEIVE] Received from M2: Hello from M2, Queue length now: 0
[SystemTime=1741133497.175] [Machine=3] [LogicalClock=93] [Event=SEND] Sending message to [('localhost', 8000), ('localhost', 8001)]: 3|93|Hello from M3.
[SystemTime=1741133497.379] [Machine=3] [LogicalClock=95] [Event=INTERNAL] Doing internal work.
[SystemTime=1741133497.584] [Machine=3] [LogicalClock=96] [Event=RECEIVE] Received from M2: Hello from M2, Queue length now: 0
[SystemTime=1741133497.789] [Machine=3] [LogicalClock=97] [Event=INTERNAL] Doing internal work.
[SystemTime=1741133497.990] [Machine=3] [LogicalClock=98] [Event=INTERNAL] Doing internal work.
[SystemTime=1741133498.193] [Machine=3] [LogicalClock=99] [Event=INTERNAL] Doing internal work.
[SystemTime=1741133498.394] [Machine=3] [LogicalClock=100] [Event=RECEIVE] Received from M1: Hello from M1, Queue length now: 0
[SystemTime=1741133498.600] [Machine=3] [LogicalClock=100] [Event=SEND] Sending message to [('localhost', 8001)]: 3|100|Hello from M3.
[SystemTime=1741133498.806] [Machine=3] [LogicalClock=102] [Event=RECEIVE] Received from M1: Hello from M1, Queue length now: 0
[SystemTime=1741133499.008] [Machine=3] [LogicalClock=102] [Event=SEND] Sending message to [('localhost', 8000)]: 3|102|Hello from M3.
[SystemTime=1741133499.209] [Machine=3] [LogicalClock=104] [Event=INTERNAL] Doing internal work.
[SystemTime=1741133499.415] [Machine=3] [LogicalClock=105] [Event=INTERNAL] Doing internal work.
[SystemTime=1741133499.617] [Machine=3] [LogicalClock=105] [Event=SEND] Sending message to [('localhost', 8000), ('localhost', 8001)]: 3|105|Hello from M3.
[SystemTime=1741133499.821] [Machine=3] [LogicalClock=107] [Event=INTERNAL] Doing internal work.
[SystemTime=1741133500.023] [Machine=3] [LogicalClock=108] [Event=RECEIVE] Received from M2: Hello from M2, Queue length now: 0
[SystemTime=1741133500.229] [Machine=3] [LogicalClock=109] [Event=INTERNAL] Doing internal work.
[SystemTime=1741133500.431] [Machine=3] [LogicalClock=110] [Event=RECEIVE] Received from M2: Hello from M2, Queue length now: 0
[SystemTime=1741133500.644] [Machine=3] [LogicalClock=111] [Event=INTERNAL] Doing internal work.
[SystemTime=1741133500.848] [Machine=3] [LogicalClock=112] [Event=RECEIVE] Received from M1: Hello from M1, Queue length now: 0
[SystemTime=1741133501.053] [Machine=3] [LogicalClock=113] [Event=RECEIVE] Received from M2: Hello from M2, Queue length now: 0
[SystemTime=1741133501.255] [Machine=3] [LogicalClock=114] [Event=INTERNAL] Doing internal work.
[SystemTime=1741133501.460] [Machine=3] [LogicalClock=115] [Event=INTERNAL] Doing internal work.
[SystemTime=1741133501.665] [Machine=3] [LogicalClock=116] [Event=INTERNAL] Doing internal work.
[SystemTime=1741133501.870] [Machine=3] [LogicalClock=117] [Event=RECEIVE] Received from M2: Hello from M2, Queue length now: 0
[SystemTime=1741133502.075] [Machine=3] [LogicalClock=118] [Event=INTERNAL] Doing internal work.
[SystemTime=1741133502.282] [Machine=3] [LogicalClock=118] [Event=SEND] Sending message to [('localhost', 8000)]: 3|118|Hello from M3.
[SystemTime=1741133502.487] [Machine=3] [LogicalClock=120] [Event=RECEIVE] Received from M2: Hello from M2, Queue length now: 0
[SystemTime=1741133502.690] [Machine=3] [LogicalClock=120] [Event=SEND] Sending message to [('localhost', 8000)]: 3|120|Hello from M3.
[SystemTime=1741133502.894] [Machine=3] [LogicalClock=122] [Event=INTERNAL] Doing internal work.
[SystemTime=1741133503.099] [Machine=3] [LogicalClock=122] [Event=SEND] Sending message to [('localhost', 8000), ('localhost', 8001)]: 3|122|Hello from M3.
[SystemTime=1741133503.304] [Machine=3] [LogicalClock=123] [Event=SEND] Sending message to [('localhost', 8001)]: 3|123|Hello from M3.
[SystemTime=1741133503.509] [Machine=3] [LogicalClock=124] [Event=SEND] Sending message to [('localhost', 8000)]: 3|124|Hello from M3.
[SystemTime=1741133503.714] [Machine=3] [LogicalClock=126] [Event=INTERNAL] Doing internal work.
[SystemTime=1741133503.916] [Machine=3] [LogicalClock=127] [Event=INTERNAL] Doing internal work.
[SystemTime=1741133504.119] [Machine=3] [LogicalClock=128] [Event=INTERNAL] Doing internal work.
[SystemTime=1741133504.325] [Machine=3] [LogicalClock=128] [Event=SEND] Sending message to [('localhost', 8000)]: 3|128|Hello from M3.
[SystemTime=1741133504.531] [Machine=3] [LogicalClock=130] [Event=INTERNAL] Doing internal work.
[SystemTime=1741133504.733] [Machine=3] [LogicalClock=131] [Event=RECEIVE] Received from M1: Hello from M1, Queue length now: 0
[SystemTime=1741133504.939] [Machine=3] [LogicalClock=132] [Event=INTERNAL] Doing internal work.
[SystemTime=1741133505.144] [Machine=3] [LogicalClock=133] [Event=INTERNAL] Doing internal work.
[SystemTime=1741133505.346] [Machine=3] [LogicalClock=134] [Event=INTERNAL] Doing internal work.
[SystemTime=1741133505.551] [Machine=3] [LogicalClock=134] [Event=SEND] Sending message to [('localhost', 8001)]: 3|134|Hello from M3.
[SystemTime=1741133505.757] [Machine=3] [LogicalClock=135] [Event=SEND] Sending message to [('localhost', 8001)]: 3|135|Hello from M3.
[SystemTime=1741133505.963] [Machine=3] [LogicalClock=136] [Event=SEND] Sending message to [('localhost', 8000)]: 3|136|Hello from M3.
[SystemTime=1741133506.169] [Machine=3] [LogicalClock=138] [Event=INTERNAL] Doing internal work.
[SystemTime=1741133506.373] [Machine=3] [LogicalClock=139] [Event=RECEIVE] Received from M2: Hello from M2, Queue length now: 0
[SystemTime=1741133506.578] [Machine=3] [LogicalClock=140] [Event=INTERNAL] Doing internal work.
[SystemTime=1741133506.782] [Machine=3] [LogicalClock=141] [Event=INTERNAL] Doing internal work.
[SystemTime=1741133506.987] [Machine=3] [LogicalClock=141] [Event=SEND] Sending message to [('localhost', 8000), ('localhost', 8001)]: 3|141|Hello from M3.
[SystemTime=1741133507.192] [Machine=3] [LogicalClock=143] [Event=INTERNAL] Doing internal work.
[SystemTime=1741133507.392] [Machine=3] [LogicalClock=144] [Event=RECEIVE] Received from M1: Hello from M1, Queue length now: 0
[SystemTime=1741133507.597] [Machine=3] [LogicalClock=145] [Event=INTERNAL] Doing internal work.
[SystemTime=1741133507.804] [Machine=3] [LogicalClock=145] [Event=SEND] Sending message to [('localhost', 8000)]: 3|145|Hello from M3.
[SystemTime=1741133508.011] [Machine=3] [LogicalClock=146] [Event=SEND] Sending message to [('localhost', 8000), ('localhost', 8001)]: 3|146|Hello from M3.
[SystemTime=1741133508.214] [Machine=3] [LogicalClock=148] [Event=INTERNAL] Doing internal work.
[SystemTime=1741133508.419] [Machine=3] [LogicalClock=149] [Event=INTERNAL] Doing internal work.
[SystemTime=1741133508.625] [Machine=3] [LogicalClock=150] [Event=INTERNAL] Doing internal work.
[SystemTime=1741133508.830] [Machine=3] [LogicalClock=151] [Event=INTERNAL] Doing internal work.
[SystemTime=1741133509.033] [Machine=3] [LogicalClock=151] [Event=SEND] Sending message to [('localhost', 8000)]: 3|151|Hello from M3.
[SystemTime=1741133509.237] [Machine=3] [LogicalClock=153] [Event=INTERNAL] Doing internal work.
[SystemTime=1741133509.442] [Machine=3] [LogicalClock=154] [Event=RECEIVE] Received from M1: Hello from M1, Queue length now: 0
[SystemTime=1741133509.644] [Machine=3] [LogicalClock=154] [Event=SEND] Sending message to [('localhost', 8000)]: 3|154|Hello from M3.
[SystemTime=1741133509.850] [Machine=3] [LogicalClock=156] [Event=INTERNAL] Doing internal work.
[SystemTime=1741133510.057] [Machine=3] [LogicalClock=156] [Event=SEND] Sending message to [('localhost', 8001)]: 3|156|Hello from M3.
[SystemTime=1741133510.262] [Machine=3] [LogicalClock=158] [Event=INTERNAL] Doing internal work.
[SystemTime=1741133510.463] [Machine=3] [LogicalClock=159] [Event=INTERNAL] Doing internal work.
[SystemTime=1741133510.669] [Machine=3] [LogicalClock=159] [Event=SEND] Sending message to [('localhost', 8001)]: 3|159|Hello from M3.
[SystemTime=1741133510.872] [Machine=3] [LogicalClock=161] [Event=INTERNAL] Doing internal work.
[SystemTime=1741133511.078] [Machine=3] [LogicalClock=161] [Event=SEND] Sending message to [('localhost', 8000)]: 3|161|Hello from M3.
[SystemTime=1741133511.282] [Machine=3] [LogicalClock=163] [Event=INTERNAL] Doing internal work.
[SystemTime=1741133511.484] [Machine=3] [LogicalClock=164] [Event=RECEIVE] Received from M1: Hello from M1, Queue length now: 0
[SystemTime=1741133511.689] [Machine=3] [LogicalClock=165] [Event=RECEIVE] Received from M2: Hello from M2, Queue length now: 0
[SystemTime=1741133511.894] [Machine=3] [LogicalClock=165] [Event=SEND] Sending message to [('localhost', 8001)]: 3|165|Hello from M3.
[SystemTime=1741133512.098] [Machine=3] [LogicalClock=167] [Event=INTERNAL] Doing internal work.
[SystemTime=1741133512.300] [Machine=3] [LogicalClock=168] [Event=RECEIVE] Received from M2: Hello from M2, Queue length now: 0
[SystemTime=1741133512.506] [Machine=3] [LogicalClock=169] [Event=INTERNAL] Doing internal work.
[SystemTime=1741133512.709] [Machine=3] [LogicalClock=169] [Event=SEND] Sending message to [('localhost', 8001)]: 3|169|Hello from M3.
[SystemTime=1741133512.914] [Machine=3] [LogicalClock=171] [Event=INTERNAL] Doing internal work.
[SystemTime=1741133513.118] [Machine=3] [LogicalClock=171] [Event=SEND] Sending message to [('localhost', 8001)]: 3|171|Hello from M3.
[SystemTime=1741133513.325] [Machine=3] [LogicalClock=172] [Event=SEND] Sending message to [('localhost', 8000)]: 3|172|Hello from M3.
[SystemTime=1741133513.532] [Machine=3] [LogicalClock=173] [Event=SEND] Sending message to [('localhost', 8000), ('localhost', 8001)]: 3|173|Hello from M3.
[SystemTime=1741133513.736] [Machine=3] [LogicalClock=175] [Event=INTERNAL] Doing internal work.
[SystemTime=1741133513.940] [Machine=3] [LogicalClock=176] [Event=INTERNAL] Doing internal work.
[SystemTime=1741133514.145] [Machine=3] [LogicalClock=177] [Event=INTERNAL] Doing internal work.
[SystemTime=1741133514.349] [Machine=3] [LogicalClock=178] [Event=RECEIVE] Received from M1: Hello from M1, Queue length now: 0
[SystemTime=1741133514.554] [Machine=3] [LogicalClock=179] [Event=INTERNAL] Doing internal work.
[SystemTime=1741133514.757] [Machine=3] [LogicalClock=180] [Event=INTERNAL] Doing internal work.
[SystemTime=1741133514.964] [Machine=3] [LogicalClock=180] [Event=SEND] Sending message to [('localhost', 8000), ('localhost', 8001)]: 3|180|Hello from M3.
[SystemTime=1741133515.169] [Machine=3] [LogicalClock=182] [Event=INTERNAL] Doing internal work.
[SystemTime=1741133515.374] [Machine=3] [LogicalClock=183] [Event=INTERNAL] Doing internal work.
[SystemTime=1741133515.576] [Machine=3] [LogicalClock=184] [Event=INTERNAL] Doing internal work.
[SystemTime=1741133515.779] [Machine=3] [LogicalClock=185] [Event=INTERNAL] Doing internal work.
[SystemTime=1741133515.985] [Machine=3] [LogicalClock=186] [Event=RECEIVE] Received from M1: Hello from M1, Queue length now: 0
[SystemTime=1741133516.189] [Machine=3] [LogicalClock=187] [Event=RECEIVE] Received from M1: Hello from M1, Queue length now: 0
[SystemTime=1741133516.395] [Machine=3] [LogicalClock=188] [Event=INTERNAL] Doing internal work.
[SystemTime=1741133516.599] [Machine=3] [LogicalClock=189] [Event=RECEIVE] Received from M1: Hello from M1, Queue length now: 0
[SystemTime=1741133516.801] [Machine=3] [LogicalClock=189] [Event=SEND] Sending message to [('localhost', 8000)]: 3|189|Hello from M3.
[SystemTime=1741133517.005] [Machine=3] [LogicalClock=191] [Event=INTERNAL] Doing internal work.
[SystemTime=1741133517.211] [Machine=3] [LogicalClock=191] [Event=SEND] Sending message to [('localhost', 8000)]: 3|191|Hello from M3.
[SystemTime=1741133517.415] [Machine=3] [LogicalClock=192] [Event=SEND] Sending message to [('localhost', 8001)]: 3|192|Hello from M3.
[SystemTime=1741133517.621] [Machine=3] [LogicalClock=194] [Event=INTERNAL] Doing internal work.
[SystemTime=1741133517.831] [Machine=3] [LogicalClock=194] [Event=SEND] Sending message to [('localhost', 8000)]: 3|194|Hello from M3.
[SystemTime=1741133518.037] [Machine=3] [LogicalClock=195] [Event=SEND] Sending message to [('localhost', 8001)]: 3|195|Hello from M3.
[SystemTime=1741133518.240] [Machine=3] [LogicalClock=197] [Event=INTERNAL] Doing internal work.
[SystemTime=1741133518.449] [Machine=3] [LogicalClock=197] [Event=SEND] Sending message to [('localhost', 8000)]: 3|197|Hello from M3.
[SystemTime=1741133518.654] [Machine=3] [LogicalClock=199] [Event=INTERNAL] Doing internal work.
[SystemTime=1741133518.858] [Machine=3] [LogicalClock=200] [Event=INTERNAL] Doing internal work.
[SystemTime=1741133519.060] [Machine=3] [LogicalClock=201] [Event=INTERNAL] Doing internal work.
[SystemTime=1741133519.284] [Machine=3] [LogicalClock=201] [Event=SEND] Sending message to [('localhost', 8000), ('localhost', 8001)]: 3|201|Hello from M3.
[SystemTime=1741133519.496] [Machine=3] [LogicalClock=203] [Event=INTERNAL] Doing internal work.
[SystemTime=1741133519.697] [Machine=3] [LogicalClock=204] [Event=INTERNAL] Doing internal work.
[SystemTime=1741133519.899] [Machine=3] [LogicalClock=205] [Event=INTERNAL] Doing internal work.
[SystemTime=1741133520.104] [Machine=3] [LogicalClock=206] [Event=RECEIVE] Received from M1: Hello from M1, Queue length now: 0
[SystemTime=1741133520.311] [Machine=3] [LogicalClock=207] [Event=INTERNAL] Doing internal work.
[SystemTime=1741133520.516] [Machine=3] [LogicalClock=208] [Event=INTERNAL] Doing internal work.
[SystemTime=1741133520.723] [Machine=3] [LogicalClock=208] [Event=SEND] Sending message to [('localhost', 8001)]: 3|208|Hello from M3.
[SystemTime=1741133520.925] [Machine=3] [LogicalClock=210] [Event=INTERNAL] Doing internal work.
[SystemTime=1741133521.131] [Machine=3] [LogicalClock=211] [Event=INTERNAL] Doing internal work.
[SystemTime=1741133521.336] [Machine=3] [LogicalClock=212] [Event=RECEIVE] Received from M1: Hello from M1, Queue length now: 0
[SystemTime=1741133521.537] [Machine=3] [LogicalClock=213] [Event=INTERNAL] Doing internal work.
[SystemTime=1741133521.742] [Machine=3] [LogicalClock=214] [Event=INTERNAL] Doing internal work.
[SystemTime=1741133521.944] [Machine=3] [LogicalClock=215] [Event=INTERNAL] Doing internal work.
[SystemTime=1741133522.148] [Machine=3] [LogicalClock=216] [Event=INTERNAL] Doing internal work.
[SystemTime=1741133522.353] [Machine=3] [LogicalClock=217] [Event=RECEIVE] Received from M2: Hello from M2, Queue length now: 0
[SystemTime=1741133522.557] [Machine=3] [LogicalClock=218] [Event=INTERNAL] Doing internal work.
[SystemTime=1741133522.763] [Machine=3] [LogicalClock=219] [Event=INTERNAL] Doing internal work.
[SystemTime=1741133522.968] [Machine=3] [LogicalClock=220] [Event=RECEIVE] Received from M2: Hello from M2, Queue length now: 0
[SystemTime=1741133523.172] [Machine=3] [LogicalClock=221] [Event=RECEIVE] Received from M2: Hello from M2, Queue length now: 0
[SystemTime=1741133523.377] [Machine=3] [LogicalClock=222] [Event=INTERNAL] Doing internal work.
[SystemTime=1741133523.593] [Machine=3] [LogicalClock=223] [Event=INTERNAL] Doing internal work.
[SystemTime=1741133523.798] [Machine=3] [LogicalClock=224] [Event=INTERNAL] Doing internal work.
[SystemTime=1741133524.002] [Machine=3] [LogicalClock=225] [Event=INTERNAL] Doing internal work.
[SystemTime=1741133524.204] [Machine=3] [LogicalClock=226] [Event=RECEIVE] Received from M2: Hello from M2, Queue length now: 0
[SystemTime=1741133524.409] [Machine=3] [LogicalClock=227] [Event=INTERNAL] Doing internal work.
[SystemTime=1741133524.615] [Machine=3] [LogicalClock=228] [Event=RECEIVE] Received from M2: Hello from M2, Queue length now: 0
[SystemTime=1741133524.820] [Machine=3] [LogicalClock=229] [Event=INTERNAL] Doing internal work.
[SystemTime=1741133525.024] [Machine=3] [LogicalClock=229] [Event=SEND] Sending message to [('localhost', 8000), ('localhost', 8001)]: 3|229|Hello from M3.
[SystemTime=1741133525.228] [Machine=3] [LogicalClock=231] [Event=INTERNAL] Doing internal work.
[SystemTime=1741133525.433] [Machine=3] [LogicalClock=232] [Event=INTERNAL] Doing internal work.
[SystemTime=1741133525.638] [Machine=3] [LogicalClock=233] [Event=INTERNAL] Doing internal work.
[SystemTime=1741133525.843] [Machine=3] [LogicalClock=233] [Event=SEND] Sending message to [('localhost', 8001)]: 3|233|Hello from M3.
[SystemTime=1741133526.048] [Machine=3] [LogicalClock=235] [Event=INTERNAL] Doing internal work.
[SystemTime=1741133526.253] [Machine=3] [LogicalClock=236] [Event=INTERNAL] Doing internal work.
[SystemTime=1741133526.458] [Machine=3] [LogicalClock=237] [Event=INTERNAL] Doing internal work.
[SystemTime=1741133526.673] [Machine=3] [LogicalClock=238] [Event=INTERNAL] Doing internal work.
[SystemTime=1741133526.878] [Machine=3] [LogicalClock=239] [Event=INTERNAL] Doing internal work.
[SystemTime=1741133527.083] [Machine=3] [LogicalClock=240] [Event=INTERNAL] Doing internal work.
[SystemTime=1741133527.289] [Machine=3] [LogicalClock=241] [Event=INTERNAL] Doing internal work.
[SystemTime=1741133527.491] [Machine=3] [LogicalClock=241] [Event=SEND] Sending message to [('localhost', 8000), ('localhost', 8001)]: 3|241|Hello from M3.
[SystemTime=1741133527.697] [Machine=3] [LogicalClock=242] [Event=SEND] Sending message to [('localhost', 8000)]: 3|242|Hello from M3.
[SystemTime=1741133527.904] [Machine=3] [LogicalClock=243] [Event=SEND] Sending message to [('localhost', 8000), ('localhost', 8001)]: 3|243|Hello from M3.
[SystemTime=1741133528.109] [Machine=3] [LogicalClock=244] [Event=SEND] Sending message to [('localhost', 8000), ('localhost', 8001)]: 3|244|Hello from M3.
[SystemTime=1741133528.314] [Machine=3] [LogicalClock=246] [Event=INTERNAL] Doing internal work.
[SystemTime=1741133528.521] [Machine=3] [LogicalClock=246] [Event=SEND] Sending message to [('localhost', 8000)]: 3|246|Hello from M3.
[SystemTime=1741133528.726] [Machine=3] [LogicalClock=247] [Event=SEND] Sending message to [('localhost', 8000)]: 3|247|Hello from M3.
[SystemTime=1741133528.931] [Machine=3] [LogicalClock=249] [Event=INTERNAL] Doing internal work.
[SystemTime=1741133529.138] [Machine=3] [LogicalClock=249] [Event=SEND] Sending message to [('localhost', 8000)]: 3|249|Hello from M3.
[SystemTime=1741133529.344] [Machine=3] [LogicalClock=250] [Event=SEND] Sending message to [('localhost', 8001)]: 3|250|Hello from M3.
[SystemTime=1741133529.550] [Machine=3] [LogicalClock=252] [Event=INTERNAL] Doing internal work.
[SystemTime=1741133529.751] [Machine=3] [LogicalClock=253] [Event=INTERNAL] Doing internal work.
[SystemTime=1741133529.955] [Machine=3] [LogicalClock=254] [Event=INTERNAL] Doing internal work.
[SystemTime=1741133530.162] [Machine=3] [LogicalClock=254] [Event=SEND] Sending message to [('localhost', 8000)]: 3|254|Hello from M3.
[SystemTime=1741133530.364] [Machine=3] [LogicalClock=256] [Event=INTERNAL] Doing internal work.
[SystemTime=1741133530.564] [Machine=3] [LogicalClock=257] [Event=INTERNAL] Doing internal work.
[SystemTime=1741133530.770] [Machine=3] [LogicalClock=258] [Event=INTERNAL] Doing internal work.
[SystemTime=1741133530.975] [Machine=3] [LogicalClock=259] [Event=INTERNAL] Doing internal work.
[SystemTime=1741133531.176] [Machine=3] [LogicalClock=260] [Event=INTERNAL] Doing internal work.
[SystemTime=1741133531.382] [Machine=3] [LogicalClock=260] [Event=SEND] Sending message to [('localhost', 8001)]: 3|260|Hello from M3.
[SystemTime=1741133531.588] [Machine=3] [LogicalClock=262] [Event=INTERNAL] Doing internal work.
[SystemTime=1741133531.793] [Machine=3] [LogicalClock=263] [Event=INTERNAL] Doing internal work.
[SystemTime=1741133532.000] [Machine=3] [LogicalClock=263] [Event=SEND] Sending message to [('localhost', 8000)]: 3|263|Hello from M3.
[SystemTime=1741133532.205] [Machine=3] [LogicalClock=265] [Event=INTERNAL] Doing internal work.
[SystemTime=1741133532.411] [Machine=3] [LogicalClock=266] [Event=RECEIVE] Received from M2: Hello from M2, Queue length now: 0
[SystemTime=1741133532.614] [Machine=3] [LogicalClock=267] [Event=INTERNAL] Doing internal work.
[SystemTime=1741133532.819] [Machine=3] [LogicalClock=268] [Event=INTERNAL] Doing internal work.
[SystemTime=1741133533.025] [Machine=3] [LogicalClock=269] [Event=INTERNAL] Doing internal work.
[SystemTime=1741133533.228] [Machine=3] [LogicalClock=269] [Event=SEND] Sending message to [('localhost', 8000)]: 3|269|Hello from M3.
[SystemTime=1741133533.433] [Machine=3] [LogicalClock=271] [Event=RECEIVE] Received from M2: Hello from M2, Queue length now: 0
[SystemTime=1741133533.638] [Machine=3] [LogicalClock=272] [Event=INTERNAL] Doing internal work.
[SystemTime=1741133533.840] [Machine=3] [LogicalClock=273] [Event=INTERNAL] Doing internal work.
[SystemTime=1741133534.046] [Machine=3] [LogicalClock=273] [Event=SEND] Sending message to [('localhost', 8001)]: 3|273|Hello from M3.
[SystemTime=1741133534.251] [Machine=3] [LogicalClock=275] [Event=INTERNAL] Doing internal work.
[SystemTime=1741133534.456] [Machine=3] [LogicalClock=275] [Event=SEND] Sending message to [('localhost', 8000)]: 3|275|Hello from M3.
[SystemTime=1741133534.658] [Machine=3] [LogicalClock=277] [Event=RECEIVE] Received from M2: Hello from M2, Queue length now: 0
[SystemTime=1741133534.861] [Machine=3] [LogicalClock=277] [Event=SEND] Sending message to [('localhost', 8000)]: 3|277|Hello from M3.
[SystemTime=1741133535.067] [Machine=3] [LogicalClock=279] [Event=INTERNAL] Doing internal work.
[SystemTime=1741133535.267] [Machine=3] [LogicalClock=280] [Event=INTERNAL] Doing internal work.
[SystemTime=1741133535.472] [Machine=3] [LogicalClock=281] [Event=INTERNAL] Doing internal work.
[SystemTime=1741133535.678] [Machine=3] [LogicalClock=282] [Event=INTERNAL] Doing internal work.
[SystemTime=1741133535.881] [Machine=3] [LogicalClock=283] [Event=INTERNAL] Doing internal work.
[SystemTime=1741133536.086] [Machine=3] [LogicalClock=284] [Event=INTERNAL] Doing internal work.
[SystemTime=1741133536.290] [Machine=3] [LogicalClock=285] [Event=INTERNAL] Doing internal work.
[SystemTime=1741133536.492] [Machine=3] [LogicalClock=286] [Event=INTERNAL] Doing internal work.
[SystemTime=1741133536.698] [Machine=3] [LogicalClock=286] [Event=SEND] Sending message to [('localhost', 8000), ('localhost', 8001)]: 3|286|Hello from M3.
[SystemTime=1741133536.903] [Machine=3] [LogicalClock=288] [Event=INTERNAL] Doing internal work.
[SystemTime=1741133537.108] [Machine=3] [LogicalClock=289] [Event=INTERNAL] Doing internal work.
[SystemTime=1741133537.310] [Machine=3] [LogicalClock=290] [Event=INTERNAL] Doing internal work.
[SystemTime=1741133537.515] [Machine=3] [LogicalClock=291] [Event=RECEIVE] Received from M1: Hello from M1, Queue length now: 0
[SystemTime=1741133537.716] [Machine=3] [LogicalClock=292] [Event=INTERNAL] Doing internal work.
[SystemTime=1741133537.918] [Machine=3] [LogicalClock=293] [Event=INTERNAL] Doing internal work.
[SystemTime=1741133538.123] [Machine=3] [LogicalClock=294] [Event=INTERNAL] Doing internal work.
[SystemTime=1741133538.330] [Machine=3] [LogicalClock=294] [Event=SEND] Sending message to [('localhost', 8000), ('localhost', 8001)]: 3|294|Hello from M3.
[SystemTime=1741133538.534] [Machine=3] [LogicalClock=296] [Event=INTERNAL] Doing internal work.
