[SystemTime=1741133614.884] [Machine=3] [LogicalClock=0] [Event=INIT] Clock rate initialized as 3
[SystemTime=1741133615.224] [Machine=3] [LogicalClock=1] [Event=INTERNAL] Doing internal work.
[SystemTime=1741133615.617] [Machine=3] [LogicalClock=1] [Event=SEND] Sending message to [('localhost', 8000)]: 3|1|Hello from M3.
[SystemTime=1741133615.953] [Machine=3] [LogicalClock=2] [Event=SEND] Sending message to [('localhost', 8000)]: 3|2|Hello from M3.
[SystemTime=1741133616.290] [Machine=3] [LogicalClock=4] [Event=INTERNAL] Doing internal work.
[SystemTime=1741133616.625] [Machine=3] [LogicalClock=5] [Event=INTERNAL] Doing internal work.
[SystemTime=1741133616.963] [Machine=3] [LogicalClock=8] [Event=RECEIVE] Received from M2: Hello from M2, Queue length now: 0
[SystemTime=1741133617.302] [Machine=3] [LogicalClock=10] [Event=RECEIVE] Received from M1: Hello from M1, Queue length now: 0
[SystemTime=1741133617.640] [Machine=3] [LogicalClock=11] [Event=INTERNAL] Doing internal work.
[SystemTime=1741133617.976] [Machine=3] [LogicalClock=12] [Event=INTERNAL] Doing internal work.
[SystemTime=1741133618.314] [Machine=3] [LogicalClock=13] [Event=INTERNAL] Doing internal work.
[SystemTime=1741133618.651] [Machine=3] [LogicalClock=14] [Event=INTERNAL] Doing internal work.
[SystemTime=1741133618.990] [Machine=3] [LogicalClock=15] [Event=INTERNAL] Doing internal work.
[SystemTime=1741133619.330] [Machine=3] [LogicalClock=15] [Event=SEND] Sending message to [('localhost', 8001)]: 3|15|Hello from M3.
[SystemTime=1741133619.669] [Machine=3] [LogicalClock=16] [Event=SEND] Sending message to [('localhost', 8000), ('localhost', 8001)]: 3|16|Hello from M3.
[SystemTime=1741133620.006] [Machine=3] [LogicalClock=17] [Event=SEND] Sending message to [('localhost', 8000), ('localhost', 8001)]: 3|17|Hello from M3.
[SystemTime=1741133620.342] [Machine=3] [LogicalClock=19] [Event=INTERNAL] Doing internal work.
[SystemTime=1741133620.680] [Machine=3] [LogicalClock=20] [Event=INTERNAL] Doing internal work.
[SystemTime=1741133621.018] [Machine=3] [LogicalClock=21] [Event=RECEIVE] Received from M2: Hello from M2, Queue length now: 0
[SystemTime=1741133621.357] [Machine=3] [LogicalClock=22] [Event=RECEIVE] Received from M1: Hello from M1, Queue length now: 0
[SystemTime=1741133621.696] [Machine=3] [LogicalClock=23] [Event=INTERNAL] Doing internal work.
[SystemTime=1741133622.031] [Machine=3] [LogicalClock=24] [Event=INTERNAL] Doing internal work.
[SystemTime=1741133622.364] [Machine=3] [LogicalClock=25] [Event=RECEIVE] Received from M1: Hello from M1, Queue length now: 0
[SystemTime=1741133622.703] [Machine=3] [LogicalClock=26] [Event=RECEIVE] Received from M1: Hello from M1, Queue length now: 0
[SystemTime=1741133623.042] [Machine=3] [LogicalClock=27] [Event=RECEIVE] Received from M2: Hello from M2, Queue length now: 0
[SystemTime=1741133623.381] [Machine=3] [LogicalClock=28] [Event=INTERNAL] Doing internal work.
[SystemTime=1741133623.715] [Machine=3] [LogicalClock=29] [Event=INTERNAL] Doing internal work.
[SystemTime=1741133624.050] [Machine=3] [LogicalClock=29] [Event=SEND] Sending message to [('localhost', 8001)]: 3|29|Hello from M3.
[SystemTime=1741133624.385] [Machine=3] [LogicalClock=31] [Event=RECEIVE] Received from M1: Hello from M1, Queue length now: 0
[SystemTime=1741133624.725] [Machine=3] [LogicalClock=31] [Event=SEND] Sending message to [('localhost', 8001)]: 3|31|Hello from M3.
[SystemTime=1741133625.063] [Machine=3] [LogicalClock=33] [Event=INTERNAL] Doing internal work.
[SystemTime=1741133625.403] [Machine=3] [LogicalClock=33] [Event=SEND] Sending message to [('localhost', 8000)]: 3|33|Hello from M3.
[SystemTime=1741133625.740] [Machine=3] [LogicalClock=35] [Event=INTERNAL] Doing internal work.
[SystemTime=1741133626.080] [Machine=3] [LogicalClock=35] [Event=SEND] Sending message to [('localhost', 8001)]: 3|35|Hello from M3.
[SystemTime=1741133626.415] [Machine=3] [LogicalClock=37] [Event=RECEIVE] Received from M1: Hello from M1, Queue length now: 0
[SystemTime=1741133626.750] [Machine=3] [LogicalClock=38] [Event=RECEIVE] Received from M1: Hello from M1, Queue length now: 0
[SystemTime=1741133627.089] [Machine=3] [LogicalClock=38] [Event=SEND] Sending message to [('localhost', 8001)]: 3|38|Hello from M3.
[SystemTime=1741133627.428] [Machine=3] [LogicalClock=40] [Event=INTERNAL] Doing internal work.
[SystemTime=1741133627.766] [Machine=3] [LogicalClock=41] [Event=INTERNAL] Doing internal work.
[SystemTime=1741133628.105] [Machine=3] [LogicalClock=42] [Event=RECEIVE] Received from M2: Hello from M2, Queue length now: 1
[SystemTime=1741133628.443] [Machine=3] [LogicalClock=43] [Event=RECEIVE] Received from M1: Hello from M1, Queue length now: 0
[SystemTime=1741133628.779] [Machine=3] [LogicalClock=44] [Event=INTERNAL] Doing internal work.
[SystemTime=1741133629.117] [Machine=3] [LogicalClock=45] [Event=RECEIVE] Received from M1: Hello from M1, Queue length now: 0
[SystemTime=1741133629.453] [Machine=3] [LogicalClock=46] [Event=INTERNAL] Doing internal work.
[SystemTime=1741133629.788] [Machine=3] [LogicalClock=47] [Event=INTERNAL] Doing internal work.
[SystemTime=1741133630.126] [Machine=3] [LogicalClock=48] [Event=INTERNAL] Doing internal work.
[SystemTime=1741133630.465] [Machine=3] [LogicalClock=49] [Event=INTERNAL] Doing internal work.
[SystemTime=1741133630.804] [Machine=3] [LogicalClock=50] [Event=RECEIVE] Received from M2: Hello from M2, Queue length now: 0
[SystemTime=1741133631.139] [Machine=3] [LogicalClock=50] [Event=SEND] Sending message to [('localhost', 8000)]: 3|50|Hello from M3.
[SystemTime=1741133631.473] [Machine=3] [LogicalClock=52] [Event=INTERNAL] Doing internal work.
[SystemTime=1741133631.811] [Machine=3] [LogicalClock=53] [Event=RECEIVE] Received from M1: Hello from M1, Queue length now: 0
[SystemTime=1741133632.150] [Machine=3] [LogicalClock=54] [Event=RECEIVE] Received from M2: Hello from M2, Queue length now: 0
[SystemTime=1741133632.488] [Machine=3] [LogicalClock=55] [Event=INTERNAL] Doing internal work.
[SystemTime=1741133632.825] [Machine=3] [LogicalClock=56] [Event=INTERNAL] Doing internal work.
[SystemTime=1741133633.165] [Machine=3] [LogicalClock=56] [Event=SEND] Sending message to [('localhost', 8000), ('localhost', 8001)]: 3|56|Hello from M3.
[SystemTime=1741133633.504] [Machine=3] [LogicalClock=58] [Event=INTERNAL] Doing internal work.
[SystemTime=1741133633.840] [Machine=3] [LogicalClock=59] [Event=INTERNAL] Doing internal work.
[SystemTime=1741133634.176] [Machine=3] [LogicalClock=60] [Event=INTERNAL] Doing internal work.
[SystemTime=1741133634.510] [Machine=3] [LogicalClock=61] [Event=INTERNAL] Doing internal work.
[SystemTime=1741133634.848] [Machine=3] [LogicalClock=62] [Event=RECEIVE] Received from M2: Hello from M2, Queue length now: 0
[SystemTime=1741133635.184] [Machine=3] [LogicalClock=63] [Event=RECEIVE] Received from M2: Hello from M2, Queue length now: 0
[SystemTime=1741133635.520] [Machine=3] [LogicalClock=64] [Event=RECEIVE] Received from M2: Hello from M2, Queue length now: 0
[SystemTime=1741133635.858] [Machine=3] [LogicalClock=64] [Event=SEND] Sending message to [('localhost', 8000)]: 3|64|Hello from M3.
[SystemTime=1741133636.196] [Machine=3] [LogicalClock=66] [Event=INTERNAL] Doing internal work.
[SystemTime=1741133636.532] [Machine=3] [LogicalClock=67] [Event=INTERNAL] Doing internal work.
[SystemTime=1741133636.870] [Machine=3] [LogicalClock=68] [Event=RECEIVE] Received from M1: Hello from M1, Queue length now: 0
[SystemTime=1741133637.209] [Machine=3] [LogicalClock=68] [Event=SEND] Sending message to [('localhost', 8000), ('localhost', 8001)]: 3|68|Hello from M3.
[SystemTime=1741133637.547] [Machine=3] [LogicalClock=70] [Event=INTERNAL] Doing internal work.
[SystemTime=1741133637.886] [Machine=3] [LogicalClock=71] [Event=INTERNAL] Doing internal work.
[SystemTime=1741133638.224] [Machine=3] [LogicalClock=72] [Event=RECEIVE] Received from M2: Hello from M2, Queue length now: 0
[SystemTime=1741133638.563] [Machine=3] [LogicalClock=73] [Event=RECEIVE] Received from M1: Hello from M1, Queue length now: 0
[SystemTime=1741133638.899] [Machine=3] [LogicalClock=74] [Event=INTERNAL] Doing internal work.
[SystemTime=1741133639.236] [Machine=3] [LogicalClock=75] [Event=INTERNAL] Doing internal work.
[SystemTime=1741133639.571] [Machine=3] [LogicalClock=75] [Event=SEND] Sending message to [('localhost', 8000)]: 3|75|Hello from M3.
[SystemTime=1741133639.910] [Machine=3] [LogicalClock=77] [Event=INTERNAL] Doing internal work.
[SystemTime=1741133640.246] [Machine=3] [LogicalClock=78] [Event=INTERNAL] Doing internal work.
[SystemTime=1741133640.582] [Machine=3] [LogicalClock=79] [Event=INTERNAL] Doing internal work.
[SystemTime=1741133640.918] [Machine=3] [LogicalClock=79] [Event=SEND] Sending message to [('localhost', 8000)]: 3|79|Hello from M3.
[SystemTime=1741133641.252] [Machine=3] [LogicalClock=81] [Event=RECEIVE] Received from M1: Hello from M1, Queue length now: 0
[SystemTime=1741133641.586] [Machine=3] [LogicalClock=82] [Event=INTERNAL] Doing internal work.
[SystemTime=1741133641.923] [Machine=3] [LogicalClock=83] [Event=INTERNAL] Doing internal work.
[SystemTime=1741133642.262] [Machine=3] [LogicalClock=84] [Event=INTERNAL] Doing internal work.
[SystemTime=1741133642.602] [Machine=3] [LogicalClock=84] [Event=SEND] Sending message to [('localhost', 8000), ('localhost', 8001)]: 3|84|Hello from M3.
[SystemTime=1741133642.938] [Machine=3] [LogicalClock=86] [Event=INTERNAL] Doing internal work.
[SystemTime=1741133643.278] [Machine=3] [LogicalClock=87] [Event=INTERNAL] Doing internal work.
[SystemTime=1741133643.616] [Machine=3] [LogicalClock=88] [Event=INTERNAL] Doing internal work.
[SystemTime=1741133643.955] [Machine=3] [LogicalClock=89] [Event=RECEIVE] Received from M2: Hello from M2, Queue length now: 0
[SystemTime=1741133644.294] [Machine=3] [LogicalClock=90] [Event=INTERNAL] Doing internal work.
[SystemTime=1741133644.632] [Machine=3] [LogicalClock=91] [Event=INTERNAL] Doing internal work.
[SystemTime=1741133644.971] [Machine=3] [LogicalClock=92] [Event=INTERNAL] Doing internal work.
[SystemTime=1741133645.308] [Machine=3] [LogicalClock=93] [Event=INTERNAL] Doing internal work.
[SystemTime=1741133645.647] [Machine=3] [LogicalClock=94] [Event=INTERNAL] Doing internal work.
[SystemTime=1741133645.986] [Machine=3] [LogicalClock=95] [Event=RECEIVE] Received from M1: Hello from M1, Queue length now: 0
[SystemTime=1741133646.324] [Machine=3] [LogicalClock=96] [Event=RECEIVE] Received from M1: Hello from M1, Queue length now: 0
[SystemTime=1741133646.662] [Machine=3] [LogicalClock=97] [Event=INTERNAL] Doing internal work.
[SystemTime=1741133647.001] [Machine=3] [LogicalClock=97] [Event=SEND] Sending message to [('localhost', 8001)]: 3|97|Hello from M3.
[SystemTime=1741133647.336] [Machine=3] [LogicalClock=99] [Event=RECEIVE] Received from M1: Hello from M1, Queue length now: 0
[SystemTime=1741133647.674] [Machine=3] [LogicalClock=100] [Event=RECEIVE] Received from M2: Hello from M2, Queue length now: 0
[SystemTime=1741133648.013] [Machine=3] [LogicalClock=101] [Event=RECEIVE] Received from M2: Hello from M2, Queue length now: 0
[SystemTime=1741133648.351] [Machine=3] [LogicalClock=102] [Event=RECEIVE] Received from M1: Hello from M1, Queue length now: 0
[SystemTime=1741133648.689] [Machine=3] [LogicalClock=103] [Event=INTERNAL] Doing internal work.
[SystemTime=1741133649.027] [Machine=3] [LogicalClock=104] [Event=INTERNAL] Doing internal work.
[SystemTime=1741133649.365] [Machine=3] [LogicalClock=105] [Event=RECEIVE] Received from M1: Hello from M1, Queue length now: 0
[SystemTime=1741133649.703] [Machine=3] [LogicalClock=106] [Event=INTERNAL] Doing internal work.
[SystemTime=1741133650.040] [Machine=3] [LogicalClock=107] [Event=INTERNAL] Doing internal work.
[SystemTime=1741133650.374] [Machine=3] [LogicalClock=108] [Event=INTERNAL] Doing internal work.
[SystemTime=1741133650.708] [Machine=3] [LogicalClock=109] [Event=INTERNAL] Doing internal work.
[SystemTime=1741133651.043] [Machine=3] [LogicalClock=110] [Event=RECEIVE] Received from M2: Hello from M2, Queue length now: 0
[SystemTime=1741133651.377] [Machine=3] [LogicalClock=111] [Event=RECEIVE] Received from M1: Hello from M1, Queue length now: 0
[SystemTime=1741133651.716] [Machine=3] [LogicalClock=112] [Event=INTERNAL] Doing internal work.
[SystemTime=1741133652.053] [Machine=3] [LogicalClock=113] [Event=INTERNAL] Doing internal work.
[SystemTime=1741133652.390] [Machine=3] [LogicalClock=114] [Event=INTERNAL] Doing internal work.
[SystemTime=1741133652.728] [Machine=3] [LogicalClock=115] [Event=INTERNAL] Doing internal work.
[SystemTime=1741133653.067] [Machine=3] [LogicalClock=116] [Event=INTERNAL] Doing internal work.
[SystemTime=1741133653.402] [Machine=3] [LogicalClock=117] [Event=RECEIVE] Received from M1: Hello from M1, Queue length now: 0
[SystemTime=1741133653.739] [Machine=3] [LogicalClock=118] [Event=INTERNAL] Doing internal work.
[SystemTime=1741133654.076] [Machine=3] [LogicalClock=119] [Event=INTERNAL] Doing internal work.
[SystemTime=1741133654.415] [Machine=3] [LogicalClock=120] [Event=INTERNAL] Doing internal work.
[SystemTime=1741133654.752] [Machine=3] [LogicalClock=121] [Event=INTERNAL] Doing internal work.
[SystemTime=1741133655.091] [Machine=3] [LogicalClock=122] [Event=INTERNAL] Doing internal work.
[SystemTime=1741133655.426] [Machine=3] [LogicalClock=123] [Event=INTERNAL] Doing internal work.
[SystemTime=1741133655.762] [Machine=3] [LogicalClock=123] [Event=SEND] Sending message to [('localhost', 8000)]: 3|123|Hello from M3.
[SystemTime=1741133656.099] [Machine=3] [LogicalClock=125] [Event=INTERNAL] Doing internal work.
[SystemTime=1741133656.439] [Machine=3] [LogicalClock=125] [Event=SEND] Sending message to [('localhost', 8001)]: 3|125|Hello from M3.
[SystemTime=1741133656.775] [Machine=3] [LogicalClock=127] [Event=INTERNAL] Doing internal work.
[SystemTime=1741133657.112] [Machine=3] [LogicalClock=128] [Event=INTERNAL] Doing internal work.
[SystemTime=1741133657.450] [Machine=3] [LogicalClock=129] [Event=RECEIVE] Received from M1: Hello from M1, Queue length now: 0
[SystemTime=1741133657.788] [Machine=3] [LogicalClock=130] [Event=INTERNAL] Doing internal work.
[SystemTime=1741133658.126] [Machine=3] [LogicalClock=131] [Event=RECEIVE] Received from M1: Hello from M1, Queue length now: 0
[SystemTime=1741133658.460] [Machine=3] [LogicalClock=132] [Event=INTERNAL] Doing internal work.
[SystemTime=1741133658.795] [Machine=3] [LogicalClock=133] [Event=RECEIVE] Received from M1: Hello from M1, Queue length now: 0
[SystemTime=1741133659.131] [Machine=3] [LogicalClock=134] [Event=RECEIVE] Received from M1: Hello from M1, Queue length now: 0
[SystemTime=1741133659.466] [Machine=3] [LogicalClock=135] [Event=INTERNAL] Doing internal work.
[SystemTime=1741133659.805] [Machine=3] [LogicalClock=136] [Event=RECEIVE] Received from M1: Hello from M1, Queue length now: 0
[SystemTime=1741133660.145] [Machine=3] [LogicalClock=136] [Event=SEND] Sending message to [('localhost', 8001)]: 3|136|Hello from M3.
[SystemTime=1741133660.484] [Machine=3] [LogicalClock=138] [Event=INTERNAL] Doing internal work.
[SystemTime=1741133660.823] [Machine=3] [LogicalClock=139] [Event=RECEIVE] Received from M1: Hello from M1, Queue length now: 0
[SystemTime=1741133661.158] [Machine=3] [LogicalClock=140] [Event=INTERNAL] Doing internal work.
[SystemTime=1741133661.497] [Machine=3] [LogicalClock=141] [Event=RECEIVE] Received from M1: Hello from M1, Queue length now: 0
[SystemTime=1741133661.838] [Machine=3] [LogicalClock=141] [Event=SEND] Sending message to [('localhost', 8000), ('localhost', 8001)]: 3|141|Hello from M3.
[SystemTime=1741133662.177] [Machine=3] [LogicalClock=142] [Event=SEND] Sending message to [('localhost', 8000)]: 3|142|Hello from M3.
[SystemTime=1741133662.515] [Machine=3] [LogicalClock=144] [Event=INTERNAL] Doing internal work.
[SystemTime=1741133662.849] [Machine=3] [LogicalClock=145] [Event=INTERNAL] Doing internal work.
[SystemTime=1741133663.188] [Machine=3] [LogicalClock=146] [Event=INTERNAL] Doing internal work.
[SystemTime=1741133663.523] [Machine=3] [LogicalClock=147] [Event=INTERNAL] Doing internal work.
[SystemTime=1741133663.860] [Machine=3] [LogicalClock=148] [Event=INTERNAL] Doing internal work.
[SystemTime=1741133664.198] [Machine=3] [LogicalClock=149] [Event=RECEIVE] Received from M2: Hello from M2, Queue length now: 0
[SystemTime=1741133664.537] [Machine=3] [LogicalClock=150] [Event=INTERNAL] Doing internal work.
[SystemTime=1741133664.872] [Machine=3] [LogicalClock=151] [Event=INTERNAL] Doing internal work.
[SystemTime=1741133665.207] [Machine=3] [LogicalClock=152] [Event=RECEIVE] Received from M2: Hello from M2, Queue length now: 0
[SystemTime=1741133665.546] [Machine=3] [LogicalClock=153] [Event=INTERNAL] Doing internal work.
[SystemTime=1741133665.881] [Machine=3] [LogicalClock=153] [Event=SEND] Sending message to [('localhost', 8001)]: 3|153|Hello from M3.
[SystemTime=1741133666.220] [Machine=3] [LogicalClock=155] [Event=INTERNAL] Doing internal work.
[SystemTime=1741133666.557] [Machine=3] [LogicalClock=156] [Event=INTERNAL] Doing internal work.
[SystemTime=1741133666.896] [Machine=3] [LogicalClock=157] [Event=INTERNAL] Doing internal work.
[SystemTime=1741133667.232] [Machine=3] [LogicalClock=158] [Event=RECEIVE] Received from M2: Hello from M2, Queue length now: 0
[SystemTime=1741133667.569] [Machine=3] [LogicalClock=159] [Event=INTERNAL] Doing internal work.
[SystemTime=1741133667.906] [Machine=3] [LogicalClock=160] [Event=RECEIVE] Received from M1: Hello from M1, Queue length now: 0
[SystemTime=1741133668.245] [Machine=3] [LogicalClock=161] [Event=RECEIVE] Received from M2: Hello from M2, Queue length now: 0
[SystemTime=1741133668.580] [Machine=3] [LogicalClock=162] [Event=INTERNAL] Doing internal work.
[SystemTime=1741133668.915] [Machine=3] [LogicalClock=163] [Event=RECEIVE] Received from M2: Hello from M2, Queue length now: 0
[SystemTime=1741133669.253] [Machine=3] [LogicalClock=164] [Event=RECEIVE] Received from M1: Hello from M1, Queue length now: 0
[SystemTime=1741133669.592] [Machine=3] [LogicalClock=165] [Event=INTERNAL] Doing internal work.
[SystemTime=1741133669.934] [Machine=3] [LogicalClock=165] [Event=SEND] Sending message to [('localhost', 8000), ('localhost', 8001)]: 3|165|Hello from M3.
[SystemTime=1741133670.201] [Machine=3] [LogicalClock=167] [Event=INTERNAL] Doing internal work.
[SystemTime=1741133670.540] [Machine=3] [LogicalClock=167] [Event=SEND] Sending message to [('localhost', 8000)]: 3|167|Hello from M3.
[SystemTime=1741133670.878] [Machine=3] [LogicalClock=169] [Event=INTERNAL] Doing internal work.
[SystemTime=1741133671.218] [Machine=3] [LogicalClock=170] [Event=RECEIVE] Received from M1: Hello from M1, Queue length now: 0
[SystemTime=1741133671.556] [Machine=3] [LogicalClock=171] [Event=INTERNAL] Doing internal work.
[SystemTime=1741133671.894] [Machine=3] [LogicalClock=172] [Event=INTERNAL] Doing internal work.
[SystemTime=1741133672.233] [Machine=3] [LogicalClock=172] [Event=SEND] Sending message to [('localhost', 8000), ('localhost', 8001)]: 3|172|Hello from M3.
[SystemTime=1741133672.573] [Machine=3] [LogicalClock=173] [Event=SEND] Sending message to [('localhost', 8000), ('localhost', 8001)]: 3|173|Hello from M3.
[SystemTime=1741133672.910] [Machine=3] [LogicalClock=174] [Event=SEND] Sending message to [('localhost', 8000), ('localhost', 8001)]: 3|174|Hello from M3.
[SystemTime=1741133673.250] [Machine=3] [LogicalClock=175] [Event=SEND] Sending message to [('localhost', 8001)]: 3|175|Hello from M3.
[SystemTime=1741133673.589] [Machine=3] [LogicalClock=177] [Event=INTERNAL] Doing internal work.
[SystemTime=1741133673.924] [Machine=3] [LogicalClock=178] [Event=RECEIVE] Received from M1: Hello from M1, Queue length now: 0
[SystemTime=1741133674.261] [Machine=3] [LogicalClock=178] [Event=SEND] Sending message to [('localhost', 8000), ('localhost', 8001)]: 3|178|Hello from M3.
[SystemTime=1741133674.601] [Machine=3] [LogicalClock=179] [Event=SEND] Sending message to [('localhost', 8000)]: 3|179|Hello from M3.
[SystemTime=1741133674.939] [Machine=3] [LogicalClock=181] [Event=INTERNAL] Doing internal work.
