[SystemTime=1741133398.312] [Machine=2] [LogicalClock=0] [Event=INIT] Clock rate initialized as 3
[SystemTime=1741133398.653] [Machine=2] [LogicalClock=4] [Event=RECEIVE] Received from M1: Hello from M1, Queue length now: 0
[SystemTime=1741133398.991] [Machine=2] [LogicalClock=5] [Event=RECEIVE] Received from M1: Hello from M1, Queue length now: 0
[SystemTime=1741133399.334] [Machine=2] [LogicalClock=6] [Event=INTERNAL] Doing internal work.
[SystemTime=1741133399.680] [Machine=2] [LogicalClock=8] [Event=RECEIVE] Received from M1: Hello from M1, Queue length now: 0
[SystemTime=1741133400.023] [Machine=2] [LogicalClock=9] [Event=INTERNAL] Doing internal work.
[SystemTime=1741133400.361] [Machine=2] [LogicalClock=10] [Event=INTERNAL] Doing internal work.
[SystemTime=1741133400.700] [Machine=2] [LogicalClock=11] [Event=INTERNAL] Doing internal work.
[SystemTime=1741133401.047] [Machine=2] [LogicalClock=11] [Event=SEND] Sending message to [('localhost', 8000)]: 2|11|Hello from M2.
[SystemTime=1741133401.385] [Machine=2] [LogicalClock=17] [Event=RECEIVE] Received from M1: Hello from M1, Queue length now: 0
[SystemTime=1741133401.724] [Machine=2] [LogicalClock=18] [Event=RECEIVE] Received from M1: Hello from M1, Queue length now: 0
[SystemTime=1741133402.060] [Machine=2] [LogicalClock=20] [Event=RECEIVE] Received from M1: Hello from M1, Queue length now: 0
[SystemTime=1741133402.397] [Machine=2] [LogicalClock=21] [Event=INTERNAL] Doing internal work.
[SystemTime=1741133402.731] [Machine=2] [LogicalClock=23] [Event=RECEIVE] Received from M1: Hello from M1, Queue length now: 0
[SystemTime=1741133403.068] [Machine=2] [LogicalClock=24] [Event=INTERNAL] Doing internal work.
[SystemTime=1741133403.407] [Machine=2] [LogicalClock=26] [Event=RECEIVE] Received from M1: Hello from M1, Queue length now: 0
[SystemTime=1741133403.746] [Machine=2] [LogicalClock=26] [Event=SEND] Sending message to [('localhost', 8000), ('localhost', 8002)]: 2|26|Hello from M2.
[SystemTime=1741133404.085] [Machine=2] [LogicalClock=27] [Event=SEND] Sending message to [('localhost', 8000)]: 2|27|Hello from M2.
[SystemTime=1741133404.422] [Machine=2] [LogicalClock=32] [Event=RECEIVE] Received from M1: Hello from M1, Queue length now: 0
[SystemTime=1741133404.761] [Machine=2] [LogicalClock=33] [Event=RECEIVE] Received from M3: Hello from M3, Queue length now: 0
[SystemTime=1741133405.099] [Machine=2] [LogicalClock=34] [Event=INTERNAL] Doing internal work.
[SystemTime=1741133405.437] [Machine=2] [LogicalClock=37] [Event=RECEIVE] Received from M1: Hello from M1, Queue length now: 0
[SystemTime=1741133405.775] [Machine=2] [LogicalClock=38] [Event=INTERNAL] Doing internal work.
[SystemTime=1741133406.114] [Machine=2] [LogicalClock=39] [Event=RECEIVE] Received from M1: Hello from M1, Queue length now: 0
[SystemTime=1741133406.453] [Machine=2] [LogicalClock=39] [Event=SEND] Sending message to [('localhost', 8000)]: 2|39|Hello from M2.
[SystemTime=1741133406.789] [Machine=2] [LogicalClock=41] [Event=INTERNAL] Doing internal work.
[SystemTime=1741133407.127] [Machine=2] [LogicalClock=42] [Event=RECEIVE] Received from M3: Hello from M3, Queue length now: 1
[SystemTime=1741133407.465] [Machine=2] [LogicalClock=45] [Event=RECEIVE] Received from M1: Hello from M1, Queue length now: 0
[SystemTime=1741133407.805] [Machine=2] [LogicalClock=48] [Event=RECEIVE] Received from M1: Hello from M1, Queue length now: 0
[SystemTime=1741133408.141] [Machine=2] [LogicalClock=48] [Event=SEND] Sending message to [('localhost', 8000), ('localhost', 8002)]: 2|48|Hello from M2.
[SystemTime=1741133408.477] [Machine=2] [LogicalClock=50] [Event=INTERNAL] Doing internal work.
[SystemTime=1741133408.814] [Machine=2] [LogicalClock=51] [Event=INTERNAL] Doing internal work.
[SystemTime=1741133409.153] [Machine=2] [LogicalClock=52] [Event=INTERNAL] Doing internal work.
[SystemTime=1741133409.489] [Machine=2] [LogicalClock=53] [Event=INTERNAL] Doing internal work.
[SystemTime=1741133409.825] [Machine=2] [LogicalClock=53] [Event=SEND] Sending message to [('localhost', 8000)]: 2|53|Hello from M2.
[SystemTime=1741133410.160] [Machine=2] [LogicalClock=55] [Event=RECEIVE] Received from M3: Hello from M3, Queue length now: 0
[SystemTime=1741133410.500] [Machine=2] [LogicalClock=55] [Event=SEND] Sending message to [('localhost', 8000)]: 2|55|Hello from M2.
[SystemTime=1741133410.838] [Machine=2] [LogicalClock=57] [Event=RECEIVE] Received from M3: Hello from M3, Queue length now: 0
[SystemTime=1741133411.173] [Machine=2] [LogicalClock=64] [Event=RECEIVE] Received from M1: Hello from M1, Queue length now: 0
[SystemTime=1741133411.512] [Machine=2] [LogicalClock=65] [Event=INTERNAL] Doing internal work.
[SystemTime=1741133411.850] [Machine=2] [LogicalClock=68] [Event=RECEIVE] Received from M1: Hello from M1, Queue length now: 0
[SystemTime=1741133412.189] [Machine=2] [LogicalClock=69] [Event=RECEIVE] Received from M1: Hello from M1, Queue length now: 1
[SystemTime=1741133412.527] [Machine=2] [LogicalClock=70] [Event=RECEIVE] Received from M1: Hello from M1, Queue length now: 2
[SystemTime=1741133412.863] [Machine=2] [LogicalClock=71] [Event=RECEIVE] Received from M1: Hello from M1, Queue length now: 1
[SystemTime=1741133413.202] [Machine=2] [LogicalClock=72] [Event=RECEIVE] Received from M1: Hello from M1, Queue length now: 0
[SystemTime=1741133413.540] [Machine=2] [LogicalClock=73] [Event=INTERNAL] Doing internal work.
[SystemTime=1741133413.879] [Machine=2] [LogicalClock=74] [Event=INTERNAL] Doing internal work.
[SystemTime=1741133414.215] [Machine=2] [LogicalClock=74] [Event=SEND] Sending message to [('localhost', 8002)]: 2|74|Hello from M2.
[SystemTime=1741133414.554] [Machine=2] [LogicalClock=76] [Event=INTERNAL] Doing internal work.
[SystemTime=1741133414.887] [Machine=2] [LogicalClock=77] [Event=INTERNAL] Doing internal work.
[SystemTime=1741133415.226] [Machine=2] [LogicalClock=84] [Event=RECEIVE] Received from M1: Hello from M1, Queue length now: 0
[SystemTime=1741133415.566] [Machine=2] [LogicalClock=84] [Event=SEND] Sending message to [('localhost', 8002)]: 2|84|Hello from M2.
[SystemTime=1741133415.902] [Machine=2] [LogicalClock=86] [Event=INTERNAL] Doing internal work.
[SystemTime=1741133416.241] [Machine=2] [LogicalClock=89] [Event=RECEIVE] Received from M1: Hello from M1, Queue length now: 1
[SystemTime=1741133416.580] [Machine=2] [LogicalClock=90] [Event=RECEIVE] Received from M1: Hello from M1, Queue length now: 0
[SystemTime=1741133416.917] [Machine=2] [LogicalClock=92] [Event=RECEIVE] Received from M1: Hello from M1, Queue length now: 0
[SystemTime=1741133417.256] [Machine=2] [LogicalClock=93] [Event=INTERNAL] Doing internal work.
[SystemTime=1741133417.596] [Machine=2] [LogicalClock=93] [Event=SEND] Sending message to [('localhost', 8002)]: 2|93|Hello from M2.
[SystemTime=1741133417.934] [Machine=2] [LogicalClock=95] [Event=INTERNAL] Doing internal work.
[SystemTime=1741133418.269] [Machine=2] [LogicalClock=96] [Event=INTERNAL] Doing internal work.
[SystemTime=1741133418.608] [Machine=2] [LogicalClock=97] [Event=INTERNAL] Doing internal work.
[SystemTime=1741133418.946] [Machine=2] [LogicalClock=102] [Event=RECEIVE] Received from M1: Hello from M1, Queue length now: 1
[SystemTime=1741133419.283] [Machine=2] [LogicalClock=103] [Event=RECEIVE] Received from M1: Hello from M1, Queue length now: 0
[SystemTime=1741133419.622] [Machine=2] [LogicalClock=106] [Event=RECEIVE] Received from M1: Hello from M1, Queue length now: 0
[SystemTime=1741133419.956] [Machine=2] [LogicalClock=108] [Event=RECEIVE] Received from M1: Hello from M1, Queue length now: 0
[SystemTime=1741133420.291] [Machine=2] [LogicalClock=108] [Event=SEND] Sending message to [('localhost', 8000)]: 2|108|Hello from M2.
[SystemTime=1741133420.629] [Machine=2] [LogicalClock=110] [Event=INTERNAL] Doing internal work.
[SystemTime=1741133420.965] [Machine=2] [LogicalClock=111] [Event=RECEIVE] Received from M3: Hello from M3, Queue length now: 0
[SystemTime=1741133421.303] [Machine=2] [LogicalClock=112] [Event=INTERNAL] Doing internal work.
[SystemTime=1741133421.639] [Machine=2] [LogicalClock=116] [Event=RECEIVE] Received from M1: Hello from M1, Queue length now: 0
[SystemTime=1741133421.978] [Machine=2] [LogicalClock=118] [Event=RECEIVE] Received from M1: Hello from M1, Queue length now: 0
[SystemTime=1741133422.316] [Machine=2] [LogicalClock=118] [Event=SEND] Sending message to [('localhost', 8002)]: 2|118|Hello from M2.
[SystemTime=1741133422.656] [Machine=2] [LogicalClock=119] [Event=SEND] Sending message to [('localhost', 8000), ('localhost', 8002)]: 2|119|Hello from M2.
[SystemTime=1741133422.994] [Machine=2] [LogicalClock=121] [Event=INTERNAL] Doing internal work.
[SystemTime=1741133423.332] [Machine=2] [LogicalClock=121] [Event=SEND] Sending message to [('localhost', 8000)]: 2|121|Hello from M2.
[SystemTime=1741133423.666] [Machine=2] [LogicalClock=123] [Event=INTERNAL] Doing internal work.
[SystemTime=1741133424.000] [Machine=2] [LogicalClock=128] [Event=RECEIVE] Received from M1: Hello from M1, Queue length now: 0
[SystemTime=1741133424.338] [Machine=2] [LogicalClock=129] [Event=INTERNAL] Doing internal work.
[SystemTime=1741133424.674] [Machine=2] [LogicalClock=129] [Event=SEND] Sending message to [('localhost', 8000)]: 2|129|Hello from M2.
[SystemTime=1741133425.011] [Machine=2] [LogicalClock=131] [Event=INTERNAL] Doing internal work.
[SystemTime=1741133425.349] [Machine=2] [LogicalClock=132] [Event=INTERNAL] Doing internal work.
[SystemTime=1741133425.689] [Machine=2] [LogicalClock=132] [Event=SEND] Sending message to [('localhost', 8002)]: 2|132|Hello from M2.
[SystemTime=1741133426.027] [Machine=2] [LogicalClock=138] [Event=RECEIVE] Received from M1: Hello from M1, Queue length now: 0
[SystemTime=1741133426.361] [Machine=2] [LogicalClock=139] [Event=INTERNAL] Doing internal work.
[SystemTime=1741133426.700] [Machine=2] [LogicalClock=140] [Event=INTERNAL] Doing internal work.
[SystemTime=1741133427.039] [Machine=2] [LogicalClock=140] [Event=SEND] Sending message to [('localhost', 8000), ('localhost', 8002)]: 2|140|Hello from M2.
[SystemTime=1741133427.373] [Machine=2] [LogicalClock=142] [Event=INTERNAL] Doing internal work.
[SystemTime=1741133427.712] [Machine=2] [LogicalClock=145] [Event=RECEIVE] Received from M1: Hello from M1, Queue length now: 1
[SystemTime=1741133428.048] [Machine=2] [LogicalClock=146] [Event=RECEIVE] Received from M1: Hello from M1, Queue length now: 0
[SystemTime=1741133428.387] [Machine=2] [LogicalClock=147] [Event=INTERNAL] Doing internal work.
[SystemTime=1741133428.725] [Machine=2] [LogicalClock=148] [Event=INTERNAL] Doing internal work.
[SystemTime=1741133429.061] [Machine=2] [LogicalClock=149] [Event=INTERNAL] Doing internal work.
[SystemTime=1741133429.398] [Machine=2] [LogicalClock=154] [Event=RECEIVE] Received from M1: Hello from M1, Queue length now: 0
[SystemTime=1741133429.737] [Machine=2] [LogicalClock=155] [Event=RECEIVE] Received from M3: Hello from M3, Queue length now: 1
[SystemTime=1741133430.079] [Machine=2] [LogicalClock=156] [Event=RECEIVE] Received from M1: Hello from M1, Queue length now: 0
[SystemTime=1741133430.416] [Machine=2] [LogicalClock=158] [Event=RECEIVE] Received from M1: Hello from M1, Queue length now: 1
[SystemTime=1741133430.754] [Machine=2] [LogicalClock=159] [Event=RECEIVE] Received from M3: Hello from M3, Queue length now: 1
[SystemTime=1741133431.093] [Machine=2] [LogicalClock=160] [Event=RECEIVE] Received from M1: Hello from M1, Queue length now: 0
[SystemTime=1741133431.430] [Machine=2] [LogicalClock=161] [Event=INTERNAL] Doing internal work.
[SystemTime=1741133431.768] [Machine=2] [LogicalClock=161] [Event=SEND] Sending message to [('localhost', 8002)]: 2|161|Hello from M2.
[SystemTime=1741133432.106] [Machine=2] [LogicalClock=163] [Event=INTERNAL] Doing internal work.
[SystemTime=1741133432.440] [Machine=2] [LogicalClock=168] [Event=RECEIVE] Received from M1: Hello from M1, Queue length now: 0
[SystemTime=1741133432.778] [Machine=2] [LogicalClock=169] [Event=RECEIVE] Received from M3: Hello from M3, Queue length now: 0
[SystemTime=1741133433.117] [Machine=2] [LogicalClock=170] [Event=RECEIVE] Received from M3: Hello from M3, Queue length now: 0
[SystemTime=1741133433.456] [Machine=2] [LogicalClock=170] [Event=SEND] Sending message to [('localhost', 8002)]: 2|170|Hello from M2.
[SystemTime=1741133433.792] [Machine=2] [LogicalClock=172] [Event=INTERNAL] Doing internal work.
[SystemTime=1741133434.131] [Machine=2] [LogicalClock=173] [Event=INTERNAL] Doing internal work.
[SystemTime=1741133434.468] [Machine=2] [LogicalClock=178] [Event=RECEIVE] Received from M1: Hello from M1, Queue length now: 0
[SystemTime=1741133434.807] [Machine=2] [LogicalClock=179] [Event=INTERNAL] Doing internal work.
[SystemTime=1741133435.146] [Machine=2] [LogicalClock=180] [Event=INTERNAL] Doing internal work.
[SystemTime=1741133435.482] [Machine=2] [LogicalClock=184] [Event=RECEIVE] Received from M1: Hello from M1, Queue length now: 0
[SystemTime=1741133435.821] [Machine=2] [LogicalClock=185] [Event=INTERNAL] Doing internal work.
[SystemTime=1741133436.159] [Machine=2] [LogicalClock=186] [Event=INTERNAL] Doing internal work.
[SystemTime=1741133436.498] [Machine=2] [LogicalClock=188] [Event=RECEIVE] Received from M1: Hello from M1, Queue length now: 1
[SystemTime=1741133436.833] [Machine=2] [LogicalClock=189] [Event=RECEIVE] Received from M1: Hello from M1, Queue length now: 0
[SystemTime=1741133437.171] [Machine=2] [LogicalClock=190] [Event=RECEIVE] Received from M3: Hello from M3, Queue length now: 0
[SystemTime=1741133437.509] [Machine=2] [LogicalClock=193] [Event=RECEIVE] Received from M1: Hello from M1, Queue length now: 1
[SystemTime=1741133437.848] [Machine=2] [LogicalClock=194] [Event=RECEIVE] Received from M1: Hello from M1, Queue length now: 0
[SystemTime=1741133438.186] [Machine=2] [LogicalClock=195] [Event=INTERNAL] Doing internal work.
[SystemTime=1741133438.523] [Machine=2] [LogicalClock=196] [Event=INTERNAL] Doing internal work.
[SystemTime=1741133438.862] [Machine=2] [LogicalClock=196] [Event=SEND] Sending message to [('localhost', 8002)]: 2|196|Hello from M2.
[SystemTime=1741133439.199] [Machine=2] [LogicalClock=198] [Event=INTERNAL] Doing internal work.
[SystemTime=1741133439.536] [Machine=2] [LogicalClock=198] [Event=SEND] Sending message to [('localhost', 8002)]: 2|198|Hello from M2.
[SystemTime=1741133439.874] [Machine=2] [LogicalClock=199] [Event=SEND] Sending message to [('localhost', 8002)]: 2|199|Hello from M2.
[SystemTime=1741133440.213] [Machine=2] [LogicalClock=201] [Event=INTERNAL] Doing internal work.
[SystemTime=1741133440.551] [Machine=2] [LogicalClock=209] [Event=RECEIVE] Received from M1: Hello from M1, Queue length now: 0
[SystemTime=1741133440.890] [Machine=2] [LogicalClock=210] [Event=INTERNAL] Doing internal work.
[SystemTime=1741133441.226] [Machine=2] [LogicalClock=211] [Event=RECEIVE] Received from M1: Hello from M1, Queue length now: 0
[SystemTime=1741133441.565] [Machine=2] [LogicalClock=212] [Event=INTERNAL] Doing internal work.
[SystemTime=1741133441.902] [Machine=2] [LogicalClock=213] [Event=INTERNAL] Doing internal work.
[SystemTime=1741133442.239] [Machine=2] [LogicalClock=214] [Event=INTERNAL] Doing internal work.
[SystemTime=1741133442.581] [Machine=2] [LogicalClock=218] [Event=RECEIVE] Received from M1: Hello from M1, Queue length now: 1
[SystemTime=1741133442.916] [Machine=2] [LogicalClock=219] [Event=RECEIVE] Received from M3: Hello from M3, Queue length now: 0
[SystemTime=1741133443.255] [Machine=2] [LogicalClock=219] [Event=SEND] Sending message to [('localhost', 8000)]: 2|219|Hello from M2.
[SystemTime=1741133443.592] [Machine=2] [LogicalClock=221] [Event=INTERNAL] Doing internal work.
[SystemTime=1741133443.943] [Machine=2] [LogicalClock=221] [Event=SEND] Sending message to [('localhost', 8000)]: 2|221|Hello from M2.
[SystemTime=1741133444.277] [Machine=2] [LogicalClock=227] [Event=RECEIVE] Received from M1: Hello from M1, Queue length now: 0
[SystemTime=1741133444.612] [Machine=2] [LogicalClock=228] [Event=INTERNAL] Doing internal work.
[SystemTime=1741133444.952] [Machine=2] [LogicalClock=228] [Event=SEND] Sending message to [('localhost', 8000), ('localhost', 8002)]: 2|228|Hello from M2.
[SystemTime=1741133445.291] [Machine=2] [LogicalClock=230] [Event=INTERNAL] Doing internal work.
[SystemTime=1741133445.629] [Machine=2] [LogicalClock=231] [Event=INTERNAL] Doing internal work.
[SystemTime=1741133445.967] [Machine=2] [LogicalClock=234] [Event=RECEIVE] Received from M1: Hello from M1, Queue length now: 0
[SystemTime=1741133446.305] [Machine=2] [LogicalClock=234] [Event=SEND] Sending message to [('localhost', 8002)]: 2|234|Hello from M2.
[SystemTime=1741133446.643] [Machine=2] [LogicalClock=235] [Event=SEND] Sending message to [('localhost', 8002)]: 2|235|Hello from M2.
[SystemTime=1741133446.980] [Machine=2] [LogicalClock=239] [Event=RECEIVE] Received from M1: Hello from M1, Queue length now: 0
[SystemTime=1741133447.318] [Machine=2] [LogicalClock=240] [Event=RECEIVE] Received from M3: Hello from M3, Queue length now: 1
[SystemTime=1741133447.654] [Machine=2] [LogicalClock=242] [Event=RECEIVE] Received from M1: Hello from M1, Queue length now: 0
[SystemTime=1741133447.990] [Machine=2] [LogicalClock=243] [Event=RECEIVE] Received from M3: Hello from M3, Queue length now: 0
[SystemTime=1741133448.327] [Machine=2] [LogicalClock=246] [Event=RECEIVE] Received from M1: Hello from M1, Queue length now: 0
[SystemTime=1741133448.665] [Machine=2] [LogicalClock=247] [Event=RECEIVE] Received from M3: Hello from M3, Queue length now: 0
[SystemTime=1741133449.001] [Machine=2] [LogicalClock=249] [Event=RECEIVE] Received from M1: Hello from M1, Queue length now: 0
[SystemTime=1741133449.337] [Machine=2] [LogicalClock=250] [Event=INTERNAL] Doing internal work.
[SystemTime=1741133449.674] [Machine=2] [LogicalClock=251] [Event=INTERNAL] Doing internal work.
[SystemTime=1741133450.012] [Machine=2] [LogicalClock=252] [Event=RECEIVE] Received from M3: Hello from M3, Queue length now: 1
[SystemTime=1741133450.348] [Machine=2] [LogicalClock=255] [Event=RECEIVE] Received from M1: Hello from M1, Queue length now: 0
[SystemTime=1741133450.686] [Machine=2] [LogicalClock=257] [Event=RECEIVE] Received from M1: Hello from M1, Queue length now: 0
[SystemTime=1741133451.025] [Machine=2] [LogicalClock=260] [Event=RECEIVE] Received from M1: Hello from M1, Queue length now: 0
[SystemTime=1741133451.364] [Machine=2] [LogicalClock=261] [Event=RECEIVE] Received from M1: Hello from M1, Queue length now: 0
[SystemTime=1741133451.703] [Machine=2] [LogicalClock=262] [Event=RECEIVE] Received from M3: Hello from M3, Queue length now: 0
[SystemTime=1741133452.041] [Machine=2] [LogicalClock=265] [Event=RECEIVE] Received from M1: Hello from M1, Queue length now: 0
[SystemTime=1741133452.379] [Machine=2] [LogicalClock=266] [Event=INTERNAL] Doing internal work.
[SystemTime=1741133452.715] [Machine=2] [LogicalClock=267] [Event=INTERNAL] Doing internal work.
[SystemTime=1741133453.054] [Machine=2] [LogicalClock=268] [Event=INTERNAL] Doing internal work.
[SystemTime=1741133453.391] [Machine=2] [LogicalClock=269] [Event=INTERNAL] Doing internal work.
[SystemTime=1741133453.730] [Machine=2] [LogicalClock=270] [Event=INTERNAL] Doing internal work.
[SystemTime=1741133454.068] [Machine=2] [LogicalClock=271] [Event=INTERNAL] Doing internal work.
[SystemTime=1741133454.406] [Machine=2] [LogicalClock=272] [Event=INTERNAL] Doing internal work.
[SystemTime=1741133454.741] [Machine=2] [LogicalClock=273] [Event=RECEIVE] Received from M3: Hello from M3, Queue length now: 0
[SystemTime=1741133455.077] [Machine=2] [LogicalClock=279] [Event=RECEIVE] Received from M1: Hello from M1, Queue length now: 0
[SystemTime=1741133455.412] [Machine=2] [LogicalClock=280] [Event=INTERNAL] Doing internal work.
[SystemTime=1741133455.750] [Machine=2] [LogicalClock=281] [Event=RECEIVE] Received from M3: Hello from M3, Queue length now: 0
[SystemTime=1741133456.086] [Machine=2] [LogicalClock=284] [Event=RECEIVE] Received from M1: Hello from M1, Queue length now: 0
[SystemTime=1741133456.424] [Machine=2] [LogicalClock=285] [Event=INTERNAL] Doing internal work.
[SystemTime=1741133456.763] [Machine=2] [LogicalClock=286] [Event=INTERNAL] Doing internal work.
[SystemTime=1741133457.100] [Machine=2] [LogicalClock=287] [Event=INTERNAL] Doing internal work.
[SystemTime=1741133457.439] [Machine=2] [LogicalClock=290] [Event=RECEIVE] Received from M1: Hello from M1, Queue length now: 0
[SystemTime=1741133457.773] [Machine=2] [LogicalClock=291] [Event=INTERNAL] Doing internal work.
[SystemTime=1741133458.112] [Machine=2] [LogicalClock=291] [Event=SEND] Sending message to [('localhost', 8000)]: 2|291|Hello from M2.
[SystemTime=1741133458.450] [Machine=2] [LogicalClock=293] [Event=INTERNAL] Doing internal work.
