[SystemTime=1741201728.786] [Machine=3] [LogicalClock=0] [Event=INIT] Clock rate initialized as 4
[SystemTime=1741201729.057] [Machine=3] [LogicalClock=0] [Event=SEND] Sending message to [('localhost', 8000), ('localhost', 8001), ('localhost', 8003), ('localhost', 8004)]: 3|0|Hello from M3.
[SystemTime=1741201729.313] [Machine=3] [LogicalClock=2] [Event=INTERNAL] Doing internal work.
[SystemTime=1741201729.567] [Machine=3] [LogicalClock=2] [Event=SEND] Sending message to [('localhost', 8000), ('localhost', 8001), ('localhost', 8003), ('localhost', 8004)]: 3|2|Hello from M3.
[SystemTime=1741201729.823] [Machine=3] [LogicalClock=3] [Event=SEND] Sending message to [('localhost', 8001)]: 3|3|Hello from M3.
[SystemTime=1741201730.078] [Machine=3] [LogicalClock=5] [Event=INTERNAL] Doing internal work.
[SystemTime=1741201730.331] [Machine=3] [LogicalClock=5] [Event=SEND] Sending message to [('localhost', 8001)]: 3|5|Hello from M3.
[SystemTime=1741201730.585] [Machine=3] [LogicalClock=7] [Event=INTERNAL] Doing internal work.
[SystemTime=1741201730.840] [Machine=3] [LogicalClock=9] [Event=RECEIVE] Received from M4: Hello from M4, Queue length now: 0
[SystemTime=1741201731.098] [Machine=3] [LogicalClock=9] [Event=SEND] Sending message to [('localhost', 8000), ('localhost', 8001), ('localhost', 8003), ('localhost', 8004)]: 3|9|Hello from M3.
[SystemTime=1741201731.354] [Machine=3] [LogicalClock=10] [Event=SEND] Sending message to [('localhost', 8001)]: 3|10|Hello from M3.
[SystemTime=1741201731.610] [Machine=3] [LogicalClock=12] [Event=INTERNAL] Doing internal work.
[SystemTime=1741201731.865] [Machine=3] [LogicalClock=13] [Event=INTERNAL] Doing internal work.
[SystemTime=1741201732.117] [Machine=3] [LogicalClock=15] [Event=RECEIVE] Received from M4: Hello from M4, Queue length now: 0
[SystemTime=1741201732.367] [Machine=3] [LogicalClock=16] [Event=INTERNAL] Doing internal work.
[SystemTime=1741201732.622] [Machine=3] [LogicalClock=17] [Event=INTERNAL] Doing internal work.
[SystemTime=1741201732.875] [Machine=3] [LogicalClock=17] [Event=SEND] Sending message to [('localhost', 8001)]: 3|17|Hello from M3.
[SystemTime=1741201733.131] [Machine=3] [LogicalClock=19] [Event=INTERNAL] Doing internal work.
[SystemTime=1741201733.385] [Machine=3] [LogicalClock=19] [Event=SEND] Sending message to [('localhost', 8001)]: 3|19|Hello from M3.
[SystemTime=1741201733.643] [Machine=3] [LogicalClock=21] [Event=INTERNAL] Doing internal work.
[SystemTime=1741201733.897] [Machine=3] [LogicalClock=22] [Event=INTERNAL] Doing internal work.
[SystemTime=1741201734.152] [Machine=3] [LogicalClock=26] [Event=RECEIVE] Received from M4: Hello from M4, Queue length now: 0
[SystemTime=1741201734.406] [Machine=3] [LogicalClock=27] [Event=INTERNAL] Doing internal work.
[SystemTime=1741201734.659] [Machine=3] [LogicalClock=28] [Event=INTERNAL] Doing internal work.
[SystemTime=1741201734.914] [Machine=3] [LogicalClock=29] [Event=INTERNAL] Doing internal work.
[SystemTime=1741201735.169] [Machine=3] [LogicalClock=30] [Event=INTERNAL] Doing internal work.
[SystemTime=1741201735.425] [Machine=3] [LogicalClock=31] [Event=RECEIVE] Received from M2: Hello from M2, Queue length now: 0
[SystemTime=1741201735.680] [Machine=3] [LogicalClock=32] [Event=INTERNAL] Doing internal work.
[SystemTime=1741201735.936] [Machine=3] [LogicalClock=32] [Event=SEND] Sending message to [('localhost', 8000)]: 3|32|Hello from M3.
[SystemTime=1741201736.190] [Machine=3] [LogicalClock=34] [Event=INTERNAL] Doing internal work.
[SystemTime=1741201736.445] [Machine=3] [LogicalClock=35] [Event=INTERNAL] Doing internal work.
[SystemTime=1741201736.697] [Machine=3] [LogicalClock=36] [Event=INTERNAL] Doing internal work.
[SystemTime=1741201736.952] [Machine=3] [LogicalClock=37] [Event=INTERNAL] Doing internal work.
[SystemTime=1741201737.204] [Machine=3] [LogicalClock=38] [Event=INTERNAL] Doing internal work.
[SystemTime=1741201737.458] [Machine=3] [LogicalClock=39] [Event=INTERNAL] Doing internal work.
[SystemTime=1741201737.714] [Machine=3] [LogicalClock=40] [Event=INTERNAL] Doing internal work.
[SystemTime=1741201737.968] [Machine=3] [LogicalClock=41] [Event=INTERNAL] Doing internal work.
[SystemTime=1741201738.224] [Machine=3] [LogicalClock=41] [Event=SEND] Sending message to [('localhost', 8000)]: 3|41|Hello from M3.
[SystemTime=1741201738.479] [Machine=3] [LogicalClock=43] [Event=RECEIVE] Received from M2: Hello from M2, Queue length now: 0
[SystemTime=1741201738.736] [Machine=3] [LogicalClock=43] [Event=SEND] Sending message to [('localhost', 8000), ('localhost', 8001), ('localhost', 8003), ('localhost', 8004)]: 3|43|Hello from M3.
[SystemTime=1741201738.991] [Machine=3] [LogicalClock=45] [Event=INTERNAL] Doing internal work.
[SystemTime=1741201739.247] [Machine=3] [LogicalClock=50] [Event=RECEIVE] Received from M4: Hello from M4, Queue length now: 0
[SystemTime=1741201739.502] [Machine=3] [LogicalClock=51] [Event=INTERNAL] Doing internal work.
[SystemTime=1741201739.761] [Machine=3] [LogicalClock=51] [Event=SEND] Sending message to [('localhost', 8001)]: 3|51|Hello from M3.
[SystemTime=1741201740.015] [Machine=3] [LogicalClock=53] [Event=INTERNAL] Doing internal work.
[SystemTime=1741201740.268] [Machine=3] [LogicalClock=54] [Event=INTERNAL] Doing internal work.
[SystemTime=1741201740.523] [Machine=3] [LogicalClock=57] [Event=RECEIVE] Received from M4: Hello from M4, Queue length now: 0
[SystemTime=1741201740.778] [Machine=3] [LogicalClock=58] [Event=INTERNAL] Doing internal work.
[SystemTime=1741201741.033] [Machine=3] [LogicalClock=58] [Event=SEND] Sending message to [('localhost', 8000), ('localhost', 8001), ('localhost', 8003), ('localhost', 8004)]: 3|58|Hello from M3.
[SystemTime=1741201741.285] [Machine=3] [LogicalClock=59] [Event=SEND] Sending message to [('localhost', 8000), ('localhost', 8001), ('localhost', 8003), ('localhost', 8004)]: 3|59|Hello from M3.
[SystemTime=1741201741.536] [Machine=3] [LogicalClock=61] [Event=INTERNAL] Doing internal work.
[SystemTime=1741201741.793] [Machine=3] [LogicalClock=61] [Event=SEND] Sending message to [('localhost', 8000), ('localhost', 8001), ('localhost', 8003), ('localhost', 8004)]: 3|61|Hello from M3.
[SystemTime=1741201742.049] [Machine=3] [LogicalClock=62] [Event=SEND] Sending message to [('localhost', 8000)]: 3|62|Hello from M3.
[SystemTime=1741201742.302] [Machine=3] [LogicalClock=64] [Event=INTERNAL] Doing internal work.
[SystemTime=1741201742.557] [Machine=3] [LogicalClock=66] [Event=RECEIVE] Received from M4: Hello from M4, Queue length now: 0
[SystemTime=1741201742.811] [Machine=3] [LogicalClock=67] [Event=INTERNAL] Doing internal work.
[SystemTime=1741201743.065] [Machine=3] [LogicalClock=68] [Event=INTERNAL] Doing internal work.
[SystemTime=1741201743.318] [Machine=3] [LogicalClock=69] [Event=INTERNAL] Doing internal work.
[SystemTime=1741201743.573] [Machine=3] [LogicalClock=70] [Event=INTERNAL] Doing internal work.
[SystemTime=1741201743.828] [Machine=3] [LogicalClock=71] [Event=INTERNAL] Doing internal work.
[SystemTime=1741201744.082] [Machine=3] [LogicalClock=72] [Event=INTERNAL] Doing internal work.
[SystemTime=1741201744.338] [Machine=3] [LogicalClock=72] [Event=SEND] Sending message to [('localhost', 8001)]: 3|72|Hello from M3.
[SystemTime=1741201744.595] [Machine=3] [LogicalClock=73] [Event=SEND] Sending message to [('localhost', 8000), ('localhost', 8001), ('localhost', 8003), ('localhost', 8004)]: 3|73|Hello from M3.
[SystemTime=1741201744.847] [Machine=3] [LogicalClock=75] [Event=INTERNAL] Doing internal work.
[SystemTime=1741201745.102] [Machine=3] [LogicalClock=76] [Event=INTERNAL] Doing internal work.
[SystemTime=1741201745.355] [Machine=3] [LogicalClock=77] [Event=INTERNAL] Doing internal work.
[SystemTime=1741201745.605] [Machine=3] [LogicalClock=78] [Event=INTERNAL] Doing internal work.
[SystemTime=1741201745.856] [Machine=3] [LogicalClock=83] [Event=RECEIVE] Received from M4: Hello from M4, Queue length now: 0
[SystemTime=1741201746.112] [Machine=3] [LogicalClock=84] [Event=INTERNAL] Doing internal work.
[SystemTime=1741201746.367] [Machine=3] [LogicalClock=85] [Event=INTERNAL] Doing internal work.
[SystemTime=1741201746.619] [Machine=3] [LogicalClock=86] [Event=RECEIVE] Received from M4: Hello from M4, Queue length now: 0
[SystemTime=1741201746.870] [Machine=3] [LogicalClock=88] [Event=RECEIVE] Received from M4: Hello from M4, Queue length now: 0
[SystemTime=1741201747.123] [Machine=3] [LogicalClock=89] [Event=RECEIVE] Received from M4: Hello from M4, Queue length now: 0
[SystemTime=1741201747.378] [Machine=3] [LogicalClock=90] [Event=INTERNAL] Doing internal work.
[SystemTime=1741201747.635] [Machine=3] [LogicalClock=90] [Event=SEND] Sending message to [('localhost', 8000)]: 3|90|Hello from M3.
[SystemTime=1741201747.888] [Machine=3] [LogicalClock=91] [Event=SEND] Sending message to [('localhost', 8000)]: 3|91|Hello from M3.
[SystemTime=1741201748.143] [Machine=3] [LogicalClock=93] [Event=INTERNAL] Doing internal work.
[SystemTime=1741201748.397] [Machine=3] [LogicalClock=95] [Event=RECEIVE] Received from M4: Hello from M4, Queue length now: 0
[SystemTime=1741201748.649] [Machine=3] [LogicalClock=96] [Event=INTERNAL] Doing internal work.
[SystemTime=1741201748.900] [Machine=3] [LogicalClock=97] [Event=INTERNAL] Doing internal work.
[SystemTime=1741201749.155] [Machine=3] [LogicalClock=98] [Event=INTERNAL] Doing internal work.
[SystemTime=1741201749.407] [Machine=3] [LogicalClock=99] [Event=INTERNAL] Doing internal work.
[SystemTime=1741201749.663] [Machine=3] [LogicalClock=101] [Event=RECEIVE] Received from M4: Hello from M4, Queue length now: 0
[SystemTime=1741201749.915] [Machine=3] [LogicalClock=102] [Event=INTERNAL] Doing internal work.
[SystemTime=1741201750.170] [Machine=3] [LogicalClock=103] [Event=INTERNAL] Doing internal work.
[SystemTime=1741201750.425] [Machine=3] [LogicalClock=104] [Event=INTERNAL] Doing internal work.
[SystemTime=1741201750.681] [Machine=3] [LogicalClock=105] [Event=INTERNAL] Doing internal work.
[SystemTime=1741201750.932] [Machine=3] [LogicalClock=106] [Event=RECEIVE] Received from M2: Hello from M2, Queue length now: 0
[SystemTime=1741201751.187] [Machine=3] [LogicalClock=109] [Event=RECEIVE] Received from M4: Hello from M4, Queue length now: 0
[SystemTime=1741201751.440] [Machine=3] [LogicalClock=110] [Event=INTERNAL] Doing internal work.
[SystemTime=1741201751.695] [Machine=3] [LogicalClock=111] [Event=INTERNAL] Doing internal work.
[SystemTime=1741201751.952] [Machine=3] [LogicalClock=112] [Event=INTERNAL] Doing internal work.
[SystemTime=1741201752.208] [Machine=3] [LogicalClock=112] [Event=SEND] Sending message to [('localhost', 8000)]: 3|112|Hello from M3.
[SystemTime=1741201752.465] [Machine=3] [LogicalClock=113] [Event=SEND] Sending message to [('localhost', 8000), ('localhost', 8001), ('localhost', 8003), ('localhost', 8004)]: 3|113|Hello from M3.
[SystemTime=1741201752.722] [Machine=3] [LogicalClock=115] [Event=INTERNAL] Doing internal work.
[SystemTime=1741201752.975] [Machine=3] [LogicalClock=116] [Event=INTERNAL] Doing internal work.
[SystemTime=1741201753.230] [Machine=3] [LogicalClock=117] [Event=RECEIVE] Received from M2: Hello from M2, Queue length now: 0
[SystemTime=1741201753.484] [Machine=3] [LogicalClock=118] [Event=INTERNAL] Doing internal work.
[SystemTime=1741201753.739] [Machine=3] [LogicalClock=119] [Event=INTERNAL] Doing internal work.
[SystemTime=1741201753.994] [Machine=3] [LogicalClock=120] [Event=INTERNAL] Doing internal work.
[SystemTime=1741201754.246] [Machine=3] [LogicalClock=121] [Event=INTERNAL] Doing internal work.
[SystemTime=1741201754.502] [Machine=3] [LogicalClock=122] [Event=RECEIVE] Received from M2: Hello from M2, Queue length now: 0
[SystemTime=1741201754.758] [Machine=3] [LogicalClock=122] [Event=SEND] Sending message to [('localhost', 8001)]: 3|122|Hello from M3.
[SystemTime=1741201755.013] [Machine=3] [LogicalClock=124] [Event=INTERNAL] Doing internal work.
[SystemTime=1741201755.268] [Machine=3] [LogicalClock=125] [Event=INTERNAL] Doing internal work.
[SystemTime=1741201755.523] [Machine=3] [LogicalClock=126] [Event=INTERNAL] Doing internal work.
[SystemTime=1741201755.778] [Machine=3] [LogicalClock=127] [Event=INTERNAL] Doing internal work.
[SystemTime=1741201756.034] [Machine=3] [LogicalClock=128] [Event=INTERNAL] Doing internal work.
[SystemTime=1741201756.292] [Machine=3] [LogicalClock=128] [Event=SEND] Sending message to [('localhost', 8001)]: 3|128|Hello from M3.
[SystemTime=1741201756.547] [Machine=3] [LogicalClock=130] [Event=INTERNAL] Doing internal work.
[SystemTime=1741201756.802] [Machine=3] [LogicalClock=136] [Event=RECEIVE] Received from M4: Hello from M4, Queue length now: 0
[SystemTime=1741201757.058] [Machine=3] [LogicalClock=137] [Event=INTERNAL] Doing internal work.
[SystemTime=1741201757.313] [Machine=3] [LogicalClock=138] [Event=INTERNAL] Doing internal work.
[SystemTime=1741201757.566] [Machine=3] [LogicalClock=140] [Event=RECEIVE] Received from M4: Hello from M4, Queue length now: 0
[SystemTime=1741201757.822] [Machine=3] [LogicalClock=141] [Event=INTERNAL] Doing internal work.
[SystemTime=1741201758.078] [Machine=3] [LogicalClock=141] [Event=SEND] Sending message to [('localhost', 8001)]: 3|141|Hello from M3.
[SystemTime=1741201758.334] [Machine=3] [LogicalClock=143] [Event=INTERNAL] Doing internal work.
[SystemTime=1741201758.589] [Machine=3] [LogicalClock=144] [Event=INTERNAL] Doing internal work.
[SystemTime=1741201758.844] [Machine=3] [LogicalClock=145] [Event=INTERNAL] Doing internal work.
[SystemTime=1741201759.112] [Machine=3] [LogicalClock=146] [Event=INTERNAL] Doing internal work.
[SystemTime=1741201759.366] [Machine=3] [LogicalClock=147] [Event=INTERNAL] Doing internal work.
[SystemTime=1741201759.617] [Machine=3] [LogicalClock=150] [Event=RECEIVE] Received from M4: Hello from M4, Queue length now: 0
[SystemTime=1741201759.872] [Machine=3] [LogicalClock=150] [Event=SEND] Sending message to [('localhost', 8000)]: 3|150|Hello from M3.
[SystemTime=1741201760.131] [Machine=3] [LogicalClock=152] [Event=INTERNAL] Doing internal work.
[SystemTime=1741201760.389] [Machine=3] [LogicalClock=153] [Event=INTERNAL] Doing internal work.
[SystemTime=1741201760.642] [Machine=3] [LogicalClock=153] [Event=SEND] Sending message to [('localhost', 8000)]: 3|153|Hello from M3.
[SystemTime=1741201760.897] [Machine=3] [LogicalClock=155] [Event=INTERNAL] Doing internal work.
[SystemTime=1741201761.148] [Machine=3] [LogicalClock=156] [Event=RECEIVE] Received from M5: Hello from M5, Queue length now: 0
[SystemTime=1741201761.399] [Machine=3] [LogicalClock=158] [Event=RECEIVE] Received from M4: Hello from M4, Queue length now: 0
[SystemTime=1741201761.653] [Machine=3] [LogicalClock=159] [Event=INTERNAL] Doing internal work.
[SystemTime=1741201761.908] [Machine=3] [LogicalClock=160] [Event=INTERNAL] Doing internal work.
[SystemTime=1741201762.164] [Machine=3] [LogicalClock=161] [Event=INTERNAL] Doing internal work.
[SystemTime=1741201762.421] [Machine=3] [LogicalClock=161] [Event=SEND] Sending message to [('localhost', 8000), ('localhost', 8001), ('localhost', 8003), ('localhost', 8004)]: 3|161|Hello from M3.
[SystemTime=1741201762.676] [Machine=3] [LogicalClock=163] [Event=INTERNAL] Doing internal work.
[SystemTime=1741201762.928] [Machine=3] [LogicalClock=164] [Event=INTERNAL] Doing internal work.
[SystemTime=1741201763.183] [Machine=3] [LogicalClock=165] [Event=INTERNAL] Doing internal work.
[SystemTime=1741201763.440] [Machine=3] [LogicalClock=165] [Event=SEND] Sending message to [('localhost', 8000), ('localhost', 8001), ('localhost', 8003), ('localhost', 8004)]: 3|165|Hello from M3.
[SystemTime=1741201763.696] [Machine=3] [LogicalClock=167] [Event=INTERNAL] Doing internal work.
[SystemTime=1741201763.949] [Machine=3] [LogicalClock=167] [Event=SEND] Sending message to [('localhost', 8001)]: 3|167|Hello from M3.
[SystemTime=1741201764.202] [Machine=3] [LogicalClock=169] [Event=INTERNAL] Doing internal work.
[SystemTime=1741201764.460] [Machine=3] [LogicalClock=169] [Event=SEND] Sending message to [('localhost', 8000), ('localhost', 8001), ('localhost', 8003), ('localhost', 8004)]: 3|169|Hello from M3.
[SystemTime=1741201764.717] [Machine=3] [LogicalClock=170] [Event=SEND] Sending message to [('localhost', 8001)]: 3|170|Hello from M3.
[SystemTime=1741201764.970] [Machine=3] [LogicalClock=172] [Event=INTERNAL] Doing internal work.
[SystemTime=1741201765.225] [Machine=3] [LogicalClock=173] [Event=INTERNAL] Doing internal work.
[SystemTime=1741201765.481] [Machine=3] [LogicalClock=174] [Event=INTERNAL] Doing internal work.
[SystemTime=1741201765.732] [Machine=3] [LogicalClock=175] [Event=RECEIVE] Received from M2: Hello from M2, Queue length now: 0
[SystemTime=1741201765.988] [Machine=3] [LogicalClock=176] [Event=INTERNAL] Doing internal work.
[SystemTime=1741201766.243] [Machine=3] [LogicalClock=177] [Event=INTERNAL] Doing internal work.
[SystemTime=1741201766.495] [Machine=3] [LogicalClock=178] [Event=INTERNAL] Doing internal work.
[SystemTime=1741201766.745] [Machine=3] [LogicalClock=179] [Event=INTERNAL] Doing internal work.
[SystemTime=1741201767.003] [Machine=3] [LogicalClock=179] [Event=SEND] Sending message to [('localhost', 8000), ('localhost', 8001), ('localhost', 8003), ('localhost', 8004)]: 3|179|Hello from M3.
[SystemTime=1741201767.257] [Machine=3] [LogicalClock=181] [Event=INTERNAL] Doing internal work.
[SystemTime=1741201767.511] [Machine=3] [LogicalClock=182] [Event=INTERNAL] Doing internal work.
[SystemTime=1741201767.766] [Machine=3] [LogicalClock=187] [Event=RECEIVE] Received from M2: Hello from M2, Queue length now: 0
[SystemTime=1741201768.017] [Machine=3] [LogicalClock=188] [Event=INTERNAL] Doing internal work.
[SystemTime=1741201768.272] [Machine=3] [LogicalClock=188] [Event=SEND] Sending message to [('localhost', 8000)]: 3|188|Hello from M3.
[SystemTime=1741201768.526] [Machine=3] [LogicalClock=190] [Event=INTERNAL] Doing internal work.
[SystemTime=1741201768.780] [Machine=3] [LogicalClock=191] [Event=INTERNAL] Doing internal work.
[SystemTime=1741201769.036] [Machine=3] [LogicalClock=192] [Event=INTERNAL] Doing internal work.
[SystemTime=1741201769.291] [Machine=3] [LogicalClock=193] [Event=INTERNAL] Doing internal work.
[SystemTime=1741201769.546] [Machine=3] [LogicalClock=194] [Event=INTERNAL] Doing internal work.
[SystemTime=1741201769.798] [Machine=3] [LogicalClock=195] [Event=INTERNAL] Doing internal work.
[SystemTime=1741201770.050] [Machine=3] [LogicalClock=196] [Event=INTERNAL] Doing internal work.
[SystemTime=1741201770.305] [Machine=3] [LogicalClock=197] [Event=INTERNAL] Doing internal work.
[SystemTime=1741201770.558] [Machine=3] [LogicalClock=197] [Event=SEND] Sending message to [('localhost', 8000)]: 3|197|Hello from M3.
[SystemTime=1741201770.813] [Machine=3] [LogicalClock=199] [Event=INTERNAL] Doing internal work.
[SystemTime=1741201771.065] [Machine=3] [LogicalClock=204] [Event=RECEIVE] Received from M2: Hello from M2, Queue length now: 0
[SystemTime=1741201771.316] [Machine=3] [LogicalClock=205] [Event=INTERNAL] Doing internal work.
[SystemTime=1741201771.568] [Machine=3] [LogicalClock=206] [Event=INTERNAL] Doing internal work.
[SystemTime=1741201771.823] [Machine=3] [LogicalClock=207] [Event=INTERNAL] Doing internal work.
[SystemTime=1741201772.076] [Machine=3] [LogicalClock=211] [Event=RECEIVE] Received from M4: Hello from M4, Queue length now: 0
[SystemTime=1741201772.331] [Machine=3] [LogicalClock=212] [Event=INTERNAL] Doing internal work.
[SystemTime=1741201772.587] [Machine=3] [LogicalClock=213] [Event=RECEIVE] Received from M2: Hello from M2, Queue length now: 0
[SystemTime=1741201772.842] [Machine=3] [LogicalClock=214] [Event=INTERNAL] Doing internal work.
[SystemTime=1741201773.094] [Machine=3] [LogicalClock=215] [Event=INTERNAL] Doing internal work.
[SystemTime=1741201773.349] [Machine=3] [LogicalClock=216] [Event=INTERNAL] Doing internal work.
[SystemTime=1741201773.603] [Machine=3] [LogicalClock=216] [Event=SEND] Sending message to [('localhost', 8000), ('localhost', 8001), ('localhost', 8003), ('localhost', 8004)]: 3|216|Hello from M3.
[SystemTime=1741201773.855] [Machine=3] [LogicalClock=220] [Event=RECEIVE] Received from M4: Hello from M4, Queue length now: 0
[SystemTime=1741201774.110] [Machine=3] [LogicalClock=221] [Event=INTERNAL] Doing internal work.
[SystemTime=1741201774.363] [Machine=3] [LogicalClock=222] [Event=RECEIVE] Received from M4: Hello from M4, Queue length now: 0
[SystemTime=1741201774.620] [Machine=3] [LogicalClock=222] [Event=SEND] Sending message to [('localhost', 8000)]: 3|222|Hello from M3.
[SystemTime=1741201774.874] [Machine=3] [LogicalClock=223] [Event=SEND] Sending message to [('localhost', 8000)]: 3|223|Hello from M3.
[SystemTime=1741201775.129] [Machine=3] [LogicalClock=225] [Event=INTERNAL] Doing internal work.
[SystemTime=1741201775.381] [Machine=3] [LogicalClock=226] [Event=INTERNAL] Doing internal work.
[SystemTime=1741201775.636] [Machine=3] [LogicalClock=227] [Event=INTERNAL] Doing internal work.
[SystemTime=1741201775.890] [Machine=3] [LogicalClock=228] [Event=INTERNAL] Doing internal work.
[SystemTime=1741201776.146] [Machine=3] [LogicalClock=229] [Event=INTERNAL] Doing internal work.
[SystemTime=1741201776.398] [Machine=3] [LogicalClock=230] [Event=INTERNAL] Doing internal work.
[SystemTime=1741201776.654] [Machine=3] [LogicalClock=231] [Event=RECEIVE] Received from M2: Hello from M2, Queue length now: 0
[SystemTime=1741201776.909] [Machine=3] [LogicalClock=232] [Event=RECEIVE] Received from M2: Hello from M2, Queue length now: 0
[SystemTime=1741201777.164] [Machine=3] [LogicalClock=233] [Event=INTERNAL] Doing internal work.
[SystemTime=1741201777.419] [Machine=3] [LogicalClock=234] [Event=INTERNAL] Doing internal work.
[SystemTime=1741201777.674] [Machine=3] [LogicalClock=235] [Event=RECEIVE] Received from M2: Hello from M2, Queue length now: 0
[SystemTime=1741201777.924] [Machine=3] [LogicalClock=236] [Event=INTERNAL] Doing internal work.
[SystemTime=1741201778.177] [Machine=3] [LogicalClock=237] [Event=INTERNAL] Doing internal work.
[SystemTime=1741201778.430] [Machine=3] [LogicalClock=238] [Event=INTERNAL] Doing internal work.
[SystemTime=1741201778.686] [Machine=3] [LogicalClock=243] [Event=RECEIVE] Received from M4: Hello from M4, Queue length now: 0
[SystemTime=1741201778.942] [Machine=3] [LogicalClock=243] [Event=SEND] Sending message to [('localhost', 8000)]: 3|243|Hello from M3.
[SystemTime=1741201779.193] [Machine=3] [LogicalClock=244] [Event=SEND] Sending message to [('localhost', 8000)]: 3|244|Hello from M3.
[SystemTime=1741201779.448] [Machine=3] [LogicalClock=246] [Event=INTERNAL] Doing internal work.
[SystemTime=1741201779.703] [Machine=3] [LogicalClock=247] [Event=INTERNAL] Doing internal work.
[SystemTime=1741201779.959] [Machine=3] [LogicalClock=248] [Event=INTERNAL] Doing internal work.
[SystemTime=1741201780.214] [Machine=3] [LogicalClock=250] [Event=RECEIVE] Received from M4: Hello from M4, Queue length now: 0
[SystemTime=1741201780.469] [Machine=3] [LogicalClock=251] [Event=INTERNAL] Doing internal work.
[SystemTime=1741201780.724] [Machine=3] [LogicalClock=252] [Event=RECEIVE] Received from M2: Hello from M2, Queue length now: 0
[SystemTime=1741201780.979] [Machine=3] [LogicalClock=253] [Event=RECEIVE] Received from M2: Hello from M2, Queue length now: 0
[SystemTime=1741201781.235] [Machine=3] [LogicalClock=254] [Event=RECEIVE] Received from M2: Hello from M2, Queue length now: 0
[SystemTime=1741201781.490] [Machine=3] [LogicalClock=255] [Event=INTERNAL] Doing internal work.
[SystemTime=1741201781.746] [Machine=3] [LogicalClock=255] [Event=SEND] Sending message to [('localhost', 8000)]: 3|255|Hello from M3.
[SystemTime=1741201782.001] [Machine=3] [LogicalClock=257] [Event=INTERNAL] Doing internal work.
[SystemTime=1741201782.256] [Machine=3] [LogicalClock=259] [Event=RECEIVE] Received from M2: Hello from M2, Queue length now: 0
[SystemTime=1741201782.511] [Machine=3] [LogicalClock=262] [Event=RECEIVE] Received from M4: Hello from M4, Queue length now: 0
[SystemTime=1741201782.767] [Machine=3] [LogicalClock=262] [Event=SEND] Sending message to [('localhost', 8000), ('localhost', 8001), ('localhost', 8003), ('localhost', 8004)]: 3|262|Hello from M3.
[SystemTime=1741201783.023] [Machine=3] [LogicalClock=263] [Event=SEND] Sending message to [('localhost', 8000), ('localhost', 8001), ('localhost', 8003), ('localhost', 8004)]: 3|263|Hello from M3.
[SystemTime=1741201783.280] [Machine=3] [LogicalClock=264] [Event=SEND] Sending message to [('localhost', 8001)]: 3|264|Hello from M3.
[SystemTime=1741201783.535] [Machine=3] [LogicalClock=266] [Event=INTERNAL] Doing internal work.
[SystemTime=1741201783.791] [Machine=3] [LogicalClock=266] [Event=SEND] Sending message to [('localhost', 8001)]: 3|266|Hello from M3.
[SystemTime=1741201784.053] [Machine=3] [LogicalClock=267] [Event=SEND] Sending message to [('localhost', 8000), ('localhost', 8001), ('localhost', 8003), ('localhost', 8004)]: 3|267|Hello from M3.
[SystemTime=1741201784.309] [Machine=3] [LogicalClock=268] [Event=SEND] Sending message to [('localhost', 8001)]: 3|268|Hello from M3.
[SystemTime=1741201784.564] [Machine=3] [LogicalClock=270] [Event=INTERNAL] Doing internal work.
[SystemTime=1741201784.817] [Machine=3] [LogicalClock=270] [Event=SEND] Sending message to [('localhost', 8000)]: 3|270|Hello from M3.
[SystemTime=1741201785.070] [Machine=3] [LogicalClock=271] [Event=SEND] Sending message to [('localhost', 8001)]: 3|271|Hello from M3.
[SystemTime=1741201785.324] [Machine=3] [LogicalClock=272] [Event=SEND] Sending message to [('localhost', 8000), ('localhost', 8001), ('localhost', 8003), ('localhost', 8004)]: 3|272|Hello from M3.
[SystemTime=1741201785.582] [Machine=3] [LogicalClock=273] [Event=SEND] Sending message to [('localhost', 8000), ('localhost', 8001), ('localhost', 8003), ('localhost', 8004)]: 3|273|Hello from M3.
[SystemTime=1741201785.832] [Machine=3] [LogicalClock=275] [Event=INTERNAL] Doing internal work.
[SystemTime=1741201786.083] [Machine=3] [LogicalClock=279] [Event=RECEIVE] Received from M4: Hello from M4, Queue length now: 0
[SystemTime=1741201786.337] [Machine=3] [LogicalClock=280] [Event=INTERNAL] Doing internal work.
[SystemTime=1741201786.591] [Machine=3] [LogicalClock=281] [Event=RECEIVE] Received from M2: Hello from M2, Queue length now: 0
[SystemTime=1741201786.846] [Machine=3] [LogicalClock=282] [Event=INTERNAL] Doing internal work.
[SystemTime=1741201787.098] [Machine=3] [LogicalClock=283] [Event=INTERNAL] Doing internal work.
[SystemTime=1741201787.350] [Machine=3] [LogicalClock=286] [Event=RECEIVE] Received from M4: Hello from M4, Queue length now: 0
[SystemTime=1741201787.606] [Machine=3] [LogicalClock=287] [Event=INTERNAL] Doing internal work.
[SystemTime=1741201787.861] [Machine=3] [LogicalClock=288] [Event=INTERNAL] Doing internal work.
[SystemTime=1741201788.115] [Machine=3] [LogicalClock=289] [Event=INTERNAL] Doing internal work.
[SystemTime=1741201788.370] [Machine=3] [LogicalClock=290] [Event=INTERNAL] Doing internal work.
[SystemTime=1741201788.635] [Machine=3] [LogicalClock=291] [Event=INTERNAL] Doing internal work.
[SystemTime=1741201788.890] [Machine=3] [LogicalClock=292] [Event=INTERNAL] Doing internal work.
