[SystemTime=1741201728.784] [Machine=4] [LogicalClock=0] [Event=INIT] Clock rate initialized as 5
[SystemTime=1741201729.003] [Machine=4] [LogicalClock=1] [Event=INTERNAL] Doing internal work.
[SystemTime=1741201729.208] [Machine=4] [LogicalClock=2] [Event=RECEIVE] Received from M3: Hello from M3, Queue length now: 0
[SystemTime=1741201729.413] [Machine=4] [LogicalClock=3] [Event=INTERNAL] Doing internal work.
[SystemTime=1741201729.618] [Machine=4] [LogicalClock=4] [Event=RECEIVE] Received from M3: Hello from M3, Queue length now: 0
[SystemTime=1741201729.821] [Machine=4] [LogicalClock=5] [Event=INTERNAL] Doing internal work.
[SystemTime=1741201730.027] [Machine=4] [LogicalClock=5] [Event=SEND] Sending message to [('localhost', 8001)]: 4|5|Hello from M4.
[SystemTime=1741201730.231] [Machine=4] [LogicalClock=7] [Event=INTERNAL] Doing internal work.
[SystemTime=1741201730.437] [Machine=4] [LogicalClock=7] [Event=SEND] Sending message to [('localhost', 8000)]: 4|7|Hello from M4.
[SystemTime=1741201730.641] [Machine=4] [LogicalClock=8] [Event=SEND] Sending message to [('localhost', 8000), ('localhost', 8001), ('localhost', 8002), ('localhost', 8004)]: 4|8|Hello from M4.
[SystemTime=1741201730.847] [Machine=4] [LogicalClock=9] [Event=SEND] Sending message to [('localhost', 8000)]: 4|9|Hello from M4.
[SystemTime=1741201731.052] [Machine=4] [LogicalClock=11] [Event=INTERNAL] Doing internal work.
[SystemTime=1741201731.256] [Machine=4] [LogicalClock=12] [Event=RECEIVE] Received from M3: Hello from M3, Queue length now: 0
[SystemTime=1741201731.461] [Machine=4] [LogicalClock=12] [Event=SEND] Sending message to [('localhost', 8000)]: 4|12|Hello from M4.
[SystemTime=1741201731.665] [Machine=4] [LogicalClock=14] [Event=INTERNAL] Doing internal work.
[SystemTime=1741201731.873] [Machine=4] [LogicalClock=14] [Event=SEND] Sending message to [('localhost', 8000), ('localhost', 8001), ('localhost', 8002), ('localhost', 8004)]: 4|14|Hello from M4.
[SystemTime=1741201732.079] [Machine=4] [LogicalClock=15] [Event=SEND] Sending message to [('localhost', 8000)]: 4|15|Hello from M4.
[SystemTime=1741201732.285] [Machine=4] [LogicalClock=16] [Event=SEND] Sending message to [('localhost', 8001)]: 4|16|Hello from M4.
[SystemTime=1741201732.490] [Machine=4] [LogicalClock=18] [Event=INTERNAL] Doing internal work.
[SystemTime=1741201732.695] [Machine=4] [LogicalClock=19] [Event=INTERNAL] Doing internal work.
[SystemTime=1741201732.899] [Machine=4] [LogicalClock=20] [Event=INTERNAL] Doing internal work.
[SystemTime=1741201733.102] [Machine=4] [LogicalClock=21] [Event=INTERNAL] Doing internal work.
[SystemTime=1741201733.306] [Machine=4] [LogicalClock=21] [Event=SEND] Sending message to [('localhost', 8000)]: 4|21|Hello from M4.
[SystemTime=1741201733.513] [Machine=4] [LogicalClock=23] [Event=INTERNAL] Doing internal work.
[SystemTime=1741201733.718] [Machine=4] [LogicalClock=23] [Event=SEND] Sending message to [('localhost', 8000)]: 4|23|Hello from M4.
[SystemTime=1741201733.922] [Machine=4] [LogicalClock=25] [Event=INTERNAL] Doing internal work.
[SystemTime=1741201734.134] [Machine=4] [LogicalClock=25] [Event=SEND] Sending message to [('localhost', 8000), ('localhost', 8001), ('localhost', 8002), ('localhost', 8004)]: 4|25|Hello from M4.
[SystemTime=1741201734.339] [Machine=4] [LogicalClock=26] [Event=SEND] Sending message to [('localhost', 8000)]: 4|26|Hello from M4.
[SystemTime=1741201734.543] [Machine=4] [LogicalClock=28] [Event=INTERNAL] Doing internal work.
[SystemTime=1741201734.744] [Machine=4] [LogicalClock=29] [Event=INTERNAL] Doing internal work.
[SystemTime=1741201734.948] [Machine=4] [LogicalClock=30] [Event=INTERNAL] Doing internal work.
[SystemTime=1741201735.156] [Machine=4] [LogicalClock=30] [Event=SEND] Sending message to [('localhost', 8000)]: 4|30|Hello from M4.
[SystemTime=1741201735.369] [Machine=4] [LogicalClock=32] [Event=RECEIVE] Received from M2: Hello from M2, Queue length now: 0
[SystemTime=1741201735.575] [Machine=4] [LogicalClock=32] [Event=SEND] Sending message to [('localhost', 8001)]: 4|32|Hello from M4.
[SystemTime=1741201735.780] [Machine=4] [LogicalClock=34] [Event=INTERNAL] Doing internal work.
[SystemTime=1741201735.982] [Machine=4] [LogicalClock=35] [Event=INTERNAL] Doing internal work.
[SystemTime=1741201736.186] [Machine=4] [LogicalClock=35] [Event=SEND] Sending message to [('localhost', 8001)]: 4|35|Hello from M4.
[SystemTime=1741201736.391] [Machine=4] [LogicalClock=37] [Event=INTERNAL] Doing internal work.
[SystemTime=1741201736.591] [Machine=4] [LogicalClock=38] [Event=INTERNAL] Doing internal work.
[SystemTime=1741201736.796] [Machine=4] [LogicalClock=39] [Event=INTERNAL] Doing internal work.
[SystemTime=1741201737.003] [Machine=4] [LogicalClock=39] [Event=SEND] Sending message to [('localhost', 8001)]: 4|39|Hello from M4.
[SystemTime=1741201737.204] [Machine=4] [LogicalClock=41] [Event=INTERNAL] Doing internal work.
[SystemTime=1741201737.409] [Machine=4] [LogicalClock=42] [Event=INTERNAL] Doing internal work.
[SystemTime=1741201737.614] [Machine=4] [LogicalClock=43] [Event=INTERNAL] Doing internal work.
[SystemTime=1741201737.819] [Machine=4] [LogicalClock=44] [Event=INTERNAL] Doing internal work.
[SystemTime=1741201738.021] [Machine=4] [LogicalClock=45] [Event=INTERNAL] Doing internal work.
[SystemTime=1741201738.225] [Machine=4] [LogicalClock=45] [Event=SEND] Sending message to [('localhost', 8000)]: 4|45|Hello from M4.
[SystemTime=1741201738.430] [Machine=4] [LogicalClock=47] [Event=RECEIVE] Received from M2: Hello from M2, Queue length now: 0
[SystemTime=1741201738.632] [Machine=4] [LogicalClock=48] [Event=INTERNAL] Doing internal work.
[SystemTime=1741201738.835] [Machine=4] [LogicalClock=49] [Event=RECEIVE] Received from M3: Hello from M3, Queue length now: 0
[SystemTime=1741201739.038] [Machine=4] [LogicalClock=49] [Event=SEND] Sending message to [('localhost', 8000), ('localhost', 8001), ('localhost', 8002), ('localhost', 8004)]: 4|49|Hello from M4.
[SystemTime=1741201739.243] [Machine=4] [LogicalClock=51] [Event=INTERNAL] Doing internal work.
[SystemTime=1741201739.449] [Machine=4] [LogicalClock=51] [Event=SEND] Sending message to [('localhost', 8000)]: 4|51|Hello from M4.
[SystemTime=1741201739.652] [Machine=4] [LogicalClock=53] [Event=INTERNAL] Doing internal work.
[SystemTime=1741201739.856] [Machine=4] [LogicalClock=54] [Event=INTERNAL] Doing internal work.
[SystemTime=1741201740.062] [Machine=4] [LogicalClock=55] [Event=INTERNAL] Doing internal work.
[SystemTime=1741201740.268] [Machine=4] [LogicalClock=55] [Event=SEND] Sending message to [('localhost', 8001)]: 4|55|Hello from M4.
[SystemTime=1741201740.476] [Machine=4] [LogicalClock=56] [Event=SEND] Sending message to [('localhost', 8000), ('localhost', 8001), ('localhost', 8002), ('localhost', 8004)]: 4|56|Hello from M4.
[SystemTime=1741201740.678] [Machine=4] [LogicalClock=58] [Event=INTERNAL] Doing internal work.
[SystemTime=1741201740.885] [Machine=4] [LogicalClock=59] [Event=INTERNAL] Doing internal work.
[SystemTime=1741201741.090] [Machine=4] [LogicalClock=60] [Event=RECEIVE] Received from M3: Hello from M3, Queue length now: 0
[SystemTime=1741201741.294] [Machine=4] [LogicalClock=61] [Event=RECEIVE] Received from M3: Hello from M3, Queue length now: 0
[SystemTime=1741201741.496] [Machine=4] [LogicalClock=62] [Event=INTERNAL] Doing internal work.
[SystemTime=1741201741.698] [Machine=4] [LogicalClock=63] [Event=INTERNAL] Doing internal work.
[SystemTime=1741201741.900] [Machine=4] [LogicalClock=64] [Event=RECEIVE] Received from M3: Hello from M3, Queue length now: 0
[SystemTime=1741201742.106] [Machine=4] [LogicalClock=64] [Event=SEND] Sending message to [('localhost', 8001)]: 4|64|Hello from M4.
[SystemTime=1741201742.312] [Machine=4] [LogicalClock=65] [Event=SEND] Sending message to [('localhost', 8000), ('localhost', 8001), ('localhost', 8002), ('localhost', 8004)]: 4|65|Hello from M4.
[SystemTime=1741201742.513] [Machine=4] [LogicalClock=67] [Event=INTERNAL] Doing internal work.
[SystemTime=1741201742.720] [Machine=4] [LogicalClock=68] [Event=INTERNAL] Doing internal work.
[SystemTime=1741201742.926] [Machine=4] [LogicalClock=68] [Event=SEND] Sending message to [('localhost', 8000)]: 4|68|Hello from M4.
[SystemTime=1741201743.131] [Machine=4] [LogicalClock=70] [Event=INTERNAL] Doing internal work.
[SystemTime=1741201743.332] [Machine=4] [LogicalClock=71] [Event=INTERNAL] Doing internal work.
[SystemTime=1741201743.537] [Machine=4] [LogicalClock=72] [Event=INTERNAL] Doing internal work.
[SystemTime=1741201743.744] [Machine=4] [LogicalClock=72] [Event=SEND] Sending message to [('localhost', 8001)]: 4|72|Hello from M4.
[SystemTime=1741201743.949] [Machine=4] [LogicalClock=74] [Event=INTERNAL] Doing internal work.
[SystemTime=1741201744.151] [Machine=4] [LogicalClock=75] [Event=INTERNAL] Doing internal work.
[SystemTime=1741201744.353] [Machine=4] [LogicalClock=76] [Event=INTERNAL] Doing internal work.
[SystemTime=1741201744.558] [Machine=4] [LogicalClock=77] [Event=INTERNAL] Doing internal work.
[SystemTime=1741201744.774] [Machine=4] [LogicalClock=78] [Event=RECEIVE] Received from M3: Hello from M3, Queue length now: 0
[SystemTime=1741201744.981] [Machine=4] [LogicalClock=78] [Event=SEND] Sending message to [('localhost', 8001)]: 4|78|Hello from M4.
[SystemTime=1741201745.186] [Machine=4] [LogicalClock=80] [Event=INTERNAL] Doing internal work.
[SystemTime=1741201745.387] [Machine=4] [LogicalClock=81] [Event=INTERNAL] Doing internal work.
[SystemTime=1741201745.591] [Machine=4] [LogicalClock=82] [Event=INTERNAL] Doing internal work.
[SystemTime=1741201745.804] [Machine=4] [LogicalClock=82] [Event=SEND] Sending message to [('localhost', 8000), ('localhost', 8001), ('localhost', 8002), ('localhost', 8004)]: 4|82|Hello from M4.
[SystemTime=1741201746.009] [Machine=4] [LogicalClock=84] [Event=INTERNAL] Doing internal work.
[SystemTime=1741201746.215] [Machine=4] [LogicalClock=85] [Event=INTERNAL] Doing internal work.
[SystemTime=1741201746.419] [Machine=4] [LogicalClock=85] [Event=SEND] Sending message to [('localhost', 8000), ('localhost', 8001), ('localhost', 8002), ('localhost', 8004)]: 4|85|Hello from M4.
[SystemTime=1741201746.624] [Machine=4] [LogicalClock=87] [Event=INTERNAL] Doing internal work.
[SystemTime=1741201746.829] [Machine=4] [LogicalClock=87] [Event=SEND] Sending message to [('localhost', 8000), ('localhost', 8001), ('localhost', 8002), ('localhost', 8004)]: 4|87|Hello from M4.
[SystemTime=1741201747.044] [Machine=4] [LogicalClock=88] [Event=SEND] Sending message to [('localhost', 8000), ('localhost', 8001), ('localhost', 8002), ('localhost', 8004)]: 4|88|Hello from M4.
[SystemTime=1741201747.251] [Machine=4] [LogicalClock=89] [Event=SEND] Sending message to [('localhost', 8001)]: 4|89|Hello from M4.
[SystemTime=1741201747.452] [Machine=4] [LogicalClock=91] [Event=INTERNAL] Doing internal work.
[SystemTime=1741201747.658] [Machine=4] [LogicalClock=91] [Event=SEND] Sending message to [('localhost', 8000)]: 4|91|Hello from M4.
[SystemTime=1741201747.861] [Machine=4] [LogicalClock=93] [Event=INTERNAL] Doing internal work.
[SystemTime=1741201748.066] [Machine=4] [LogicalClock=94] [Event=INTERNAL] Doing internal work.
[SystemTime=1741201748.274] [Machine=4] [LogicalClock=94] [Event=SEND] Sending message to [('localhost', 8000), ('localhost', 8001), ('localhost', 8002), ('localhost', 8004)]: 4|94|Hello from M4.
[SystemTime=1741201748.479] [Machine=4] [LogicalClock=96] [Event=INTERNAL] Doing internal work.
[SystemTime=1741201748.686] [Machine=4] [LogicalClock=96] [Event=SEND] Sending message to [('localhost', 8001)]: 4|96|Hello from M4.
[SystemTime=1741201748.893] [Machine=4] [LogicalClock=97] [Event=SEND] Sending message to [('localhost', 8000)]: 4|97|Hello from M4.
[SystemTime=1741201749.098] [Machine=4] [LogicalClock=99] [Event=INTERNAL] Doing internal work.
[SystemTime=1741201749.302] [Machine=4] [LogicalClock=99] [Event=SEND] Sending message to [('localhost', 8001)]: 4|99|Hello from M4.
[SystemTime=1741201749.505] [Machine=4] [LogicalClock=100] [Event=SEND] Sending message to [('localhost', 8000), ('localhost', 8001), ('localhost', 8002), ('localhost', 8004)]: 4|100|Hello from M4.
[SystemTime=1741201749.715] [Machine=4] [LogicalClock=101] [Event=SEND] Sending message to [('localhost', 8000)]: 4|101|Hello from M4.
[SystemTime=1741201749.920] [Machine=4] [LogicalClock=103] [Event=INTERNAL] Doing internal work.
[SystemTime=1741201750.126] [Machine=4] [LogicalClock=103] [Event=SEND] Sending message to [('localhost', 8000)]: 4|103|Hello from M4.
[SystemTime=1741201750.332] [Machine=4] [LogicalClock=105] [Event=INTERNAL] Doing internal work.
[SystemTime=1741201750.534] [Machine=4] [LogicalClock=106] [Event=INTERNAL] Doing internal work.
[SystemTime=1741201750.741] [Machine=4] [LogicalClock=106] [Event=SEND] Sending message to [('localhost', 8000)]: 4|106|Hello from M4.
[SystemTime=1741201750.944] [Machine=4] [LogicalClock=108] [Event=RECEIVE] Received from M2: Hello from M2, Queue length now: 0
[SystemTime=1741201751.152] [Machine=4] [LogicalClock=108] [Event=SEND] Sending message to [('localhost', 8000), ('localhost', 8001), ('localhost', 8002), ('localhost', 8004)]: 4|108|Hello from M4.
[SystemTime=1741201751.357] [Machine=4] [LogicalClock=110] [Event=INTERNAL] Doing internal work.
[SystemTime=1741201751.559] [Machine=4] [LogicalClock=111] [Event=INTERNAL] Doing internal work.
[SystemTime=1741201751.764] [Machine=4] [LogicalClock=112] [Event=INTERNAL] Doing internal work.
[SystemTime=1741201751.969] [Machine=4] [LogicalClock=113] [Event=INTERNAL] Doing internal work.
[SystemTime=1741201752.176] [Machine=4] [LogicalClock=113] [Event=SEND] Sending message to [('localhost', 8001)]: 4|113|Hello from M4.
[SystemTime=1741201752.377] [Machine=4] [LogicalClock=115] [Event=INTERNAL] Doing internal work.
[SystemTime=1741201752.580] [Machine=4] [LogicalClock=116] [Event=RECEIVE] Received from M3: Hello from M3, Queue length now: 0
[SystemTime=1741201752.785] [Machine=4] [LogicalClock=117] [Event=INTERNAL] Doing internal work.
[SystemTime=1741201752.990] [Machine=4] [LogicalClock=118] [Event=INTERNAL] Doing internal work.
[SystemTime=1741201753.190] [Machine=4] [LogicalClock=119] [Event=RECEIVE] Received from M2: Hello from M2, Queue length now: 0
[SystemTime=1741201753.394] [Machine=4] [LogicalClock=119] [Event=SEND] Sending message to [('localhost', 8000)]: 4|119|Hello from M4.
[SystemTime=1741201753.596] [Machine=4] [LogicalClock=121] [Event=INTERNAL] Doing internal work.
[SystemTime=1741201753.801] [Machine=4] [LogicalClock=122] [Event=INTERNAL] Doing internal work.
[SystemTime=1741201754.003] [Machine=4] [LogicalClock=123] [Event=INTERNAL] Doing internal work.
[SystemTime=1741201754.208] [Machine=4] [LogicalClock=124] [Event=INTERNAL] Doing internal work.
[SystemTime=1741201754.413] [Machine=4] [LogicalClock=125] [Event=INTERNAL] Doing internal work.
[SystemTime=1741201754.620] [Machine=4] [LogicalClock=125] [Event=SEND] Sending message to [('localhost', 8001)]: 4|125|Hello from M4.
[SystemTime=1741201754.825] [Machine=4] [LogicalClock=127] [Event=INTERNAL] Doing internal work.
[SystemTime=1741201755.030] [Machine=4] [LogicalClock=128] [Event=INTERNAL] Doing internal work.
[SystemTime=1741201755.234] [Machine=4] [LogicalClock=128] [Event=SEND] Sending message to [('localhost', 8001)]: 4|128|Hello from M4.
[SystemTime=1741201755.439] [Machine=4] [LogicalClock=130] [Event=INTERNAL] Doing internal work.
[SystemTime=1741201755.645] [Machine=4] [LogicalClock=131] [Event=INTERNAL] Doing internal work.
[SystemTime=1741201755.848] [Machine=4] [LogicalClock=132] [Event=INTERNAL] Doing internal work.
[SystemTime=1741201756.052] [Machine=4] [LogicalClock=133] [Event=INTERNAL] Doing internal work.
[SystemTime=1741201756.257] [Machine=4] [LogicalClock=134] [Event=INTERNAL] Doing internal work.
[SystemTime=1741201756.460] [Machine=4] [LogicalClock=134] [Event=SEND] Sending message to [('localhost', 8000)]: 4|134|Hello from M4.
[SystemTime=1741201756.667] [Machine=4] [LogicalClock=135] [Event=SEND] Sending message to [('localhost', 8000), ('localhost', 8001), ('localhost', 8002), ('localhost', 8004)]: 4|135|Hello from M4.
[SystemTime=1741201756.872] [Machine=4] [LogicalClock=137] [Event=INTERNAL] Doing internal work.
[SystemTime=1741201757.077] [Machine=4] [LogicalClock=138] [Event=INTERNAL] Doing internal work.
[SystemTime=1741201757.282] [Machine=4] [LogicalClock=139] [Event=INTERNAL] Doing internal work.
[SystemTime=1741201757.485] [Machine=4] [LogicalClock=139] [Event=SEND] Sending message to [('localhost', 8000), ('localhost', 8001), ('localhost', 8002), ('localhost', 8004)]: 4|139|Hello from M4.
[SystemTime=1741201757.690] [Machine=4] [LogicalClock=141] [Event=INTERNAL] Doing internal work.
[SystemTime=1741201757.897] [Machine=4] [LogicalClock=141] [Event=SEND] Sending message to [('localhost', 8000)]: 4|141|Hello from M4.
[SystemTime=1741201758.103] [Machine=4] [LogicalClock=142] [Event=SEND] Sending message to [('localhost', 8001)]: 4|142|Hello from M4.
[SystemTime=1741201758.308] [Machine=4] [LogicalClock=144] [Event=INTERNAL] Doing internal work.
[SystemTime=1741201758.513] [Machine=4] [LogicalClock=145] [Event=INTERNAL] Doing internal work.
[SystemTime=1741201758.718] [Machine=4] [LogicalClock=146] [Event=INTERNAL] Doing internal work.
[SystemTime=1741201758.923] [Machine=4] [LogicalClock=147] [Event=INTERNAL] Doing internal work.
[SystemTime=1741201759.127] [Machine=4] [LogicalClock=148] [Event=INTERNAL] Doing internal work.
[SystemTime=1741201759.333] [Machine=4] [LogicalClock=149] [Event=INTERNAL] Doing internal work.
[SystemTime=1741201759.538] [Machine=4] [LogicalClock=149] [Event=SEND] Sending message to [('localhost', 8000), ('localhost', 8001), ('localhost', 8002), ('localhost', 8004)]: 4|149|Hello from M4.
[SystemTime=1741201759.743] [Machine=4] [LogicalClock=151] [Event=INTERNAL] Doing internal work.
[SystemTime=1741201759.944] [Machine=4] [LogicalClock=152] [Event=INTERNAL] Doing internal work.
[SystemTime=1741201760.151] [Machine=4] [LogicalClock=153] [Event=INTERNAL] Doing internal work.
[SystemTime=1741201760.358] [Machine=4] [LogicalClock=153] [Event=SEND] Sending message to [('localhost', 8000)]: 4|153|Hello from M4.
[SystemTime=1741201760.562] [Machine=4] [LogicalClock=155] [Event=INTERNAL] Doing internal work.
[SystemTime=1741201760.765] [Machine=4] [LogicalClock=156] [Event=INTERNAL] Doing internal work.
[SystemTime=1741201760.965] [Machine=4] [LogicalClock=157] [Event=RECEIVE] Received from M5: Hello from M5, Queue length now: 0
[SystemTime=1741201761.173] [Machine=4] [LogicalClock=157] [Event=SEND] Sending message to [('localhost', 8000), ('localhost', 8001), ('localhost', 8002), ('localhost', 8004)]: 4|157|Hello from M4.
[SystemTime=1741201761.378] [Machine=4] [LogicalClock=159] [Event=INTERNAL] Doing internal work.
[SystemTime=1741201761.582] [Machine=4] [LogicalClock=159] [Event=SEND] Sending message to [('localhost', 8001)]: 4|159|Hello from M4.
[SystemTime=1741201761.788] [Machine=4] [LogicalClock=161] [Event=INTERNAL] Doing internal work.
[SystemTime=1741201761.993] [Machine=4] [LogicalClock=162] [Event=INTERNAL] Doing internal work.
[SystemTime=1741201762.199] [Machine=4] [LogicalClock=162] [Event=SEND] Sending message to [('localhost', 8001)]: 4|162|Hello from M4.
[SystemTime=1741201762.402] [Machine=4] [LogicalClock=164] [Event=INTERNAL] Doing internal work.
[SystemTime=1741201762.604] [Machine=4] [LogicalClock=165] [Event=RECEIVE] Received from M3: Hello from M3, Queue length now: 0
[SystemTime=1741201762.809] [Machine=4] [LogicalClock=166] [Event=INTERNAL] Doing internal work.
[SystemTime=1741201763.013] [Machine=4] [LogicalClock=166] [Event=SEND] Sending message to [('localhost', 8000)]: 4|166|Hello from M4.
[SystemTime=1741201763.214] [Machine=4] [LogicalClock=168] [Event=INTERNAL] Doing internal work.
[SystemTime=1741201763.417] [Machine=4] [LogicalClock=168] [Event=SEND] Sending message to [('localhost', 8001)]: 4|168|Hello from M4.
[SystemTime=1741201763.620] [Machine=4] [LogicalClock=170] [Event=RECEIVE] Received from M3: Hello from M3, Queue length now: 0
[SystemTime=1741201763.824] [Machine=4] [LogicalClock=171] [Event=INTERNAL] Doing internal work.
[SystemTime=1741201764.028] [Machine=4] [LogicalClock=171] [Event=SEND] Sending message to [('localhost', 8000)]: 4|171|Hello from M4.
[SystemTime=1741201764.232] [Machine=4] [LogicalClock=173] [Event=INTERNAL] Doing internal work.
[SystemTime=1741201764.436] [Machine=4] [LogicalClock=174] [Event=INTERNAL] Doing internal work.
[SystemTime=1741201764.641] [Machine=4] [LogicalClock=175] [Event=RECEIVE] Received from M3: Hello from M3, Queue length now: 0
[SystemTime=1741201764.846] [Machine=4] [LogicalClock=176] [Event=INTERNAL] Doing internal work.
[SystemTime=1741201765.049] [Machine=4] [LogicalClock=176] [Event=SEND] Sending message to [('localhost', 8000)]: 4|176|Hello from M4.
[SystemTime=1741201765.256] [Machine=4] [LogicalClock=177] [Event=SEND] Sending message to [('localhost', 8000)]: 4|177|Hello from M4.
[SystemTime=1741201765.461] [Machine=4] [LogicalClock=179] [Event=INTERNAL] Doing internal work.
[SystemTime=1741201765.662] [Machine=4] [LogicalClock=180] [Event=RECEIVE] Received from M2: Hello from M2, Queue length now: 0
[SystemTime=1741201765.866] [Machine=4] [LogicalClock=181] [Event=INTERNAL] Doing internal work.
[SystemTime=1741201766.072] [Machine=4] [LogicalClock=182] [Event=INTERNAL] Doing internal work.
[SystemTime=1741201766.273] [Machine=4] [LogicalClock=183] [Event=INTERNAL] Doing internal work.
[SystemTime=1741201766.479] [Machine=4] [LogicalClock=183] [Event=SEND] Sending message to [('localhost', 8001)]: 4|183|Hello from M4.
[SystemTime=1741201766.681] [Machine=4] [LogicalClock=185] [Event=INTERNAL] Doing internal work.
[SystemTime=1741201766.882] [Machine=4] [LogicalClock=186] [Event=INTERNAL] Doing internal work.
[SystemTime=1741201767.087] [Machine=4] [LogicalClock=187] [Event=RECEIVE] Received from M3: Hello from M3, Queue length now: 0
[SystemTime=1741201767.292] [Machine=4] [LogicalClock=188] [Event=INTERNAL] Doing internal work.
[SystemTime=1741201767.497] [Machine=4] [LogicalClock=189] [Event=INTERNAL] Doing internal work.
[SystemTime=1741201767.703] [Machine=4] [LogicalClock=190] [Event=INTERNAL] Doing internal work.
[SystemTime=1741201767.906] [Machine=4] [LogicalClock=190] [Event=SEND] Sending message to [('localhost', 8000)]: 4|190|Hello from M4.
[SystemTime=1741201768.108] [Machine=4] [LogicalClock=192] [Event=INTERNAL] Doing internal work.
[SystemTime=1741201768.310] [Machine=4] [LogicalClock=193] [Event=INTERNAL] Doing internal work.
[SystemTime=1741201768.516] [Machine=4] [LogicalClock=194] [Event=INTERNAL] Doing internal work.
[SystemTime=1741201768.723] [Machine=4] [LogicalClock=194] [Event=SEND] Sending message to [('localhost', 8000)]: 4|194|Hello from M4.
[SystemTime=1741201768.929] [Machine=4] [LogicalClock=196] [Event=INTERNAL] Doing internal work.
[SystemTime=1741201769.134] [Machine=4] [LogicalClock=197] [Event=INTERNAL] Doing internal work.
[SystemTime=1741201769.338] [Machine=4] [LogicalClock=198] [Event=INTERNAL] Doing internal work.
[SystemTime=1741201769.544] [Machine=4] [LogicalClock=199] [Event=INTERNAL] Doing internal work.
[SystemTime=1741201769.749] [Machine=4] [LogicalClock=200] [Event=INTERNAL] Doing internal work.
[SystemTime=1741201769.955] [Machine=4] [LogicalClock=200] [Event=SEND] Sending message to [('localhost', 8001)]: 4|200|Hello from M4.
[SystemTime=1741201770.161] [Machine=4] [LogicalClock=202] [Event=INTERNAL] Doing internal work.
[SystemTime=1741201770.361] [Machine=4] [LogicalClock=203] [Event=INTERNAL] Doing internal work.
[SystemTime=1741201770.566] [Machine=4] [LogicalClock=204] [Event=INTERNAL] Doing internal work.
[SystemTime=1741201770.767] [Machine=4] [LogicalClock=205] [Event=INTERNAL] Doing internal work.
[SystemTime=1741201770.968] [Machine=4] [LogicalClock=206] [Event=INTERNAL] Doing internal work.
[SystemTime=1741201771.173] [Machine=4] [LogicalClock=207] [Event=INTERNAL] Doing internal work.
[SystemTime=1741201771.380] [Machine=4] [LogicalClock=207] [Event=SEND] Sending message to [('localhost', 8001)]: 4|207|Hello from M4.
[SystemTime=1741201771.585] [Machine=4] [LogicalClock=209] [Event=INTERNAL] Doing internal work.
[SystemTime=1741201771.790] [Machine=4] [LogicalClock=209] [Event=SEND] Sending message to [('localhost', 8000)]: 4|209|Hello from M4.
[SystemTime=1741201771.997] [Machine=4] [LogicalClock=210] [Event=SEND] Sending message to [('localhost', 8000), ('localhost', 8001), ('localhost', 8002), ('localhost', 8004)]: 4|210|Hello from M4.
[SystemTime=1741201772.203] [Machine=4] [LogicalClock=211] [Event=SEND] Sending message to [('localhost', 8000)]: 4|211|Hello from M4.
[SystemTime=1741201772.404] [Machine=4] [LogicalClock=213] [Event=RECEIVE] Received from M2: Hello from M2, Queue length now: 0
[SystemTime=1741201772.609] [Machine=4] [LogicalClock=214] [Event=INTERNAL] Doing internal work.
[SystemTime=1741201772.814] [Machine=4] [LogicalClock=215] [Event=INTERNAL] Doing internal work.
[SystemTime=1741201773.019] [Machine=4] [LogicalClock=216] [Event=INTERNAL] Doing internal work.
[SystemTime=1741201773.225] [Machine=4] [LogicalClock=217] [Event=INTERNAL] Doing internal work.
[SystemTime=1741201773.428] [Machine=4] [LogicalClock=218] [Event=INTERNAL] Doing internal work.
[SystemTime=1741201773.633] [Machine=4] [LogicalClock=219] [Event=RECEIVE] Received from M3: Hello from M3, Queue length now: 0
[SystemTime=1741201773.842] [Machine=4] [LogicalClock=219] [Event=SEND] Sending message to [('localhost', 8000), ('localhost', 8001), ('localhost', 8002), ('localhost', 8004)]: 4|219|Hello from M4.
[SystemTime=1741201774.047] [Machine=4] [LogicalClock=221] [Event=INTERNAL] Doing internal work.
[SystemTime=1741201774.256] [Machine=4] [LogicalClock=221] [Event=SEND] Sending message to [('localhost', 8000), ('localhost', 8001), ('localhost', 8002), ('localhost', 8004)]: 4|221|Hello from M4.
[SystemTime=1741201774.457] [Machine=4] [LogicalClock=223] [Event=INTERNAL] Doing internal work.
[SystemTime=1741201774.662] [Machine=4] [LogicalClock=224] [Event=INTERNAL] Doing internal work.
[SystemTime=1741201774.867] [Machine=4] [LogicalClock=225] [Event=INTERNAL] Doing internal work.
[SystemTime=1741201775.072] [Machine=4] [LogicalClock=225] [Event=SEND] Sending message to [('localhost', 8000)]: 4|225|Hello from M4.
[SystemTime=1741201775.275] [Machine=4] [LogicalClock=226] [Event=SEND] Sending message to [('localhost', 8001)]: 4|226|Hello from M4.
[SystemTime=1741201775.480] [Machine=4] [LogicalClock=228] [Event=INTERNAL] Doing internal work.
[SystemTime=1741201775.682] [Machine=4] [LogicalClock=228] [Event=SEND] Sending message to [('localhost', 8000)]: 4|228|Hello from M4.
[SystemTime=1741201775.885] [Machine=4] [LogicalClock=230] [Event=INTERNAL] Doing internal work.
[SystemTime=1741201776.090] [Machine=4] [LogicalClock=231] [Event=INTERNAL] Doing internal work.
[SystemTime=1741201776.295] [Machine=4] [LogicalClock=232] [Event=INTERNAL] Doing internal work.
[SystemTime=1741201776.501] [Machine=4] [LogicalClock=233] [Event=RECEIVE] Received from M2: Hello from M2, Queue length now: 0
[SystemTime=1741201776.705] [Machine=4] [LogicalClock=234] [Event=INTERNAL] Doing internal work.
[SystemTime=1741201776.910] [Machine=4] [LogicalClock=235] [Event=INTERNAL] Doing internal work.
[SystemTime=1741201777.112] [Machine=4] [LogicalClock=236] [Event=INTERNAL] Doing internal work.
[SystemTime=1741201777.316] [Machine=4] [LogicalClock=237] [Event=INTERNAL] Doing internal work.
[SystemTime=1741201777.521] [Machine=4] [LogicalClock=238] [Event=RECEIVE] Received from M2: Hello from M2, Queue length now: 0
[SystemTime=1741201777.727] [Machine=4] [LogicalClock=238] [Event=SEND] Sending message to [('localhost', 8000)]: 4|238|Hello from M4.
[SystemTime=1741201777.928] [Machine=4] [LogicalClock=240] [Event=INTERNAL] Doing internal work.
[SystemTime=1741201778.131] [Machine=4] [LogicalClock=241] [Event=INTERNAL] Doing internal work.
[SystemTime=1741201778.334] [Machine=4] [LogicalClock=241] [Event=SEND] Sending message to [('localhost', 8000)]: 4|241|Hello from M4.
[SystemTime=1741201778.541] [Machine=4] [LogicalClock=242] [Event=SEND] Sending message to [('localhost', 8000), ('localhost', 8001), ('localhost', 8002), ('localhost', 8004)]: 4|242|Hello from M4.
[SystemTime=1741201778.746] [Machine=4] [LogicalClock=244] [Event=INTERNAL] Doing internal work.
[SystemTime=1741201778.948] [Machine=4] [LogicalClock=245] [Event=INTERNAL] Doing internal work.
[SystemTime=1741201779.154] [Machine=4] [LogicalClock=245] [Event=SEND] Sending message to [('localhost', 8001)]: 4|245|Hello from M4.
[SystemTime=1741201779.357] [Machine=4] [LogicalClock=247] [Event=INTERNAL] Doing internal work.
[SystemTime=1741201779.561] [Machine=4] [LogicalClock=248] [Event=INTERNAL] Doing internal work.
[SystemTime=1741201779.770] [Machine=4] [LogicalClock=248] [Event=SEND] Sending message to [('localhost', 8001)]: 4|248|Hello from M4.
[SystemTime=1741201779.975] [Machine=4] [LogicalClock=249] [Event=SEND] Sending message to [('localhost', 8000), ('localhost', 8001), ('localhost', 8002), ('localhost', 8004)]: 4|249|Hello from M4.
[SystemTime=1741201780.180] [Machine=4] [LogicalClock=251] [Event=INTERNAL] Doing internal work.
[SystemTime=1741201780.386] [Machine=4] [LogicalClock=252] [Event=INTERNAL] Doing internal work.
[SystemTime=1741201780.591] [Machine=4] [LogicalClock=253] [Event=RECEIVE] Received from M2: Hello from M2, Queue length now: 0
[SystemTime=1741201780.796] [Machine=4] [LogicalClock=254] [Event=INTERNAL] Doing internal work.
[SystemTime=1741201781.001] [Machine=4] [LogicalClock=255] [Event=RECEIVE] Received from M2: Hello from M2, Queue length now: 0
[SystemTime=1741201781.206] [Machine=4] [LogicalClock=256] [Event=RECEIVE] Received from M2: Hello from M2, Queue length now: 0
[SystemTime=1741201781.412] [Machine=4] [LogicalClock=256] [Event=SEND] Sending message to [('localhost', 8001)]: 4|256|Hello from M4.
[SystemTime=1741201781.617] [Machine=4] [LogicalClock=257] [Event=SEND] Sending message to [('localhost', 8000)]: 4|257|Hello from M4.
[SystemTime=1741201781.823] [Machine=4] [LogicalClock=259] [Event=INTERNAL] Doing internal work.
[SystemTime=1741201782.028] [Machine=4] [LogicalClock=260] [Event=INTERNAL] Doing internal work.
[SystemTime=1741201782.233] [Machine=4] [LogicalClock=261] [Event=INTERNAL] Doing internal work.
[SystemTime=1741201782.441] [Machine=4] [LogicalClock=261] [Event=SEND] Sending message to [('localhost', 8000), ('localhost', 8001), ('localhost', 8002), ('localhost', 8004)]: 4|261|Hello from M4.
[SystemTime=1741201782.643] [Machine=4] [LogicalClock=263] [Event=INTERNAL] Doing internal work.
[SystemTime=1741201782.848] [Machine=4] [LogicalClock=264] [Event=RECEIVE] Received from M3: Hello from M3, Queue length now: 0
[SystemTime=1741201783.049] [Machine=4] [LogicalClock=265] [Event=RECEIVE] Received from M3: Hello from M3, Queue length now: 0
[SystemTime=1741201783.254] [Machine=4] [LogicalClock=266] [Event=INTERNAL] Doing internal work.
[SystemTime=1741201783.463] [Machine=4] [LogicalClock=267] [Event=INTERNAL] Doing internal work.
[SystemTime=1741201783.664] [Machine=4] [LogicalClock=268] [Event=INTERNAL] Doing internal work.
[SystemTime=1741201783.866] [Machine=4] [LogicalClock=269] [Event=INTERNAL] Doing internal work.
[SystemTime=1741201784.071] [Machine=4] [LogicalClock=270] [Event=RECEIVE] Received from M3: Hello from M3, Queue length now: 0
[SystemTime=1741201784.276] [Machine=4] [LogicalClock=271] [Event=INTERNAL] Doing internal work.
[SystemTime=1741201784.482] [Machine=4] [LogicalClock=271] [Event=SEND] Sending message to [('localhost', 8001)]: 4|271|Hello from M4.
[SystemTime=1741201784.687] [Machine=4] [LogicalClock=273] [Event=INTERNAL] Doing internal work.
[SystemTime=1741201784.888] [Machine=4] [LogicalClock=274] [Event=INTERNAL] Doing internal work.
[SystemTime=1741201785.093] [Machine=4] [LogicalClock=275] [Event=INTERNAL] Doing internal work.
[SystemTime=1741201785.298] [Machine=4] [LogicalClock=276] [Event=INTERNAL] Doing internal work.
[SystemTime=1741201785.501] [Machine=4] [LogicalClock=277] [Event=RECEIVE] Received from M3: Hello from M3, Queue length now: 0
[SystemTime=1741201785.706] [Machine=4] [LogicalClock=278] [Event=RECEIVE] Received from M3: Hello from M3, Queue length now: 0
[SystemTime=1741201785.914] [Machine=4] [LogicalClock=278] [Event=SEND] Sending message to [('localhost', 8000), ('localhost', 8001), ('localhost', 8002), ('localhost', 8004)]: 4|278|Hello from M4.
[SystemTime=1741201786.117] [Machine=4] [LogicalClock=279] [Event=SEND] Sending message to [('localhost', 8000)]: 4|279|Hello from M4.
[SystemTime=1741201786.322] [Machine=4] [LogicalClock=281] [Event=INTERNAL] Doing internal work.
[SystemTime=1741201786.525] [Machine=4] [LogicalClock=282] [Event=INTERNAL] Doing internal work.
[SystemTime=1741201786.730] [Machine=4] [LogicalClock=283] [Event=RECEIVE] Received from M2: Hello from M2, Queue length now: 0
[SystemTime=1741201786.934] [Machine=4] [LogicalClock=284] [Event=INTERNAL] Doing internal work.
[SystemTime=1741201787.136] [Machine=4] [LogicalClock=285] [Event=INTERNAL] Doing internal work.
[SystemTime=1741201787.344] [Machine=4] [LogicalClock=285] [Event=SEND] Sending message to [('localhost', 8000), ('localhost', 8001), ('localhost', 8002), ('localhost', 8004)]: 4|285|Hello from M4.
[SystemTime=1741201787.549] [Machine=4] [LogicalClock=287] [Event=INTERNAL] Doing internal work.
[SystemTime=1741201787.754] [Machine=4] [LogicalClock=288] [Event=INTERNAL] Doing internal work.
[SystemTime=1741201787.957] [Machine=4] [LogicalClock=289] [Event=INTERNAL] Doing internal work.
[SystemTime=1741201788.163] [Machine=4] [LogicalClock=290] [Event=INTERNAL] Doing internal work.
[SystemTime=1741201788.368] [Machine=4] [LogicalClock=291] [Event=INTERNAL] Doing internal work.
[SystemTime=1741201788.585] [Machine=4] [LogicalClock=292] [Event=INTERNAL] Doing internal work.
[SystemTime=1741201788.790] [Machine=4] [LogicalClock=293] [Event=INTERNAL] Doing internal work.
[SystemTime=1741201788.994] [Machine=4] [LogicalClock=294] [Event=INTERNAL] Doing internal work.
