[SystemTime=1741132401.145] [Machine=3] [LogicalClock=0] [Event=INIT] Clock rate initialized as 4
[SystemTime=1741132401.402] [Machine=3] [LogicalClock=4] [Event=RECEIVE] Received from M1: Hello from M1, Queue length now: 0
[SystemTime=1741132401.657] [Machine=3] [LogicalClock=5] [Event=RECEIVE] Received from M1: Hello from M1, Queue length now: 0
[SystemTime=1741132401.910] [Machine=3] [LogicalClock=6] [Event=INTERNAL] Doing internal work.
[SystemTime=1741132402.165] [Machine=3] [LogicalClock=7] [Event=INTERNAL] Doing internal work.
[SystemTime=1741132402.421] [Machine=3] [LogicalClock=7] [Event=SEND] Sending message to [('localhost', 8000)]: 3|7|Hello from M3.
[SystemTime=1741132402.672] [Machine=3] [LogicalClock=9] [Event=RECEIVE] Received from M2: Hello from M2, Queue length now: 0
[SystemTime=1741132402.925] [Machine=3] [LogicalClock=10] [Event=RECEIVE] Received from M1: Hello from M1, Queue length now: 0
[SystemTime=1741132403.178] [Machine=3] [LogicalClock=11] [Event=RECEIVE] Received from M2: Hello from M2, Queue length now: 0
[SystemTime=1741132403.435] [Machine=3] [LogicalClock=11] [Event=SEND] Sending message to [('localhost', 8000)]: 3|11|Hello from M3.
[SystemTime=1741132403.690] [Machine=3] [LogicalClock=13] [Event=INTERNAL] Doing internal work.
[SystemTime=1741132403.946] [Machine=3] [LogicalClock=14] [Event=INTERNAL] Doing internal work.
[SystemTime=1741132404.201] [Machine=3] [LogicalClock=15] [Event=INTERNAL] Doing internal work.
[SystemTime=1741132404.453] [Machine=3] [LogicalClock=16] [Event=INTERNAL] Doing internal work.
[SystemTime=1741132404.707] [Machine=3] [LogicalClock=17] [Event=RECEIVE] Received from M2: Hello from M2, Queue length now: 0
[SystemTime=1741132404.962] [Machine=3] [LogicalClock=18] [Event=RECEIVE] Received from M1: Hello from M1, Queue length now: 0
[SystemTime=1741132405.218] [Machine=3] [LogicalClock=18] [Event=SEND] Sending message to [('localhost', 8000), ('localhost', 8001)]: 3|18|Hello from M3.
[SystemTime=1741132405.473] [Machine=3] [LogicalClock=20] [Event=INTERNAL] Doing internal work.
[SystemTime=1741132405.728] [Machine=3] [LogicalClock=21] [Event=INTERNAL] Doing internal work.
[SystemTime=1741132405.983] [Machine=3] [LogicalClock=22] [Event=INTERNAL] Doing internal work.
[SystemTime=1741132406.236] [Machine=3] [LogicalClock=23] [Event=INTERNAL] Doing internal work.
[SystemTime=1741132406.491] [Machine=3] [LogicalClock=24] [Event=INTERNAL] Doing internal work.
[SystemTime=1741132406.746] [Machine=3] [LogicalClock=25] [Event=INTERNAL] Doing internal work.
[SystemTime=1741132407.003] [Machine=3] [LogicalClock=25] [Event=SEND] Sending message to [('localhost', 8000)]: 3|25|Hello from M3.
[SystemTime=1741132407.257] [Machine=3] [LogicalClock=26] [Event=SEND] Sending message to [('localhost', 8000)]: 3|26|Hello from M3.
[SystemTime=1741132407.507] [Machine=3] [LogicalClock=28] [Event=INTERNAL] Doing internal work.
[SystemTime=1741132407.763] [Machine=3] [LogicalClock=28] [Event=SEND] Sending message to [('localhost', 8000)]: 3|28|Hello from M3.
[SystemTime=1741132408.019] [Machine=3] [LogicalClock=30] [Event=INTERNAL] Doing internal work.
[SystemTime=1741132408.272] [Machine=3] [LogicalClock=31] [Event=INTERNAL] Doing internal work.
[SystemTime=1741132408.526] [Machine=3] [LogicalClock=32] [Event=INTERNAL] Doing internal work.
[SystemTime=1741132408.781] [Machine=3] [LogicalClock=33] [Event=INTERNAL] Doing internal work.
[SystemTime=1741132409.033] [Machine=3] [LogicalClock=34] [Event=RECEIVE] Received from M1: Hello from M1, Queue length now: 0
[SystemTime=1741132409.289] [Machine=3] [LogicalClock=34] [Event=SEND] Sending message to [('localhost', 8000), ('localhost', 8001)]: 3|34|Hello from M3.
[SystemTime=1741132409.544] [Machine=3] [LogicalClock=36] [Event=INTERNAL] Doing internal work.
[SystemTime=1741132409.798] [Machine=3] [LogicalClock=37] [Event=INTERNAL] Doing internal work.
[SystemTime=1741132410.049] [Machine=3] [LogicalClock=38] [Event=INTERNAL] Doing internal work.
[SystemTime=1741132410.305] [Machine=3] [LogicalClock=39] [Event=RECEIVE] Received from M1: Hello from M1, Queue length now: 0
[SystemTime=1741132410.560] [Machine=3] [LogicalClock=40] [Event=INTERNAL] Doing internal work.
[SystemTime=1741132410.813] [Machine=3] [LogicalClock=40] [Event=SEND] Sending message to [('localhost', 8001)]: 3|40|Hello from M3.
[SystemTime=1741132411.064] [Machine=3] [LogicalClock=42] [Event=INTERNAL] Doing internal work.
[SystemTime=1741132411.318] [Machine=3] [LogicalClock=43] [Event=INTERNAL] Doing internal work.
[SystemTime=1741132411.575] [Machine=3] [LogicalClock=43] [Event=SEND] Sending message to [('localhost', 8000)]: 3|43|Hello from M3.
[SystemTime=1741132411.832] [Machine=3] [LogicalClock=44] [Event=SEND] Sending message to [('localhost', 8000)]: 3|44|Hello from M3.
[SystemTime=1741132412.087] [Machine=3] [LogicalClock=46] [Event=INTERNAL] Doing internal work.
[SystemTime=1741132412.339] [Machine=3] [LogicalClock=47] [Event=INTERNAL] Doing internal work.
[SystemTime=1741132412.594] [Machine=3] [LogicalClock=47] [Event=SEND] Sending message to [('localhost', 8001)]: 3|47|Hello from M3.
[SystemTime=1741132412.850] [Machine=3] [LogicalClock=48] [Event=SEND] Sending message to [('localhost', 8001)]: 3|48|Hello from M3.
[SystemTime=1741132413.106] [Machine=3] [LogicalClock=50] [Event=INTERNAL] Doing internal work.
[SystemTime=1741132413.359] [Machine=3] [LogicalClock=51] [Event=INTERNAL] Doing internal work.
[SystemTime=1741132413.612] [Machine=3] [LogicalClock=52] [Event=INTERNAL] Doing internal work.
[SystemTime=1741132413.869] [Machine=3] [LogicalClock=52] [Event=SEND] Sending message to [('localhost', 8001)]: 3|52|Hello from M3.
[SystemTime=1741132414.124] [Machine=3] [LogicalClock=54] [Event=INTERNAL] Doing internal work.
[SystemTime=1741132414.379] [Machine=3] [LogicalClock=55] [Event=INTERNAL] Doing internal work.
[SystemTime=1741132414.632] [Machine=3] [LogicalClock=56] [Event=RECEIVE] Received from M1: Hello from M1, Queue length now: 0
[SystemTime=1741132414.886] [Machine=3] [LogicalClock=57] [Event=INTERNAL] Doing internal work.
[SystemTime=1741132415.142] [Machine=3] [LogicalClock=58] [Event=INTERNAL] Doing internal work.
[SystemTime=1741132415.397] [Machine=3] [LogicalClock=59] [Event=INTERNAL] Doing internal work.
[SystemTime=1741132415.654] [Machine=3] [LogicalClock=59] [Event=SEND] Sending message to [('localhost', 8000)]: 3|59|Hello from M3.
[SystemTime=1741132415.905] [Machine=3] [LogicalClock=61] [Event=INTERNAL] Doing internal work.
[SystemTime=1741132416.158] [Machine=3] [LogicalClock=62] [Event=INTERNAL] Doing internal work.
[SystemTime=1741132416.413] [Machine=3] [LogicalClock=63] [Event=RECEIVE] Received from M1: Hello from M1, Queue length now: 0
[SystemTime=1741132416.668] [Machine=3] [LogicalClock=64] [Event=INTERNAL] Doing internal work.
[SystemTime=1741132416.920] [Machine=3] [LogicalClock=65] [Event=RECEIVE] Received from M2: Hello from M2, Queue length now: 0
[SystemTime=1741132417.174] [Machine=3] [LogicalClock=66] [Event=INTERNAL] Doing internal work.
[SystemTime=1741132417.428] [Machine=3] [LogicalClock=67] [Event=INTERNAL] Doing internal work.
[SystemTime=1741132417.683] [Machine=3] [LogicalClock=68] [Event=INTERNAL] Doing internal work.
[SystemTime=1741132417.934] [Machine=3] [LogicalClock=69] [Event=RECEIVE] Received from M1: Hello from M1, Queue length now: 0
[SystemTime=1741132418.189] [Machine=3] [LogicalClock=70] [Event=RECEIVE] Received from M1: Hello from M1, Queue length now: 0
[SystemTime=1741132418.445] [Machine=3] [LogicalClock=70] [Event=SEND] Sending message to [('localhost', 8001)]: 3|70|Hello from M3.
[SystemTime=1741132418.700] [Machine=3] [LogicalClock=72] [Event=RECEIVE] Received from M1: Hello from M1, Queue length now: 0
[SystemTime=1741132418.957] [Machine=3] [LogicalClock=72] [Event=SEND] Sending message to [('localhost', 8000), ('localhost', 8001)]: 3|72|Hello from M3.
[SystemTime=1741132419.212] [Machine=3] [LogicalClock=73] [Event=SEND] Sending message to [('localhost', 8001)]: 3|73|Hello from M3.
[SystemTime=1741132419.467] [Machine=3] [LogicalClock=75] [Event=INTERNAL] Doing internal work.
[SystemTime=1741132419.722] [Machine=3] [LogicalClock=76] [Event=INTERNAL] Doing internal work.
[SystemTime=1741132419.975] [Machine=3] [LogicalClock=76] [Event=SEND] Sending message to [('localhost', 8000), ('localhost', 8001)]: 3|76|Hello from M3.
[SystemTime=1741132420.232] [Machine=3] [LogicalClock=77] [Event=SEND] Sending message to [('localhost', 8000), ('localhost', 8001)]: 3|77|Hello from M3.
[SystemTime=1741132420.487] [Machine=3] [LogicalClock=79] [Event=INTERNAL] Doing internal work.
[SystemTime=1741132420.742] [Machine=3] [LogicalClock=80] [Event=INTERNAL] Doing internal work.
[SystemTime=1741132421.002] [Machine=3] [LogicalClock=81] [Event=INTERNAL] Doing internal work.
[SystemTime=1741132421.258] [Machine=3] [LogicalClock=82] [Event=INTERNAL] Doing internal work.
[SystemTime=1741132421.513] [Machine=3] [LogicalClock=83] [Event=INTERNAL] Doing internal work.
[SystemTime=1741132421.766] [Machine=3] [LogicalClock=84] [Event=INTERNAL] Doing internal work.
[SystemTime=1741132422.021] [Machine=3] [LogicalClock=85] [Event=INTERNAL] Doing internal work.
[SystemTime=1741132422.281] [Machine=3] [LogicalClock=85] [Event=SEND] Sending message to [('localhost', 8000), ('localhost', 8001)]: 3|85|Hello from M3.
[SystemTime=1741132422.536] [Machine=3] [LogicalClock=87] [Event=INTERNAL] Doing internal work.
[SystemTime=1741132422.788] [Machine=3] [LogicalClock=89] [Event=RECEIVE] Received from M1: Hello from M1, Queue length now: 0
[SystemTime=1741132423.043] [Machine=3] [LogicalClock=90] [Event=INTERNAL] Doing internal work.
[SystemTime=1741132423.293] [Machine=3] [LogicalClock=91] [Event=INTERNAL] Doing internal work.
[SystemTime=1741132423.549] [Machine=3] [LogicalClock=92] [Event=INTERNAL] Doing internal work.
[SystemTime=1741132423.801] [Machine=3] [LogicalClock=93] [Event=INTERNAL] Doing internal work.
[SystemTime=1741132424.056] [Machine=3] [LogicalClock=94] [Event=INTERNAL] Doing internal work.
[SystemTime=1741132424.306] [Machine=3] [LogicalClock=95] [Event=INTERNAL] Doing internal work.
[SystemTime=1741132424.562] [Machine=3] [LogicalClock=96] [Event=RECEIVE] Received from M2: Hello from M2, Queue length now: 0
[SystemTime=1741132424.812] [Machine=3] [LogicalClock=97] [Event=INTERNAL] Doing internal work.
[SystemTime=1741132425.067] [Machine=3] [LogicalClock=98] [Event=INTERNAL] Doing internal work.
[SystemTime=1741132425.327] [Machine=3] [LogicalClock=99] [Event=RECEIVE] Received from M1: Hello from M1, Queue length now: 0
[SystemTime=1741132425.578] [Machine=3] [LogicalClock=100] [Event=INTERNAL] Doing internal work.
[SystemTime=1741132425.833] [Machine=3] [LogicalClock=101] [Event=INTERNAL] Doing internal work.
[SystemTime=1741132426.085] [Machine=3] [LogicalClock=102] [Event=INTERNAL] Doing internal work.
[SystemTime=1741132426.340] [Machine=3] [LogicalClock=103] [Event=INTERNAL] Doing internal work.
[SystemTime=1741132426.592] [Machine=3] [LogicalClock=104] [Event=INTERNAL] Doing internal work.
[SystemTime=1741132426.847] [Machine=3] [LogicalClock=105] [Event=RECEIVE] Received from M1: Hello from M1, Queue length now: 0
[SystemTime=1741132427.103] [Machine=3] [LogicalClock=106] [Event=INTERNAL] Doing internal work.
[SystemTime=1741132427.357] [Machine=3] [LogicalClock=107] [Event=INTERNAL] Doing internal work.
[SystemTime=1741132427.612] [Machine=3] [LogicalClock=108] [Event=INTERNAL] Doing internal work.
[SystemTime=1741132427.867] [Machine=3] [LogicalClock=109] [Event=INTERNAL] Doing internal work.
[SystemTime=1741132428.119] [Machine=3] [LogicalClock=110] [Event=RECEIVE] Received from M2: Hello from M2, Queue length now: 1
[SystemTime=1741132428.374] [Machine=3] [LogicalClock=111] [Event=RECEIVE] Received from M1: Hello from M1, Queue length now: 0
[SystemTime=1741132428.627] [Machine=3] [LogicalClock=112] [Event=RECEIVE] Received from M1: Hello from M1, Queue length now: 0
[SystemTime=1741132428.882] [Machine=3] [LogicalClock=112] [Event=SEND] Sending message to [('localhost', 8001)]: 3|112|Hello from M3.
[SystemTime=1741132429.137] [Machine=3] [LogicalClock=114] [Event=INTERNAL] Doing internal work.
[SystemTime=1741132429.393] [Machine=3] [LogicalClock=115] [Event=INTERNAL] Doing internal work.
[SystemTime=1741132429.648] [Machine=3] [LogicalClock=116] [Event=INTERNAL] Doing internal work.
[SystemTime=1741132429.903] [Machine=3] [LogicalClock=117] [Event=RECEIVE] Received from M1: Hello from M1, Queue length now: 0
[SystemTime=1741132430.155] [Machine=3] [LogicalClock=118] [Event=RECEIVE] Received from M1: Hello from M1, Queue length now: 0
[SystemTime=1741132430.410] [Machine=3] [LogicalClock=118] [Event=SEND] Sending message to [('localhost', 8001)]: 3|118|Hello from M3.
[SystemTime=1741132430.662] [Machine=3] [LogicalClock=120] [Event=RECEIVE] Received from M1: Hello from M1, Queue length now: 0
[SystemTime=1741132430.914] [Machine=3] [LogicalClock=121] [Event=INTERNAL] Doing internal work.
[SystemTime=1741132431.168] [Machine=3] [LogicalClock=122] [Event=INTERNAL] Doing internal work.
[SystemTime=1741132431.425] [Machine=3] [LogicalClock=122] [Event=SEND] Sending message to [('localhost', 8000), ('localhost', 8001)]: 3|122|Hello from M3.
[SystemTime=1741132431.680] [Machine=3] [LogicalClock=124] [Event=INTERNAL] Doing internal work.
[SystemTime=1741132431.932] [Machine=3] [LogicalClock=125] [Event=INTERNAL] Doing internal work.
[SystemTime=1741132432.184] [Machine=3] [LogicalClock=126] [Event=INTERNAL] Doing internal work.
[SystemTime=1741132432.438] [Machine=3] [LogicalClock=127] [Event=INTERNAL] Doing internal work.
[SystemTime=1741132432.695] [Machine=3] [LogicalClock=127] [Event=SEND] Sending message to [('localhost', 8000)]: 3|127|Hello from M3.
[SystemTime=1741132432.951] [Machine=3] [LogicalClock=129] [Event=RECEIVE] Received from M1: Hello from M1, Queue length now: 0
[SystemTime=1741132433.205] [Machine=3] [LogicalClock=130] [Event=RECEIVE] Received from M1: Hello from M1, Queue length now: 0
[SystemTime=1741132433.461] [Machine=3] [LogicalClock=130] [Event=SEND] Sending message to [('localhost', 8000)]: 3|130|Hello from M3.
[SystemTime=1741132433.714] [Machine=3] [LogicalClock=132] [Event=INTERNAL] Doing internal work.
[SystemTime=1741132433.967] [Machine=3] [LogicalClock=133] [Event=RECEIVE] Received from M1: Hello from M1, Queue length now: 0
[SystemTime=1741132434.221] [Machine=3] [LogicalClock=133] [Event=SEND] Sending message to [('localhost', 8000)]: 3|133|Hello from M3.
[SystemTime=1741132434.476] [Machine=3] [LogicalClock=135] [Event=INTERNAL] Doing internal work.
[SystemTime=1741132434.728] [Machine=3] [LogicalClock=136] [Event=INTERNAL] Doing internal work.
[SystemTime=1741132434.984] [Machine=3] [LogicalClock=137] [Event=INTERNAL] Doing internal work.
[SystemTime=1741132435.239] [Machine=3] [LogicalClock=138] [Event=INTERNAL] Doing internal work.
[SystemTime=1741132435.490] [Machine=3] [LogicalClock=138] [Event=SEND] Sending message to [('localhost', 8001)]: 3|138|Hello from M3.
[SystemTime=1741132435.744] [Machine=3] [LogicalClock=140] [Event=INTERNAL] Doing internal work.
[SystemTime=1741132435.996] [Machine=3] [LogicalClock=141] [Event=INTERNAL] Doing internal work.
[SystemTime=1741132436.250] [Machine=3] [LogicalClock=142] [Event=INTERNAL] Doing internal work.
[SystemTime=1741132436.504] [Machine=3] [LogicalClock=143] [Event=INTERNAL] Doing internal work.
[SystemTime=1741132436.757] [Machine=3] [LogicalClock=144] [Event=RECEIVE] Received from M1: Hello from M1, Queue length now: 0
[SystemTime=1741132437.012] [Machine=3] [LogicalClock=144] [Event=SEND] Sending message to [('localhost', 8000), ('localhost', 8001)]: 3|144|Hello from M3.
[SystemTime=1741132437.273] [Machine=3] [LogicalClock=145] [Event=SEND] Sending message to [('localhost', 8000), ('localhost', 8001)]: 3|145|Hello from M3.
[SystemTime=1741132437.527] [Machine=3] [LogicalClock=147] [Event=INTERNAL] Doing internal work.
[SystemTime=1741132437.781] [Machine=3] [LogicalClock=148] [Event=INTERNAL] Doing internal work.
[SystemTime=1741132438.036] [Machine=3] [LogicalClock=148] [Event=SEND] Sending message to [('localhost', 8000)]: 3|148|Hello from M3.
[SystemTime=1741132438.293] [Machine=3] [LogicalClock=149] [Event=SEND] Sending message to [('localhost', 8000)]: 3|149|Hello from M3.
[SystemTime=1741132438.546] [Machine=3] [LogicalClock=151] [Event=RECEIVE] Received from M2: Hello from M2, Queue length now: 0
[SystemTime=1741132438.802] [Machine=3] [LogicalClock=151] [Event=SEND] Sending message to [('localhost', 8001)]: 3|151|Hello from M3.
[SystemTime=1741132439.057] [Machine=3] [LogicalClock=153] [Event=INTERNAL] Doing internal work.
[SystemTime=1741132439.308] [Machine=3] [LogicalClock=154] [Event=INTERNAL] Doing internal work.
[SystemTime=1741132439.563] [Machine=3] [LogicalClock=155] [Event=RECEIVE] Received from M1: Hello from M1, Queue length now: 0
[SystemTime=1741132439.818] [Machine=3] [LogicalClock=156] [Event=RECEIVE] Received from M1: Hello from M1, Queue length now: 0
[SystemTime=1741132440.074] [Machine=3] [LogicalClock=157] [Event=INTERNAL] Doing internal work.
[SystemTime=1741132440.329] [Machine=3] [LogicalClock=158] [Event=INTERNAL] Doing internal work.
[SystemTime=1741132440.588] [Machine=3] [LogicalClock=158] [Event=SEND] Sending message to [('localhost', 8001)]: 3|158|Hello from M3.
[SystemTime=1741132440.843] [Machine=3] [LogicalClock=160] [Event=INTERNAL] Doing internal work.
[SystemTime=1741132441.098] [Machine=3] [LogicalClock=160] [Event=SEND] Sending message to [('localhost', 8000)]: 3|160|Hello from M3.
[SystemTime=1741132441.352] [Machine=3] [LogicalClock=162] [Event=INTERNAL] Doing internal work.
[SystemTime=1741132441.606] [Machine=3] [LogicalClock=163] [Event=INTERNAL] Doing internal work.
[SystemTime=1741132441.859] [Machine=3] [LogicalClock=164] [Event=INTERNAL] Doing internal work.
[SystemTime=1741132442.115] [Machine=3] [LogicalClock=165] [Event=INTERNAL] Doing internal work.
[SystemTime=1741132442.368] [Machine=3] [LogicalClock=166] [Event=INTERNAL] Doing internal work.
[SystemTime=1741132442.625] [Machine=3] [LogicalClock=166] [Event=SEND] Sending message to [('localhost', 8001)]: 3|166|Hello from M3.
[SystemTime=1741132442.880] [Machine=3] [LogicalClock=168] [Event=INTERNAL] Doing internal work.
[SystemTime=1741132443.132] [Machine=3] [LogicalClock=168] [Event=SEND] Sending message to [('localhost', 8001)]: 3|168|Hello from M3.
[SystemTime=1741132443.387] [Machine=3] [LogicalClock=170] [Event=INTERNAL] Doing internal work.
[SystemTime=1741132443.639] [Machine=3] [LogicalClock=171] [Event=RECEIVE] Received from M1: Hello from M1, Queue length now: 0
[SystemTime=1741132443.893] [Machine=3] [LogicalClock=171] [Event=SEND] Sending message to [('localhost', 8000), ('localhost', 8001)]: 3|171|Hello from M3.
[SystemTime=1741132444.145] [Machine=3] [LogicalClock=172] [Event=SEND] Sending message to [('localhost', 8001)]: 3|172|Hello from M3.
[SystemTime=1741132444.401] [Machine=3] [LogicalClock=174] [Event=RECEIVE] Received from M1: Hello from M1, Queue length now: 0
[SystemTime=1741132444.656] [Machine=3] [LogicalClock=175] [Event=RECEIVE] Received from M1: Hello from M1, Queue length now: 0
[SystemTime=1741132444.910] [Machine=3] [LogicalClock=176] [Event=INTERNAL] Doing internal work.
[SystemTime=1741132445.165] [Machine=3] [LogicalClock=177] [Event=INTERNAL] Doing internal work.
[SystemTime=1741132445.419] [Machine=3] [LogicalClock=178] [Event=INTERNAL] Doing internal work.
[SystemTime=1741132445.672] [Machine=3] [LogicalClock=179] [Event=INTERNAL] Doing internal work.
[SystemTime=1741132445.927] [Machine=3] [LogicalClock=180] [Event=INTERNAL] Doing internal work.
[SystemTime=1741132446.182] [Machine=3] [LogicalClock=181] [Event=INTERNAL] Doing internal work.
[SystemTime=1741132446.433] [Machine=3] [LogicalClock=181] [Event=SEND] Sending message to [('localhost', 8000), ('localhost', 8001)]: 3|181|Hello from M3.
[SystemTime=1741132446.684] [Machine=3] [LogicalClock=183] [Event=INTERNAL] Doing internal work.
[SystemTime=1741132446.940] [Machine=3] [LogicalClock=183] [Event=SEND] Sending message to [('localhost', 8000)]: 3|183|Hello from M3.
[SystemTime=1741132447.193] [Machine=3] [LogicalClock=184] [Event=SEND] Sending message to [('localhost', 8000), ('localhost', 8001)]: 3|184|Hello from M3.
[SystemTime=1741132447.448] [Machine=3] [LogicalClock=186] [Event=INTERNAL] Doing internal work.
[SystemTime=1741132447.705] [Machine=3] [LogicalClock=186] [Event=SEND] Sending message to [('localhost', 8001)]: 3|186|Hello from M3.
[SystemTime=1741132447.958] [Machine=3] [LogicalClock=187] [Event=SEND] Sending message to [('localhost', 8000), ('localhost', 8001)]: 3|187|Hello from M3.
[SystemTime=1741132448.211] [Machine=3] [LogicalClock=189] [Event=INTERNAL] Doing internal work.
[SystemTime=1741132448.466] [Machine=3] [LogicalClock=190] [Event=INTERNAL] Doing internal work.
[SystemTime=1741132448.719] [Machine=3] [LogicalClock=191] [Event=INTERNAL] Doing internal work.
[SystemTime=1741132448.974] [Machine=3] [LogicalClock=192] [Event=INTERNAL] Doing internal work.
[SystemTime=1741132449.229] [Machine=3] [LogicalClock=193] [Event=RECEIVE] Received from M1: Hello from M1, Queue length now: 0
[SystemTime=1741132449.484] [Machine=3] [LogicalClock=194] [Event=INTERNAL] Doing internal work.
[SystemTime=1741132449.738] [Machine=3] [LogicalClock=195] [Event=RECEIVE] Received from M1: Hello from M1, Queue length now: 0
[SystemTime=1741132449.991] [Machine=3] [LogicalClock=196] [Event=INTERNAL] Doing internal work.
[SystemTime=1741132450.245] [Machine=3] [LogicalClock=197] [Event=INTERNAL] Doing internal work.
[SystemTime=1741132450.500] [Machine=3] [LogicalClock=198] [Event=INTERNAL] Doing internal work.
[SystemTime=1741132450.752] [Machine=3] [LogicalClock=199] [Event=INTERNAL] Doing internal work.
[SystemTime=1741132451.005] [Machine=3] [LogicalClock=200] [Event=INTERNAL] Doing internal work.
[SystemTime=1741132451.260] [Machine=3] [LogicalClock=201] [Event=INTERNAL] Doing internal work.
[SystemTime=1741132451.513] [Machine=3] [LogicalClock=201] [Event=SEND] Sending message to [('localhost', 8000), ('localhost', 8001)]: 3|201|Hello from M3.
[SystemTime=1741132451.767] [Machine=3] [LogicalClock=202] [Event=SEND] Sending message to [('localhost', 8001)]: 3|202|Hello from M3.
[SystemTime=1741132452.021] [Machine=3] [LogicalClock=204] [Event=INTERNAL] Doing internal work.
[SystemTime=1741132452.273] [Machine=3] [LogicalClock=205] [Event=INTERNAL] Doing internal work.
[SystemTime=1741132452.528] [Machine=3] [LogicalClock=206] [Event=INTERNAL] Doing internal work.
[SystemTime=1741132452.779] [Machine=3] [LogicalClock=207] [Event=INTERNAL] Doing internal work.
[SystemTime=1741132453.035] [Machine=3] [LogicalClock=208] [Event=RECEIVE] Received from M1: Hello from M1, Queue length now: 0
[SystemTime=1741132453.286] [Machine=3] [LogicalClock=209] [Event=RECEIVE] Received from M1: Hello from M1, Queue length now: 0
[SystemTime=1741132453.541] [Machine=3] [LogicalClock=210] [Event=INTERNAL] Doing internal work.
[SystemTime=1741132453.796] [Machine=3] [LogicalClock=211] [Event=RECEIVE] Received from M1: Hello from M1, Queue length now: 0
[SystemTime=1741132454.053] [Machine=3] [LogicalClock=211] [Event=SEND] Sending message to [('localhost', 8000), ('localhost', 8001)]: 3|211|Hello from M3.
[SystemTime=1741132454.308] [Machine=3] [LogicalClock=212] [Event=SEND] Sending message to [('localhost', 8000)]: 3|212|Hello from M3.
[SystemTime=1741132454.559] [Machine=3] [LogicalClock=214] [Event=INTERNAL] Doing internal work.
[SystemTime=1741132454.814] [Machine=3] [LogicalClock=215] [Event=INTERNAL] Doing internal work.
[SystemTime=1741132455.066] [Machine=3] [LogicalClock=216] [Event=INTERNAL] Doing internal work.
[SystemTime=1741132455.321] [Machine=3] [LogicalClock=217] [Event=INTERNAL] Doing internal work.
[SystemTime=1741132455.573] [Machine=3] [LogicalClock=218] [Event=INTERNAL] Doing internal work.
[SystemTime=1741132455.827] [Machine=3] [LogicalClock=219] [Event=INTERNAL] Doing internal work.
[SystemTime=1741132456.082] [Machine=3] [LogicalClock=220] [Event=RECEIVE] Received from M1: Hello from M1, Queue length now: 0
[SystemTime=1741132456.334] [Machine=3] [LogicalClock=221] [Event=RECEIVE] Received from M1: Hello from M1, Queue length now: 0
[SystemTime=1741132456.590] [Machine=3] [LogicalClock=222] [Event=INTERNAL] Doing internal work.
[SystemTime=1741132456.845] [Machine=3] [LogicalClock=223] [Event=INTERNAL] Doing internal work.
[SystemTime=1741132457.096] [Machine=3] [LogicalClock=224] [Event=RECEIVE] Received from M1: Hello from M1, Queue length now: 0
[SystemTime=1741132457.351] [Machine=3] [LogicalClock=225] [Event=RECEIVE] Received from M2: Hello from M2, Queue length now: 0
[SystemTime=1741132457.607] [Machine=3] [LogicalClock=226] [Event=INTERNAL] Doing internal work.
[SystemTime=1741132457.861] [Machine=3] [LogicalClock=227] [Event=RECEIVE] Received from M2: Hello from M2, Queue length now: 0
[SystemTime=1741132458.112] [Machine=3] [LogicalClock=228] [Event=INTERNAL] Doing internal work.
[SystemTime=1741132458.367] [Machine=3] [LogicalClock=229] [Event=INTERNAL] Doing internal work.
[SystemTime=1741132458.622] [Machine=3] [LogicalClock=230] [Event=INTERNAL] Doing internal work.
[SystemTime=1741132458.875] [Machine=3] [LogicalClock=231] [Event=RECEIVE] Received from M2: Hello from M2, Queue length now: 0
[SystemTime=1741132459.129] [Machine=3] [LogicalClock=231] [Event=SEND] Sending message to [('localhost', 8000), ('localhost', 8001)]: 3|231|Hello from M3.
[SystemTime=1741132459.381] [Machine=3] [LogicalClock=233] [Event=INTERNAL] Doing internal work.
[SystemTime=1741132459.636] [Machine=3] [LogicalClock=234] [Event=RECEIVE] Received from M1: Hello from M1, Queue length now: 0
[SystemTime=1741132459.889] [Machine=3] [LogicalClock=235] [Event=INTERNAL] Doing internal work.
[SystemTime=1741132460.146] [Machine=3] [LogicalClock=235] [Event=SEND] Sending message to [('localhost', 8000)]: 3|235|Hello from M3.
[SystemTime=1741132460.401] [Machine=3] [LogicalClock=237] [Event=RECEIVE] Received from M2: Hello from M2, Queue length now: 0
[SystemTime=1741132460.657] [Machine=3] [LogicalClock=238] [Event=INTERNAL] Doing internal work.
[SystemTime=1741132460.913] [Machine=3] [LogicalClock=238] [Event=SEND] Sending message to [('localhost', 8000)]: 3|238|Hello from M3.
[SystemTime=1741132461.169] [Machine=3] [LogicalClock=239] [Event=SEND] Sending message to [('localhost', 8000)]: 3|239|Hello from M3.
