[SystemTime=1741132606.446] [Machine=1] [LogicalClock=0] [Event=INIT] Clock rate initialized as 4
[SystemTime=1741132606.703] [Machine=1] [LogicalClock=1] [Event=INTERNAL] Doing internal work.
[SystemTime=1741132606.958] [Machine=1] [LogicalClock=2] [Event=INTERNAL] Doing internal work.
[SystemTime=1741132607.211] [Machine=1] [LogicalClock=3] [Event=INTERNAL] Doing internal work.
[SystemTime=1741132607.461] [Machine=1] [LogicalClock=4] [Event=INTERNAL] Doing internal work.
[SystemTime=1741132607.717] [Machine=1] [LogicalClock=5] [Event=INTERNAL] Doing internal work.
[SystemTime=1741132607.968] [Machine=1] [LogicalClock=6] [Event=INTERNAL] Doing internal work.
[SystemTime=1741132608.225] [Machine=1] [LogicalClock=6] [Event=SEND] Sending message to [('localhost', 8002)]: 1|6|Hello from M1.
[SystemTime=1741132608.480] [Machine=1] [LogicalClock=8] [Event=INTERNAL] Doing internal work.
[SystemTime=1741132608.735] [Machine=1] [LogicalClock=9] [Event=INTERNAL] Doing internal work.
[SystemTime=1741132608.989] [Machine=1] [LogicalClock=10] [Event=RECEIVE] Received from M2: Hello from M2, Queue length now: 0
[SystemTime=1741132609.244] [Machine=1] [LogicalClock=11] [Event=INTERNAL] Doing internal work.
[SystemTime=1741132609.499] [Machine=1] [LogicalClock=12] [Event=RECEIVE] Received from M3: Hello from M3, Queue length now: 0
[SystemTime=1741132609.752] [Machine=1] [LogicalClock=13] [Event=RECEIVE] Received from M2: Hello from M2, Queue length now: 0
[SystemTime=1741132610.004] [Machine=1] [LogicalClock=13] [Event=SEND] Sending message to [('localhost', 8001)]: 1|13|Hello from M1.
[SystemTime=1741132610.259] [Machine=1] [LogicalClock=15] [Event=RECEIVE] Received from M3: Hello from M3, Queue length now: 0
[SystemTime=1741132610.514] [Machine=1] [LogicalClock=16] [Event=RECEIVE] Received from M3: Hello from M3, Queue length now: 0
[SystemTime=1741132610.769] [Machine=1] [LogicalClock=17] [Event=INTERNAL] Doing internal work.
[SystemTime=1741132611.023] [Machine=1] [LogicalClock=18] [Event=INTERNAL] Doing internal work.
[SystemTime=1741132611.278] [Machine=1] [LogicalClock=19] [Event=RECEIVE] Received from M2: Hello from M2, Queue length now: 0
[SystemTime=1741132611.533] [Machine=1] [LogicalClock=20] [Event=INTERNAL] Doing internal work.
[SystemTime=1741132611.790] [Machine=1] [LogicalClock=20] [Event=SEND] Sending message to [('localhost', 8002)]: 1|20|Hello from M1.
[SystemTime=1741132612.043] [Machine=1] [LogicalClock=22] [Event=RECEIVE] Received from M2: Hello from M2, Queue length now: 0
[SystemTime=1741132612.298] [Machine=1] [LogicalClock=23] [Event=INTERNAL] Doing internal work.
[SystemTime=1741132612.550] [Machine=1] [LogicalClock=24] [Event=RECEIVE] Received from M2: Hello from M2, Queue length now: 0
[SystemTime=1741132612.805] [Machine=1] [LogicalClock=25] [Event=RECEIVE] Received from M2: Hello from M2, Queue length now: 0
[SystemTime=1741132613.058] [Machine=1] [LogicalClock=26] [Event=INTERNAL] Doing internal work.
[SystemTime=1741132613.313] [Machine=1] [LogicalClock=27] [Event=RECEIVE] Received from M3: Hello from M3, Queue length now: 0
[SystemTime=1741132613.568] [Machine=1] [LogicalClock=28] [Event=INTERNAL] Doing internal work.
[SystemTime=1741132613.824] [Machine=1] [LogicalClock=29] [Event=INTERNAL] Doing internal work.
[SystemTime=1741132614.079] [Machine=1] [LogicalClock=30] [Event=INTERNAL] Doing internal work.
[SystemTime=1741132614.332] [Machine=1] [LogicalClock=30] [Event=SEND] Sending message to [('localhost', 8001), ('localhost', 8002)]: 1|30|Hello from M1.
[SystemTime=1741132614.587] [Machine=1] [LogicalClock=32] [Event=INTERNAL] Doing internal work.
[SystemTime=1741132614.840] [Machine=1] [LogicalClock=33] [Event=RECEIVE] Received from M2: Hello from M2, Queue length now: 0
[SystemTime=1741132615.093] [Machine=1] [LogicalClock=34] [Event=INTERNAL] Doing internal work.
[SystemTime=1741132615.343] [Machine=1] [LogicalClock=35] [Event=INTERNAL] Doing internal work.
[SystemTime=1741132615.599] [Machine=1] [LogicalClock=36] [Event=INTERNAL] Doing internal work.
[SystemTime=1741132615.854] [Machine=1] [LogicalClock=37] [Event=INTERNAL] Doing internal work.
[SystemTime=1741132616.106] [Machine=1] [LogicalClock=38] [Event=RECEIVE] Received from M3: Hello from M3, Queue length now: 0
[SystemTime=1741132616.360] [Machine=1] [LogicalClock=39] [Event=INTERNAL] Doing internal work.
[SystemTime=1741132616.615] [Machine=1] [LogicalClock=40] [Event=INTERNAL] Doing internal work.
[SystemTime=1741132616.867] [Machine=1] [LogicalClock=40] [Event=SEND] Sending message to [('localhost', 8001), ('localhost', 8002)]: 1|40|Hello from M1.
[SystemTime=1741132617.123] [Machine=1] [LogicalClock=41] [Event=SEND] Sending message to [('localhost', 8002)]: 1|41|Hello from M1.
[SystemTime=1741132617.378] [Machine=1] [LogicalClock=43] [Event=RECEIVE] Received from M2: Hello from M2, Queue length now: 0
[SystemTime=1741132617.629] [Machine=1] [LogicalClock=44] [Event=INTERNAL] Doing internal work.
[SystemTime=1741132617.880] [Machine=1] [LogicalClock=45] [Event=INTERNAL] Doing internal work.
[SystemTime=1741132618.135] [Machine=1] [LogicalClock=46] [Event=INTERNAL] Doing internal work.
[SystemTime=1741132618.391] [Machine=1] [LogicalClock=46] [Event=SEND] Sending message to [('localhost', 8001)]: 1|46|Hello from M1.
[SystemTime=1741132618.643] [Machine=1] [LogicalClock=48] [Event=INTERNAL] Doing internal work.
[SystemTime=1741132618.898] [Machine=1] [LogicalClock=49] [Event=RECEIVE] Received from M2: Hello from M2, Queue length now: 0
[SystemTime=1741132619.154] [Machine=1] [LogicalClock=49] [Event=SEND] Sending message to [('localhost', 8001)]: 1|49|Hello from M1.
[SystemTime=1741132619.457] [Machine=1] [LogicalClock=51] [Event=INTERNAL] Doing internal work.
[SystemTime=1741132619.722] [Machine=1] [LogicalClock=52] [Event=RECEIVE] Received from M2: Hello from M2, Queue length now: 1
[SystemTime=1741132619.977] [Machine=1] [LogicalClock=53] [Event=RECEIVE] Received from M3: Hello from M3, Queue length now: 0
[SystemTime=1741132620.230] [Machine=1] [LogicalClock=54] [Event=RECEIVE] Received from M2: Hello from M2, Queue length now: 0
[SystemTime=1741132620.483] [Machine=1] [LogicalClock=55] [Event=RECEIVE] Received from M3: Hello from M3, Queue length now: 1
[SystemTime=1741132620.738] [Machine=1] [LogicalClock=56] [Event=RECEIVE] Received from M2: Hello from M2, Queue length now: 0
[SystemTime=1741132620.993] [Machine=1] [LogicalClock=56] [Event=SEND] Sending message to [('localhost', 8001)]: 1|56|Hello from M1.
[SystemTime=1741132621.249] [Machine=1] [LogicalClock=58] [Event=INTERNAL] Doing internal work.
[SystemTime=1741132621.499] [Machine=1] [LogicalClock=59] [Event=RECEIVE] Received from M2: Hello from M2, Queue length now: 0
[SystemTime=1741132621.757] [Machine=1] [LogicalClock=59] [Event=SEND] Sending message to [('localhost', 8001), ('localhost', 8002)]: 1|59|Hello from M1.
[SystemTime=1741132622.011] [Machine=1] [LogicalClock=61] [Event=INTERNAL] Doing internal work.
[SystemTime=1741132622.265] [Machine=1] [LogicalClock=62] [Event=RECEIVE] Received from M2: Hello from M2, Queue length now: 0
[SystemTime=1741132622.521] [Machine=1] [LogicalClock=62] [Event=SEND] Sending message to [('localhost', 8001)]: 1|62|Hello from M1.
[SystemTime=1741132622.777] [Machine=1] [LogicalClock=64] [Event=INTERNAL] Doing internal work.
[SystemTime=1741132623.031] [Machine=1] [LogicalClock=65] [Event=RECEIVE] Received from M2: Hello from M2, Queue length now: 0
[SystemTime=1741132623.286] [Machine=1] [LogicalClock=66] [Event=RECEIVE] Received from M2: Hello from M2, Queue length now: 0
[SystemTime=1741132623.540] [Machine=1] [LogicalClock=67] [Event=INTERNAL] Doing internal work.
[SystemTime=1741132623.795] [Machine=1] [LogicalClock=68] [Event=INTERNAL] Doing internal work.
[SystemTime=1741132624.047] [Machine=1] [LogicalClock=69] [Event=RECEIVE] Received from M2: Hello from M2, Queue length now: 0
[SystemTime=1741132624.303] [Machine=1] [LogicalClock=69] [Event=SEND] Sending message to [('localhost', 8002)]: 1|69|Hello from M1.
[SystemTime=1741132624.558] [Machine=1] [LogicalClock=71] [Event=INTERNAL] Doing internal work.
[SystemTime=1741132624.810] [Machine=1] [LogicalClock=72] [Event=INTERNAL] Doing internal work.
[SystemTime=1741132625.066] [Machine=1] [LogicalClock=72] [Event=SEND] Sending message to [('localhost', 8001)]: 1|72|Hello from M1.
[SystemTime=1741132625.321] [Machine=1] [LogicalClock=73] [Event=SEND] Sending message to [('localhost', 8001), ('localhost', 8002)]: 1|73|Hello from M1.
[SystemTime=1741132625.573] [Machine=1] [LogicalClock=75] [Event=INTERNAL] Doing internal work.
[SystemTime=1741132625.828] [Machine=1] [LogicalClock=76] [Event=RECEIVE] Received from M3: Hello from M3, Queue length now: 0
[SystemTime=1741132626.084] [Machine=1] [LogicalClock=76] [Event=SEND] Sending message to [('localhost', 8001), ('localhost', 8002)]: 1|76|Hello from M1.
[SystemTime=1741132626.335] [Machine=1] [LogicalClock=78] [Event=INTERNAL] Doing internal work.
[SystemTime=1741132626.600] [Machine=1] [LogicalClock=79] [Event=INTERNAL] Doing internal work.
[SystemTime=1741132626.855] [Machine=1] [LogicalClock=80] [Event=INTERNAL] Doing internal work.
[SystemTime=1741132627.111] [Machine=1] [LogicalClock=80] [Event=SEND] Sending message to [('localhost', 8001), ('localhost', 8002)]: 1|80|Hello from M1.
[SystemTime=1741132627.368] [Machine=1] [LogicalClock=81] [Event=SEND] Sending message to [('localhost', 8002)]: 1|81|Hello from M1.
[SystemTime=1741132627.622] [Machine=1] [LogicalClock=83] [Event=INTERNAL] Doing internal work.
[SystemTime=1741132627.878] [Machine=1] [LogicalClock=83] [Event=SEND] Sending message to [('localhost', 8001)]: 1|83|Hello from M1.
[SystemTime=1741132628.134] [Machine=1] [LogicalClock=84] [Event=SEND] Sending message to [('localhost', 8002)]: 1|84|Hello from M1.
[SystemTime=1741132628.385] [Machine=1] [LogicalClock=86] [Event=INTERNAL] Doing internal work.
[SystemTime=1741132628.639] [Machine=1] [LogicalClock=87] [Event=INTERNAL] Doing internal work.
[SystemTime=1741132628.896] [Machine=1] [LogicalClock=87] [Event=SEND] Sending message to [('localhost', 8002)]: 1|87|Hello from M1.
[SystemTime=1741132629.151] [Machine=1] [LogicalClock=89] [Event=INTERNAL] Doing internal work.
[SystemTime=1741132629.401] [Machine=1] [LogicalClock=90] [Event=INTERNAL] Doing internal work.
[SystemTime=1741132629.659] [Machine=1] [LogicalClock=90] [Event=SEND] Sending message to [('localhost', 8001), ('localhost', 8002)]: 1|90|Hello from M1.
[SystemTime=1741132629.916] [Machine=1] [LogicalClock=91] [Event=SEND] Sending message to [('localhost', 8001), ('localhost', 8002)]: 1|91|Hello from M1.
[SystemTime=1741132630.172] [Machine=1] [LogicalClock=93] [Event=INTERNAL] Doing internal work.
[SystemTime=1741132630.428] [Machine=1] [LogicalClock=93] [Event=SEND] Sending message to [('localhost', 8001)]: 1|93|Hello from M1.
[SystemTime=1741132630.684] [Machine=1] [LogicalClock=95] [Event=INTERNAL] Doing internal work.
[SystemTime=1741132630.939] [Machine=1] [LogicalClock=96] [Event=RECEIVE] Received from M3: Hello from M3, Queue length now: 0
[SystemTime=1741132631.194] [Machine=1] [LogicalClock=97] [Event=RECEIVE] Received from M3: Hello from M3, Queue length now: 0
[SystemTime=1741132631.450] [Machine=1] [LogicalClock=98] [Event=RECEIVE] Received from M3: Hello from M3, Queue length now: 0
[SystemTime=1741132631.706] [Machine=1] [LogicalClock=98] [Event=SEND] Sending message to [('localhost', 8001), ('localhost', 8002)]: 1|98|Hello from M1.
[SystemTime=1741132631.963] [Machine=1] [LogicalClock=99] [Event=SEND] Sending message to [('localhost', 8001)]: 1|99|Hello from M1.
[SystemTime=1741132632.219] [Machine=1] [LogicalClock=100] [Event=SEND] Sending message to [('localhost', 8002)]: 1|100|Hello from M1.
[SystemTime=1741132632.475] [Machine=1] [LogicalClock=102] [Event=INTERNAL] Doing internal work.
[SystemTime=1741132632.731] [Machine=1] [LogicalClock=102] [Event=SEND] Sending message to [('localhost', 8001)]: 1|102|Hello from M1.
[SystemTime=1741132632.986] [Machine=1] [LogicalClock=104] [Event=INTERNAL] Doing internal work.
[SystemTime=1741132633.241] [Machine=1] [LogicalClock=105] [Event=INTERNAL] Doing internal work.
[SystemTime=1741132633.493] [Machine=1] [LogicalClock=106] [Event=INTERNAL] Doing internal work.
[SystemTime=1741132633.743] [Machine=1] [LogicalClock=107] [Event=INTERNAL] Doing internal work.
[SystemTime=1741132634.000] [Machine=1] [LogicalClock=107] [Event=SEND] Sending message to [('localhost', 8001)]: 1|107|Hello from M1.
[SystemTime=1741132634.252] [Machine=1] [LogicalClock=109] [Event=RECEIVE] Received from M3: Hello from M3, Queue length now: 0
[SystemTime=1741132634.509] [Machine=1] [LogicalClock=109] [Event=SEND] Sending message to [('localhost', 8001)]: 1|109|Hello from M1.
[SystemTime=1741132634.762] [Machine=1] [LogicalClock=110] [Event=SEND] Sending message to [('localhost', 8001), ('localhost', 8002)]: 1|110|Hello from M1.
[SystemTime=1741132635.018] [Machine=1] [LogicalClock=112] [Event=INTERNAL] Doing internal work.
[SystemTime=1741132635.274] [Machine=1] [LogicalClock=112] [Event=SEND] Sending message to [('localhost', 8001)]: 1|112|Hello from M1.
[SystemTime=1741132635.529] [Machine=1] [LogicalClock=114] [Event=INTERNAL] Doing internal work.
[SystemTime=1741132635.786] [Machine=1] [LogicalClock=114] [Event=SEND] Sending message to [('localhost', 8001), ('localhost', 8002)]: 1|114|Hello from M1.
[SystemTime=1741132636.040] [Machine=1] [LogicalClock=116] [Event=INTERNAL] Doing internal work.
[SystemTime=1741132636.295] [Machine=1] [LogicalClock=117] [Event=RECEIVE] Received from M3: Hello from M3, Queue length now: 1
[SystemTime=1741132636.547] [Machine=1] [LogicalClock=118] [Event=RECEIVE] Received from M2: Hello from M2, Queue length now: 0
[SystemTime=1741132636.803] [Machine=1] [LogicalClock=119] [Event=INTERNAL] Doing internal work.
[SystemTime=1741132637.056] [Machine=1] [LogicalClock=120] [Event=INTERNAL] Doing internal work.
[SystemTime=1741132637.312] [Machine=1] [LogicalClock=120] [Event=SEND] Sending message to [('localhost', 8001), ('localhost', 8002)]: 1|120|Hello from M1.
[SystemTime=1741132637.566] [Machine=1] [LogicalClock=122] [Event=INTERNAL] Doing internal work.
[SystemTime=1741132637.820] [Machine=1] [LogicalClock=123] [Event=INTERNAL] Doing internal work.
[SystemTime=1741132638.075] [Machine=1] [LogicalClock=124] [Event=RECEIVE] Received from M3: Hello from M3, Queue length now: 0
[SystemTime=1741132638.330] [Machine=1] [LogicalClock=125] [Event=INTERNAL] Doing internal work.
[SystemTime=1741132638.582] [Machine=1] [LogicalClock=126] [Event=RECEIVE] Received from M3: Hello from M3, Queue length now: 0
[SystemTime=1741132638.850] [Machine=1] [LogicalClock=126] [Event=SEND] Sending message to [('localhost', 8002)]: 1|126|Hello from M1.
[SystemTime=1741132639.102] [Machine=1] [LogicalClock=128] [Event=INTERNAL] Doing internal work.
[SystemTime=1741132639.359] [Machine=1] [LogicalClock=129] [Event=INTERNAL] Doing internal work.
[SystemTime=1741132639.614] [Machine=1] [LogicalClock=130] [Event=INTERNAL] Doing internal work.
[SystemTime=1741132639.869] [Machine=1] [LogicalClock=131] [Event=INTERNAL] Doing internal work.
[SystemTime=1741132640.126] [Machine=1] [LogicalClock=131] [Event=SEND] Sending message to [('localhost', 8001), ('localhost', 8002)]: 1|131|Hello from M1.
[SystemTime=1741132640.381] [Machine=1] [LogicalClock=133] [Event=INTERNAL] Doing internal work.
[SystemTime=1741132640.636] [Machine=1] [LogicalClock=134] [Event=INTERNAL] Doing internal work.
[SystemTime=1741132640.891] [Machine=1] [LogicalClock=135] [Event=INTERNAL] Doing internal work.
[SystemTime=1741132641.142] [Machine=1] [LogicalClock=135] [Event=SEND] Sending message to [('localhost', 8001)]: 1|135|Hello from M1.
[SystemTime=1741132641.395] [Machine=1] [LogicalClock=136] [Event=SEND] Sending message to [('localhost', 8002)]: 1|136|Hello from M1.
[SystemTime=1741132641.646] [Machine=1] [LogicalClock=138] [Event=INTERNAL] Doing internal work.
[SystemTime=1741132641.901] [Machine=1] [LogicalClock=139] [Event=INTERNAL] Doing internal work.
[SystemTime=1741132642.156] [Machine=1] [LogicalClock=140] [Event=INTERNAL] Doing internal work.
[SystemTime=1741132642.408] [Machine=1] [LogicalClock=141] [Event=INTERNAL] Doing internal work.
[SystemTime=1741132642.660] [Machine=1] [LogicalClock=142] [Event=RECEIVE] Received from M3: Hello from M3, Queue length now: 0
[SystemTime=1741132642.912] [Machine=1] [LogicalClock=143] [Event=INTERNAL] Doing internal work.
[SystemTime=1741132643.168] [Machine=1] [LogicalClock=144] [Event=INTERNAL] Doing internal work.
[SystemTime=1741132643.423] [Machine=1] [LogicalClock=145] [Event=RECEIVE] Received from M3: Hello from M3, Queue length now: 0
[SystemTime=1741132643.673] [Machine=1] [LogicalClock=146] [Event=INTERNAL] Doing internal work.
[SystemTime=1741132643.928] [Machine=1] [LogicalClock=147] [Event=INTERNAL] Doing internal work.
[SystemTime=1741132644.180] [Machine=1] [LogicalClock=148] [Event=INTERNAL] Doing internal work.
[SystemTime=1741132644.433] [Machine=1] [LogicalClock=149] [Event=RECEIVE] Received from M2: Hello from M2, Queue length now: 0
[SystemTime=1741132644.688] [Machine=1] [LogicalClock=149] [Event=SEND] Sending message to [('localhost', 8001), ('localhost', 8002)]: 1|149|Hello from M1.
[SystemTime=1741132644.942] [Machine=1] [LogicalClock=151] [Event=INTERNAL] Doing internal work.
[SystemTime=1741132645.195] [Machine=1] [LogicalClock=152] [Event=INTERNAL] Doing internal work.
[SystemTime=1741132645.451] [Machine=1] [LogicalClock=153] [Event=INTERNAL] Doing internal work.
[SystemTime=1741132645.702] [Machine=1] [LogicalClock=154] [Event=INTERNAL] Doing internal work.
[SystemTime=1741132645.956] [Machine=1] [LogicalClock=155] [Event=INTERNAL] Doing internal work.
[SystemTime=1741132646.211] [Machine=1] [LogicalClock=156] [Event=RECEIVE] Received from M3: Hello from M3, Queue length now: 1
[SystemTime=1741132646.464] [Machine=1] [LogicalClock=157] [Event=RECEIVE] Received from M2: Hello from M2, Queue length now: 1
[SystemTime=1741132646.716] [Machine=1] [LogicalClock=158] [Event=RECEIVE] Received from M3: Hello from M3, Queue length now: 0
[SystemTime=1741132646.971] [Machine=1] [LogicalClock=159] [Event=INTERNAL] Doing internal work.
[SystemTime=1741132647.223] [Machine=1] [LogicalClock=160] [Event=INTERNAL] Doing internal work.
[SystemTime=1741132647.476] [Machine=1] [LogicalClock=161] [Event=RECEIVE] Received from M3: Hello from M3, Queue length now: 0
[SystemTime=1741132647.730] [Machine=1] [LogicalClock=162] [Event=RECEIVE] Received from M3: Hello from M3, Queue length now: 0
[SystemTime=1741132647.985] [Machine=1] [LogicalClock=163] [Event=INTERNAL] Doing internal work.
[SystemTime=1741132648.235] [Machine=1] [LogicalClock=164] [Event=INTERNAL] Doing internal work.
[SystemTime=1741132648.488] [Machine=1] [LogicalClock=164] [Event=SEND] Sending message to [('localhost', 8001)]: 1|164|Hello from M1.
[SystemTime=1741132648.744] [Machine=1] [LogicalClock=166] [Event=INTERNAL] Doing internal work.
[SystemTime=1741132648.996] [Machine=1] [LogicalClock=167] [Event=RECEIVE] Received from M2: Hello from M2, Queue length now: 0
[SystemTime=1741132649.248] [Machine=1] [LogicalClock=168] [Event=INTERNAL] Doing internal work.
[SystemTime=1741132649.501] [Machine=1] [LogicalClock=169] [Event=INTERNAL] Doing internal work.
[SystemTime=1741132649.756] [Machine=1] [LogicalClock=170] [Event=INTERNAL] Doing internal work.
[SystemTime=1741132650.011] [Machine=1] [LogicalClock=171] [Event=INTERNAL] Doing internal work.
[SystemTime=1741132650.266] [Machine=1] [LogicalClock=172] [Event=RECEIVE] Received from M2: Hello from M2, Queue length now: 0
[SystemTime=1741132650.522] [Machine=1] [LogicalClock=172] [Event=SEND] Sending message to [('localhost', 8002)]: 1|172|Hello from M1.
[SystemTime=1741132650.777] [Machine=1] [LogicalClock=174] [Event=RECEIVE] Received from M2: Hello from M2, Queue length now: 0
[SystemTime=1741132651.032] [Machine=1] [LogicalClock=175] [Event=INTERNAL] Doing internal work.
[SystemTime=1741132651.282] [Machine=1] [LogicalClock=176] [Event=INTERNAL] Doing internal work.
[SystemTime=1741132651.536] [Machine=1] [LogicalClock=176] [Event=SEND] Sending message to [('localhost', 8001), ('localhost', 8002)]: 1|176|Hello from M1.
[SystemTime=1741132651.792] [Machine=1] [LogicalClock=177] [Event=SEND] Sending message to [('localhost', 8001)]: 1|177|Hello from M1.
[SystemTime=1741132652.048] [Machine=1] [LogicalClock=179] [Event=INTERNAL] Doing internal work.
[SystemTime=1741132652.302] [Machine=1] [LogicalClock=180] [Event=INTERNAL] Doing internal work.
[SystemTime=1741132652.557] [Machine=1] [LogicalClock=181] [Event=RECEIVE] Received from M2: Hello from M2, Queue length now: 0
[SystemTime=1741132652.810] [Machine=1] [LogicalClock=182] [Event=INTERNAL] Doing internal work.
[SystemTime=1741132653.065] [Machine=1] [LogicalClock=183] [Event=RECEIVE] Received from M2: Hello from M2, Queue length now: 0
[SystemTime=1741132653.318] [Machine=1] [LogicalClock=183] [Event=SEND] Sending message to [('localhost', 8002)]: 1|183|Hello from M1.
[SystemTime=1741132653.573] [Machine=1] [LogicalClock=185] [Event=INTERNAL] Doing internal work.
[SystemTime=1741132653.828] [Machine=1] [LogicalClock=186] [Event=INTERNAL] Doing internal work.
[SystemTime=1741132654.082] [Machine=1] [LogicalClock=186] [Event=SEND] Sending message to [('localhost', 8001), ('localhost', 8002)]: 1|186|Hello from M1.
[SystemTime=1741132654.337] [Machine=1] [LogicalClock=188] [Event=INTERNAL] Doing internal work.
[SystemTime=1741132654.594] [Machine=1] [LogicalClock=188] [Event=SEND] Sending message to [('localhost', 8001), ('localhost', 8002)]: 1|188|Hello from M1.
[SystemTime=1741132654.848] [Machine=1] [LogicalClock=190] [Event=INTERNAL] Doing internal work.
[SystemTime=1741132655.099] [Machine=1] [LogicalClock=191] [Event=INTERNAL] Doing internal work.
[SystemTime=1741132655.352] [Machine=1] [LogicalClock=192] [Event=RECEIVE] Received from M3: Hello from M3, Queue length now: 0
[SystemTime=1741132655.607] [Machine=1] [LogicalClock=193] [Event=INTERNAL] Doing internal work.
[SystemTime=1741132655.858] [Machine=1] [LogicalClock=194] [Event=RECEIVE] Received from M2: Hello from M2, Queue length now: 0
[SystemTime=1741132656.113] [Machine=1] [LogicalClock=195] [Event=INTERNAL] Doing internal work.
[SystemTime=1741132656.369] [Machine=1] [LogicalClock=196] [Event=RECEIVE] Received from M3: Hello from M3, Queue length now: 0
[SystemTime=1741132656.619] [Machine=1] [LogicalClock=197] [Event=INTERNAL] Doing internal work.
[SystemTime=1741132656.873] [Machine=1] [LogicalClock=198] [Event=INTERNAL] Doing internal work.
[SystemTime=1741132657.130] [Machine=1] [LogicalClock=198] [Event=SEND] Sending message to [('localhost', 8002)]: 1|198|Hello from M1.
[SystemTime=1741132657.382] [Machine=1] [LogicalClock=200] [Event=INTERNAL] Doing internal work.
[SystemTime=1741132657.636] [Machine=1] [LogicalClock=201] [Event=RECEIVE] Received from M2: Hello from M2, Queue length now: 0
[SystemTime=1741132657.891] [Machine=1] [LogicalClock=202] [Event=INTERNAL] Doing internal work.
[SystemTime=1741132658.142] [Machine=1] [LogicalClock=203] [Event=RECEIVE] Received from M3: Hello from M3, Queue length now: 0
[SystemTime=1741132658.397] [Machine=1] [LogicalClock=204] [Event=INTERNAL] Doing internal work.
[SystemTime=1741132658.648] [Machine=1] [LogicalClock=205] [Event=RECEIVE] Received from M2: Hello from M2, Queue length now: 0
[SystemTime=1741132658.903] [Machine=1] [LogicalClock=206] [Event=INTERNAL] Doing internal work.
[SystemTime=1741132659.159] [Machine=1] [LogicalClock=207] [Event=INTERNAL] Doing internal work.
[SystemTime=1741132659.410] [Machine=1] [LogicalClock=208] [Event=INTERNAL] Doing internal work.
[SystemTime=1741132659.666] [Machine=1] [LogicalClock=209] [Event=RECEIVE] Received from M2: Hello from M2, Queue length now: 0
[SystemTime=1741132659.922] [Machine=1] [LogicalClock=209] [Event=SEND] Sending message to [('localhost', 8001), ('localhost', 8002)]: 1|209|Hello from M1.
[SystemTime=1741132660.177] [Machine=1] [LogicalClock=211] [Event=RECEIVE] Received from M2: Hello from M2, Queue length now: 0
[SystemTime=1741132660.433] [Machine=1] [LogicalClock=212] [Event=INTERNAL] Doing internal work.
[SystemTime=1741132660.690] [Machine=1] [LogicalClock=212] [Event=SEND] Sending message to [('localhost', 8001), ('localhost', 8002)]: 1|212|Hello from M1.
[SystemTime=1741132660.944] [Machine=1] [LogicalClock=214] [Event=INTERNAL] Doing internal work.
[SystemTime=1741132661.196] [Machine=1] [LogicalClock=215] [Event=RECEIVE] Received from M3: Hello from M3, Queue length now: 0
[SystemTime=1741132661.452] [Machine=1] [LogicalClock=216] [Event=INTERNAL] Doing internal work.
[SystemTime=1741132661.706] [Machine=1] [LogicalClock=217] [Event=INTERNAL] Doing internal work.
[SystemTime=1741132661.961] [Machine=1] [LogicalClock=218] [Event=RECEIVE] Received from M2: Hello from M2, Queue length now: 0
[SystemTime=1741132662.212] [Machine=1] [LogicalClock=219] [Event=INTERNAL] Doing internal work.
[SystemTime=1741132662.467] [Machine=1] [LogicalClock=220] [Event=INTERNAL] Doing internal work.
[SystemTime=1741132662.720] [Machine=1] [LogicalClock=221] [Event=RECEIVE] Received from M2: Hello from M2, Queue length now: 0
[SystemTime=1741132662.974] [Machine=1] [LogicalClock=222] [Event=RECEIVE] Received from M3: Hello from M3, Queue length now: 0
[SystemTime=1741132663.228] [Machine=1] [LogicalClock=223] [Event=RECEIVE] Received from M2: Hello from M2, Queue length now: 0
[SystemTime=1741132663.482] [Machine=1] [LogicalClock=224] [Event=INTERNAL] Doing internal work.
[SystemTime=1741132663.738] [Machine=1] [LogicalClock=225] [Event=RECEIVE] Received from M3: Hello from M3, Queue length now: 0
[SystemTime=1741132663.990] [Machine=1] [LogicalClock=226] [Event=INTERNAL] Doing internal work.
[SystemTime=1741132664.246] [Machine=1] [LogicalClock=226] [Event=SEND] Sending message to [('localhost', 8001), ('localhost', 8002)]: 1|226|Hello from M1.
[SystemTime=1741132664.501] [Machine=1] [LogicalClock=228] [Event=INTERNAL] Doing internal work.
[SystemTime=1741132664.755] [Machine=1] [LogicalClock=229] [Event=RECEIVE] Received from M2: Hello from M2, Queue length now: 0
[SystemTime=1741132665.006] [Machine=1] [LogicalClock=230] [Event=INTERNAL] Doing internal work.
[SystemTime=1741132665.268] [Machine=1] [LogicalClock=230] [Event=SEND] Sending message to [('localhost', 8001), ('localhost', 8002)]: 1|230|Hello from M1.
[SystemTime=1741132665.523] [Machine=1] [LogicalClock=232] [Event=INTERNAL] Doing internal work.
[SystemTime=1741132665.776] [Machine=1] [LogicalClock=233] [Event=INTERNAL] Doing internal work.
[SystemTime=1741132666.030] [Machine=1] [LogicalClock=234] [Event=INTERNAL] Doing internal work.
[SystemTime=1741132666.285] [Machine=1] [LogicalClock=235] [Event=INTERNAL] Doing internal work.
[SystemTime=1741132666.540] [Machine=1] [LogicalClock=236] [Event=INTERNAL] Doing internal work.
