[SystemTime=1741133687.899] [Machine=2] [LogicalClock=0] [Event=INIT] Clock rate initialized as 5
[SystemTime=1741133688.106] [Machine=2] [LogicalClock=0] [Event=SEND] Sending message to [('localhost', 8000), ('localhost', 8002)]: 2|0|Hello from M2.
[SystemTime=1741133688.311] [Machine=2] [LogicalClock=2] [Event=INTERNAL] Doing internal work.
[SystemTime=1741133688.516] [Machine=2] [LogicalClock=3] [Event=INTERNAL] Doing internal work.
[SystemTime=1741133688.722] [Machine=2] [LogicalClock=4] [Event=INTERNAL] Doing internal work.
[SystemTime=1741133688.925] [Machine=2] [LogicalClock=5] [Event=INTERNAL] Doing internal work.
[SystemTime=1741133689.131] [Machine=2] [LogicalClock=5] [Event=SEND] Sending message to [('localhost', 8002)]: 2|5|Hello from M2.
[SystemTime=1741133689.337] [Machine=2] [LogicalClock=6] [Event=SEND] Sending message to [('localhost', 8000)]: 2|6|Hello from M2.
[SystemTime=1741133689.544] [Machine=2] [LogicalClock=7] [Event=SEND] Sending message to [('localhost', 8000)]: 2|7|Hello from M2.
[SystemTime=1741133689.744] [Machine=2] [LogicalClock=9] [Event=INTERNAL] Doing internal work.
[SystemTime=1741133689.950] [Machine=2] [LogicalClock=10] [Event=INTERNAL] Doing internal work.
[SystemTime=1741133690.150] [Machine=2] [LogicalClock=11] [Event=INTERNAL] Doing internal work.
[SystemTime=1741133690.357] [Machine=2] [LogicalClock=11] [Event=SEND] Sending message to [('localhost', 8000)]: 2|11|Hello from M2.
[SystemTime=1741133690.562] [Machine=2] [LogicalClock=12] [Event=SEND] Sending message to [('localhost', 8000)]: 2|12|Hello from M2.
[SystemTime=1741133690.767] [Machine=2] [LogicalClock=14] [Event=INTERNAL] Doing internal work.
[SystemTime=1741133690.973] [Machine=2] [LogicalClock=14] [Event=SEND] Sending message to [('localhost', 8002)]: 2|14|Hello from M2.
[SystemTime=1741133691.177] [Machine=2] [LogicalClock=15] [Event=SEND] Sending message to [('localhost', 8000), ('localhost', 8002)]: 2|15|Hello from M2.
[SystemTime=1741133691.382] [Machine=2] [LogicalClock=17] [Event=INTERNAL] Doing internal work.
[SystemTime=1741133691.587] [Machine=2] [LogicalClock=18] [Event=RECEIVE] Received from M1: Hello from M1, Queue length now: 0
[SystemTime=1741133691.788] [Machine=2] [LogicalClock=19] [Event=RECEIVE] Received from M3: Hello from M3, Queue length now: 0
[SystemTime=1741133691.991] [Machine=2] [LogicalClock=20] [Event=INTERNAL] Doing internal work.
[SystemTime=1741133692.196] [Machine=2] [LogicalClock=21] [Event=RECEIVE] Received from M1: Hello from M1, Queue length now: 0
[SystemTime=1741133692.399] [Machine=2] [LogicalClock=21] [Event=SEND] Sending message to [('localhost', 8002)]: 2|21|Hello from M2.
[SystemTime=1741133692.601] [Machine=2] [LogicalClock=22] [Event=SEND] Sending message to [('localhost', 8002)]: 2|22|Hello from M2.
[SystemTime=1741133692.805] [Machine=2] [LogicalClock=24] [Event=RECEIVE] Received from M1: Hello from M1, Queue length now: 0
[SystemTime=1741133693.009] [Machine=2] [LogicalClock=25] [Event=INTERNAL] Doing internal work.
[SystemTime=1741133693.218] [Machine=2] [LogicalClock=26] [Event=INTERNAL] Doing internal work.
[SystemTime=1741133693.424] [Machine=2] [LogicalClock=26] [Event=SEND] Sending message to [('localhost', 8002)]: 2|26|Hello from M2.
[SystemTime=1741133693.630] [Machine=2] [LogicalClock=28] [Event=INTERNAL] Doing internal work.
[SystemTime=1741133693.833] [Machine=2] [LogicalClock=29] [Event=INTERNAL] Doing internal work.
[SystemTime=1741133694.039] [Machine=2] [LogicalClock=30] [Event=RECEIVE] Received from M1: Hello from M1, Queue length now: 1
[SystemTime=1741133694.243] [Machine=2] [LogicalClock=31] [Event=RECEIVE] Received from M3: Hello from M3, Queue length now: 0
[SystemTime=1741133694.450] [Machine=2] [LogicalClock=31] [Event=SEND] Sending message to [('localhost', 8000)]: 2|31|Hello from M2.
[SystemTime=1741133694.653] [Machine=2] [LogicalClock=32] [Event=SEND] Sending message to [('localhost', 8000), ('localhost', 8002)]: 2|32|Hello from M2.
[SystemTime=1741133694.857] [Machine=2] [LogicalClock=34] [Event=INTERNAL] Doing internal work.
[SystemTime=1741133695.063] [Machine=2] [LogicalClock=35] [Event=RECEIVE] Received from M3: Hello from M3, Queue length now: 0
[SystemTime=1741133695.269] [Machine=2] [LogicalClock=36] [Event=RECEIVE] Received from M1: Hello from M1, Queue length now: 0
[SystemTime=1741133695.471] [Machine=2] [LogicalClock=37] [Event=INTERNAL] Doing internal work.
[SystemTime=1741133695.673] [Machine=2] [LogicalClock=38] [Event=INTERNAL] Doing internal work.
[SystemTime=1741133695.874] [Machine=2] [LogicalClock=39] [Event=INTERNAL] Doing internal work.
[SystemTime=1741133696.081] [Machine=2] [LogicalClock=39] [Event=SEND] Sending message to [('localhost', 8002)]: 2|39|Hello from M2.
[SystemTime=1741133696.287] [Machine=2] [LogicalClock=41] [Event=INTERNAL] Doing internal work.
[SystemTime=1741133696.492] [Machine=2] [LogicalClock=42] [Event=INTERNAL] Doing internal work.
[SystemTime=1741133696.697] [Machine=2] [LogicalClock=43] [Event=INTERNAL] Doing internal work.
[SystemTime=1741133696.900] [Machine=2] [LogicalClock=43] [Event=SEND] Sending message to [('localhost', 8002)]: 2|43|Hello from M2.
[SystemTime=1741133697.105] [Machine=2] [LogicalClock=45] [Event=INTERNAL] Doing internal work.
[SystemTime=1741133697.312] [Machine=2] [LogicalClock=45] [Event=SEND] Sending message to [('localhost', 8000)]: 2|45|Hello from M2.
[SystemTime=1741133697.518] [Machine=2] [LogicalClock=46] [Event=SEND] Sending message to [('localhost', 8002)]: 2|46|Hello from M2.
[SystemTime=1741133697.724] [Machine=2] [LogicalClock=48] [Event=INTERNAL] Doing internal work.
[SystemTime=1741133697.928] [Machine=2] [LogicalClock=49] [Event=RECEIVE] Received from M3: Hello from M3, Queue length now: 0
[SystemTime=1741133698.128] [Machine=2] [LogicalClock=50] [Event=INTERNAL] Doing internal work.
[SystemTime=1741133698.334] [Machine=2] [LogicalClock=51] [Event=RECEIVE] Received from M3: Hello from M3, Queue length now: 0
[SystemTime=1741133698.538] [Machine=2] [LogicalClock=52] [Event=INTERNAL] Doing internal work.
[SystemTime=1741133698.741] [Machine=2] [LogicalClock=53] [Event=INTERNAL] Doing internal work.
[SystemTime=1741133698.946] [Machine=2] [LogicalClock=54] [Event=INTERNAL] Doing internal work.
[SystemTime=1741133699.152] [Machine=2] [LogicalClock=55] [Event=INTERNAL] Doing internal work.
[SystemTime=1741133699.385] [Machine=2] [LogicalClock=56] [Event=INTERNAL] Doing internal work.
[SystemTime=1741133699.590] [Machine=2] [LogicalClock=57] [Event=RECEIVE] Received from M3: Hello from M3, Queue length now: 0
[SystemTime=1741133699.797] [Machine=2] [LogicalClock=57] [Event=SEND] Sending message to [('localhost', 8000)]: 2|57|Hello from M2.
[SystemTime=1741133700.004] [Machine=2] [LogicalClock=58] [Event=SEND] Sending message to [('localhost', 8000), ('localhost', 8002)]: 2|58|Hello from M2.
[SystemTime=1741133700.210] [Machine=2] [LogicalClock=59] [Event=SEND] Sending message to [('localhost', 8002)]: 2|59|Hello from M2.
[SystemTime=1741133700.416] [Machine=2] [LogicalClock=61] [Event=INTERNAL] Doing internal work.
[SystemTime=1741133700.616] [Machine=2] [LogicalClock=62] [Event=INTERNAL] Doing internal work.
[SystemTime=1741133700.821] [Machine=2] [LogicalClock=63] [Event=INTERNAL] Doing internal work.
[SystemTime=1741133701.028] [Machine=2] [LogicalClock=63] [Event=SEND] Sending message to [('localhost', 8002)]: 2|63|Hello from M2.
[SystemTime=1741133701.233] [Machine=2] [LogicalClock=64] [Event=SEND] Sending message to [('localhost', 8000), ('localhost', 8002)]: 2|64|Hello from M2.
[SystemTime=1741133701.442] [Machine=2] [LogicalClock=66] [Event=INTERNAL] Doing internal work.
[SystemTime=1741133701.644] [Machine=2] [LogicalClock=67] [Event=INTERNAL] Doing internal work.
[SystemTime=1741133701.849] [Machine=2] [LogicalClock=68] [Event=INTERNAL] Doing internal work.
[SystemTime=1741133702.054] [Machine=2] [LogicalClock=69] [Event=INTERNAL] Doing internal work.
[SystemTime=1741133702.258] [Machine=2] [LogicalClock=70] [Event=INTERNAL] Doing internal work.
[SystemTime=1741133702.459] [Machine=2] [LogicalClock=71] [Event=INTERNAL] Doing internal work.
[SystemTime=1741133702.665] [Machine=2] [LogicalClock=71] [Event=SEND] Sending message to [('localhost', 8002)]: 2|71|Hello from M2.
[SystemTime=1741133702.869] [Machine=2] [LogicalClock=73] [Event=INTERNAL] Doing internal work.
[SystemTime=1741133703.075] [Machine=2] [LogicalClock=73] [Event=SEND] Sending message to [('localhost', 8000), ('localhost', 8002)]: 2|73|Hello from M2.
[SystemTime=1741133703.282] [Machine=2] [LogicalClock=74] [Event=SEND] Sending message to [('localhost', 8002)]: 2|74|Hello from M2.
[SystemTime=1741133703.485] [Machine=2] [LogicalClock=76] [Event=INTERNAL] Doing internal work.
[SystemTime=1741133703.690] [Machine=2] [LogicalClock=77] [Event=INTERNAL] Doing internal work.
[SystemTime=1741133703.895] [Machine=2] [LogicalClock=78] [Event=INTERNAL] Doing internal work.
[SystemTime=1741133704.101] [Machine=2] [LogicalClock=79] [Event=INTERNAL] Doing internal work.
[SystemTime=1741133704.306] [Machine=2] [LogicalClock=80] [Event=INTERNAL] Doing internal work.
[SystemTime=1741133704.511] [Machine=2] [LogicalClock=81] [Event=INTERNAL] Doing internal work.
[SystemTime=1741133704.712] [Machine=2] [LogicalClock=82] [Event=RECEIVE] Received from M3: Hello from M3, Queue length now: 0
[SystemTime=1741133704.917] [Machine=2] [LogicalClock=83] [Event=INTERNAL] Doing internal work.
[SystemTime=1741133705.124] [Machine=2] [LogicalClock=83] [Event=SEND] Sending message to [('localhost', 8002)]: 2|83|Hello from M2.
[SystemTime=1741133705.329] [Machine=2] [LogicalClock=85] [Event=INTERNAL] Doing internal work.
[SystemTime=1741133705.535] [Machine=2] [LogicalClock=86] [Event=RECEIVE] Received from M1: Hello from M1, Queue length now: 0
[SystemTime=1741133705.737] [Machine=2] [LogicalClock=87] [Event=INTERNAL] Doing internal work.
[SystemTime=1741133705.940] [Machine=2] [LogicalClock=88] [Event=RECEIVE] Received from M3: Hello from M3, Queue length now: 0
[SystemTime=1741133706.145] [Machine=2] [LogicalClock=89] [Event=INTERNAL] Doing internal work.
[SystemTime=1741133706.349] [Machine=2] [LogicalClock=90] [Event=INTERNAL] Doing internal work.
[SystemTime=1741133706.554] [Machine=2] [LogicalClock=91] [Event=RECEIVE] Received from M3: Hello from M3, Queue length now: 0
[SystemTime=1741133706.755] [Machine=2] [LogicalClock=92] [Event=INTERNAL] Doing internal work.
[SystemTime=1741133706.956] [Machine=2] [LogicalClock=93] [Event=INTERNAL] Doing internal work.
[SystemTime=1741133707.166] [Machine=2] [LogicalClock=93] [Event=SEND] Sending message to [('localhost', 8000), ('localhost', 8002)]: 2|93|Hello from M2.
[SystemTime=1741133707.371] [Machine=2] [LogicalClock=95] [Event=INTERNAL] Doing internal work.
[SystemTime=1741133707.575] [Machine=2] [LogicalClock=96] [Event=INTERNAL] Doing internal work.
[SystemTime=1741133707.781] [Machine=2] [LogicalClock=97] [Event=RECEIVE] Received from M3: Hello from M3, Queue length now: 1
[SystemTime=1741133707.986] [Machine=2] [LogicalClock=98] [Event=RECEIVE] Received from M1: Hello from M1, Queue length now: 1
[SystemTime=1741133708.187] [Machine=2] [LogicalClock=99] [Event=RECEIVE] Received from M1: Hello from M1, Queue length now: 0
[SystemTime=1741133708.392] [Machine=2] [LogicalClock=100] [Event=INTERNAL] Doing internal work.
[SystemTime=1741133708.597] [Machine=2] [LogicalClock=101] [Event=INTERNAL] Doing internal work.
[SystemTime=1741133708.802] [Machine=2] [LogicalClock=102] [Event=INTERNAL] Doing internal work.
[SystemTime=1741133709.005] [Machine=2] [LogicalClock=103] [Event=INTERNAL] Doing internal work.
[SystemTime=1741133709.210] [Machine=2] [LogicalClock=104] [Event=INTERNAL] Doing internal work.
[SystemTime=1741133709.411] [Machine=2] [LogicalClock=105] [Event=RECEIVE] Received from M1: Hello from M1, Queue length now: 0
[SystemTime=1741133709.617] [Machine=2] [LogicalClock=105] [Event=SEND] Sending message to [('localhost', 8000)]: 2|105|Hello from M2.
[SystemTime=1741133709.822] [Machine=2] [LogicalClock=107] [Event=INTERNAL] Doing internal work.
[SystemTime=1741133710.028] [Machine=2] [LogicalClock=108] [Event=INTERNAL] Doing internal work.
[SystemTime=1741133710.233] [Machine=2] [LogicalClock=109] [Event=INTERNAL] Doing internal work.
[SystemTime=1741133710.440] [Machine=2] [LogicalClock=109] [Event=SEND] Sending message to [('localhost', 8000)]: 2|109|Hello from M2.
[SystemTime=1741133710.642] [Machine=2] [LogicalClock=111] [Event=INTERNAL] Doing internal work.
[SystemTime=1741133710.849] [Machine=2] [LogicalClock=111] [Event=SEND] Sending message to [('localhost', 8002)]: 2|111|Hello from M2.
[SystemTime=1741133711.051] [Machine=2] [LogicalClock=113] [Event=INTERNAL] Doing internal work.
[SystemTime=1741133711.258] [Machine=2] [LogicalClock=114] [Event=INTERNAL] Doing internal work.
[SystemTime=1741133711.463] [Machine=2] [LogicalClock=115] [Event=INTERNAL] Doing internal work.
[SystemTime=1741133711.668] [Machine=2] [LogicalClock=116] [Event=INTERNAL] Doing internal work.
[SystemTime=1741133711.874] [Machine=2] [LogicalClock=117] [Event=INTERNAL] Doing internal work.
[SystemTime=1741133712.079] [Machine=2] [LogicalClock=118] [Event=RECEIVE] Received from M3: Hello from M3, Queue length now: 0
[SystemTime=1741133712.284] [Machine=2] [LogicalClock=119] [Event=INTERNAL] Doing internal work.
[SystemTime=1741133712.490] [Machine=2] [LogicalClock=120] [Event=INTERNAL] Doing internal work.
[SystemTime=1741133712.693] [Machine=2] [LogicalClock=121] [Event=RECEIVE] Received from M3: Hello from M3, Queue length now: 0
[SystemTime=1741133712.897] [Machine=2] [LogicalClock=122] [Event=RECEIVE] Received from M1: Hello from M1, Queue length now: 0
[SystemTime=1741133713.103] [Machine=2] [LogicalClock=122] [Event=SEND] Sending message to [('localhost', 8000), ('localhost', 8002)]: 2|122|Hello from M2.
[SystemTime=1741133713.308] [Machine=2] [LogicalClock=124] [Event=INTERNAL] Doing internal work.
[SystemTime=1741133713.513] [Machine=2] [LogicalClock=125] [Event=INTERNAL] Doing internal work.
[SystemTime=1741133713.719] [Machine=2] [LogicalClock=126] [Event=INTERNAL] Doing internal work.
[SystemTime=1741133713.924] [Machine=2] [LogicalClock=127] [Event=INTERNAL] Doing internal work.
[SystemTime=1741133714.130] [Machine=2] [LogicalClock=128] [Event=RECEIVE] Received from M1: Hello from M1, Queue length now: 0
[SystemTime=1741133714.331] [Machine=2] [LogicalClock=129] [Event=RECEIVE] Received from M3: Hello from M3, Queue length now: 0
[SystemTime=1741133714.533] [Machine=2] [LogicalClock=130] [Event=INTERNAL] Doing internal work.
[SystemTime=1741133714.738] [Machine=2] [LogicalClock=130] [Event=SEND] Sending message to [('localhost', 8000)]: 2|130|Hello from M2.
[SystemTime=1741133714.939] [Machine=2] [LogicalClock=132] [Event=INTERNAL] Doing internal work.
[SystemTime=1741133715.142] [Machine=2] [LogicalClock=133] [Event=RECEIVE] Received from M3: Hello from M3, Queue length now: 0
[SystemTime=1741133715.343] [Machine=2] [LogicalClock=134] [Event=INTERNAL] Doing internal work.
[SystemTime=1741133715.548] [Machine=2] [LogicalClock=135] [Event=RECEIVE] Received from M1: Hello from M1, Queue length now: 0
[SystemTime=1741133715.760] [Machine=2] [LogicalClock=135] [Event=SEND] Sending message to [('localhost', 8002)]: 2|135|Hello from M2.
[SystemTime=1741133715.967] [Machine=2] [LogicalClock=136] [Event=SEND] Sending message to [('localhost', 8000)]: 2|136|Hello from M2.
[SystemTime=1741133716.174] [Machine=2] [LogicalClock=138] [Event=INTERNAL] Doing internal work.
[SystemTime=1741133716.379] [Machine=2] [LogicalClock=139] [Event=INTERNAL] Doing internal work.
[SystemTime=1741133716.583] [Machine=2] [LogicalClock=140] [Event=INTERNAL] Doing internal work.
[SystemTime=1741133716.789] [Machine=2] [LogicalClock=141] [Event=RECEIVE] Received from M3: Hello from M3, Queue length now: 0
[SystemTime=1741133716.992] [Machine=2] [LogicalClock=142] [Event=RECEIVE] Received from M1: Hello from M1, Queue length now: 0
[SystemTime=1741133717.203] [Machine=2] [LogicalClock=143] [Event=INTERNAL] Doing internal work.
[SystemTime=1741133717.408] [Machine=2] [LogicalClock=144] [Event=INTERNAL] Doing internal work.
[SystemTime=1741133717.609] [Machine=2] [LogicalClock=145] [Event=INTERNAL] Doing internal work.
[SystemTime=1741133717.815] [Machine=2] [LogicalClock=146] [Event=INTERNAL] Doing internal work.
[SystemTime=1741133718.020] [Machine=2] [LogicalClock=147] [Event=INTERNAL] Doing internal work.
[SystemTime=1741133718.225] [Machine=2] [LogicalClock=148] [Event=INTERNAL] Doing internal work.
[SystemTime=1741133718.428] [Machine=2] [LogicalClock=148] [Event=SEND] Sending message to [('localhost', 8002)]: 2|148|Hello from M2.
[SystemTime=1741133718.631] [Machine=2] [LogicalClock=150] [Event=INTERNAL] Doing internal work.
[SystemTime=1741133718.833] [Machine=2] [LogicalClock=151] [Event=INTERNAL] Doing internal work.
[SystemTime=1741133719.039] [Machine=2] [LogicalClock=152] [Event=INTERNAL] Doing internal work.
[SystemTime=1741133719.244] [Machine=2] [LogicalClock=153] [Event=INTERNAL] Doing internal work.
[SystemTime=1741133719.450] [Machine=2] [LogicalClock=153] [Event=SEND] Sending message to [('localhost', 8000), ('localhost', 8002)]: 2|153|Hello from M2.
[SystemTime=1741133719.655] [Machine=2] [LogicalClock=155] [Event=INTERNAL] Doing internal work.
[SystemTime=1741133719.860] [Machine=2] [LogicalClock=156] [Event=INTERNAL] Doing internal work.
[SystemTime=1741133720.065] [Machine=2] [LogicalClock=157] [Event=INTERNAL] Doing internal work.
[SystemTime=1741133720.271] [Machine=2] [LogicalClock=158] [Event=RECEIVE] Received from M1: Hello from M1, Queue length now: 0
[SystemTime=1741133720.491] [Machine=2] [LogicalClock=158] [Event=SEND] Sending message to [('localhost', 8000), ('localhost', 8002)]: 2|158|Hello from M2.
[SystemTime=1741133720.696] [Machine=2] [LogicalClock=160] [Event=INTERNAL] Doing internal work.
[SystemTime=1741133720.899] [Machine=2] [LogicalClock=161] [Event=INTERNAL] Doing internal work.
[SystemTime=1741133721.102] [Machine=2] [LogicalClock=162] [Event=INTERNAL] Doing internal work.
[SystemTime=1741133721.305] [Machine=2] [LogicalClock=163] [Event=INTERNAL] Doing internal work.
[SystemTime=1741133721.507] [Machine=2] [LogicalClock=163] [Event=SEND] Sending message to [('localhost', 8002)]: 2|163|Hello from M2.
[SystemTime=1741133721.713] [Machine=2] [LogicalClock=165] [Event=INTERNAL] Doing internal work.
[SystemTime=1741133721.918] [Machine=2] [LogicalClock=166] [Event=INTERNAL] Doing internal work.
[SystemTime=1741133722.121] [Machine=2] [LogicalClock=167] [Event=INTERNAL] Doing internal work.
[SystemTime=1741133722.328] [Machine=2] [LogicalClock=167] [Event=SEND] Sending message to [('localhost', 8000)]: 2|167|Hello from M2.
[SystemTime=1741133722.529] [Machine=2] [LogicalClock=169] [Event=RECEIVE] Received from M3: Hello from M3, Queue length now: 0
[SystemTime=1741133722.734] [Machine=2] [LogicalClock=170] [Event=INTERNAL] Doing internal work.
[SystemTime=1741133722.937] [Machine=2] [LogicalClock=171] [Event=RECEIVE] Received from M1: Hello from M1, Queue length now: 0
[SystemTime=1741133723.142] [Machine=2] [LogicalClock=172] [Event=INTERNAL] Doing internal work.
[SystemTime=1741133723.346] [Machine=2] [LogicalClock=173] [Event=INTERNAL] Doing internal work.
[SystemTime=1741133723.547] [Machine=2] [LogicalClock=174] [Event=INTERNAL] Doing internal work.
[SystemTime=1741133723.751] [Machine=2] [LogicalClock=175] [Event=INTERNAL] Doing internal work.
[SystemTime=1741133723.956] [Machine=2] [LogicalClock=176] [Event=INTERNAL] Doing internal work.
[SystemTime=1741133724.157] [Machine=2] [LogicalClock=177] [Event=INTERNAL] Doing internal work.
[SystemTime=1741133724.361] [Machine=2] [LogicalClock=177] [Event=SEND] Sending message to [('localhost', 8002)]: 2|177|Hello from M2.
[SystemTime=1741133724.566] [Machine=2] [LogicalClock=179] [Event=INTERNAL] Doing internal work.
[SystemTime=1741133724.767] [Machine=2] [LogicalClock=180] [Event=INTERNAL] Doing internal work.
[SystemTime=1741133724.973] [Machine=2] [LogicalClock=180] [Event=SEND] Sending message to [('localhost', 8002)]: 2|180|Hello from M2.
[SystemTime=1741133725.176] [Machine=2] [LogicalClock=182] [Event=RECEIVE] Received from M3: Hello from M3, Queue length now: 0
[SystemTime=1741133725.382] [Machine=2] [LogicalClock=183] [Event=INTERNAL] Doing internal work.
[SystemTime=1741133725.583] [Machine=2] [LogicalClock=184] [Event=RECEIVE] Received from M1: Hello from M1, Queue length now: 0
[SystemTime=1741133725.788] [Machine=2] [LogicalClock=185] [Event=INTERNAL] Doing internal work.
[SystemTime=1741133725.994] [Machine=2] [LogicalClock=185] [Event=SEND] Sending message to [('localhost', 8000)]: 2|185|Hello from M2.
[SystemTime=1741133726.201] [Machine=2] [LogicalClock=186] [Event=SEND] Sending message to [('localhost', 8002)]: 2|186|Hello from M2.
[SystemTime=1741133726.408] [Machine=2] [LogicalClock=187] [Event=SEND] Sending message to [('localhost', 8000)]: 2|187|Hello from M2.
[SystemTime=1741133726.612] [Machine=2] [LogicalClock=189] [Event=INTERNAL] Doing internal work.
[SystemTime=1741133726.817] [Machine=2] [LogicalClock=190] [Event=INTERNAL] Doing internal work.
[SystemTime=1741133727.024] [Machine=2] [LogicalClock=190] [Event=SEND] Sending message to [('localhost', 8000), ('localhost', 8002)]: 2|190|Hello from M2.
[SystemTime=1741133727.229] [Machine=2] [LogicalClock=192] [Event=INTERNAL] Doing internal work.
[SystemTime=1741133727.434] [Machine=2] [LogicalClock=193] [Event=INTERNAL] Doing internal work.
[SystemTime=1741133727.641] [Machine=2] [LogicalClock=193] [Event=SEND] Sending message to [('localhost', 8002)]: 2|193|Hello from M2.
[SystemTime=1741133727.843] [Machine=2] [LogicalClock=195] [Event=RECEIVE] Received from M1: Hello from M1, Queue length now: 0
[SystemTime=1741133728.045] [Machine=2] [LogicalClock=196] [Event=INTERNAL] Doing internal work.
[SystemTime=1741133728.250] [Machine=2] [LogicalClock=197] [Event=RECEIVE] Received from M1: Hello from M1, Queue length now: 0
[SystemTime=1741133728.454] [Machine=2] [LogicalClock=198] [Event=INTERNAL] Doing internal work.
[SystemTime=1741133728.660] [Machine=2] [LogicalClock=199] [Event=INTERNAL] Doing internal work.
[SystemTime=1741133728.865] [Machine=2] [LogicalClock=200] [Event=INTERNAL] Doing internal work.
[SystemTime=1741133729.066] [Machine=2] [LogicalClock=201] [Event=INTERNAL] Doing internal work.
[SystemTime=1741133729.272] [Machine=2] [LogicalClock=202] [Event=INTERNAL] Doing internal work.
[SystemTime=1741133729.472] [Machine=2] [LogicalClock=203] [Event=INTERNAL] Doing internal work.
[SystemTime=1741133729.678] [Machine=2] [LogicalClock=204] [Event=RECEIVE] Received from M1: Hello from M1, Queue length now: 0
[SystemTime=1741133729.883] [Machine=2] [LogicalClock=205] [Event=INTERNAL] Doing internal work.
[SystemTime=1741133730.083] [Machine=2] [LogicalClock=206] [Event=INTERNAL] Doing internal work.
[SystemTime=1741133730.290] [Machine=2] [LogicalClock=206] [Event=SEND] Sending message to [('localhost', 8000), ('localhost', 8002)]: 2|206|Hello from M2.
[SystemTime=1741133730.495] [Machine=2] [LogicalClock=208] [Event=INTERNAL] Doing internal work.
[SystemTime=1741133730.700] [Machine=2] [LogicalClock=209] [Event=RECEIVE] Received from M3: Hello from M3, Queue length now: 0
[SystemTime=1741133730.903] [Machine=2] [LogicalClock=210] [Event=RECEIVE] Received from M1: Hello from M1, Queue length now: 0
[SystemTime=1741133731.109] [Machine=2] [LogicalClock=211] [Event=INTERNAL] Doing internal work.
[SystemTime=1741133731.312] [Machine=2] [LogicalClock=212] [Event=RECEIVE] Received from M1: Hello from M1, Queue length now: 0
[SystemTime=1741133731.517] [Machine=2] [LogicalClock=212] [Event=SEND] Sending message to [('localhost', 8000)]: 2|212|Hello from M2.
[SystemTime=1741133731.722] [Machine=2] [LogicalClock=213] [Event=SEND] Sending message to [('localhost', 8000)]: 2|213|Hello from M2.
[SystemTime=1741133731.926] [Machine=2] [LogicalClock=214] [Event=SEND] Sending message to [('localhost', 8000), ('localhost', 8002)]: 2|214|Hello from M2.
[SystemTime=1741133732.131] [Machine=2] [LogicalClock=216] [Event=INTERNAL] Doing internal work.
[SystemTime=1741133732.332] [Machine=2] [LogicalClock=217] [Event=INTERNAL] Doing internal work.
[SystemTime=1741133732.538] [Machine=2] [LogicalClock=217] [Event=SEND] Sending message to [('localhost', 8002)]: 2|217|Hello from M2.
[SystemTime=1741133732.744] [Machine=2] [LogicalClock=219] [Event=INTERNAL] Doing internal work.
[SystemTime=1741133732.946] [Machine=2] [LogicalClock=220] [Event=RECEIVE] Received from M1: Hello from M1, Queue length now: 0
[SystemTime=1741133733.151] [Machine=2] [LogicalClock=221] [Event=INTERNAL] Doing internal work.
[SystemTime=1741133733.354] [Machine=2] [LogicalClock=222] [Event=INTERNAL] Doing internal work.
[SystemTime=1741133733.560] [Machine=2] [LogicalClock=223] [Event=RECEIVE] Received from M1: Hello from M1, Queue length now: 0
[SystemTime=1741133733.762] [Machine=2] [LogicalClock=224] [Event=RECEIVE] Received from M3: Hello from M3, Queue length now: 1
[SystemTime=1741133733.965] [Machine=2] [LogicalClock=225] [Event=RECEIVE] Received from M1: Hello from M1, Queue length now: 0
[SystemTime=1741133734.167] [Machine=2] [LogicalClock=225] [Event=SEND] Sending message to [('localhost', 8000)]: 2|225|Hello from M2.
[SystemTime=1741133734.371] [Machine=2] [LogicalClock=227] [Event=INTERNAL] Doing internal work.
[SystemTime=1741133734.578] [Machine=2] [LogicalClock=227] [Event=SEND] Sending message to [('localhost', 8000), ('localhost', 8002)]: 2|227|Hello from M2.
[SystemTime=1741133734.785] [Machine=2] [LogicalClock=228] [Event=SEND] Sending message to [('localhost', 8000)]: 2|228|Hello from M2.
[SystemTime=1741133734.989] [Machine=2] [LogicalClock=230] [Event=RECEIVE] Received from M3: Hello from M3, Queue length now: 0
[SystemTime=1741133735.194] [Machine=2] [LogicalClock=231] [Event=INTERNAL] Doing internal work.
[SystemTime=1741133735.399] [Machine=2] [LogicalClock=231] [Event=SEND] Sending message to [('localhost', 8002)]: 2|231|Hello from M2.
[SystemTime=1741133735.604] [Machine=2] [LogicalClock=233] [Event=RECEIVE] Received from M1: Hello from M1, Queue length now: 0
[SystemTime=1741133735.808] [Machine=2] [LogicalClock=234] [Event=INTERNAL] Doing internal work.
[SystemTime=1741133736.010] [Machine=2] [LogicalClock=235] [Event=INTERNAL] Doing internal work.
[SystemTime=1741133736.215] [Machine=2] [LogicalClock=236] [Event=INTERNAL] Doing internal work.
[SystemTime=1741133736.420] [Machine=2] [LogicalClock=237] [Event=INTERNAL] Doing internal work.
[SystemTime=1741133736.625] [Machine=2] [LogicalClock=238] [Event=INTERNAL] Doing internal work.
[SystemTime=1741133736.829] [Machine=2] [LogicalClock=239] [Event=INTERNAL] Doing internal work.
[SystemTime=1741133737.034] [Machine=2] [LogicalClock=240] [Event=INTERNAL] Doing internal work.
[SystemTime=1741133737.238] [Machine=2] [LogicalClock=241] [Event=INTERNAL] Doing internal work.
[SystemTime=1741133737.441] [Machine=2] [LogicalClock=242] [Event=INTERNAL] Doing internal work.
[SystemTime=1741133737.646] [Machine=2] [LogicalClock=243] [Event=RECEIVE] Received from M1: Hello from M1, Queue length now: 0
[SystemTime=1741133737.849] [Machine=2] [LogicalClock=244] [Event=RECEIVE] Received from M3: Hello from M3, Queue length now: 0
[SystemTime=1741133738.055] [Machine=2] [LogicalClock=245] [Event=INTERNAL] Doing internal work.
[SystemTime=1741133738.260] [Machine=2] [LogicalClock=246] [Event=RECEIVE] Received from M3: Hello from M3, Queue length now: 0
[SystemTime=1741133738.462] [Machine=2] [LogicalClock=247] [Event=INTERNAL] Doing internal work.
[SystemTime=1741133738.667] [Machine=2] [LogicalClock=248] [Event=RECEIVE] Received from M1: Hello from M1, Queue length now: 0
[SystemTime=1741133738.871] [Machine=2] [LogicalClock=248] [Event=SEND] Sending message to [('localhost', 8000)]: 2|248|Hello from M2.
[SystemTime=1741133739.077] [Machine=2] [LogicalClock=250] [Event=INTERNAL] Doing internal work.
[SystemTime=1741133739.282] [Machine=2] [LogicalClock=251] [Event=INTERNAL] Doing internal work.
[SystemTime=1741133739.488] [Machine=2] [LogicalClock=252] [Event=RECEIVE] Received from M3: Hello from M3, Queue length now: 0
[SystemTime=1741133739.690] [Machine=2] [LogicalClock=253] [Event=INTERNAL] Doing internal work.
[SystemTime=1741133739.896] [Machine=2] [LogicalClock=254] [Event=INTERNAL] Doing internal work.
[SystemTime=1741133740.101] [Machine=2] [LogicalClock=255] [Event=RECEIVE] Received from M3: Hello from M3, Queue length now: 0
[SystemTime=1741133740.304] [Machine=2] [LogicalClock=256] [Event=INTERNAL] Doing internal work.
[SystemTime=1741133740.506] [Machine=2] [LogicalClock=257] [Event=INTERNAL] Doing internal work.
[SystemTime=1741133740.709] [Machine=2] [LogicalClock=258] [Event=INTERNAL] Doing internal work.
[SystemTime=1741133740.912] [Machine=2] [LogicalClock=259] [Event=RECEIVE] Received from M3: Hello from M3, Queue length now: 0
[SystemTime=1741133741.118] [Machine=2] [LogicalClock=259] [Event=SEND] Sending message to [('localhost', 8002)]: 2|259|Hello from M2.
[SystemTime=1741133741.323] [Machine=2] [LogicalClock=261] [Event=INTERNAL] Doing internal work.
[SystemTime=1741133741.526] [Machine=2] [LogicalClock=262] [Event=RECEIVE] Received from M1: Hello from M1, Queue length now: 0
[SystemTime=1741133741.731] [Machine=2] [LogicalClock=263] [Event=INTERNAL] Doing internal work.
[SystemTime=1741133741.936] [Machine=2] [LogicalClock=264] [Event=RECEIVE] Received from M3: Hello from M3, Queue length now: 0
[SystemTime=1741133742.137] [Machine=2] [LogicalClock=265] [Event=INTERNAL] Doing internal work.
[SystemTime=1741133742.341] [Machine=2] [LogicalClock=266] [Event=INTERNAL] Doing internal work.
[SystemTime=1741133742.546] [Machine=2] [LogicalClock=267] [Event=RECEIVE] Received from M3: Hello from M3, Queue length now: 0
[SystemTime=1741133742.751] [Machine=2] [LogicalClock=268] [Event=INTERNAL] Doing internal work.
[SystemTime=1741133742.957] [Machine=2] [LogicalClock=269] [Event=INTERNAL] Doing internal work.
[SystemTime=1741133743.163] [Machine=2] [LogicalClock=269] [Event=SEND] Sending message to [('localhost', 8000)]: 2|269|Hello from M2.
[SystemTime=1741133743.367] [Machine=2] [LogicalClock=271] [Event=INTERNAL] Doing internal work.
[SystemTime=1741133743.573] [Machine=2] [LogicalClock=272] [Event=INTERNAL] Doing internal work.
[SystemTime=1741133743.779] [Machine=2] [LogicalClock=272] [Event=SEND] Sending message to [('localhost', 8002)]: 2|272|Hello from M2.
[SystemTime=1741133743.981] [Machine=2] [LogicalClock=274] [Event=INTERNAL] Doing internal work.
[SystemTime=1741133744.188] [Machine=2] [LogicalClock=274] [Event=SEND] Sending message to [('localhost', 8000)]: 2|274|Hello from M2.
[SystemTime=1741133744.392] [Machine=2] [LogicalClock=276] [Event=INTERNAL] Doing internal work.
[SystemTime=1741133744.597] [Machine=2] [LogicalClock=277] [Event=INTERNAL] Doing internal work.
[SystemTime=1741133744.802] [Machine=2] [LogicalClock=278] [Event=INTERNAL] Doing internal work.
[SystemTime=1741133745.007] [Machine=2] [LogicalClock=279] [Event=RECEIVE] Received from M1: Hello from M1, Queue length now: 0
[SystemTime=1741133745.213] [Machine=2] [LogicalClock=280] [Event=RECEIVE] Received from M3: Hello from M3, Queue length now: 0
[SystemTime=1741133745.414] [Machine=2] [LogicalClock=281] [Event=INTERNAL] Doing internal work.
[SystemTime=1741133745.619] [Machine=2] [LogicalClock=282] [Event=INTERNAL] Doing internal work.
[SystemTime=1741133745.821] [Machine=2] [LogicalClock=283] [Event=RECEIVE] Received from M1: Hello from M1, Queue length now: 0
[SystemTime=1741133746.025] [Machine=2] [LogicalClock=283] [Event=SEND] Sending message to [('localhost', 8002)]: 2|283|Hello from M2.
[SystemTime=1741133746.228] [Machine=2] [LogicalClock=285] [Event=RECEIVE] Received from M1: Hello from M1, Queue length now: 0
[SystemTime=1741133746.434] [Machine=2] [LogicalClock=286] [Event=INTERNAL] Doing internal work.
[SystemTime=1741133746.639] [Machine=2] [LogicalClock=287] [Event=INTERNAL] Doing internal work.
[SystemTime=1741133746.842] [Machine=2] [LogicalClock=288] [Event=INTERNAL] Doing internal work.
[SystemTime=1741133747.047] [Machine=2] [LogicalClock=288] [Event=SEND] Sending message to [('localhost', 8000)]: 2|288|Hello from M2.
[SystemTime=1741133747.253] [Machine=2] [LogicalClock=289] [Event=SEND] Sending message to [('localhost', 8000)]: 2|289|Hello from M2.
[SystemTime=1741133747.459] [Machine=2] [LogicalClock=291] [Event=RECEIVE] Received from M3: Hello from M3, Queue length now: 0
[SystemTime=1741133747.664] [Machine=2] [LogicalClock=292] [Event=RECEIVE] Received from M3: Hello from M3, Queue length now: 0
[SystemTime=1741133747.869] [Machine=2] [LogicalClock=292] [Event=SEND] Sending message to [('localhost', 8002)]: 2|292|Hello from M2.
[SystemTime=1741133748.075] [Machine=2] [LogicalClock=294] [Event=INTERNAL] Doing internal work.
