[SystemTime=1741133688.383] [Machine=3] [LogicalClock=0] [Event=INIT] Clock rate initialized as 4
[SystemTime=1741133688.638] [Machine=3] [LogicalClock=1] [Event=INTERNAL] Doing internal work.
[SystemTime=1741133688.893] [Machine=3] [LogicalClock=2] [Event=INTERNAL] Doing internal work.
[SystemTime=1741133689.148] [Machine=3] [LogicalClock=6] [Event=RECEIVE] Received from M1: Hello from M1, Queue length now: 1
[SystemTime=1741133689.403] [Machine=3] [LogicalClock=7] [Event=RECEIVE] Received from M2: Hello from M2, Queue length now: 0
[SystemTime=1741133689.655] [Machine=3] [LogicalClock=8] [Event=INTERNAL] Doing internal work.
[SystemTime=1741133689.910] [Machine=3] [LogicalClock=9] [Event=INTERNAL] Doing internal work.
[SystemTime=1741133690.166] [Machine=3] [LogicalClock=9] [Event=SEND] Sending message to [('localhost', 8000)]: 3|9|Hello from M3.
[SystemTime=1741133690.421] [Machine=3] [LogicalClock=11] [Event=INTERNAL] Doing internal work.
[SystemTime=1741133690.672] [Machine=3] [LogicalClock=12] [Event=INTERNAL] Doing internal work.
[SystemTime=1741133690.925] [Machine=3] [LogicalClock=13] [Event=INTERNAL] Doing internal work.
[SystemTime=1741133691.180] [Machine=3] [LogicalClock=15] [Event=RECEIVE] Received from M2: Hello from M2, Queue length now: 1
[SystemTime=1741133691.434] [Machine=3] [LogicalClock=16] [Event=RECEIVE] Received from M2: Hello from M2, Queue length now: 0
[SystemTime=1741133691.689] [Machine=3] [LogicalClock=16] [Event=SEND] Sending message to [('localhost', 8000), ('localhost', 8001)]: 3|16|Hello from M3.
[SystemTime=1741133691.940] [Machine=3] [LogicalClock=18] [Event=INTERNAL] Doing internal work.
[SystemTime=1741133692.192] [Machine=3] [LogicalClock=19] [Event=INTERNAL] Doing internal work.
[SystemTime=1741133692.447] [Machine=3] [LogicalClock=20] [Event=RECEIVE] Received from M1: Hello from M1, Queue length now: 1
[SystemTime=1741133692.699] [Machine=3] [LogicalClock=22] [Event=RECEIVE] Received from M2: Hello from M2, Queue length now: 1
[SystemTime=1741133692.954] [Machine=3] [LogicalClock=23] [Event=RECEIVE] Received from M2: Hello from M2, Queue length now: 1
[SystemTime=1741133693.209] [Machine=3] [LogicalClock=24] [Event=RECEIVE] Received from M1: Hello from M1, Queue length now: 0
[SystemTime=1741133693.461] [Machine=3] [LogicalClock=27] [Event=RECEIVE] Received from M2: Hello from M2, Queue length now: 0
[SystemTime=1741133693.717] [Machine=3] [LogicalClock=28] [Event=INTERNAL] Doing internal work.
[SystemTime=1741133693.972] [Machine=3] [LogicalClock=28] [Event=SEND] Sending message to [('localhost', 8000), ('localhost', 8001)]: 3|28|Hello from M3.
[SystemTime=1741133694.225] [Machine=3] [LogicalClock=30] [Event=INTERNAL] Doing internal work.
[SystemTime=1741133694.478] [Machine=3] [LogicalClock=31] [Event=INTERNAL] Doing internal work.
[SystemTime=1741133694.733] [Machine=3] [LogicalClock=33] [Event=RECEIVE] Received from M2: Hello from M2, Queue length now: 0
[SystemTime=1741133694.988] [Machine=3] [LogicalClock=33] [Event=SEND] Sending message to [('localhost', 8001)]: 3|33|Hello from M3.
[SystemTime=1741133695.244] [Machine=3] [LogicalClock=35] [Event=INTERNAL] Doing internal work.
[SystemTime=1741133695.500] [Machine=3] [LogicalClock=35] [Event=SEND] Sending message to [('localhost', 8000)]: 3|35|Hello from M3.
[SystemTime=1741133695.751] [Machine=3] [LogicalClock=37] [Event=INTERNAL] Doing internal work.
[SystemTime=1741133696.005] [Machine=3] [LogicalClock=38] [Event=INTERNAL] Doing internal work.
[SystemTime=1741133696.258] [Machine=3] [LogicalClock=40] [Event=RECEIVE] Received from M2: Hello from M2, Queue length now: 0
[SystemTime=1741133696.509] [Machine=3] [LogicalClock=41] [Event=INTERNAL] Doing internal work.
[SystemTime=1741133696.764] [Machine=3] [LogicalClock=42] [Event=INTERNAL] Doing internal work.
[SystemTime=1741133697.019] [Machine=3] [LogicalClock=44] [Event=RECEIVE] Received from M2: Hello from M2, Queue length now: 0
[SystemTime=1741133697.275] [Machine=3] [LogicalClock=44] [Event=SEND] Sending message to [('localhost', 8000)]: 3|44|Hello from M3.
[SystemTime=1741133697.527] [Machine=3] [LogicalClock=47] [Event=RECEIVE] Received from M2: Hello from M2, Queue length now: 0
[SystemTime=1741133697.781] [Machine=3] [LogicalClock=47] [Event=SEND] Sending message to [('localhost', 8001)]: 3|47|Hello from M3.
[SystemTime=1741133698.034] [Machine=3] [LogicalClock=49] [Event=INTERNAL] Doing internal work.
[SystemTime=1741133698.289] [Machine=3] [LogicalClock=49] [Event=SEND] Sending message to [('localhost', 8000), ('localhost', 8001)]: 3|49|Hello from M3.
[SystemTime=1741133698.544] [Machine=3] [LogicalClock=51] [Event=INTERNAL] Doing internal work.
[SystemTime=1741133698.795] [Machine=3] [LogicalClock=52] [Event=INTERNAL] Doing internal work.
[SystemTime=1741133699.051] [Machine=3] [LogicalClock=52] [Event=SEND] Sending message to [('localhost', 8000)]: 3|52|Hello from M3.
[SystemTime=1741133699.306] [Machine=3] [LogicalClock=54] [Event=RECEIVE] Received from M1: Hello from M1, Queue length now: 0
[SystemTime=1741133699.565] [Machine=3] [LogicalClock=54] [Event=SEND] Sending message to [('localhost', 8000), ('localhost', 8001)]: 3|54|Hello from M3.
[SystemTime=1741133699.821] [Machine=3] [LogicalClock=56] [Event=INTERNAL] Doing internal work.
[SystemTime=1741133700.072] [Machine=3] [LogicalClock=59] [Event=RECEIVE] Received from M2: Hello from M2, Queue length now: 0
[SystemTime=1741133700.327] [Machine=3] [LogicalClock=60] [Event=RECEIVE] Received from M2: Hello from M2, Queue length now: 0
[SystemTime=1741133700.578] [Machine=3] [LogicalClock=61] [Event=RECEIVE] Received from M1: Hello from M1, Queue length now: 0
[SystemTime=1741133700.834] [Machine=3] [LogicalClock=62] [Event=INTERNAL] Doing internal work.
[SystemTime=1741133701.088] [Machine=3] [LogicalClock=63] [Event=RECEIVE] Received from M1: Hello from M1, Queue length now: 1
[SystemTime=1741133701.343] [Machine=3] [LogicalClock=64] [Event=RECEIVE] Received from M2: Hello from M2, Queue length now: 1
[SystemTime=1741133701.597] [Machine=3] [LogicalClock=65] [Event=RECEIVE] Received from M2: Hello from M2, Queue length now: 0
[SystemTime=1741133701.853] [Machine=3] [LogicalClock=66] [Event=INTERNAL] Doing internal work.
[SystemTime=1741133702.106] [Machine=3] [LogicalClock=66] [Event=SEND] Sending message to [('localhost', 8000)]: 3|66|Hello from M3.
[SystemTime=1741133702.359] [Machine=3] [LogicalClock=68] [Event=INTERNAL] Doing internal work.
[SystemTime=1741133702.612] [Machine=3] [LogicalClock=69] [Event=RECEIVE] Received from M1: Hello from M1, Queue length now: 0
[SystemTime=1741133702.868] [Machine=3] [LogicalClock=72] [Event=RECEIVE] Received from M2: Hello from M2, Queue length now: 0
[SystemTime=1741133703.123] [Machine=3] [LogicalClock=74] [Event=RECEIVE] Received from M2: Hello from M2, Queue length now: 0
[SystemTime=1741133703.377] [Machine=3] [LogicalClock=75] [Event=RECEIVE] Received from M2: Hello from M2, Queue length now: 0
[SystemTime=1741133703.631] [Machine=3] [LogicalClock=76] [Event=INTERNAL] Doing internal work.
[SystemTime=1741133703.886] [Machine=3] [LogicalClock=77] [Event=INTERNAL] Doing internal work.
[SystemTime=1741133704.141] [Machine=3] [LogicalClock=78] [Event=RECEIVE] Received from M1: Hello from M1, Queue length now: 0
[SystemTime=1741133704.392] [Machine=3] [LogicalClock=79] [Event=RECEIVE] Received from M1: Hello from M1, Queue length now: 0
[SystemTime=1741133704.649] [Machine=3] [LogicalClock=79] [Event=SEND] Sending message to [('localhost', 8000), ('localhost', 8001)]: 3|79|Hello from M3.
[SystemTime=1741133704.903] [Machine=3] [LogicalClock=81] [Event=INTERNAL] Doing internal work.
[SystemTime=1741133705.155] [Machine=3] [LogicalClock=84] [Event=RECEIVE] Received from M2: Hello from M2, Queue length now: 0
[SystemTime=1741133705.409] [Machine=3] [LogicalClock=85] [Event=RECEIVE] Received from M1: Hello from M1, Queue length now: 0
[SystemTime=1741133705.664] [Machine=3] [LogicalClock=86] [Event=RECEIVE] Received from M1: Hello from M1, Queue length now: 0
[SystemTime=1741133705.921] [Machine=3] [LogicalClock=86] [Event=SEND] Sending message to [('localhost', 8001)]: 3|86|Hello from M3.
[SystemTime=1741133706.176] [Machine=3] [LogicalClock=88] [Event=RECEIVE] Received from M1: Hello from M1, Queue length now: 0
[SystemTime=1741133706.430] [Machine=3] [LogicalClock=88] [Event=SEND] Sending message to [('localhost', 8000), ('localhost', 8001)]: 3|88|Hello from M3.
[SystemTime=1741133706.685] [Machine=3] [LogicalClock=90] [Event=INTERNAL] Doing internal work.
[SystemTime=1741133706.940] [Machine=3] [LogicalClock=90] [Event=SEND] Sending message to [('localhost', 8000)]: 3|90|Hello from M3.
[SystemTime=1741133707.191] [Machine=3] [LogicalClock=94] [Event=RECEIVE] Received from M2: Hello from M2, Queue length now: 0
[SystemTime=1741133707.444] [Machine=3] [LogicalClock=95] [Event=INTERNAL] Doing internal work.
[SystemTime=1741133707.700] [Machine=3] [LogicalClock=95] [Event=SEND] Sending message to [('localhost', 8001)]: 3|95|Hello from M3.
[SystemTime=1741133707.951] [Machine=3] [LogicalClock=97] [Event=INTERNAL] Doing internal work.
[SystemTime=1741133708.204] [Machine=3] [LogicalClock=98] [Event=RECEIVE] Received from M1: Hello from M1, Queue length now: 0
[SystemTime=1741133708.456] [Machine=3] [LogicalClock=99] [Event=RECEIVE] Received from M1: Hello from M1, Queue length now: 0
[SystemTime=1741133708.711] [Machine=3] [LogicalClock=100] [Event=INTERNAL] Doing internal work.
[SystemTime=1741133708.966] [Machine=3] [LogicalClock=101] [Event=INTERNAL] Doing internal work.
[SystemTime=1741133709.217] [Machine=3] [LogicalClock=102] [Event=RECEIVE] Received from M1: Hello from M1, Queue length now: 0
[SystemTime=1741133709.472] [Machine=3] [LogicalClock=103] [Event=RECEIVE] Received from M1: Hello from M1, Queue length now: 0
[SystemTime=1741133709.728] [Machine=3] [LogicalClock=104] [Event=INTERNAL] Doing internal work.
[SystemTime=1741133709.983] [Machine=3] [LogicalClock=105] [Event=INTERNAL] Doing internal work.
[SystemTime=1741133710.238] [Machine=3] [LogicalClock=107] [Event=RECEIVE] Received from M1: Hello from M1, Queue length now: 0
[SystemTime=1741133710.492] [Machine=3] [LogicalClock=108] [Event=INTERNAL] Doing internal work.
[SystemTime=1741133710.748] [Machine=3] [LogicalClock=109] [Event=INTERNAL] Doing internal work.
[SystemTime=1741133711.001] [Machine=3] [LogicalClock=112] [Event=RECEIVE] Received from M2: Hello from M2, Queue length now: 0
[SystemTime=1741133711.256] [Machine=3] [LogicalClock=112] [Event=SEND] Sending message to [('localhost', 8000)]: 3|112|Hello from M3.
[SystemTime=1741133711.512] [Machine=3] [LogicalClock=114] [Event=INTERNAL] Doing internal work.
[SystemTime=1741133711.763] [Machine=3] [LogicalClock=115] [Event=RECEIVE] Received from M1: Hello from M1, Queue length now: 0
[SystemTime=1741133712.019] [Machine=3] [LogicalClock=115] [Event=SEND] Sending message to [('localhost', 8000), ('localhost', 8001)]: 3|115|Hello from M3.
[SystemTime=1741133712.274] [Machine=3] [LogicalClock=117] [Event=INTERNAL] Doing internal work.
[SystemTime=1741133712.527] [Machine=3] [LogicalClock=117] [Event=SEND] Sending message to [('localhost', 8000), ('localhost', 8001)]: 3|117|Hello from M3.
[SystemTime=1741133712.782] [Machine=3] [LogicalClock=119] [Event=INTERNAL] Doing internal work.
[SystemTime=1741133713.035] [Machine=3] [LogicalClock=120] [Event=INTERNAL] Doing internal work.
[SystemTime=1741133713.290] [Machine=3] [LogicalClock=123] [Event=RECEIVE] Received from M2: Hello from M2, Queue length now: 0
[SystemTime=1741133713.547] [Machine=3] [LogicalClock=123] [Event=SEND] Sending message to [('localhost', 8000)]: 3|123|Hello from M3.
[SystemTime=1741133713.799] [Machine=3] [LogicalClock=125] [Event=INTERNAL] Doing internal work.
[SystemTime=1741133714.050] [Machine=3] [LogicalClock=126] [Event=INTERNAL] Doing internal work.
[SystemTime=1741133714.307] [Machine=3] [LogicalClock=126] [Event=SEND] Sending message to [('localhost', 8000), ('localhost', 8001)]: 3|126|Hello from M3.
[SystemTime=1741133714.558] [Machine=3] [LogicalClock=128] [Event=INTERNAL] Doing internal work.
[SystemTime=1741133714.814] [Machine=3] [LogicalClock=129] [Event=INTERNAL] Doing internal work.
[SystemTime=1741133715.067] [Machine=3] [LogicalClock=129] [Event=SEND] Sending message to [('localhost', 8000), ('localhost', 8001)]: 3|129|Hello from M3.
[SystemTime=1741133715.320] [Machine=3] [LogicalClock=131] [Event=INTERNAL] Doing internal work.
[SystemTime=1741133715.576] [Machine=3] [LogicalClock=133] [Event=RECEIVE] Received from M1: Hello from M1, Queue length now: 0
[SystemTime=1741133715.831] [Machine=3] [LogicalClock=136] [Event=RECEIVE] Received from M2: Hello from M2, Queue length now: 0
[SystemTime=1741133716.086] [Machine=3] [LogicalClock=137] [Event=INTERNAL] Doing internal work.
[SystemTime=1741133716.341] [Machine=3] [LogicalClock=138] [Event=INTERNAL] Doing internal work.
[SystemTime=1741133716.597] [Machine=3] [LogicalClock=138] [Event=SEND] Sending message to [('localhost', 8000), ('localhost', 8001)]: 3|138|Hello from M3.
[SystemTime=1741133716.849] [Machine=3] [LogicalClock=140] [Event=INTERNAL] Doing internal work.
[SystemTime=1741133717.103] [Machine=3] [LogicalClock=141] [Event=INTERNAL] Doing internal work.
[SystemTime=1741133717.354] [Machine=3] [LogicalClock=142] [Event=RECEIVE] Received from M1: Hello from M1, Queue length now: 0
[SystemTime=1741133717.609] [Machine=3] [LogicalClock=143] [Event=INTERNAL] Doing internal work.
[SystemTime=1741133717.862] [Machine=3] [LogicalClock=144] [Event=INTERNAL] Doing internal work.
[SystemTime=1741133718.117] [Machine=3] [LogicalClock=145] [Event=INTERNAL] Doing internal work.
[SystemTime=1741133718.374] [Machine=3] [LogicalClock=145] [Event=SEND] Sending message to [('localhost', 8000)]: 3|145|Hello from M3.
[SystemTime=1741133718.625] [Machine=3] [LogicalClock=149] [Event=RECEIVE] Received from M2: Hello from M2, Queue length now: 0
[SystemTime=1741133718.876] [Machine=3] [LogicalClock=150] [Event=INTERNAL] Doing internal work.
[SystemTime=1741133719.131] [Machine=3] [LogicalClock=151] [Event=INTERNAL] Doing internal work.
[SystemTime=1741133719.386] [Machine=3] [LogicalClock=152] [Event=RECEIVE] Received from M1: Hello from M1, Queue length now: 0
[SystemTime=1741133719.640] [Machine=3] [LogicalClock=154] [Event=RECEIVE] Received from M2: Hello from M2, Queue length now: 0
[SystemTime=1741133719.893] [Machine=3] [LogicalClock=155] [Event=INTERNAL] Doing internal work.
[SystemTime=1741133720.148] [Machine=3] [LogicalClock=156] [Event=INTERNAL] Doing internal work.
[SystemTime=1741133720.404] [Machine=3] [LogicalClock=157] [Event=RECEIVE] Received from M1: Hello from M1, Queue length now: 0
[SystemTime=1741133720.657] [Machine=3] [LogicalClock=159] [Event=RECEIVE] Received from M2: Hello from M2, Queue length now: 0
[SystemTime=1741133720.910] [Machine=3] [LogicalClock=160] [Event=INTERNAL] Doing internal work.
[SystemTime=1741133721.161] [Machine=3] [LogicalClock=161] [Event=RECEIVE] Received from M1: Hello from M1, Queue length now: 0
[SystemTime=1741133721.414] [Machine=3] [LogicalClock=162] [Event=INTERNAL] Doing internal work.
[SystemTime=1741133721.670] [Machine=3] [LogicalClock=164] [Event=RECEIVE] Received from M2: Hello from M2, Queue length now: 0
[SystemTime=1741133721.925] [Machine=3] [LogicalClock=165] [Event=INTERNAL] Doing internal work.
[SystemTime=1741133722.178] [Machine=3] [LogicalClock=166] [Event=INTERNAL] Doing internal work.
[SystemTime=1741133722.431] [Machine=3] [LogicalClock=166] [Event=SEND] Sending message to [('localhost', 8001)]: 3|166|Hello from M3.
[SystemTime=1741133722.684] [Machine=3] [LogicalClock=168] [Event=INTERNAL] Doing internal work.
[SystemTime=1741133722.939] [Machine=3] [LogicalClock=169] [Event=RECEIVE] Received from M1: Hello from M1, Queue length now: 0
[SystemTime=1741133723.194] [Machine=3] [LogicalClock=170] [Event=INTERNAL] Doing internal work.
[SystemTime=1741133723.447] [Machine=3] [LogicalClock=170] [Event=SEND] Sending message to [('localhost', 8000)]: 3|170|Hello from M3.
[SystemTime=1741133723.702] [Machine=3] [LogicalClock=172] [Event=INTERNAL] Doing internal work.
[SystemTime=1741133723.956] [Machine=3] [LogicalClock=173] [Event=RECEIVE] Received from M1: Hello from M1, Queue length now: 0
[SystemTime=1741133724.209] [Machine=3] [LogicalClock=174] [Event=INTERNAL] Doing internal work.
[SystemTime=1741133724.461] [Machine=3] [LogicalClock=175] [Event=RECEIVE] Received from M1: Hello from M1, Queue length now: 1
[SystemTime=1741133724.716] [Machine=3] [LogicalClock=178] [Event=RECEIVE] Received from M2: Hello from M2, Queue length now: 0
[SystemTime=1741133724.972] [Machine=3] [LogicalClock=178] [Event=SEND] Sending message to [('localhost', 8000), ('localhost', 8001)]: 3|178|Hello from M3.
[SystemTime=1741133725.222] [Machine=3] [LogicalClock=181] [Event=RECEIVE] Received from M2: Hello from M2, Queue length now: 0
[SystemTime=1741133725.478] [Machine=3] [LogicalClock=182] [Event=INTERNAL] Doing internal work.
[SystemTime=1741133725.730] [Machine=3] [LogicalClock=183] [Event=INTERNAL] Doing internal work.
[SystemTime=1741133725.984] [Machine=3] [LogicalClock=184] [Event=RECEIVE] Received from M1: Hello from M1, Queue length now: 0
[SystemTime=1741133726.237] [Machine=3] [LogicalClock=187] [Event=RECEIVE] Received from M2: Hello from M2, Queue length now: 0
[SystemTime=1741133726.492] [Machine=3] [LogicalClock=188] [Event=INTERNAL] Doing internal work.
[SystemTime=1741133726.744] [Machine=3] [LogicalClock=189] [Event=INTERNAL] Doing internal work.
[SystemTime=1741133726.999] [Machine=3] [LogicalClock=190] [Event=INTERNAL] Doing internal work.
[SystemTime=1741133727.255] [Machine=3] [LogicalClock=191] [Event=RECEIVE] Received from M2: Hello from M2, Queue length now: 0
[SystemTime=1741133727.510] [Machine=3] [LogicalClock=192] [Event=INTERNAL] Doing internal work.
[SystemTime=1741133727.761] [Machine=3] [LogicalClock=193] [Event=RECEIVE] Received from M1: Hello from M1, Queue length now: 1
[SystemTime=1741133728.017] [Machine=3] [LogicalClock=194] [Event=RECEIVE] Received from M2: Hello from M2, Queue length now: 1
[SystemTime=1741133728.272] [Machine=3] [LogicalClock=195] [Event=RECEIVE] Received from M1: Hello from M1, Queue length now: 1
[SystemTime=1741133728.526] [Machine=3] [LogicalClock=196] [Event=RECEIVE] Received from M1: Hello from M1, Queue length now: 0
[SystemTime=1741133728.781] [Machine=3] [LogicalClock=197] [Event=INTERNAL] Doing internal work.
[SystemTime=1741133729.035] [Machine=3] [LogicalClock=198] [Event=INTERNAL] Doing internal work.
[SystemTime=1741133729.286] [Machine=3] [LogicalClock=199] [Event=INTERNAL] Doing internal work.
[SystemTime=1741133729.541] [Machine=3] [LogicalClock=200] [Event=INTERNAL] Doing internal work.
[SystemTime=1741133729.796] [Machine=3] [LogicalClock=201] [Event=INTERNAL] Doing internal work.
[SystemTime=1741133730.052] [Machine=3] [LogicalClock=202] [Event=INTERNAL] Doing internal work.
[SystemTime=1741133730.303] [Machine=3] [LogicalClock=207] [Event=RECEIVE] Received from M2: Hello from M2, Queue length now: 0
[SystemTime=1741133730.560] [Machine=3] [LogicalClock=207] [Event=SEND] Sending message to [('localhost', 8000), ('localhost', 8001)]: 3|207|Hello from M3.
[SystemTime=1741133730.815] [Machine=3] [LogicalClock=209] [Event=INTERNAL] Doing internal work.
[SystemTime=1741133731.069] [Machine=3] [LogicalClock=210] [Event=INTERNAL] Doing internal work.
[SystemTime=1741133731.319] [Machine=3] [LogicalClock=211] [Event=RECEIVE] Received from M1: Hello from M1, Queue length now: 0
[SystemTime=1741133731.574] [Machine=3] [LogicalClock=212] [Event=INTERNAL] Doing internal work.
[SystemTime=1741133731.829] [Machine=3] [LogicalClock=213] [Event=INTERNAL] Doing internal work.
[SystemTime=1741133732.081] [Machine=3] [LogicalClock=215] [Event=RECEIVE] Received from M2: Hello from M2, Queue length now: 0
[SystemTime=1741133732.336] [Machine=3] [LogicalClock=216] [Event=INTERNAL] Doing internal work.
[SystemTime=1741133732.587] [Machine=3] [LogicalClock=217] [Event=RECEIVE] Received from M1: Hello from M1, Queue length now: 1
[SystemTime=1741133732.842] [Machine=3] [LogicalClock=218] [Event=RECEIVE] Received from M2: Hello from M2, Queue length now: 0
[SystemTime=1741133733.096] [Machine=3] [LogicalClock=219] [Event=INTERNAL] Doing internal work.
[SystemTime=1741133733.350] [Machine=3] [LogicalClock=220] [Event=INTERNAL] Doing internal work.
[SystemTime=1741133733.606] [Machine=3] [LogicalClock=220] [Event=SEND] Sending message to [('localhost', 8001)]: 3|220|Hello from M3.
[SystemTime=1741133733.857] [Machine=3] [LogicalClock=222] [Event=INTERNAL] Doing internal work.
[SystemTime=1741133734.110] [Machine=3] [LogicalClock=223] [Event=INTERNAL] Doing internal work.
[SystemTime=1741133734.365] [Machine=3] [LogicalClock=224] [Event=INTERNAL] Doing internal work.
[SystemTime=1741133734.621] [Machine=3] [LogicalClock=228] [Event=RECEIVE] Received from M2: Hello from M2, Queue length now: 0
[SystemTime=1741133734.876] [Machine=3] [LogicalClock=228] [Event=SEND] Sending message to [('localhost', 8001)]: 3|228|Hello from M3.
[SystemTime=1741133735.132] [Machine=3] [LogicalClock=230] [Event=INTERNAL] Doing internal work.
[SystemTime=1741133735.384] [Machine=3] [LogicalClock=231] [Event=INTERNAL] Doing internal work.
[SystemTime=1741133735.639] [Machine=3] [LogicalClock=232] [Event=RECEIVE] Received from M2: Hello from M2, Queue length now: 0
[SystemTime=1741133735.890] [Machine=3] [LogicalClock=233] [Event=RECEIVE] Received from M1: Hello from M1, Queue length now: 0
[SystemTime=1741133736.144] [Machine=3] [LogicalClock=234] [Event=INTERNAL] Doing internal work.
[SystemTime=1741133736.397] [Machine=3] [LogicalClock=235] [Event=INTERNAL] Doing internal work.
[SystemTime=1741133736.651] [Machine=3] [LogicalClock=236] [Event=INTERNAL] Doing internal work.
[SystemTime=1741133736.904] [Machine=3] [LogicalClock=237] [Event=INTERNAL] Doing internal work.
[SystemTime=1741133737.161] [Machine=3] [LogicalClock=237] [Event=SEND] Sending message to [('localhost', 8000)]: 3|237|Hello from M3.
[SystemTime=1741133737.416] [Machine=3] [LogicalClock=239] [Event=INTERNAL] Doing internal work.
[SystemTime=1741133737.671] [Machine=3] [LogicalClock=239] [Event=SEND] Sending message to [('localhost', 8000), ('localhost', 8001)]: 3|239|Hello from M3.
[SystemTime=1741133737.925] [Machine=3] [LogicalClock=241] [Event=INTERNAL] Doing internal work.
[SystemTime=1741133738.183] [Machine=3] [LogicalClock=241] [Event=SEND] Sending message to [('localhost', 8000), ('localhost', 8001)]: 3|241|Hello from M3.
[SystemTime=1741133738.438] [Machine=3] [LogicalClock=243] [Event=INTERNAL] Doing internal work.
[SystemTime=1741133738.692] [Machine=3] [LogicalClock=244] [Event=RECEIVE] Received from M1: Hello from M1, Queue length now: 0
[SystemTime=1741133738.948] [Machine=3] [LogicalClock=245] [Event=INTERNAL] Doing internal work.
[SystemTime=1741133739.203] [Machine=3] [LogicalClock=246] [Event=INTERNAL] Doing internal work.
[SystemTime=1741133739.459] [Machine=3] [LogicalClock=246] [Event=SEND] Sending message to [('localhost', 8000), ('localhost', 8001)]: 3|246|Hello from M3.
[SystemTime=1741133739.714] [Machine=3] [LogicalClock=248] [Event=INTERNAL] Doing internal work.
[SystemTime=1741133739.972] [Machine=3] [LogicalClock=248] [Event=SEND] Sending message to [('localhost', 8000), ('localhost', 8001)]: 3|248|Hello from M3.
[SystemTime=1741133740.227] [Machine=3] [LogicalClock=250] [Event=INTERNAL] Doing internal work.
[SystemTime=1741133740.480] [Machine=3] [LogicalClock=250] [Event=SEND] Sending message to [('localhost', 8000)]: 3|250|Hello from M3.
[SystemTime=1741133740.732] [Machine=3] [LogicalClock=251] [Event=SEND] Sending message to [('localhost', 8001)]: 3|251|Hello from M3.
[SystemTime=1741133740.989] [Machine=3] [LogicalClock=252] [Event=SEND] Sending message to [('localhost', 8000)]: 3|252|Hello from M3.
[SystemTime=1741133741.244] [Machine=3] [LogicalClock=260] [Event=RECEIVE] Received from M2: Hello from M2, Queue length now: 0
[SystemTime=1741133741.499] [Machine=3] [LogicalClock=261] [Event=INTERNAL] Doing internal work.
[SystemTime=1741133741.756] [Machine=3] [LogicalClock=261] [Event=SEND] Sending message to [('localhost', 8000), ('localhost', 8001)]: 3|261|Hello from M3.
[SystemTime=1741133742.011] [Machine=3] [LogicalClock=263] [Event=INTERNAL] Doing internal work.
[SystemTime=1741133742.266] [Machine=3] [LogicalClock=264] [Event=INTERNAL] Doing internal work.
[SystemTime=1741133742.524] [Machine=3] [LogicalClock=264] [Event=SEND] Sending message to [('localhost', 8000), ('localhost', 8001)]: 3|264|Hello from M3.
[SystemTime=1741133742.779] [Machine=3] [LogicalClock=266] [Event=INTERNAL] Doing internal work.
[SystemTime=1741133743.035] [Machine=3] [LogicalClock=266] [Event=SEND] Sending message to [('localhost', 8000)]: 3|266|Hello from M3.
[SystemTime=1741133743.290] [Machine=3] [LogicalClock=268] [Event=INTERNAL] Doing internal work.
[SystemTime=1741133743.546] [Machine=3] [LogicalClock=269] [Event=INTERNAL] Doing internal work.
[SystemTime=1741133743.797] [Machine=3] [LogicalClock=273] [Event=RECEIVE] Received from M2: Hello from M2, Queue length now: 0
[SystemTime=1741133744.052] [Machine=3] [LogicalClock=274] [Event=INTERNAL] Doing internal work.
[SystemTime=1741133744.304] [Machine=3] [LogicalClock=275] [Event=INTERNAL] Doing internal work.
[SystemTime=1741133744.558] [Machine=3] [LogicalClock=276] [Event=INTERNAL] Doing internal work.
[SystemTime=1741133744.810] [Machine=3] [LogicalClock=277] [Event=INTERNAL] Doing internal work.
[SystemTime=1741133745.066] [Machine=3] [LogicalClock=277] [Event=SEND] Sending message to [('localhost', 8001)]: 3|277|Hello from M3.
[SystemTime=1741133745.321] [Machine=3] [LogicalClock=279] [Event=INTERNAL] Doing internal work.
[SystemTime=1741133745.574] [Machine=3] [LogicalClock=280] [Event=INTERNAL] Doing internal work.
[SystemTime=1741133745.828] [Machine=3] [LogicalClock=281] [Event=INTERNAL] Doing internal work.
[SystemTime=1741133746.083] [Machine=3] [LogicalClock=282] [Event=RECEIVE] Received from M1: Hello from M1, Queue length now: 1
[SystemTime=1741133746.337] [Machine=3] [LogicalClock=284] [Event=RECEIVE] Received from M2: Hello from M2, Queue length now: 0
[SystemTime=1741133746.593] [Machine=3] [LogicalClock=285] [Event=INTERNAL] Doing internal work.
[SystemTime=1741133746.848] [Machine=3] [LogicalClock=286] [Event=INTERNAL] Doing internal work.
[SystemTime=1741133747.100] [Machine=3] [LogicalClock=287] [Event=INTERNAL] Doing internal work.
[SystemTime=1741133747.356] [Machine=3] [LogicalClock=287] [Event=SEND] Sending message to [('localhost', 8001)]: 3|287|Hello from M3.
[SystemTime=1741133747.611] [Machine=3] [LogicalClock=288] [Event=SEND] Sending message to [('localhost', 8001)]: 3|288|Hello from M3.
[SystemTime=1741133747.867] [Machine=3] [LogicalClock=290] [Event=INTERNAL] Doing internal work.
[SystemTime=1741133748.122] [Machine=3] [LogicalClock=293] [Event=RECEIVE] Received from M2: Hello from M2, Queue length now: 0
[SystemTime=1741133748.375] [Machine=3] [LogicalClock=294] [Event=INTERNAL] Doing internal work.
[SystemTime=1741133748.629] [Machine=3] [LogicalClock=295] [Event=INTERNAL] Doing internal work.
