[SystemTime=1741132607.459] [Machine=3] [LogicalClock=0] [Event=INIT] Clock rate initialized as 3
[SystemTime=1741132607.798] [Machine=3] [LogicalClock=0] [Event=SEND] Sending message to [('localhost', 8001)]: 3|0|Hello from M3.
[SystemTime=1741132608.137] [Machine=3] [LogicalClock=2] [Event=INTERNAL] Doing internal work.
[SystemTime=1741132608.482] [Machine=3] [LogicalClock=7] [Event=RECEIVE] Received from M1: Hello from M1, Queue length now: 0
[SystemTime=1741132608.817] [Machine=3] [LogicalClock=8] [Event=RECEIVE] Received from M2: Hello from M2, Queue length now: 0
[SystemTime=1741132609.156] [Machine=3] [LogicalClock=9] [Event=INTERNAL] Doing internal work.
[SystemTime=1741132609.490] [Machine=3] [LogicalClock=9] [Event=SEND] Sending message to [('localhost', 8000)]: 3|9|Hello from M3.
[SystemTime=1741132609.829] [Machine=3] [LogicalClock=11] [Event=INTERNAL] Doing internal work.
[SystemTime=1741132610.167] [Machine=3] [LogicalClock=11] [Event=SEND] Sending message to [('localhost', 8000), ('localhost', 8001)]: 3|11|Hello from M3.
[SystemTime=1741132610.507] [Machine=3] [LogicalClock=12] [Event=SEND] Sending message to [('localhost', 8000)]: 3|12|Hello from M3.
[SystemTime=1741132610.844] [Machine=3] [LogicalClock=16] [Event=RECEIVE] Received from M2: Hello from M2, Queue length now: 0
[SystemTime=1741132611.178] [Machine=3] [LogicalClock=18] [Event=RECEIVE] Received from M2: Hello from M2, Queue length now: 0
[SystemTime=1741132611.514] [Machine=3] [LogicalClock=19] [Event=RECEIVE] Received from M2: Hello from M2, Queue length now: 0
[SystemTime=1741132611.853] [Machine=3] [LogicalClock=21] [Event=RECEIVE] Received from M1: Hello from M1, Queue length now: 1
[SystemTime=1741132612.191] [Machine=3] [LogicalClock=22] [Event=RECEIVE] Received from M2: Hello from M2, Queue length now: 0
[SystemTime=1741132612.530] [Machine=3] [LogicalClock=23] [Event=RECEIVE] Received from M2: Hello from M2, Queue length now: 0
[SystemTime=1741132612.866] [Machine=3] [LogicalClock=25] [Event=RECEIVE] Received from M2: Hello from M2, Queue length now: 0
[SystemTime=1741132613.209] [Machine=3] [LogicalClock=25] [Event=SEND] Sending message to [('localhost', 8000), ('localhost', 8001)]: 3|25|Hello from M3.
[SystemTime=1741132613.545] [Machine=3] [LogicalClock=27] [Event=INTERNAL] Doing internal work.
[SystemTime=1741132613.881] [Machine=3] [LogicalClock=27] [Event=SEND] Sending message to [('localhost', 8001)]: 3|27|Hello from M3.
[SystemTime=1741132614.219] [Machine=3] [LogicalClock=29] [Event=INTERNAL] Doing internal work.
[SystemTime=1741132614.558] [Machine=3] [LogicalClock=31] [Event=RECEIVE] Received from M1: Hello from M1, Queue length now: 0
[SystemTime=1741132614.898] [Machine=3] [LogicalClock=31] [Event=SEND] Sending message to [('localhost', 8001)]: 3|31|Hello from M3.
[SystemTime=1741132615.235] [Machine=3] [LogicalClock=33] [Event=INTERNAL] Doing internal work.
[SystemTime=1741132615.573] [Machine=3] [LogicalClock=34] [Event=INTERNAL] Doing internal work.
[SystemTime=1741132615.912] [Machine=3] [LogicalClock=34] [Event=SEND] Sending message to [('localhost', 8000)]: 3|34|Hello from M3.
[SystemTime=1741132616.248] [Machine=3] [LogicalClock=36] [Event=INTERNAL] Doing internal work.
[SystemTime=1741132616.582] [Machine=3] [LogicalClock=37] [Event=INTERNAL] Doing internal work.
[SystemTime=1741132616.921] [Machine=3] [LogicalClock=41] [Event=RECEIVE] Received from M1: Hello from M1, Queue length now: 0
[SystemTime=1741132617.256] [Machine=3] [LogicalClock=42] [Event=RECEIVE] Received from M1: Hello from M1, Queue length now: 1
[SystemTime=1741132617.591] [Machine=3] [LogicalClock=43] [Event=RECEIVE] Received from M2: Hello from M2, Queue length now: 0
[SystemTime=1741132617.930] [Machine=3] [LogicalClock=44] [Event=INTERNAL] Doing internal work.
[SystemTime=1741132618.265] [Machine=3] [LogicalClock=45] [Event=INTERNAL] Doing internal work.
[SystemTime=1741132618.600] [Machine=3] [LogicalClock=46] [Event=INTERNAL] Doing internal work.
[SystemTime=1741132618.938] [Machine=3] [LogicalClock=47] [Event=INTERNAL] Doing internal work.
[SystemTime=1741132619.275] [Machine=3] [LogicalClock=48] [Event=INTERNAL] Doing internal work.
[SystemTime=1741132619.620] [Machine=3] [LogicalClock=48] [Event=SEND] Sending message to [('localhost', 8000), ('localhost', 8001)]: 3|48|Hello from M3.
[SystemTime=1741132619.959] [Machine=3] [LogicalClock=50] [Event=INTERNAL] Doing internal work.
[SystemTime=1741132620.298] [Machine=3] [LogicalClock=50] [Event=SEND] Sending message to [('localhost', 8000)]: 3|50|Hello from M3.
[SystemTime=1741132620.637] [Machine=3] [LogicalClock=55] [Event=RECEIVE] Received from M2: Hello from M2, Queue length now: 0
[SystemTime=1741132620.971] [Machine=3] [LogicalClock=56] [Event=RECEIVE] Received from M2: Hello from M2, Queue length now: 0
[SystemTime=1741132621.306] [Machine=3] [LogicalClock=57] [Event=INTERNAL] Doing internal work.
[SystemTime=1741132621.643] [Machine=3] [LogicalClock=58] [Event=INTERNAL] Doing internal work.
[SystemTime=1741132621.982] [Machine=3] [LogicalClock=60] [Event=RECEIVE] Received from M1: Hello from M1, Queue length now: 0
[SystemTime=1741132622.321] [Machine=3] [LogicalClock=62] [Event=RECEIVE] Received from M2: Hello from M2, Queue length now: 0
[SystemTime=1741132622.656] [Machine=3] [LogicalClock=63] [Event=INTERNAL] Doing internal work.
[SystemTime=1741132622.991] [Machine=3] [LogicalClock=64] [Event=INTERNAL] Doing internal work.
[SystemTime=1741132623.330] [Machine=3] [LogicalClock=65] [Event=RECEIVE] Received from M2: Hello from M2, Queue length now: 0
[SystemTime=1741132623.669] [Machine=3] [LogicalClock=66] [Event=INTERNAL] Doing internal work.
[SystemTime=1741132624.006] [Machine=3] [LogicalClock=68] [Event=RECEIVE] Received from M2: Hello from M2, Queue length now: 0
[SystemTime=1741132624.342] [Machine=3] [LogicalClock=69] [Event=RECEIVE] Received from M2: Hello from M2, Queue length now: 1
[SystemTime=1741132624.681] [Machine=3] [LogicalClock=70] [Event=RECEIVE] Received from M1: Hello from M1, Queue length now: 0
[SystemTime=1741132625.020] [Machine=3] [LogicalClock=72] [Event=RECEIVE] Received from M2: Hello from M2, Queue length now: 0
[SystemTime=1741132625.358] [Machine=3] [LogicalClock=74] [Event=RECEIVE] Received from M1: Hello from M1, Queue length now: 0
[SystemTime=1741132625.696] [Machine=3] [LogicalClock=74] [Event=SEND] Sending message to [('localhost', 8000), ('localhost', 8001)]: 3|74|Hello from M3.
[SystemTime=1741132626.035] [Machine=3] [LogicalClock=76] [Event=INTERNAL] Doing internal work.
[SystemTime=1741132626.370] [Machine=3] [LogicalClock=77] [Event=RECEIVE] Received from M2: Hello from M2, Queue length now: 1
[SystemTime=1741132626.707] [Machine=3] [LogicalClock=78] [Event=RECEIVE] Received from M1: Hello from M1, Queue length now: 1
[SystemTime=1741132627.046] [Machine=3] [LogicalClock=79] [Event=RECEIVE] Received from M2: Hello from M2, Queue length now: 0
[SystemTime=1741132627.380] [Machine=3] [LogicalClock=81] [Event=RECEIVE] Received from M1: Hello from M1, Queue length now: 1
[SystemTime=1741132627.717] [Machine=3] [LogicalClock=82] [Event=RECEIVE] Received from M1: Hello from M1, Queue length now: 0
[SystemTime=1741132628.057] [Machine=3] [LogicalClock=82] [Event=SEND] Sending message to [('localhost', 8001)]: 3|82|Hello from M3.
[SystemTime=1741132628.391] [Machine=3] [LogicalClock=85] [Event=RECEIVE] Received from M1: Hello from M1, Queue length now: 0
[SystemTime=1741132628.729] [Machine=3] [LogicalClock=86] [Event=INTERNAL] Doing internal work.
[SystemTime=1741132629.067] [Machine=3] [LogicalClock=88] [Event=RECEIVE] Received from M1: Hello from M1, Queue length now: 0
[SystemTime=1741132629.405] [Machine=3] [LogicalClock=88] [Event=SEND] Sending message to [('localhost', 8001)]: 3|88|Hello from M3.
[SystemTime=1741132629.743] [Machine=3] [LogicalClock=91] [Event=RECEIVE] Received from M1: Hello from M1, Queue length now: 0
[SystemTime=1741132630.082] [Machine=3] [LogicalClock=92] [Event=RECEIVE] Received from M1: Hello from M1, Queue length now: 0
[SystemTime=1741132630.420] [Machine=3] [LogicalClock=93] [Event=INTERNAL] Doing internal work.
[SystemTime=1741132630.760] [Machine=3] [LogicalClock=93] [Event=SEND] Sending message to [('localhost', 8000)]: 3|93|Hello from M3.
[SystemTime=1741132631.098] [Machine=3] [LogicalClock=94] [Event=SEND] Sending message to [('localhost', 8000), ('localhost', 8001)]: 3|94|Hello from M3.
[SystemTime=1741132631.438] [Machine=3] [LogicalClock=95] [Event=SEND] Sending message to [('localhost', 8000), ('localhost', 8001)]: 3|95|Hello from M3.
[SystemTime=1741132631.776] [Machine=3] [LogicalClock=99] [Event=RECEIVE] Received from M1: Hello from M1, Queue length now: 0
[SystemTime=1741132632.113] [Machine=3] [LogicalClock=100] [Event=INTERNAL] Doing internal work.
[SystemTime=1741132632.449] [Machine=3] [LogicalClock=101] [Event=RECEIVE] Received from M1: Hello from M1, Queue length now: 0
[SystemTime=1741132632.788] [Machine=3] [LogicalClock=102] [Event=INTERNAL] Doing internal work.
[SystemTime=1741132633.128] [Machine=3] [LogicalClock=102] [Event=SEND] Sending message to [('localhost', 8001)]: 3|102|Hello from M3.
[SystemTime=1741132633.462] [Machine=3] [LogicalClock=104] [Event=INTERNAL] Doing internal work.
[SystemTime=1741132633.801] [Machine=3] [LogicalClock=105] [Event=INTERNAL] Doing internal work.
[SystemTime=1741132634.136] [Machine=3] [LogicalClock=105] [Event=SEND] Sending message to [('localhost', 8000)]: 3|105|Hello from M3.
[SystemTime=1741132634.473] [Machine=3] [LogicalClock=107] [Event=INTERNAL] Doing internal work.
[SystemTime=1741132634.812] [Machine=3] [LogicalClock=110] [Event=RECEIVE] Received from M2: Hello from M2, Queue length now: 1
[SystemTime=1741132635.151] [Machine=3] [LogicalClock=111] [Event=RECEIVE] Received from M1: Hello from M1, Queue length now: 0
[SystemTime=1741132635.487] [Machine=3] [LogicalClock=112] [Event=INTERNAL] Doing internal work.
[SystemTime=1741132635.823] [Machine=3] [LogicalClock=115] [Event=RECEIVE] Received from M1: Hello from M1, Queue length now: 0
[SystemTime=1741132636.163] [Machine=3] [LogicalClock=115] [Event=SEND] Sending message to [('localhost', 8000)]: 3|115|Hello from M3.
[SystemTime=1741132636.500] [Machine=3] [LogicalClock=117] [Event=RECEIVE] Received from M2: Hello from M2, Queue length now: 0
[SystemTime=1741132636.839] [Machine=3] [LogicalClock=118] [Event=INTERNAL] Doing internal work.
[SystemTime=1741132637.178] [Machine=3] [LogicalClock=118] [Event=SEND] Sending message to [('localhost', 8001)]: 3|118|Hello from M3.
[SystemTime=1741132637.516] [Machine=3] [LogicalClock=121] [Event=RECEIVE] Received from M1: Hello from M1, Queue length now: 0
[SystemTime=1741132637.866] [Machine=3] [LogicalClock=121] [Event=SEND] Sending message to [('localhost', 8000), ('localhost', 8001)]: 3|121|Hello from M3.
[SystemTime=1741132638.205] [Machine=3] [LogicalClock=123] [Event=INTERNAL] Doing internal work.
[SystemTime=1741132638.541] [Machine=3] [LogicalClock=123] [Event=SEND] Sending message to [('localhost', 8000)]: 3|123|Hello from M3.
[SystemTime=1741132638.883] [Machine=3] [LogicalClock=126] [Event=RECEIVE] Received from M2: Hello from M2, Queue length now: 1
[SystemTime=1741132639.226] [Machine=3] [LogicalClock=127] [Event=RECEIVE] Received from M1: Hello from M1, Queue length now: 1
[SystemTime=1741132639.567] [Machine=3] [LogicalClock=128] [Event=RECEIVE] Received from M2: Hello from M2, Queue length now: 1
[SystemTime=1741132639.906] [Machine=3] [LogicalClock=129] [Event=RECEIVE] Received from M2: Hello from M2, Queue length now: 0
[SystemTime=1741132640.243] [Machine=3] [LogicalClock=132] [Event=RECEIVE] Received from M1: Hello from M1, Queue length now: 0
[SystemTime=1741132640.581] [Machine=3] [LogicalClock=133] [Event=INTERNAL] Doing internal work.
[SystemTime=1741132640.920] [Machine=3] [LogicalClock=134] [Event=INTERNAL] Doing internal work.
[SystemTime=1741132641.257] [Machine=3] [LogicalClock=135] [Event=INTERNAL] Doing internal work.
[SystemTime=1741132641.594] [Machine=3] [LogicalClock=137] [Event=RECEIVE] Received from M1: Hello from M1, Queue length now: 0
[SystemTime=1741132641.936] [Machine=3] [LogicalClock=138] [Event=RECEIVE] Received from M2: Hello from M2, Queue length now: 1
[SystemTime=1741132642.272] [Machine=3] [LogicalClock=139] [Event=RECEIVE] Received from M2: Hello from M2, Queue length now: 0
[SystemTime=1741132642.608] [Machine=3] [LogicalClock=139] [Event=SEND] Sending message to [('localhost', 8000), ('localhost', 8001)]: 3|139|Hello from M3.
[SystemTime=1741132642.949] [Machine=3] [LogicalClock=141] [Event=INTERNAL] Doing internal work.
[SystemTime=1741132643.284] [Machine=3] [LogicalClock=141] [Event=SEND] Sending message to [('localhost', 8000), ('localhost', 8001)]: 3|141|Hello from M3.
[SystemTime=1741132643.620] [Machine=3] [LogicalClock=143] [Event=INTERNAL] Doing internal work.
[SystemTime=1741132643.961] [Machine=3] [LogicalClock=143] [Event=SEND] Sending message to [('localhost', 8001)]: 3|143|Hello from M3.
[SystemTime=1741132644.300] [Machine=3] [LogicalClock=145] [Event=INTERNAL] Doing internal work.
[SystemTime=1741132644.636] [Machine=3] [LogicalClock=149] [Event=RECEIVE] Received from M2: Hello from M2, Queue length now: 0
[SystemTime=1741132644.973] [Machine=3] [LogicalClock=150] [Event=RECEIVE] Received from M1: Hello from M1, Queue length now: 0
[SystemTime=1741132645.311] [Machine=3] [LogicalClock=151] [Event=INTERNAL] Doing internal work.
[SystemTime=1741132645.649] [Machine=3] [LogicalClock=152] [Event=INTERNAL] Doing internal work.
[SystemTime=1741132645.985] [Machine=3] [LogicalClock=152] [Event=SEND] Sending message to [('localhost', 8000)]: 3|152|Hello from M3.
[SystemTime=1741132646.324] [Machine=3] [LogicalClock=153] [Event=SEND] Sending message to [('localhost', 8000), ('localhost', 8001)]: 3|153|Hello from M3.
[SystemTime=1741132646.663] [Machine=3] [LogicalClock=155] [Event=INTERNAL] Doing internal work.
[SystemTime=1741132647.001] [Machine=3] [LogicalClock=156] [Event=INTERNAL] Doing internal work.
[SystemTime=1741132647.338] [Machine=3] [LogicalClock=156] [Event=SEND] Sending message to [('localhost', 8000), ('localhost', 8001)]: 3|156|Hello from M3.
[SystemTime=1741132647.679] [Machine=3] [LogicalClock=157] [Event=SEND] Sending message to [('localhost', 8000), ('localhost', 8001)]: 3|157|Hello from M3.
[SystemTime=1741132648.018] [Machine=3] [LogicalClock=163] [Event=RECEIVE] Received from M2: Hello from M2, Queue length now: 0
[SystemTime=1741132648.354] [Machine=3] [LogicalClock=164] [Event=RECEIVE] Received from M2: Hello from M2, Queue length now: 0
[SystemTime=1741132648.692] [Machine=3] [LogicalClock=165] [Event=INTERNAL] Doing internal work.
[SystemTime=1741132649.030] [Machine=3] [LogicalClock=166] [Event=RECEIVE] Received from M2: Hello from M2, Queue length now: 0
[SystemTime=1741132649.369] [Machine=3] [LogicalClock=167] [Event=INTERNAL] Doing internal work.
[SystemTime=1741132649.703] [Machine=3] [LogicalClock=169] [Event=RECEIVE] Received from M2: Hello from M2, Queue length now: 0
[SystemTime=1741132650.042] [Machine=3] [LogicalClock=171] [Event=RECEIVE] Received from M2: Hello from M2, Queue length now: 0
[SystemTime=1741132650.377] [Machine=3] [LogicalClock=172] [Event=INTERNAL] Doing internal work.
[SystemTime=1741132650.711] [Machine=3] [LogicalClock=173] [Event=RECEIVE] Received from M1: Hello from M1, Queue length now: 0
[SystemTime=1741132651.049] [Machine=3] [LogicalClock=174] [Event=INTERNAL] Doing internal work.
[SystemTime=1741132651.388] [Machine=3] [LogicalClock=175] [Event=INTERNAL] Doing internal work.
[SystemTime=1741132651.723] [Machine=3] [LogicalClock=177] [Event=RECEIVE] Received from M1: Hello from M1, Queue length now: 0
[SystemTime=1741132652.061] [Machine=3] [LogicalClock=179] [Event=RECEIVE] Received from M2: Hello from M2, Queue length now: 0
[SystemTime=1741132652.400] [Machine=3] [LogicalClock=180] [Event=RECEIVE] Received from M2: Hello from M2, Queue length now: 0
[SystemTime=1741132652.740] [Machine=3] [LogicalClock=181] [Event=RECEIVE] Received from M2: Hello from M2, Queue length now: 0
[SystemTime=1741132653.078] [Machine=3] [LogicalClock=182] [Event=RECEIVE] Received from M2: Hello from M2, Queue length now: 0
[SystemTime=1741132653.417] [Machine=3] [LogicalClock=184] [Event=RECEIVE] Received from M1: Hello from M1, Queue length now: 0
[SystemTime=1741132653.756] [Machine=3] [LogicalClock=185] [Event=INTERNAL] Doing internal work.
[SystemTime=1741132654.093] [Machine=3] [LogicalClock=187] [Event=RECEIVE] Received from M1: Hello from M1, Queue length now: 0
[SystemTime=1741132654.433] [Machine=3] [LogicalClock=187] [Event=SEND] Sending message to [('localhost', 8001)]: 3|187|Hello from M3.
[SystemTime=1741132654.767] [Machine=3] [LogicalClock=189] [Event=RECEIVE] Received from M1: Hello from M1, Queue length now: 0
[SystemTime=1741132655.106] [Machine=3] [LogicalClock=189] [Event=SEND] Sending message to [('localhost', 8000)]: 3|189|Hello from M3.
[SystemTime=1741132655.444] [Machine=3] [LogicalClock=192] [Event=RECEIVE] Received from M2: Hello from M2, Queue length now: 0
[SystemTime=1741132655.783] [Machine=3] [LogicalClock=193] [Event=INTERNAL] Doing internal work.
[SystemTime=1741132656.118] [Machine=3] [LogicalClock=193] [Event=SEND] Sending message to [('localhost', 8000)]: 3|193|Hello from M3.
[SystemTime=1741132656.457] [Machine=3] [LogicalClock=195] [Event=INTERNAL] Doing internal work.
[SystemTime=1741132656.793] [Machine=3] [LogicalClock=196] [Event=INTERNAL] Doing internal work.
[SystemTime=1741132657.129] [Machine=3] [LogicalClock=197] [Event=INTERNAL] Doing internal work.
[SystemTime=1741132657.466] [Machine=3] [LogicalClock=199] [Event=RECEIVE] Received from M1: Hello from M1, Queue length now: 0
[SystemTime=1741132657.800] [Machine=3] [LogicalClock=200] [Event=INTERNAL] Doing internal work.
[SystemTime=1741132658.137] [Machine=3] [LogicalClock=200] [Event=SEND] Sending message to [('localhost', 8000), ('localhost', 8001)]: 3|200|Hello from M3.
[SystemTime=1741132658.476] [Machine=3] [LogicalClock=202] [Event=INTERNAL] Doing internal work.
[SystemTime=1741132658.815] [Machine=3] [LogicalClock=203] [Event=INTERNAL] Doing internal work.
[SystemTime=1741132659.154] [Machine=3] [LogicalClock=204] [Event=INTERNAL] Doing internal work.
[SystemTime=1741132659.490] [Machine=3] [LogicalClock=205] [Event=INTERNAL] Doing internal work.
[SystemTime=1741132659.824] [Machine=3] [LogicalClock=209] [Event=RECEIVE] Received from M2: Hello from M2, Queue length now: 0
[SystemTime=1741132660.163] [Machine=3] [LogicalClock=210] [Event=RECEIVE] Received from M2: Hello from M2, Queue length now: 1
[SystemTime=1741132660.500] [Machine=3] [LogicalClock=211] [Event=RECEIVE] Received from M1: Hello from M1, Queue length now: 0
[SystemTime=1741132660.835] [Machine=3] [LogicalClock=213] [Event=RECEIVE] Received from M1: Hello from M1, Queue length now: 0
[SystemTime=1741132661.174] [Machine=3] [LogicalClock=213] [Event=SEND] Sending message to [('localhost', 8000)]: 3|213|Hello from M3.
[SystemTime=1741132661.513] [Machine=3] [LogicalClock=215] [Event=INTERNAL] Doing internal work.
[SystemTime=1741132661.849] [Machine=3] [LogicalClock=217] [Event=RECEIVE] Received from M2: Hello from M2, Queue length now: 0
[SystemTime=1741132662.187] [Machine=3] [LogicalClock=218] [Event=RECEIVE] Received from M2: Hello from M2, Queue length now: 0
[SystemTime=1741132662.526] [Machine=3] [LogicalClock=219] [Event=INTERNAL] Doing internal work.
[SystemTime=1741132662.866] [Machine=3] [LogicalClock=219] [Event=SEND] Sending message to [('localhost', 8000)]: 3|219|Hello from M3.
[SystemTime=1741132663.205] [Machine=3] [LogicalClock=222] [Event=RECEIVE] Received from M2: Hello from M2, Queue length now: 0
[SystemTime=1741132663.545] [Machine=3] [LogicalClock=222] [Event=SEND] Sending message to [('localhost', 8000), ('localhost', 8001)]: 3|222|Hello from M3.
[SystemTime=1741132663.882] [Machine=3] [LogicalClock=224] [Event=INTERNAL] Doing internal work.
[SystemTime=1741132664.221] [Machine=3] [LogicalClock=226] [Event=RECEIVE] Received from M2: Hello from M2, Queue length now: 0
[SystemTime=1741132664.559] [Machine=3] [LogicalClock=227] [Event=RECEIVE] Received from M1: Hello from M1, Queue length now: 0
[SystemTime=1741132664.896] [Machine=3] [LogicalClock=229] [Event=RECEIVE] Received from M2: Hello from M2, Queue length now: 0
[SystemTime=1741132665.233] [Machine=3] [LogicalClock=230] [Event=RECEIVE] Received from M2: Hello from M2, Queue length now: 0
[SystemTime=1741132665.572] [Machine=3] [LogicalClock=231] [Event=RECEIVE] Received from M1: Hello from M1, Queue length now: 0
[SystemTime=1741132665.910] [Machine=3] [LogicalClock=233] [Event=RECEIVE] Received from M2: Hello from M2, Queue length now: 0
[SystemTime=1741132666.250] [Machine=3] [LogicalClock=233] [Event=SEND] Sending message to [('localhost', 8001)]: 3|233|Hello from M3.
[SystemTime=1741132666.589] [Machine=3] [LogicalClock=235] [Event=INTERNAL] Doing internal work.
[SystemTime=1741132666.929] [Machine=3] [LogicalClock=235] [Event=SEND] Sending message to [('localhost', 8000), ('localhost', 8001)]: 3|235|Hello from M3.
[SystemTime=1741132667.268] [Machine=3] [LogicalClock=237] [Event=INTERNAL] Doing internal work.
[SystemTime=1741132667.606] [Machine=3] [LogicalClock=238] [Event=INTERNAL] Doing internal work.
