[SystemTime=1741132538.068] [Machine=2] [LogicalClock=0] [Event=INIT] Clock rate initialized as 5
[SystemTime=1741132538.275] [Machine=2] [LogicalClock=1] [Event=INTERNAL] Doing internal work.
[SystemTime=1741132538.478] [Machine=2] [LogicalClock=1] [Event=SEND] Sending message to [('localhost', 8000)]: 2|1|Hello from M2.
[SystemTime=1741132538.682] [Machine=2] [LogicalClock=3] [Event=INTERNAL] Doing internal work.
[SystemTime=1741132538.889] [Machine=2] [LogicalClock=3] [Event=SEND] Sending message to [('localhost', 8000)]: 2|3|Hello from M2.
[SystemTime=1741132539.093] [Machine=2] [LogicalClock=5] [Event=INTERNAL] Doing internal work.
[SystemTime=1741132539.299] [Machine=2] [LogicalClock=5] [Event=SEND] Sending message to [('localhost', 8000)]: 2|5|Hello from M2.
[SystemTime=1741132539.505] [Machine=2] [LogicalClock=7] [Event=INTERNAL] Doing internal work.
[SystemTime=1741132539.709] [Machine=2] [LogicalClock=7] [Event=SEND] Sending message to [('localhost', 8002)]: 2|7|Hello from M2.
[SystemTime=1741132539.915] [Machine=2] [LogicalClock=9] [Event=INTERNAL] Doing internal work.
[SystemTime=1741132540.120] [Machine=2] [LogicalClock=10] [Event=INTERNAL] Doing internal work.
[SystemTime=1741132540.325] [Machine=2] [LogicalClock=11] [Event=INTERNAL] Doing internal work.
[SystemTime=1741132540.531] [Machine=2] [LogicalClock=11] [Event=SEND] Sending message to [('localhost', 8000), ('localhost', 8002)]: 2|11|Hello from M2.
[SystemTime=1741132540.739] [Machine=2] [LogicalClock=12] [Event=SEND] Sending message to [('localhost', 8000), ('localhost', 8002)]: 2|12|Hello from M2.
[SystemTime=1741132540.941] [Machine=2] [LogicalClock=14] [Event=INTERNAL] Doing internal work.
[SystemTime=1741132541.146] [Machine=2] [LogicalClock=15] [Event=INTERNAL] Doing internal work.
[SystemTime=1741132541.351] [Machine=2] [LogicalClock=16] [Event=INTERNAL] Doing internal work.
[SystemTime=1741132541.557] [Machine=2] [LogicalClock=16] [Event=SEND] Sending message to [('localhost', 8002)]: 2|16|Hello from M2.
[SystemTime=1741132541.762] [Machine=2] [LogicalClock=18] [Event=INTERNAL] Doing internal work.
[SystemTime=1741132541.968] [Machine=2] [LogicalClock=19] [Event=INTERNAL] Doing internal work.
[SystemTime=1741132542.173] [Machine=2] [LogicalClock=20] [Event=RECEIVE] Received from M1: Hello from M1, Queue length now: 0
[SystemTime=1741132542.378] [Machine=2] [LogicalClock=21] [Event=RECEIVE] Received from M3: Hello from M3, Queue length now: 0
[SystemTime=1741132542.583] [Machine=2] [LogicalClock=22] [Event=INTERNAL] Doing internal work.
[SystemTime=1741132542.788] [Machine=2] [LogicalClock=23] [Event=RECEIVE] Received from M3: Hello from M3, Queue length now: 0
[SystemTime=1741132542.995] [Machine=2] [LogicalClock=23] [Event=SEND] Sending message to [('localhost', 8002)]: 2|23|Hello from M2.
[SystemTime=1741132543.198] [Machine=2] [LogicalClock=25] [Event=INTERNAL] Doing internal work.
[SystemTime=1741132543.400] [Machine=2] [LogicalClock=26] [Event=RECEIVE] Received from M3: Hello from M3, Queue length now: 0
[SystemTime=1741132543.605] [Machine=2] [LogicalClock=27] [Event=INTERNAL] Doing internal work.
[SystemTime=1741132543.814] [Machine=2] [LogicalClock=28] [Event=RECEIVE] Received from M3: Hello from M3, Queue length now: 0
[SystemTime=1741132544.018] [Machine=2] [LogicalClock=29] [Event=INTERNAL] Doing internal work.
[SystemTime=1741132544.223] [Machine=2] [LogicalClock=30] [Event=RECEIVE] Received from M3: Hello from M3, Queue length now: 0
[SystemTime=1741132544.429] [Machine=2] [LogicalClock=31] [Event=INTERNAL] Doing internal work.
[SystemTime=1741132544.632] [Machine=2] [LogicalClock=32] [Event=INTERNAL] Doing internal work.
[SystemTime=1741132544.837] [Machine=2] [LogicalClock=33] [Event=INTERNAL] Doing internal work.
[SystemTime=1741132545.042] [Machine=2] [LogicalClock=34] [Event=RECEIVE] Received from M3: Hello from M3, Queue length now: 0
[SystemTime=1741132545.248] [Machine=2] [LogicalClock=35] [Event=RECEIVE] Received from M3: Hello from M3, Queue length now: 0
[SystemTime=1741132545.455] [Machine=2] [LogicalClock=35] [Event=SEND] Sending message to [('localhost', 8002)]: 2|35|Hello from M2.
[SystemTime=1741132545.660] [Machine=2] [LogicalClock=37] [Event=INTERNAL] Doing internal work.
[SystemTime=1741132545.863] [Machine=2] [LogicalClock=38] [Event=INTERNAL] Doing internal work.
[SystemTime=1741132546.070] [Machine=2] [LogicalClock=38] [Event=SEND] Sending message to [('localhost', 8000), ('localhost', 8002)]: 2|38|Hello from M2.
[SystemTime=1741132546.275] [Machine=2] [LogicalClock=40] [Event=INTERNAL] Doing internal work.
[SystemTime=1741132546.477] [Machine=2] [LogicalClock=41] [Event=RECEIVE] Received from M3: Hello from M3, Queue length now: 0
[SystemTime=1741132546.682] [Machine=2] [LogicalClock=42] [Event=INTERNAL] Doing internal work.
[SystemTime=1741132546.887] [Machine=2] [LogicalClock=43] [Event=INTERNAL] Doing internal work.
[SystemTime=1741132547.092] [Machine=2] [LogicalClock=44] [Event=INTERNAL] Doing internal work.
[SystemTime=1741132547.295] [Machine=2] [LogicalClock=45] [Event=RECEIVE] Received from M3: Hello from M3, Queue length now: 0
[SystemTime=1741132547.501] [Machine=2] [LogicalClock=46] [Event=INTERNAL] Doing internal work.
[SystemTime=1741132547.706] [Machine=2] [LogicalClock=47] [Event=RECEIVE] Received from M1: Hello from M1, Queue length now: 0
[SystemTime=1741132547.913] [Machine=2] [LogicalClock=47] [Event=SEND] Sending message to [('localhost', 8002)]: 2|47|Hello from M2.
[SystemTime=1741132548.113] [Machine=2] [LogicalClock=49] [Event=INTERNAL] Doing internal work.
[SystemTime=1741132548.320] [Machine=2] [LogicalClock=49] [Event=SEND] Sending message to [('localhost', 8000)]: 2|49|Hello from M2.
[SystemTime=1741132548.525] [Machine=2] [LogicalClock=51] [Event=INTERNAL] Doing internal work.
[SystemTime=1741132548.727] [Machine=2] [LogicalClock=51] [Event=SEND] Sending message to [('localhost', 8002)]: 2|51|Hello from M2.
[SystemTime=1741132548.933] [Machine=2] [LogicalClock=52] [Event=SEND] Sending message to [('localhost', 8002)]: 2|52|Hello from M2.
[SystemTime=1741132549.139] [Machine=2] [LogicalClock=54] [Event=INTERNAL] Doing internal work.
[SystemTime=1741132549.339] [Machine=2] [LogicalClock=55] [Event=RECEIVE] Received from M3: Hello from M3, Queue length now: 0
[SystemTime=1741132549.545] [Machine=2] [LogicalClock=56] [Event=INTERNAL] Doing internal work.
[SystemTime=1741132549.750] [Machine=2] [LogicalClock=57] [Event=INTERNAL] Doing internal work.
[SystemTime=1741132549.955] [Machine=2] [LogicalClock=57] [Event=SEND] Sending message to [('localhost', 8002)]: 2|57|Hello from M2.
[SystemTime=1741132550.156] [Machine=2] [LogicalClock=59] [Event=INTERNAL] Doing internal work.
[SystemTime=1741132550.362] [Machine=2] [LogicalClock=60] [Event=INTERNAL] Doing internal work.
[SystemTime=1741132550.567] [Machine=2] [LogicalClock=61] [Event=INTERNAL] Doing internal work.
[SystemTime=1741132550.770] [Machine=2] [LogicalClock=62] [Event=INTERNAL] Doing internal work.
[SystemTime=1741132550.975] [Machine=2] [LogicalClock=63] [Event=INTERNAL] Doing internal work.
[SystemTime=1741132551.177] [Machine=2] [LogicalClock=64] [Event=INTERNAL] Doing internal work.
[SystemTime=1741132551.377] [Machine=2] [LogicalClock=65] [Event=RECEIVE] Received from M3: Hello from M3, Queue length now: 0
[SystemTime=1741132551.580] [Machine=2] [LogicalClock=66] [Event=INTERNAL] Doing internal work.
[SystemTime=1741132551.783] [Machine=2] [LogicalClock=67] [Event=INTERNAL] Doing internal work.
[SystemTime=1741132551.986] [Machine=2] [LogicalClock=68] [Event=INTERNAL] Doing internal work.
[SystemTime=1741132552.187] [Machine=2] [LogicalClock=69] [Event=RECEIVE] Received from M3: Hello from M3, Queue length now: 0
[SystemTime=1741132552.392] [Machine=2] [LogicalClock=70] [Event=INTERNAL] Doing internal work.
[SystemTime=1741132552.598] [Machine=2] [LogicalClock=71] [Event=INTERNAL] Doing internal work.
[SystemTime=1741132552.798] [Machine=2] [LogicalClock=72] [Event=INTERNAL] Doing internal work.
[SystemTime=1741132553.003] [Machine=2] [LogicalClock=73] [Event=INTERNAL] Doing internal work.
[SystemTime=1741132553.207] [Machine=2] [LogicalClock=74] [Event=INTERNAL] Doing internal work.
[SystemTime=1741132553.410] [Machine=2] [LogicalClock=75] [Event=INTERNAL] Doing internal work.
[SystemTime=1741132553.615] [Machine=2] [LogicalClock=76] [Event=INTERNAL] Doing internal work.
[SystemTime=1741132553.822] [Machine=2] [LogicalClock=76] [Event=SEND] Sending message to [('localhost', 8000)]: 2|76|Hello from M2.
[SystemTime=1741132554.025] [Machine=2] [LogicalClock=77] [Event=SEND] Sending message to [('localhost', 8002)]: 2|77|Hello from M2.
[SystemTime=1741132554.229] [Machine=2] [LogicalClock=79] [Event=INTERNAL] Doing internal work.
[SystemTime=1741132554.434] [Machine=2] [LogicalClock=80] [Event=INTERNAL] Doing internal work.
[SystemTime=1741132554.640] [Machine=2] [LogicalClock=81] [Event=RECEIVE] Received from M3: Hello from M3, Queue length now: 0
[SystemTime=1741132554.844] [Machine=2] [LogicalClock=82] [Event=INTERNAL] Doing internal work.
[SystemTime=1741132555.048] [Machine=2] [LogicalClock=83] [Event=INTERNAL] Doing internal work.
[SystemTime=1741132555.254] [Machine=2] [LogicalClock=84] [Event=INTERNAL] Doing internal work.
[SystemTime=1741132555.459] [Machine=2] [LogicalClock=85] [Event=RECEIVE] Received from M3: Hello from M3, Queue length now: 0
[SystemTime=1741132555.666] [Machine=2] [LogicalClock=85] [Event=SEND] Sending message to [('localhost', 8002)]: 2|85|Hello from M2.
[SystemTime=1741132555.871] [Machine=2] [LogicalClock=87] [Event=INTERNAL] Doing internal work.
[SystemTime=1741132556.073] [Machine=2] [LogicalClock=88] [Event=INTERNAL] Doing internal work.
[SystemTime=1741132556.278] [Machine=2] [LogicalClock=89] [Event=INTERNAL] Doing internal work.
[SystemTime=1741132556.483] [Machine=2] [LogicalClock=90] [Event=INTERNAL] Doing internal work.
[SystemTime=1741132556.688] [Machine=2] [LogicalClock=91] [Event=INTERNAL] Doing internal work.
[SystemTime=1741132556.890] [Machine=2] [LogicalClock=92] [Event=RECEIVE] Received from M3: Hello from M3, Queue length now: 0
[SystemTime=1741132557.096] [Machine=2] [LogicalClock=92] [Event=SEND] Sending message to [('localhost', 8000), ('localhost', 8002)]: 2|92|Hello from M2.
[SystemTime=1741132557.303] [Machine=2] [LogicalClock=93] [Event=SEND] Sending message to [('localhost', 8000)]: 2|93|Hello from M2.
[SystemTime=1741132557.507] [Machine=2] [LogicalClock=95] [Event=INTERNAL] Doing internal work.
[SystemTime=1741132557.712] [Machine=2] [LogicalClock=96] [Event=INTERNAL] Doing internal work.
[SystemTime=1741132557.918] [Machine=2] [LogicalClock=97] [Event=INTERNAL] Doing internal work.
[SystemTime=1741132558.123] [Machine=2] [LogicalClock=98] [Event=RECEIVE] Received from M3: Hello from M3, Queue length now: 0
[SystemTime=1741132558.328] [Machine=2] [LogicalClock=99] [Event=RECEIVE] Received from M3: Hello from M3, Queue length now: 0
[SystemTime=1741132558.536] [Machine=2] [LogicalClock=99] [Event=SEND] Sending message to [('localhost', 8000), ('localhost', 8002)]: 2|99|Hello from M2.
[SystemTime=1741132558.741] [Machine=2] [LogicalClock=101] [Event=INTERNAL] Doing internal work.
[SystemTime=1741132558.946] [Machine=2] [LogicalClock=102] [Event=INTERNAL] Doing internal work.
[SystemTime=1741132559.149] [Machine=2] [LogicalClock=103] [Event=INTERNAL] Doing internal work.
[SystemTime=1741132559.354] [Machine=2] [LogicalClock=104] [Event=INTERNAL] Doing internal work.
[SystemTime=1741132559.572] [Machine=2] [LogicalClock=104] [Event=SEND] Sending message to [('localhost', 8000), ('localhost', 8002)]: 2|104|Hello from M2.
[SystemTime=1741132559.774] [Machine=2] [LogicalClock=106] [Event=INTERNAL] Doing internal work.
[SystemTime=1741132559.976] [Machine=2] [LogicalClock=107] [Event=INTERNAL] Doing internal work.
[SystemTime=1741132560.183] [Machine=2] [LogicalClock=107] [Event=SEND] Sending message to [('localhost', 8000), ('localhost', 8002)]: 2|107|Hello from M2.
[SystemTime=1741132560.388] [Machine=2] [LogicalClock=109] [Event=INTERNAL] Doing internal work.
[SystemTime=1741132560.589] [Machine=2] [LogicalClock=110] [Event=INTERNAL] Doing internal work.
[SystemTime=1741132560.791] [Machine=2] [LogicalClock=111] [Event=RECEIVE] Received from M3: Hello from M3, Queue length now: 0
[SystemTime=1741132560.996] [Machine=2] [LogicalClock=112] [Event=INTERNAL] Doing internal work.
[SystemTime=1741132561.196] [Machine=2] [LogicalClock=113] [Event=INTERNAL] Doing internal work.
[SystemTime=1741132561.402] [Machine=2] [LogicalClock=114] [Event=INTERNAL] Doing internal work.
[SystemTime=1741132561.606] [Machine=2] [LogicalClock=115] [Event=RECEIVE] Received from M3: Hello from M3, Queue length now: 0
[SystemTime=1741132561.813] [Machine=2] [LogicalClock=115] [Event=SEND] Sending message to [('localhost', 8000), ('localhost', 8002)]: 2|115|Hello from M2.
[SystemTime=1741132562.019] [Machine=2] [LogicalClock=116] [Event=SEND] Sending message to [('localhost', 8000)]: 2|116|Hello from M2.
[SystemTime=1741132562.224] [Machine=2] [LogicalClock=118] [Event=INTERNAL] Doing internal work.
[SystemTime=1741132562.429] [Machine=2] [LogicalClock=119] [Event=INTERNAL] Doing internal work.
[SystemTime=1741132562.633] [Machine=2] [LogicalClock=119] [Event=SEND] Sending message to [('localhost', 8000), ('localhost', 8002)]: 2|119|Hello from M2.
[SystemTime=1741132562.839] [Machine=2] [LogicalClock=121] [Event=INTERNAL] Doing internal work.
[SystemTime=1741132563.040] [Machine=2] [LogicalClock=122] [Event=INTERNAL] Doing internal work.
[SystemTime=1741132563.245] [Machine=2] [LogicalClock=123] [Event=RECEIVE] Received from M3: Hello from M3, Queue length now: 0
[SystemTime=1741132563.450] [Machine=2] [LogicalClock=124] [Event=INTERNAL] Doing internal work.
[SystemTime=1741132563.653] [Machine=2] [LogicalClock=124] [Event=SEND] Sending message to [('localhost', 8000)]: 2|124|Hello from M2.
[SystemTime=1741132563.856] [Machine=2] [LogicalClock=126] [Event=INTERNAL] Doing internal work.
[SystemTime=1741132564.063] [Machine=2] [LogicalClock=126] [Event=SEND] Sending message to [('localhost', 8000)]: 2|126|Hello from M2.
[SystemTime=1741132564.264] [Machine=2] [LogicalClock=128] [Event=INTERNAL] Doing internal work.
[SystemTime=1741132564.471] [Machine=2] [LogicalClock=128] [Event=SEND] Sending message to [('localhost', 8000), ('localhost', 8002)]: 2|128|Hello from M2.
[SystemTime=1741132564.674] [Machine=2] [LogicalClock=130] [Event=INTERNAL] Doing internal work.
[SystemTime=1741132564.881] [Machine=2] [LogicalClock=130] [Event=SEND] Sending message to [('localhost', 8000), ('localhost', 8002)]: 2|130|Hello from M2.
[SystemTime=1741132565.086] [Machine=2] [LogicalClock=132] [Event=INTERNAL] Doing internal work.
[SystemTime=1741132565.290] [Machine=2] [LogicalClock=133] [Event=RECEIVE] Received from M3: Hello from M3, Queue length now: 0
[SystemTime=1741132565.495] [Machine=2] [LogicalClock=134] [Event=RECEIVE] Received from M3: Hello from M3, Queue length now: 0
[SystemTime=1741132565.702] [Machine=2] [LogicalClock=134] [Event=SEND] Sending message to [('localhost', 8000)]: 2|134|Hello from M2.
[SystemTime=1741132565.909] [Machine=2] [LogicalClock=135] [Event=SEND] Sending message to [('localhost', 8000), ('localhost', 8002)]: 2|135|Hello from M2.
[SystemTime=1741132566.114] [Machine=2] [LogicalClock=137] [Event=INTERNAL] Doing internal work.
[SystemTime=1741132566.318] [Machine=2] [LogicalClock=137] [Event=SEND] Sending message to [('localhost', 8002)]: 2|137|Hello from M2.
[SystemTime=1741132566.523] [Machine=2] [LogicalClock=139] [Event=INTERNAL] Doing internal work.
[SystemTime=1741132566.726] [Machine=2] [LogicalClock=140] [Event=INTERNAL] Doing internal work.
[SystemTime=1741132566.932] [Machine=2] [LogicalClock=141] [Event=INTERNAL] Doing internal work.
[SystemTime=1741132567.134] [Machine=2] [LogicalClock=142] [Event=INTERNAL] Doing internal work.
[SystemTime=1741132567.339] [Machine=2] [LogicalClock=143] [Event=INTERNAL] Doing internal work.
[SystemTime=1741132567.544] [Machine=2] [LogicalClock=144] [Event=RECEIVE] Received from M3: Hello from M3, Queue length now: 0
[SystemTime=1741132567.750] [Machine=2] [LogicalClock=145] [Event=RECEIVE] Received from M3: Hello from M3, Queue length now: 0
[SystemTime=1741132567.955] [Machine=2] [LogicalClock=146] [Event=INTERNAL] Doing internal work.
[SystemTime=1741132568.156] [Machine=2] [LogicalClock=147] [Event=RECEIVE] Received from M3: Hello from M3, Queue length now: 0
[SystemTime=1741132568.358] [Machine=2] [LogicalClock=148] [Event=RECEIVE] Received from M3: Hello from M3, Queue length now: 0
[SystemTime=1741132568.560] [Machine=2] [LogicalClock=149] [Event=RECEIVE] Received from M3: Hello from M3, Queue length now: 0
[SystemTime=1741132568.763] [Machine=2] [LogicalClock=150] [Event=INTERNAL] Doing internal work.
[SystemTime=1741132568.968] [Machine=2] [LogicalClock=151] [Event=RECEIVE] Received from M3: Hello from M3, Queue length now: 0
[SystemTime=1741132569.172] [Machine=2] [LogicalClock=152] [Event=INTERNAL] Doing internal work.
[SystemTime=1741132569.377] [Machine=2] [LogicalClock=153] [Event=INTERNAL] Doing internal work.
[SystemTime=1741132569.580] [Machine=2] [LogicalClock=154] [Event=INTERNAL] Doing internal work.
[SystemTime=1741132569.790] [Machine=2] [LogicalClock=155] [Event=INTERNAL] Doing internal work.
[SystemTime=1741132569.997] [Machine=2] [LogicalClock=155] [Event=SEND] Sending message to [('localhost', 8000)]: 2|155|Hello from M2.
[SystemTime=1741132570.204] [Machine=2] [LogicalClock=156] [Event=SEND] Sending message to [('localhost', 8000)]: 2|156|Hello from M2.
[SystemTime=1741132570.407] [Machine=2] [LogicalClock=158] [Event=INTERNAL] Doing internal work.
[SystemTime=1741132570.612] [Machine=2] [LogicalClock=159] [Event=INTERNAL] Doing internal work.
[SystemTime=1741132570.816] [Machine=2] [LogicalClock=160] [Event=RECEIVE] Received from M3: Hello from M3, Queue length now: 0
[SystemTime=1741132571.022] [Machine=2] [LogicalClock=161] [Event=INTERNAL] Doing internal work.
[SystemTime=1741132571.227] [Machine=2] [LogicalClock=162] [Event=INTERNAL] Doing internal work.
[SystemTime=1741132571.433] [Machine=2] [LogicalClock=163] [Event=INTERNAL] Doing internal work.
[SystemTime=1741132571.640] [Machine=2] [LogicalClock=163] [Event=SEND] Sending message to [('localhost', 8002)]: 2|163|Hello from M2.
[SystemTime=1741132571.843] [Machine=2] [LogicalClock=165] [Event=INTERNAL] Doing internal work.
[SystemTime=1741132572.054] [Machine=2] [LogicalClock=165] [Event=SEND] Sending message to [('localhost', 8000), ('localhost', 8002)]: 2|165|Hello from M2.
[SystemTime=1741132572.257] [Machine=2] [LogicalClock=167] [Event=INTERNAL] Doing internal work.
[SystemTime=1741132572.463] [Machine=2] [LogicalClock=168] [Event=INTERNAL] Doing internal work.
[SystemTime=1741132572.668] [Machine=2] [LogicalClock=169] [Event=INTERNAL] Doing internal work.
[SystemTime=1741132572.874] [Machine=2] [LogicalClock=169] [Event=SEND] Sending message to [('localhost', 8000), ('localhost', 8002)]: 2|169|Hello from M2.
[SystemTime=1741132573.079] [Machine=2] [LogicalClock=171] [Event=INTERNAL] Doing internal work.
[SystemTime=1741132573.285] [Machine=2] [LogicalClock=172] [Event=INTERNAL] Doing internal work.
[SystemTime=1741132573.490] [Machine=2] [LogicalClock=173] [Event=INTERNAL] Doing internal work.
[SystemTime=1741132573.695] [Machine=2] [LogicalClock=174] [Event=INTERNAL] Doing internal work.
[SystemTime=1741132573.896] [Machine=2] [LogicalClock=175] [Event=INTERNAL] Doing internal work.
[SystemTime=1741132574.101] [Machine=2] [LogicalClock=176] [Event=INTERNAL] Doing internal work.
[SystemTime=1741132574.303] [Machine=2] [LogicalClock=177] [Event=RECEIVE] Received from M3: Hello from M3, Queue length now: 0
[SystemTime=1741132574.508] [Machine=2] [LogicalClock=178] [Event=RECEIVE] Received from M3: Hello from M3, Queue length now: 0
[SystemTime=1741132574.714] [Machine=2] [LogicalClock=179] [Event=RECEIVE] Received from M3: Hello from M3, Queue length now: 0
[SystemTime=1741132574.919] [Machine=2] [LogicalClock=180] [Event=INTERNAL] Doing internal work.
[SystemTime=1741132575.124] [Machine=2] [LogicalClock=181] [Event=INTERNAL] Doing internal work.
[SystemTime=1741132575.328] [Machine=2] [LogicalClock=182] [Event=INTERNAL] Doing internal work.
[SystemTime=1741132575.533] [Machine=2] [LogicalClock=182] [Event=SEND] Sending message to [('localhost', 8000), ('localhost', 8002)]: 2|182|Hello from M2.
[SystemTime=1741132575.735] [Machine=2] [LogicalClock=184] [Event=INTERNAL] Doing internal work.
[SystemTime=1741132575.940] [Machine=2] [LogicalClock=184] [Event=SEND] Sending message to [('localhost', 8000)]: 2|184|Hello from M2.
[SystemTime=1741132576.145] [Machine=2] [LogicalClock=186] [Event=INTERNAL] Doing internal work.
[SystemTime=1741132576.348] [Machine=2] [LogicalClock=187] [Event=INTERNAL] Doing internal work.
[SystemTime=1741132576.554] [Machine=2] [LogicalClock=187] [Event=SEND] Sending message to [('localhost', 8000), ('localhost', 8002)]: 2|187|Hello from M2.
[SystemTime=1741132576.759] [Machine=2] [LogicalClock=189] [Event=INTERNAL] Doing internal work.
[SystemTime=1741132576.961] [Machine=2] [LogicalClock=190] [Event=INTERNAL] Doing internal work.
[SystemTime=1741132577.166] [Machine=2] [LogicalClock=191] [Event=RECEIVE] Received from M3: Hello from M3, Queue length now: 0
[SystemTime=1741132577.367] [Machine=2] [LogicalClock=192] [Event=RECEIVE] Received from M3: Hello from M3, Queue length now: 0
[SystemTime=1741132577.572] [Machine=2] [LogicalClock=193] [Event=INTERNAL] Doing internal work.
[SystemTime=1741132577.777] [Machine=2] [LogicalClock=193] [Event=SEND] Sending message to [('localhost', 8002)]: 2|193|Hello from M2.
[SystemTime=1741132577.983] [Machine=2] [LogicalClock=195] [Event=INTERNAL] Doing internal work.
[SystemTime=1741132578.188] [Machine=2] [LogicalClock=196] [Event=RECEIVE] Received from M3: Hello from M3, Queue length now: 0
[SystemTime=1741132578.391] [Machine=2] [LogicalClock=197] [Event=RECEIVE] Received from M3: Hello from M3, Queue length now: 0
[SystemTime=1741132578.596] [Machine=2] [LogicalClock=198] [Event=RECEIVE] Received from M3: Hello from M3, Queue length now: 0
[SystemTime=1741132578.801] [Machine=2] [LogicalClock=199] [Event=RECEIVE] Received from M3: Hello from M3, Queue length now: 0
[SystemTime=1741132579.001] [Machine=2] [LogicalClock=200] [Event=RECEIVE] Received from M3: Hello from M3, Queue length now: 0
[SystemTime=1741132579.203] [Machine=2] [LogicalClock=201] [Event=INTERNAL] Doing internal work.
[SystemTime=1741132579.408] [Machine=2] [LogicalClock=202] [Event=INTERNAL] Doing internal work.
[SystemTime=1741132579.614] [Machine=2] [LogicalClock=203] [Event=RECEIVE] Received from M3: Hello from M3, Queue length now: 0
[SystemTime=1741132579.819] [Machine=2] [LogicalClock=204] [Event=INTERNAL] Doing internal work.
[SystemTime=1741132580.023] [Machine=2] [LogicalClock=205] [Event=RECEIVE] Received from M3: Hello from M3, Queue length now: 0
[SystemTime=1741132580.229] [Machine=2] [LogicalClock=206] [Event=INTERNAL] Doing internal work.
[SystemTime=1741132580.434] [Machine=2] [LogicalClock=207] [Event=INTERNAL] Doing internal work.
[SystemTime=1741132580.640] [Machine=2] [LogicalClock=208] [Event=INTERNAL] Doing internal work.
[SystemTime=1741132580.843] [Machine=2] [LogicalClock=209] [Event=RECEIVE] Received from M3: Hello from M3, Queue length now: 0
[SystemTime=1741132581.045] [Machine=2] [LogicalClock=210] [Event=INTERNAL] Doing internal work.
[SystemTime=1741132581.249] [Machine=2] [LogicalClock=211] [Event=INTERNAL] Doing internal work.
[SystemTime=1741132581.454] [Machine=2] [LogicalClock=212] [Event=RECEIVE] Received from M3: Hello from M3, Queue length now: 0
[SystemTime=1741132581.656] [Machine=2] [LogicalClock=213] [Event=INTERNAL] Doing internal work.
[SystemTime=1741132581.862] [Machine=2] [LogicalClock=214] [Event=INTERNAL] Doing internal work.
[SystemTime=1741132582.067] [Machine=2] [LogicalClock=215] [Event=RECEIVE] Received from M1: Hello from M1, Queue length now: 0
[SystemTime=1741132582.268] [Machine=2] [LogicalClock=216] [Event=INTERNAL] Doing internal work.
[SystemTime=1741132582.474] [Machine=2] [LogicalClock=217] [Event=INTERNAL] Doing internal work.
[SystemTime=1741132582.677] [Machine=2] [LogicalClock=218] [Event=RECEIVE] Received from M3: Hello from M3, Queue length now: 0
[SystemTime=1741132582.883] [Machine=2] [LogicalClock=218] [Event=SEND] Sending message to [('localhost', 8000), ('localhost', 8002)]: 2|218|Hello from M2.
[SystemTime=1741132583.087] [Machine=2] [LogicalClock=220] [Event=INTERNAL] Doing internal work.
[SystemTime=1741132583.292] [Machine=2] [LogicalClock=221] [Event=INTERNAL] Doing internal work.
[SystemTime=1741132583.499] [Machine=2] [LogicalClock=221] [Event=SEND] Sending message to [('localhost', 8000)]: 2|221|Hello from M2.
[SystemTime=1741132583.701] [Machine=2] [LogicalClock=222] [Event=SEND] Sending message to [('localhost', 8002)]: 2|222|Hello from M2.
[SystemTime=1741132583.906] [Machine=2] [LogicalClock=224] [Event=INTERNAL] Doing internal work.
[SystemTime=1741132584.110] [Machine=2] [LogicalClock=225] [Event=INTERNAL] Doing internal work.
[SystemTime=1741132584.315] [Machine=2] [LogicalClock=226] [Event=RECEIVE] Received from M3: Hello from M3, Queue length now: 0
[SystemTime=1741132584.520] [Machine=2] [LogicalClock=227] [Event=INTERNAL] Doing internal work.
[SystemTime=1741132584.723] [Machine=2] [LogicalClock=228] [Event=INTERNAL] Doing internal work.
[SystemTime=1741132584.930] [Machine=2] [LogicalClock=228] [Event=SEND] Sending message to [('localhost', 8002)]: 2|228|Hello from M2.
[SystemTime=1741132585.135] [Machine=2] [LogicalClock=230] [Event=INTERNAL] Doing internal work.
[SystemTime=1741132585.340] [Machine=2] [LogicalClock=231] [Event=INTERNAL] Doing internal work.
[SystemTime=1741132585.547] [Machine=2] [LogicalClock=231] [Event=SEND] Sending message to [('localhost', 8002)]: 2|231|Hello from M2.
[SystemTime=1741132585.751] [Machine=2] [LogicalClock=232] [Event=SEND] Sending message to [('localhost', 8000), ('localhost', 8002)]: 2|232|Hello from M2.
[SystemTime=1741132585.958] [Machine=2] [LogicalClock=233] [Event=SEND] Sending message to [('localhost', 8002)]: 2|233|Hello from M2.
[SystemTime=1741132586.161] [Machine=2] [LogicalClock=235] [Event=INTERNAL] Doing internal work.
[SystemTime=1741132586.366] [Machine=2] [LogicalClock=236] [Event=INTERNAL] Doing internal work.
[SystemTime=1741132586.572] [Machine=2] [LogicalClock=237] [Event=INTERNAL] Doing internal work.
[SystemTime=1741132586.774] [Machine=2] [LogicalClock=237] [Event=SEND] Sending message to [('localhost', 8000)]: 2|237|Hello from M2.
[SystemTime=1741132586.976] [Machine=2] [LogicalClock=239] [Event=RECEIVE] Received from M3: Hello from M3, Queue length now: 0
[SystemTime=1741132587.182] [Machine=2] [LogicalClock=240] [Event=INTERNAL] Doing internal work.
[SystemTime=1741132587.387] [Machine=2] [LogicalClock=240] [Event=SEND] Sending message to [('localhost', 8000), ('localhost', 8002)]: 2|240|Hello from M2.
[SystemTime=1741132587.592] [Machine=2] [LogicalClock=242] [Event=INTERNAL] Doing internal work.
[SystemTime=1741132587.795] [Machine=2] [LogicalClock=243] [Event=RECEIVE] Received from M3: Hello from M3, Queue length now: 0
[SystemTime=1741132588.001] [Machine=2] [LogicalClock=243] [Event=SEND] Sending message to [('localhost', 8002)]: 2|243|Hello from M2.
[SystemTime=1741132588.208] [Machine=2] [LogicalClock=244] [Event=SEND] Sending message to [('localhost', 8002)]: 2|244|Hello from M2.
[SystemTime=1741132588.410] [Machine=2] [LogicalClock=246] [Event=INTERNAL] Doing internal work.
[SystemTime=1741132588.610] [Machine=2] [LogicalClock=247] [Event=RECEIVE] Received from M3: Hello from M3, Queue length now: 0
[SystemTime=1741132588.816] [Machine=2] [LogicalClock=248] [Event=INTERNAL] Doing internal work.
[SystemTime=1741132589.019] [Machine=2] [LogicalClock=249] [Event=RECEIVE] Received from M3: Hello from M3, Queue length now: 0
[SystemTime=1741132589.224] [Machine=2] [LogicalClock=249] [Event=SEND] Sending message to [('localhost', 8002)]: 2|249|Hello from M2.
[SystemTime=1741132589.427] [Machine=2] [LogicalClock=251] [Event=INTERNAL] Doing internal work.
[SystemTime=1741132589.628] [Machine=2] [LogicalClock=252] [Event=INTERNAL] Doing internal work.
[SystemTime=1741132589.833] [Machine=2] [LogicalClock=253] [Event=INTERNAL] Doing internal work.
[SystemTime=1741132590.035] [Machine=2] [LogicalClock=254] [Event=INTERNAL] Doing internal work.
[SystemTime=1741132590.240] [Machine=2] [LogicalClock=255] [Event=RECEIVE] Received from M3: Hello from M3, Queue length now: 0
[SystemTime=1741132590.444] [Machine=2] [LogicalClock=256] [Event=RECEIVE] Received from M3: Hello from M3, Queue length now: 0
[SystemTime=1741132590.652] [Machine=2] [LogicalClock=256] [Event=SEND] Sending message to [('localhost', 8000), ('localhost', 8002)]: 2|256|Hello from M2.
[SystemTime=1741132590.858] [Machine=2] [LogicalClock=257] [Event=SEND] Sending message to [('localhost', 8000)]: 2|257|Hello from M2.
[SystemTime=1741132591.063] [Machine=2] [LogicalClock=259] [Event=INTERNAL] Doing internal work.
[SystemTime=1741132591.279] [Machine=2] [LogicalClock=260] [Event=INTERNAL] Doing internal work.
[SystemTime=1741132591.485] [Machine=2] [LogicalClock=261] [Event=INTERNAL] Doing internal work.
[SystemTime=1741132591.692] [Machine=2] [LogicalClock=261] [Event=SEND] Sending message to [('localhost', 8000), ('localhost', 8002)]: 2|261|Hello from M2.
[SystemTime=1741132591.897] [Machine=2] [LogicalClock=262] [Event=SEND] Sending message to [('localhost', 8002)]: 2|262|Hello from M2.
[SystemTime=1741132592.104] [Machine=2] [LogicalClock=263] [Event=SEND] Sending message to [('localhost', 8000), ('localhost', 8002)]: 2|263|Hello from M2.
[SystemTime=1741132592.306] [Machine=2] [LogicalClock=265] [Event=INTERNAL] Doing internal work.
[SystemTime=1741132592.514] [Machine=2] [LogicalClock=265] [Event=SEND] Sending message to [('localhost', 8000), ('localhost', 8002)]: 2|265|Hello from M2.
[SystemTime=1741132592.719] [Machine=2] [LogicalClock=267] [Event=INTERNAL] Doing internal work.
[SystemTime=1741132592.924] [Machine=2] [LogicalClock=268] [Event=INTERNAL] Doing internal work.
[SystemTime=1741132593.130] [Machine=2] [LogicalClock=269] [Event=INTERNAL] Doing internal work.
[SystemTime=1741132593.336] [Machine=2] [LogicalClock=269] [Event=SEND] Sending message to [('localhost', 8002)]: 2|269|Hello from M2.
[SystemTime=1741132593.542] [Machine=2] [LogicalClock=271] [Event=INTERNAL] Doing internal work.
[SystemTime=1741132593.749] [Machine=2] [LogicalClock=271] [Event=SEND] Sending message to [('localhost', 8000), ('localhost', 8002)]: 2|271|Hello from M2.
[SystemTime=1741132593.954] [Machine=2] [LogicalClock=273] [Event=INTERNAL] Doing internal work.
[SystemTime=1741132594.158] [Machine=2] [LogicalClock=274] [Event=INTERNAL] Doing internal work.
[SystemTime=1741132594.360] [Machine=2] [LogicalClock=275] [Event=INTERNAL] Doing internal work.
[SystemTime=1741132594.566] [Machine=2] [LogicalClock=275] [Event=SEND] Sending message to [('localhost', 8002)]: 2|275|Hello from M2.
[SystemTime=1741132594.771] [Machine=2] [LogicalClock=277] [Event=INTERNAL] Doing internal work.
[SystemTime=1741132594.973] [Machine=2] [LogicalClock=278] [Event=INTERNAL] Doing internal work.
[SystemTime=1741132595.178] [Machine=2] [LogicalClock=279] [Event=RECEIVE] Received from M1: Hello from M1, Queue length now: 0
[SystemTime=1741132595.384] [Machine=2] [LogicalClock=280] [Event=RECEIVE] Received from M3: Hello from M3, Queue length now: 0
[SystemTime=1741132595.585] [Machine=2] [LogicalClock=281] [Event=INTERNAL] Doing internal work.
[SystemTime=1741132595.789] [Machine=2] [LogicalClock=282] [Event=RECEIVE] Received from M3: Hello from M3, Queue length now: 0
[SystemTime=1741132595.990] [Machine=2] [LogicalClock=283] [Event=RECEIVE] Received from M3: Hello from M3, Queue length now: 0
[SystemTime=1741132596.191] [Machine=2] [LogicalClock=284] [Event=INTERNAL] Doing internal work.
[SystemTime=1741132596.392] [Machine=2] [LogicalClock=284] [Event=SEND] Sending message to [('localhost', 8000), ('localhost', 8002)]: 2|284|Hello from M2.
[SystemTime=1741132596.593] [Machine=2] [LogicalClock=286] [Event=INTERNAL] Doing internal work.
[SystemTime=1741132596.798] [Machine=2] [LogicalClock=287] [Event=INTERNAL] Doing internal work.
[SystemTime=1741132597.002] [Machine=2] [LogicalClock=288] [Event=RECEIVE] Received from M3: Hello from M3, Queue length now: 0
[SystemTime=1741132597.206] [Machine=2] [LogicalClock=289] [Event=RECEIVE] Received from M3: Hello from M3, Queue length now: 0
[SystemTime=1741132597.412] [Machine=2] [LogicalClock=290] [Event=INTERNAL] Doing internal work.
[SystemTime=1741132597.615] [Machine=2] [LogicalClock=290] [Event=SEND] Sending message to [('localhost', 8000), ('localhost', 8002)]: 2|290|Hello from M2.
[SystemTime=1741132597.821] [Machine=2] [LogicalClock=291] [Event=SEND] Sending message to [('localhost', 8000)]: 2|291|Hello from M2.
[SystemTime=1741132598.023] [Machine=2] [LogicalClock=293] [Event=INTERNAL] Doing internal work.
[SystemTime=1741132598.227] [Machine=2] [LogicalClock=294] [Event=INTERNAL] Doing internal work.
